<?xml version="1.0" encoding="UTF-8"?>
<robot generator="Robot 6.0.2 (Python 3.11.4 on win32)" generated="20230712 14:17:25.595" rpa="false" schemaversion="3">
<suite id="s1" name="Tests" source="C:\Users\monsh\PycharmProjects\Occazio\Tests">
<suite id="s1-s1" name="HomeTest" source="C:\Users\monsh\PycharmProjects\Occazio\Tests\HomeTest.robot">
<test id="s1-s1-t1" name="Mode Vendeur Implementation" line="16">
<kw name="Run Keywords" library="BuiltIn" type="SETUP">
<arg>Base.Start Appium</arg>
<arg>AND</arg>
<arg>Base.Occasio app</arg>
<doc>Executes all the given keywords in a sequence.</doc>
<kw name="Start Appium" library="Base">
<kw name="Set Variable" library="BuiltIn">
<var>${command}</var>
<arg>${APPIUM_COMMAND}</arg>
<doc>Returns the given values which can then be assigned to a variables.</doc>
<msg timestamp="20230712 14:17:26.060" level="INFO">${command} = appium -p 4723</msg>
<status status="PASS" starttime="20230712 14:17:26.060" endtime="20230712 14:17:26.060"/>
</kw>
<kw name="Run And Return Rc" library="OperatingSystem">
<arg>${command}</arg>
<doc>Runs the given command in the system and returns the return code.</doc>
<msg timestamp="20230712 14:17:26.070" level="INFO">Running command 'appium -p 4723 2&gt;&amp;1'.</msg>
<status status="FAIL" starttime="20230712 14:17:26.060" endtime="20230712 14:17:43.053"/>
</kw>
<kw name="Log To Console" library="BuiltIn">
<arg>${command}</arg>
<doc>Logs the given message to the console.</doc>
<status status="NOT RUN" starttime="20230712 14:17:43.053" endtime="20230712 14:17:43.053"/>
</kw>
<status status="FAIL" starttime="20230712 14:17:26.060" endtime="20230712 14:17:43.053"/>
</kw>
<status status="FAIL" starttime="20230712 14:17:26.059" endtime="20230712 14:17:43.053"/>
</kw>
<kw name="Close App" library="Base" type="TEARDOWN">
<kw name="Close Application" library="AppiumLibrary">
<doc>Closes the current application and also close webdriver session.</doc>
<kw name="Capture Page Screenshot" library="AppiumLibrary">
<doc>Takes a screenshot of the current page and embeds it into the log.</doc>
<msg timestamp="20230712 14:17:43.055" level="FAIL">No application is open</msg>
<status status="FAIL" starttime="20230712 14:17:43.055" endtime="20230712 14:17:43.092"/>
</kw>
<msg timestamp="20230712 14:17:43.093" level="WARN">Keyword 'Capture Page Screenshot' could not be run on failure: No application is open</msg>
<msg timestamp="20230712 14:17:43.094" level="FAIL">No application is open</msg>
<status status="FAIL" starttime="20230712 14:17:43.054" endtime="20230712 14:17:43.094"/>
</kw>
<status status="FAIL" starttime="20230712 14:17:43.054" endtime="20230712 14:17:43.096">No application is open</status>
</kw>
<tag>regression</tag>
<status status="FAIL" starttime="20230712 14:17:26.059" endtime="20230712 14:17:43.096">Setup failed:
Execution terminated by signal

Also teardown failed:
No application is open</status>
</test>
<status status="FAIL" starttime="20230712 14:17:26.038" endtime="20230712 14:17:43.098"/>
</suite>
<status status="FAIL" starttime="20230712 14:17:25.597" endtime="20230712 14:17:43.099"/>
</suite>
<statistics>
<total>
<stat pass="0" fail="1" skip="0">All Tests</stat>
</total>
<tag>
<stat pass="0" fail="1" skip="0">regression</stat>
</tag>
<suite>
<stat pass="0" fail="1" skip="0" id="s1" name="Tests">Tests</stat>
<stat pass="0" fail="1" skip="0" id="s1-s1" name="HomeTest">Tests.HomeTest</stat>
</suite>
</statistics>
<errors>
<msg timestamp="20230712 14:17:43.093" level="WARN">Keyword 'Capture Page Screenshot' could not be run on failure: No application is open</msg>
</errors>
</robot>
