<?xml version="1.0" encoding="UTF-8"?>
<robot generator="Robot 6.0.2 (Python 3.11.4 on win32)" generated="20230711 11:29:00.779" rpa="false" schemaversion="3">
<suite id="s1" name="Tests" source="C:\Users\monsh\PycharmProjects\Occazio\Tests">
<suite id="s1-s1" name="HomeTest" source="C:\Users\monsh\PycharmProjects\Occazio\Tests\HomeTest.robot">
<test id="s1-s1-t1" name="Demarrage" line="8">
<kw name="Run Keywords" library="BuiltIn" type="SETUP">
<arg>Base.Start Appium</arg>
<arg>AND</arg>
<arg>Base.Occasio app</arg>
<doc>Executes all the given keywords in a sequence.</doc>
<kw name="Start Appium" library="Base">
<kw name="Set Variable" library="BuiltIn">
<var>${command}</var>
<arg>${APPIUM_COMMAND}</arg>
<doc>Returns the given values which can then be assigned to a variables.</doc>
<msg timestamp="20230711 11:29:01.460" level="INFO">${command} = appium -p 4723</msg>
<status status="PASS" starttime="20230711 11:29:01.460" endtime="20230711 11:29:01.463"/>
</kw>
<kw name="Run And Return Rc" library="OperatingSystem">
<arg>${command}</arg>
<doc>Runs the given command in the system and returns the return code.</doc>
<msg timestamp="20230711 11:29:01.477" level="INFO">Running command 'appium -p 4723 2&gt;&amp;1'.</msg>
<status status="PASS" starttime="20230711 11:29:01.464" endtime="20230711 18:24:55.843"/>
</kw>
<kw name="Log To Console" library="BuiltIn">
<arg>${command}</arg>
<doc>Logs the given message to the console.</doc>
<msg timestamp="20230711 18:24:55.890" level="FAIL">OSError: [Errno 22] Invalid argument</msg>
<status status="FAIL" starttime="20230711 18:24:55.879" endtime="20230711 18:24:55.895"/>
</kw>
<status status="FAIL" starttime="20230711 11:29:01.458" endtime="20230711 18:24:55.901"/>
</kw>
<status status="FAIL" starttime="20230711 11:29:01.456" endtime="20230711 18:24:55.901"/>
</kw>
<kw name="Close App" library="Base" type="TEARDOWN">
<kw name="Close Application" library="AppiumLibrary">
<doc>Closes the current application and also close webdriver session.</doc>
<kw name="Capture Page Screenshot" library="AppiumLibrary">
<doc>Takes a screenshot of the current page and embeds it into the log.</doc>
<msg timestamp="20230711 18:24:55.905" level="FAIL">No application is open</msg>
<status status="FAIL" starttime="20230711 18:24:55.905" endtime="20230711 18:24:55.920"/>
</kw>
<msg timestamp="20230711 18:24:55.922" level="WARN">Keyword 'Capture Page Screenshot' could not be run on failure: No application is open</msg>
<msg timestamp="20230711 18:24:55.925" level="FAIL">No application is open</msg>
<status status="FAIL" starttime="20230711 18:24:55.901" endtime="20230711 18:24:55.925"/>
</kw>
<status status="FAIL" starttime="20230711 18:24:55.901" endtime="20230711 18:24:55.925">No application is open</status>
</kw>
<tag>firststep</tag>
<status status="FAIL" starttime="20230711 11:29:01.454" endtime="20230711 18:24:55.925">Setup failed:
OSError: [Errno 22] Invalid argument

Also teardown failed:
No application is open</status>
</test>
<status status="FAIL" starttime="20230711 11:29:01.437" endtime="20230711 18:24:55.925"/>
</suite>
<status status="FAIL" starttime="20230711 11:29:00.782" endtime="20230711 18:24:55.925"/>
</suite>
<statistics>
<total>
<stat pass="0" fail="1" skip="0">All Tests</stat>
</total>
<tag>
<stat pass="0" fail="1" skip="0">firststep</stat>
</tag>
<suite>
<stat pass="0" fail="1" skip="0" id="s1" name="Tests">Tests</stat>
<stat pass="0" fail="1" skip="0" id="s1-s1" name="HomeTest">Tests.HomeTest</stat>
</suite>
</statistics>
<errors>
<msg timestamp="20230711 18:24:55.922" level="WARN">Keyword 'Capture Page Screenshot' could not be run on failure: No application is open</msg>
</errors>
</robot>
">Clicking element 'id=bt_start_showcase'.</msg>
<msg timestamp="20230711 14:29:56.876" level="INFO">criteria is bt_start_showcase</msg>
<status status="PASS" starttime="20230711 14:29:56.770" endtime="20230711 14:29:56.877"/>
</kw>
<kw name="Wait Until Element Is Visible" library="AppiumLibrary">
<arg>id=indicator_showcase</arg>
<doc>Waits until element specified with `locator` is visible.</doc>
<msg timestamp="20230711 14:29:58.068" level="INFO">criteria is indicator_showcase</msg>
<status status="PASS" starttime="20230711 14:29:56.877" endtime="20230711 14:29:58.068"/>
</kw>
<kw name="Run Keyword And Return Status" library="BuiltIn">
<var>${buttons}</var>
<arg>Page Should Not Contain Element</arg>
<arg>id=bt_stop_showcase</arg>
<doc>Runs the given keyword with given arguments and returns the status as a Boolean value.</doc>
<kw name="Page Should Not Contain Element" library="AppiumLibrary">
<arg>id=bt_stop_showcase</arg>
<doc>Verifies that current page not contains `locator` element.</doc>
<msg timestamp="20230711 14:29:58.103" level="INFO">Current page not contains element 'id=bt_stop_showcase'.</msg>
<msg timestamp="20230711 14:29:58.103" level="INFO">criteria is bt_stop_showcase</msg>
<status status="PASS" starttime="20230711 14:29:58.069" endtime="20230711 14:29:58.103"/>
</kw>
<msg timestamp="20230711 14:29:58.104" level="INFO">${buttons} = True</msg>
<status status="PASS" starttime="20230711 14:29:58.069" endtime="20230711 14:29:58.104"/>
</kw>
<for flavor="IN RANGE">
<var>${index}</var>
<value>4</value>
<iter>
<var name="${index}">0</var>
<kw name="Run Keyword If" library="BuiltIn">
<arg>${buttons}</arg>
<arg>Swipe By Percent</arg>
<arg>90</arg>
<arg>50</arg>
<arg>10</arg>
<arg>50</arg>
<arg>200</arg>
<arg>ELSE</arg>
<arg>Exit For Loop</arg>
<doc>Runs the given keyword with the given arguments, if ``condition`` is true.</doc>
<kw name="Swipe By Percent" library="AppiumLibrary">
<arg>90</arg>
<arg>50</arg>
<arg>10</arg>
<arg>50</arg>
<arg>200</arg>
<doc>Swipe from one percent of the screen to another percent, for an optional duration.
Normal swipe fails to scale for different screen resolutions, this can be avoided using percent.</doc>
<status status="PASS" starttime="20230711 14:29:58.106" endtime="20230711 14:29:58.793"/>
</kw>
<status status="PASS" starttime="20230711 14:29:58.104" endtime="20230711 14:29:58.794"/>
</kw>
<status status="PASS" starttime="20230711 14:29:58.104" endtime="20230711 14:29:58.794"/>
</iter>
<iter>
<var name="${index}">1</var>
<kw name="Run Keyword If" library="BuiltIn">
<arg>${buttons}</arg>
<arg>Swipe By Percent</arg>
<arg>90</arg>
<arg>50</arg>
<arg>10</arg>
<arg>50</arg>
<arg>200</arg>
<arg>ELSE</arg>
<arg>Exit For Loop</arg>
<doc>Runs the given keyword with the given arguments, if ``condition`` is true.</doc>
<kw name="Swipe By Percent" library="AppiumLibrary">
<arg>90</arg>
<arg>50</arg>
<arg>10</arg>
<arg>50</arg>
<arg>200</arg>
<doc>Swipe from one percent of the screen to another percent, for an optional duration.
Normal swipe fails to scale for different screen resolutions, this can be avoided using percent.</doc>
<status status="PASS" starttime="20230711 14:29:58.795" endtime="20230711 14:29:59.614"/>
</kw>
<status status="PASS" starttime="20230711 14:29:58.795" endtime="20230711 14:29:59.614"/>
</kw>
<status status="PASS" starttime="20230711 14:29:58.794" endtime="20230711 14:29:59.615"/>
</iter>
<iter>
<var name="${index}">2</var>
<kw name="Run Keyword If" library="BuiltIn">
<arg>${buttons}</arg>
<arg>Swipe By Percent</arg>
<arg>90</arg>
<arg>50</arg>
<arg>10</arg>
<arg>50</arg>
<arg>200</arg>
<arg>ELSE</arg>
<arg>Exit For Loop</arg>
<doc>Runs the given keyword with the given arguments, if ``condition`` is true.</doc>
<kw name="Swipe By Percent" library="AppiumLibrary">
<arg>90</arg>
<arg>50</arg>
<arg>10</arg>
<arg>50</arg>
<arg>200</arg>
<doc>Swipe from one percent of the screen to another percent, for an optional duration.
Normal swipe fails to scale for different screen resolutions, this can be avoided using percent.</doc>
<status status="PASS" starttime="20230711 14:29:59.616" endtime="20230711 14:30:00.298"/>
</kw>
<status status="PASS" starttime="20230711 14:29:59.615" endtime="20230711 14:30:00.299"/>
</kw>
<status status="PASS" starttime="20230711 14:29:59.615" endtime="20230711 14:30:00.299"/>
</iter>
<iter>
<var name="${index}">3</var>
<kw name="Run Keyword If" library="BuiltIn">
<arg>${buttons}</arg>
<arg>Swipe By Percent</arg>
<arg>90</arg>
<arg>50</arg>
<arg>10</arg>
<arg>50</arg>
<arg>200</arg>
<arg>ELSE</arg>
<arg>Exit For Loop</arg>
<doc>Runs the given keyword with the given arguments, if ``condition`` is true.</doc>
<kw name="Swipe By Percent" library="AppiumLibrary">
<arg>90</arg>
<arg>50</arg>
<arg>10</arg>
<arg>50</arg>
<arg>200</arg>
<doc>Swipe from one percent of the screen to another percent, for an optional duration.
Normal swipe fails to scale for different screen resolutions, this can be avoided using percent.</doc>
<status status="PASS" starttime="20230711 14:30:00.301" endtime="20230711 14:30:00.937"/>
</kw>
<status status="PASS" starttime="20230711 14:30:00.300" endtime="20230711 14:30:00.939"/>
</kw>
<status status="PASS" starttime="20230711 14:30:00.300" endtime="20230711 14:30:00.939"/>
</iter>
<status status="PASS" starttime="20230711 14:29:58.104" endtime="20230711 14:30:00.940"/>
</for>
<kw name="Click Element" library="AppiumLibrary">
<arg>id=v_seekbar_overlay</arg>
<doc>Click element identified by `locator`.</doc>
<msg timestamp="20230711 14:30:00.944" level="INFO">Clicking element 'id=v_seekbar_overlay'.</msg>
<msg timestamp="20230711 14:30:02.014" level="INFO">criteria is v_seekbar_overlay</msg>
<status status="PASS" starttime="20230711 14:30:00.940" endtime="20230711 14:30:02.014"/>
</kw>
<kw name="Click Element" library="AppiumLibrary">
<arg>id=bt_stop_showcase</arg>
<doc>Click element identified by `locator`.</doc>
<msg timestamp="20230711 14:30:02.018" level="INFO">Clicking element 'id=bt_stop_showcase'.</msg>
<msg timestamp="20230711 14:30:02.842" level="INFO">criteria is bt_stop_showcase</msg>
<status status="PASS" starttime="20230711 14:30:02.015" endtime="20230711 14:30:02.842"/>
</kw>
<kw name="Wait Until Element Is Visible" library="AppiumLibrary">
<arg>id=tv_why_user_title</arg>
<doc>Waits until element specified with `locator` is visible.</doc>
<msg timestamp="20230711 14:30:04.122" level="INFO">criteria is tv_why_user_title
criteria is tv_why_user_title</msg>
<status status="PASS" starttime="20230711 14:30:02.843" endtime="20230711 14:30:04.122"/>
</kw>
<kw name="Wait Until Element Is Visible" library="AppiumLibrary">
<arg>id=v_click_why_other</arg>
<doc>Waits until element specified with `locator` is visible.</doc>
<msg timestamp="20230711 14:30:04.310" level="INFO">criteria is v_click_why_other</msg>
<status status="PASS" starttime="20230711 14:30:04.123" endtime="20230711 14:30:04.310"/>
</kw>
<kw name="Click Element" library="AppiumLibrary">
<arg>id=v_click_why_other</arg>
<doc>Click element identified by `locator`.</doc>
<msg timestamp="20230711 14:30:04.314" level="INFO">Clicking element 'id=v_click_why_other'.</msg>
<msg timestamp="20230711 14:30:04.561" level="INFO">criteria is v_click_why_other</msg>
<status status="PASS" starttime="20230711 14:30:04.311" endtime="20230711 14:30:04.562"/>
</kw>
<status status="PASS" starttime="20230711 14:29:52.439" endtime="20230711 14:30:04.563"/>
</kw>
<kw name="Switch between Mode" library="Navigate">
<arg>${choix}</arg>
<if>
<branch type="IF" condition="'${choix}' == 'Mode Acheteur'">
<kw name="Mode Acheteur" library="Navigate">
<status status="NOT RUN" starttime="20230711 14:30:04.565" endtime="20230711 14:30:04.565"/>
</kw>
<status status="NOT RUN" starttime="20230711 14:30:04.564" endtime="20230711 14:30:04.565"/>
</branch>
<branch type="ELSE">
<kw name="Mode Vendeur" library="Navigate">
<kw name="Click Element" library="AppiumLibrary">
<arg>id=bt_switch_mode</arg>
<doc>Click element identified by `locator`.</doc>
<msg timestamp="20230711 14:30:04.569" level="INFO">Clicking element 'id=bt_switch_mode'.</msg>
<msg timestamp="20230711 14:30:05.329" level="INFO">criteria is bt_switch_mode</msg>
<status status="PASS" starttime="20230711 14:30:04.566" endtime="20230711 14:30:05.329"/>
</kw>
<kw name="Wait Until Element Is Visible" library="AppiumLibrary">
<arg>id=tv_mode_seller</arg>
<doc>Waits until element specified with `locator` is visible.</doc>
<msg timestamp="20230711 14:30:07.142" level="INFO">criteria is tv_mode_seller</msg>
<status status="PASS" starttime="20230711 14:30:05.329" endtime="20230711 14:30:07.144"/>
</kw>
<status status="PASS" starttime="20230711 14:30:04.566" endtime="20230711 14:30:07.144"/>
</kw>
<status status="PASS" starttime="20230711 14:30:04.566" endtime="20230711 14:30:07.144"/>
</branch>
<status status="PASS" starttime="20230711 14:30:04.564" endtime="20230711 14:30:07.144"/>
</if>
<status status="PASS" starttime="20230711 14:30:04.563" endtime="20230711 14:30:07.144"/>
</kw>
<kw name="Send Message" library="Messagerie">
<arg>${message}</arg>
<kw name="Inscription" library="Messagerie">
<arg>${Username}</arg>
<kw name="Wait Until Element Is Visible" library="AppiumLibrary">
<arg>id=mailbox</arg>
<doc>Waits until element specified with `locator` is visible.</doc>
<msg timestamp="20230711 14:30:07.326" level="INFO">criteria is mailbox</msg>
<status status="PASS" starttime="20230711 14:30:07.146" endtime="20230711 14:30:07.327"/>
</kw>
<kw name="Click Element" library="AppiumLibrary">
<arg>id=mailbox</arg>
<doc>Click element identified by `locator`.</doc>
<msg timestamp="20230711 14:30:07.330" level="INFO">Clicking element 'id=mailbox'.</msg>
<msg timestamp="20230711 14:30:07.605" level="INFO">criteria is mailbox</msg>
<status status="PASS" starttime="20230711 14:30:07.327" endtime="20230711 14:30:07.605"/>
</kw>
<kw name="Wait Until Element Is Visible" library="AppiumLibrary">
<arg>id=cl_conv_occazio_content</arg>
<doc>Waits until element specified with `locator` is visible.</doc>
<msg timestamp="20230711 14:30:09.072" level="INFO">criteria is cl_conv_occazio_content
criteria is cl_conv_occazio_content</msg>
<status status="PASS" starttime="20230711 14:30:07.606" endtime="20230711 14:30:09.072"/>
</kw>
<kw name="Click Element" library="AppiumLibrary">
<arg>id=cl_conv_occazio_content</arg>
<doc>Click element identified by `locator`.</doc>
<msg timestamp="20230711 14:30:09.075" level="INFO">Clicking element 'id=cl_conv_occazio_content'.</msg>
<msg timestamp="20230711 14:30:09.208" level="INFO">criteria is cl_conv_occazio_content</msg>
<status status="PASS" starttime="20230711 14:30:09.073" endtime="20230711 14:30:09.208"/>
</kw>
<kw name="Wait Until Element Is Visible" library="AppiumLibrary">
<arg>id=bt_user_name_valid</arg>
<doc>Waits until element specified with `locator` is visible.</doc>
<msg timestamp="20230711 14:30:10.093" level="INFO">criteria is bt_user_name_valid</msg>
<status status="PASS" starttime="20230711 14:30:09.209" endtime="20230711 14:30:10.093"/>
</kw>
<kw name="Click Element" library="AppiumLibrary">
<arg>id=bt_user_name_valid</arg>
<doc>Click element identified by `locator`.</doc>
<msg timestamp="20230711 14:30:10.096" level="INFO">Clicking element 'id=bt_user_name_valid'.</msg>
<msg timestamp="20230711 14:30:10.179" level="INFO">criteria is bt_user_name_valid</msg>
<status status="PASS" starttime="20230711 14:30:10.095" endtime="20230711 14:30:10.179"/>
</kw>
<kw name="Wait Until Element Is Visible" library="AppiumLibrary">
<arg>id=et_user_name</arg>
<arg>5s</arg>
<doc>Waits until element specified with `locator` is visible.</doc>
<msg timestamp="20230711 14:30:10.929" level="INFO">criteria is et_user_name</msg>
<status status="PASS" starttime="20230711 14:30:10.180" endtime="20230711 14:30:10.929"/>
</kw>
<kw name="Input Text" library="AppiumLibrary">
<arg>id=et_user_name</arg>
<arg>${Username}</arg>
<doc>Types the given `text` into text field identified by `locator`.</doc>
<msg timestamp="20230711 14:30:10.932" level="INFO">Typing text 'mouhamedfsane' into text field 'id=et_user_name'</msg>
<msg timestamp="20230711 14:30:11.501" level="INFO">criteria is et_user_name</msg>
<status status="PASS" starttime="20230711 14:30:10.929" endtime="20230711 14:30:11.501"/>
</kw>
<kw name="Click Element" library="AppiumLibrary">
<arg>id=bt_user_name_valid</arg>
<doc>Click element identified by `locator`.</doc>
<msg timestamp="20230711 14:30:11.505" level="INFO">Clicking element 'id=bt_user_name_valid'.</msg>
<msg timestamp="20230711 14:30:12.109" level="INFO">criteria is bt_user_name_valid</msg>
<status status="PASS" starttime="20230711 14:30:11.502" endtime="20230711 14:30:12.109"/>
</kw>
<kw name="Wait Until Element Is Visible" library="AppiumLibrary">
<arg>id=cl_see_faq</arg>
<doc>Waits until element specified with `locator` is visible.</doc>
<msg timestamp="20230711 14:30:12.699" level="INFO">criteria is cl_see_faq</msg>
<status status="PASS" starttime="20230711 14:30:12.110" endtime="20230711 14:30:12.699"/>
</kw>
<status status="PASS" starttime="20230711 14:30:07.146" endtime="20230711 14:30:12.700"/>
</kw>
<kw name="Wait Until Element Is Visible" library="AppiumLibrary">
<arg>id=cl_chat_send_message</arg>
<doc>Waits until element specified with `locator` is visible.</doc>
<msg timestamp="20230711 14:30:12.747" level="INFO">criteria is cl_chat_send_message</msg>
<status status="PASS" starttime="20230711 14:30:12.700" endtime="20230711 14:30:12.748"/>
</kw>
<kw name="Wait Until Element Is Visible" library="AppiumLibrary">
<arg>id=ib_chat_message_send</arg>
<doc>Waits until element specified with `locator` is visible.</doc>
<msg timestamp="20230711 14:30:12.794" level="INFO">criteria is ib_chat_message_send</msg>
<status status="PASS" starttime="20230711 14:30:12.748" endtime="20230711 14:30:12.794"/>
</kw>
<kw name="Click Element" library="AppiumLibrary">
<arg>id=et_chat_message</arg>
<doc>Click element identified by `locator`.</doc>
<msg timestamp="20230711 14:30:12.796" level="INFO">Clicking element 'id=et_chat_message'.</msg>
<msg timestamp="20230711 14:30:12.899" level="INFO">criteria is et_chat_message</msg>
<status status="PASS" starttime="20230711 14:30:12.795" endtime="20230711 14:30:12.900"/>
</kw>
<kw name="Input Text" library="AppiumLibrary">
<arg>id=et_chat_message</arg>
<arg>${message}</arg>
<doc>Types the given `text` into text field identified by `locator`.</doc>
<msg timestamp="20230711 14:30:12.904" level="INFO">Typing text 'This is a test message' into text field 'id=et_chat_message'</msg>
<msg timestamp="20230711 14:30:14.084" level="INFO">criteria is et_chat_message</msg>
<status status="PASS" starttime="20230711 14:30:12.900" endtime="20230711 14:30:14.084"/>
</kw>
<kw name="Wait Until Element Is Visible" library="AppiumLibrary">
<arg>id=ib_chat_message_send</arg>
<doc>Waits until element specified with `locator` is visible.</doc>
<msg timestamp="20230711 14:30:15.108" level="INFO">criteria is ib_chat_message_send</msg>
<status status="PASS" starttime="20230711 14:30:14.086" endtime="20230711 14:30:15.109"/>
</kw>
<kw name="Click Element" library="AppiumLibrary">
<arg>id=ib_chat_message_send</arg>
<doc>Click element identified by `locator`.</doc>
<msg timestamp="20230711 14:30:15.111" level="INFO">Clicking element 'id=ib_chat_message_send'.</msg>
<msg timestamp="20230711 14:30:15.201" level="INFO">criteria is ib_chat_message_send</msg>
<status status="PASS" starttime="20230711 14:30:15.109" endtime="20230711 14:30:15.202"/>
</kw>
<kw name="Click Element" library="AppiumLibrary">
<arg>id=ib_chat_back_occazio</arg>
<doc>Click element identified by `locator`.</doc>
<msg timestamp="20230711 14:30:15.205" level="INFO">Clicking element 'id=ib_chat_back_occazio'.</msg>
<msg timestamp="20230711 14:30:16.541" level="INFO">criteria is ib_chat_back_occazio</msg>
<status status="PASS" starttime="20230711 14:30:15.202" endtime="20230711 14:30:16.541"/>
</kw>
<kw name="Click Element" library="AppiumLibrary">
<arg>id=home</arg>
<doc>Click element identified by `locator`.</doc>
<msg timestamp="20230711 14:30:16.545" level="INFO">Clicking element 'id=home'.</msg>
<msg timestamp="20230711 14:30:17.734" level="INFO">criteria is home</msg>
<status status="PASS" starttime="20230711 14:30:16.542" endtime="20230711 14:30:17.734"/>
</kw>
<status status="PASS" starttime="20230711 14:30:07.145" endtime="20230711 14:30:17.735"/>
</kw>
<kw name="Switch between Mode" library="Navigate">
<arg>Mode Acheteur</arg>
<if>
<branch type="IF" condition="'${choix}' == 'Mode Acheteur'">
<kw name="Mode Acheteur" library="Navigate">
<kw name="Click Element" library="AppiumLibrary">
<arg>id=bt_switch_mode</arg>
<doc>Click element identified by `locator`.</doc>
<msg timestamp="20230711 14:30:17.740" level="INFO">Clicking element 'id=bt_switch_mode'.</msg>
<kw name="Capture Page Screenshot" library="AppiumLibrary">
<doc>Takes a screenshot of the current page and embeds it into the log.</doc>
<msg timestamp="20230711 14:30:18.572" level="INFO" html="true">&lt;/td&gt;&lt;/tr&gt;&lt;tr&gt;&lt;td colspan="3"&gt;&lt;img src="data:image/png;base64, iVBORw0KGgoAAAANSUhEUgAABDgAAAjoCAYAAAA5jhrUAAAAAXNSR0IArs4c6QAAAARzQklUCAgI
CHwIZIgAACAASURBVHic7N13fFRV/sbxZzLplUBIIAklCaSQAEkoQYUoTRCxADasa8OCsv7cdde2
a++6u6Lr2rsQG6gUQQEVUKT3XqJAgNBCep3M74/IhIFAMpOZJBc+7z94cSf3nnsmkNx7nznne0yx
8ZdYBQAAAAAAYGAezd0BAAAAAACAxiLgAAAAAAAAhkfAAQAAAAAADI+AAwAAAAAAGB4BBwAAAAAA
MDwCDgAAAAAAYHgEHAAAAAAAwPAIOAAAAAAAgOERcAAAAAAAAMMj4AAAAAAAAIZHwAEAAAAAAAyP
gAMAAAAAABgeAQcAAAAAADA8Ag4AAAAAAGB4BBwAAAAAAMDwCDgAAAAAAIDhEXAAAAAAAADDI+AA
AAAAAACGR8ABAAAAAAAMj4ADAAAAAAAYHgEHAAAAAAAwPAIOAAAAAABgeAQcAAAAAADA8Ag4AAAA
AACA4RFwAAAAAAAAwyPgAAAAAAAAhkfAAQAAAAAADI+AAwAAAAAAGB4BBwAAAAAAMDwCDgAAAAAA
YHgEHAAAAAAAwPAIOAAAAAAAgOERcAAAAAAAAMMj4AAAAAAAAIZHwAEAAAAAAAyPgAMAAAAAABge
AQcAAAAAADA8Ag4AAAAAAGB4BBwAAAAAAMDwCDgAAAAAAIDhEXAAAAAAAADDI+AAAAAAAACGR8AB
AAAAAAAMj4ADAAAAAAAYHgEHAAAAAAAwPAIOAAAAAABgeJ7N3QHAZDKpY8d2uuXGS9S/f6qioyKO
+Zpktdb83WKxaOu2Xfpm2k/6Yso8HTlSKOvRLwIAAAAAzmim2PhLeEJEkzOZTPLx8dJj/7xNF40c
IG9vL5lMpgYfX11tVVFRif7zymR9+NEMgg4AAAAAOMMRcKDJmc0eevuNh9X/nDSZTHIo2Die1WqV
1SolpoyRxVLtwl4CAAAAAE5mzOhBiooMP+U+E1/NaqLe1GCKCppU3z7J+viDJ2Q2u6b8i8lkkskk
XTZ6sD79/HuXtAkAAADA2EKCAxUf31HhbUPVunWIgoMDVVBQpMOH87X/QJ62bNmp/IKi5u6my3VL
itGGjdlNcq4xowYro2/yKfch4MBpyWQy6cnH79CVlw9t1IiNk/nrvdfqsy/myGq1qlOn9vr9970u
PwcAAACAliklOU7nnN1T/fp1V1JiZ7UNC633mAMH87Rx029atGiNfl60RuvXb2+CnrrP889MUM6e
/U0WcLREBBxwO5PJpGlf/VtJiZ3ddo6QkCDb38deOUy5uYf03gfT3HY+AAAAAM2rQ3SELhszWKMu
HaioyLYOH982LFRt+4cqs3+aJClnzwFN/eoHffHlXO3anevq7rrV889M0JjRg5p8xERLQ8ABtzoa
biQmdHLreTw8TErtGa+VqzZrzZqtmvifv8piqdaHH89w63kBAAAANK3uKV101/grNGRQX5e2GxXZ
VnfdeYXuuvMKfT93sf772udau26bS8/hDkfDDXfplhSjhx64Wf0yUhw+dvvmr+y2f128Tk89847b
Rpm4phACbEKCAxXftaMiItq4tF1PT7NiOkeqQ3RE/Tu3IE89caeSEju7ZVrKsUwmkwb8kbzm7j8s
k8mkfzx0i9LSEtx6XgAAAABNo3tKF73/zqP66ssXXR5uHG/o4Ax99eWLeu+dR9Q9pYtbz9UY7g43
JOnhB29xKtyoS7+MFD30wM0uaasuLWIEx6CBvXXpJQPVuVN7XTzqXpe3//prDyiyXZht+5En3tTK
lZtd1v6Y0YN08chMJSfHKbRV7VSJ0tJybd22Uz/8uFwffjxDR44UOtRux47tdOtNlyojI0WdO0Xa
CnNWVVVp2/bd+vmX1Xrz7ak6ePCIy96LK/Xtk6wrLhvSZOdLiO8kk8kkX19vSTWjOrI+eVo908eq
rKyiyfoBAAAAwLV6pSfp5X/9Re3bh9W/swtl9k9T17gO+vO9L2n5io1Neu76NEW4IaneQqKOclVY
UpdmCzi6xEXrsjFDdP6QDHXq1F6S3PKgfvf4KzV0cIbda0GBAS5pu0uXDnrh2Qnq0b1rnV/38/NR
j+5d1aN7V109dpiefPpdTZ+xoEFt3/Sni/Xnu69SYKD/CV/z9PRUYkJnJSZ01uhRg/TUM+9q6lc/
NOq9uJrZbNbHHzzh9pEbxwoPD60pMtqxve01T7NZM77+j4YMHy+rlRWRAQAAAKO59eZLdd9frnfZ
SoyOat8+TJM/fkrPv/iB3n7362bpw/GaKtwwmiYNOAIC/DRm1CBdMPxspacnytNsduv5EuI76dab
L3VL2/FdO+r9dx9VRHhru9fz8gqUn18kPz8ftW3bWh4eNQ/4bcNC9eJzf5an2UNfffPTKdu+Z8JY
3XXnFXbhQFlZhXJzD8nsaVZEeGt5edX804W2CtKzT98lP18fTcqa5eJ36RyTyaS333y4yX8B+fn5
ymQyqW8f+4SxU6f26tixHSurAAAAAAbi4+OtF56doAtH9G/urshs9tADf79RPbp31X33T1R5efON
ECfcOLkmCTgG9E/VmFGDlTkgTSEhgU1xSknSPx++VQEBfm5p+18v3msXbixesl6v/PdTLfp1je21
jh3b6bZbRuvyy4bIbPaQl5enHn7oFi38ZfVJR6sM6J+qO26/zBZulJdX6L0Ppumd977W4cMFkqTI
yLYad8sojb1qmDzNZnmazfrrvddqydJ12rZ9t1veryN8fLzU/+zUJj9vRUWlJKlbtxi7100mk776
4kWl972WURwAAACAAbRqFaQP3n1UKclxzd0VOxeO6K+wsFCNn/Cc8vIKmvz8hBun1iQBx9/v+1Od
S4TuztkvT7NZ7dq5tiCnJP3p+ovcNrfnT9dfZPd+vp+7WLff+cwJ++3cuU8P/fM1FRQWa9wtoyTV
jLi46U8X6/kXP6yz7VtvHmUb2WK1WvX4k28r67Pv7PbZs+eAHn38TR06lK97JoyVJIWEBOqWmy/V
/Q++6oq32CiP/fM21TUzxWq1qrraqv37D2tHdo42b/ldBw7kqarKorCwVurRvYvCw1srOipcXl5e
Mpnk0BSXw4fzJUnRUeEnfC0w0F9xcdHatm2X0+8LAAAAQNN47ZX7W1y4cVRG32T9d+LfdfV1DzXp
eesKN6ZMnaeoqAiX18kwqiafxJSfX6QZMxfqtjuf1rmDxmnbdtc/cHaIjtBd46+wba/fsMOl7Q8d
UlvTo6SkTI889uYp93/1tc+Un19k2z5+CsVR7dq1sfuPuXjJ+hPCjWO98t9P7R7YB57bW56e7p32
Ux8PD5MuvijTFkxYrVZZrVZNmTpP5w4ap6Tul+ncweP08itZio2J0p/vHqsH/n6jbr15lLZs2anh
F96t5J5Xqkf6VXr08TdVXl7R4FEX27bvVqtWQfL29qqzX08+dodL3ysAAAAA93jy6bdb7EIBZWUV
evLpt5v0nP9+8d46w4377p/YpP1o6ZpkBEd5eYV+WbRGs2b/oilf/aDS0nK3nu/hh262rWaybdsu
fTvrZyV3i3VZ+13iom1/X7tuu3JzD51y/+LiUm3ZulN9eneTJEVHnzjCQJIGnddHnp61/ySzZv9S
b1++n7tYXbp0kCSFhbVS3z7J+mXRmnqOcp/o6Ah5eXnKarWqpKRM990/Ud/P+VVWqxQSHKB/v/QX
DTu/n8weHnajM6qrrfrv65+ruromzCgtLdfHk77Vx5O+VYfoCE38z1/VPaXLSUd0WK1W/fLLat14
/ciT7pOWGi+z2UMWS7Xr3zgAAAAAl9mwMVt/u/9lTfzPfc3dlRP87f6XtWFjdpOdb953/7MtzHEU
4UbdmiTguP7GR1RcXNoUp9KoSwdq8MA+kqQqi0VPPftendNjTuWxR27TqEvOU2WVRe++97X++7/P
7b4+94eltlECa9dta1Cb+QW1IzgCA05cGUWSuiXZ146Y+8PSetv9+Zc1uuO2y2zb3VO6NGvAcetN
l8pqlR5/8i19POlbWa1WmUwmvf7aAxo8sM9Jw4dqa/VJ57Dt2p2r0Zf/TR06ROj7b1+1C4GOslql
nxet0b//9ZeT9s3Dw6yIiDbas+eAc28OAAAAQJOZ8e3PSk6O0223jm7urti88dYUzfj25yY7H+GG
Y5ok4GiqcCMsrJXu+8t1tofoqV/9oPkLVjgUcPRKT9I1Y4fb2rh7/JX6ZPIsHTlSaNvnwYf/63Df
jg01SkvL6twnMrKt7e9H8osa9CC+bv02VVdbbau1xMZEOdw3V+rZM17pfa9RYWGJJCktNUFZnzwl
s9l8ynoav/++V6eaiWK1WrVz5z4ldb9cE/99n4YPO8uuvfLyCvXo3kUhwSdfAthkqple9MGH0x1/
YwAAAACa3AsvfaTEhM46NzO9ubuin+av0AsvfdRk5yPccFzzLCTsJg/ef6NtZZO9ew/q2ec/cLiN
kJAAuwdnLy9PBQXWPeKiwW0GB9qFLOvWb69zv9DQINvf848JVE6lsLBEhYXFtu2goMb1tbEuHnWv
CgtLZDKZdO891+jzrGfl6elZb7HQlSs3N6jWRnW1VXff84Luu3+i3f6fff693njtwVOex2Qy6bwW
8IsRAAAAQMNYrVZN+L8XtSM7p1n7sSM7RxP+78UmW5WRcMM5p03AMXRIhi66MFNSzQ/BCy99ZDfq
oqHmL1ipVau32LZnzV6kXbtzG9W3v957rd3yuJM/rbtwqL+fr+3vpWUNr1NS/sfyqJLctiyuI0wm
k956/SHdecxyt/VZs3Zrg9u3Wq2a+tUPunncE6qurlmZZcmy9WrdOrjeY2Njo+vdBwAAAEDLUVRU
onG3P2UbJd7UCgtrzl9U1DTnryvcmL9wJeFGAzTJFBV3Cwjw04N/v9E2TWPOvCX6etpPTrVVVWXR
lVc/oLP6dVdZWYWWLtvgdL/atWujP989VpePGWx7bfZ3i/Td97/Wuf+xK6BYqiwNPk/FMQGHv7/v
KfZ0P5PJpDdee1DnndvLoSVe9+07daHWuvw0f4XuufdF3XzTpZr47/sadL42rUMcPg8AAACA5pX9
2x5N+L8X9c6b/7A99zWF6uqaESTZv+1pkvPVFW5I0utvfNkk5ze60yLg+Pt916tjx3aSpLwjhXrq
6Xcb1V5VlUULFq5y6Jibb7xEffrUrJLi7eWlsDYhiovrIF9fb9s+P/y47JSpm4dH4wfUOBIquMN1
147QoIG9He5HWblzS0DNnPWLHv3nOJnNDfveNXQ/AAAAAC3L/AUr9PSz7+rhB29usnM+/ey7mr9g
RZOc62ThBhrO8AHHWf166MrLh9q2//vaZ42eUuKM7ildNHRwRp1fKykp0wsvfaQPP57RxL1qev94
8BanQhZnptYcnQrT2oFRGeXllfXvBAAAAKBFeu+DaYqLjdbYq4a5/VyTs2brvQ+muf08EuGGqxj6
42xPT7MefvAm27KhS5aub7L/gI7w9/fV+Dsu1/g7Lm/urrRYjv4wm0wmvfTCPTrv3F4OHZe7/7BD
+wMAAABoWR55/E0tW77RredYtnyjHnn8Tbee4yjCDdcx9AiOe++5RokJnSVJJaVleuKpt5utL19M
mavlK2p+yHx9vRUWFqqU5Dj17pUoT09PhYW1qulvYmfd/ecXmq2f7lZtrZaHzPXveJxe6Yl6q4H7
mkwmfT75WaWmxjs8WmTDhh0O9w0AAABAy2GxWHT7+Gc0beq/1L59mMvb37v3oG4f/4wslobXRXQW
4YZrGTbg6NG9q264bqRt+733p2nDxuxm68/Cn1dp4c8n1u1I7Rmvp58cr4T4TpKkEcPP0aobt+id
974+YV9XLDlUXV3d6DYaI3tHjrp27ejwcclJsTKZTPV+D4KC/LX45/fl4+N9yv3qYrVaNfeHpQ4f
BwAAAKBlycsr0Lg7ntLnWc/Z1T1srLKyCo274ynl5RW4rM2TIdxwPcNOUfnnw7fY/iNv2vybJr6a
1cw9qtuq1Vt04y2P6+DBI7bXrr36gjr3PXZpWE+vhmdPXsfsW1np/pTxVKbNWOjUce3ahZ2yyKqn
p1lPPHq7Vi79xKlwQ5KsVtUZQgEAAAAwng0bs/W3+192aZt/u//lJvngnHDDPQw5guP2cWOUlppg
216xYpP+dP3Ik+6f3C3WbntA/1TFd+1g2/5k8iyVlpYff5jL5OYe0jfT5+umP10sSerYsZ0y+qZo
8ZJ1dvuVltT2wcfbq8HtH/vAX1JS2sjeNk7WZ7N1z4SxDi/dZDJJ8V07aOOm3+xe9/Ly1F/uuUZ/
uuEieXqaG7VKTGlpmfLzi5w+HgAAAEDLMuPbn5WcHKfbbh3d6LbeeGuKZnz7swt6dWqEG+5jyIBj
3C2j7LavHjvcoeOPBg1HTZ+50K0BhyStXrPVbrt7StwJAUdBYbHt761CgxvUrp+fjwIDa1cgae4H
+Ly8AhUXlyooyN+h40wmkx5+8BbdcNMjCgoK0MUXZeqWGy9R+/ZhLln61mq16qtvfnTJNCAAAAAA
LccLL32kxITOOjcz3ek2fpq/Qi+89JELe1U3wg33MmTAERQU0Gznjo4K1/BhZ9m2Fy9Zr7XrttV7
XOEx4YWkOqdZ/L5zr+3vrUIC1a5dG+3bd+iU7XZLipWnubao5+6c/fX2xZ2qq6167fXP9be/Xu9w
MJHRN1lLfvlAwcE1/76uCDaOslql5190/y8sAAAAAE3LarVqwv+9qKlfvKDYmCiHj9+RnaMJ//ei
2z8MJdxwP0MGHDO/XSjTKeo1HC8qsq1Se8bbthcsXGU3WuLYqSH1ad06RA/8/Ubb9muvf9GggCMs
rJXd9uE6itZs3vK73fag8/poUtasU7bbLyPFbnt9C1gl5K13vtJ9f7lejuYTJpNJX339o669ZoTM
ZteWh9m6baeKi5t3+g4AAAAA9ygqKtG425/SZ5OfUevWIQ0+7vDhfI27/SkVFZW4sXeEG03FkAHH
n+99yaH9b7t1tF3A8e7732j+ghVOnTv7txxVVFTK+48aGWmp8fUcUaNXepLd9vr1JwYRCxeuUmVl
la1o6JDBfesNOI4dhlVSUtYiimharVY989x7euiBmxw+9tprRujGWx7TB+8+6rIRHNXVVl086l6m
pwAAAACnsezf9uj28c9q0kdPyNOz/kfdqqoq3T7+WWX/tset/SLcaDqGXUWluRQWltjV08jo213D
zj/rFEdIXbp00AXDzrZt//77Xq1Zu/WE/Xbn7NfSZRts2/3PSdWQQX1P2u6FI/orPS3Rtv3Lr2vc
Xkukod7/cJpTKajZ7KG7x1+pJ55+R9XVjQ8krFarPvxouqqqmnd1GQAAAADut3zFRj32xNsN2vex
J97W8hUb3dofwo2mRcBRh8ceuU1rVkzW8iUfa/wdl5/w9Q8+nG4bDeDhYdJzT9+t66+9sM62Mgek
663/PWSrKyFJH34886Tn/vDjGbJYqiXVPOw/+/RdGjH8nBP2G3nhAD3x6O22UQ4WS7Xe/2B6w9+k
m1VXWzXo/DucCil6pScpN/eQ/nb/y40edZGbe1hPPftuo9oAAAAAYByTsmZpctbsU+4zOWt2vaPl
G4two+kZcoqKO/VKT9I1Y4fbgoO7x1+pTybP0pEjhbZ9vp39i7I+/U5jrxomSQoK8tcj/7hV424Z
pY2bspVfUCw/Xx/FxUapS5cOdlMtvp+7WO9/OO2k5/9+zmJ9/uUcXXXF+ZKk0NBgTfzPX3Xn5su1
IztHJpMUGxOlhPhOdu1+/MlMLfp1jUu/F4116FC+xk94Tq+98neHppt4eJg08d/36ezMm3Te4Nv0
w5w3HF52VqoZcjZ85N0uGQkCAAAAwDgeefxNde3aUb17JZ3wtWXLN+qRx9906/kJN5oHAcdxQkIC
7B7Gvbw8FRTobxdwSNLDj/xPhUUl+tP1I231ONq3D1P79mF1tltdbdVXX/+ghx95vd4+PPSP1+Th
4aHLxwyWyWSSyWRSUmJnJSV2PmFfq9WqDz6crieefseBd9l0vvv+V0189VNNuOtKh0IOs9lDixa8
p8SUy5SQPFpffPq8uqd0aXDQYbFU69zBt6mw0L3FggAAAAC0PBaLRbePf0bTpv7L7hlt796Dun38
M7JY3DeF3R3hxsMP3qyCguI6v1bXc+KZioDjOPMXrNSq1VtsRUlnzV6kXbtz69z3uRc+0Hff/6qb
brxYmf3TFBjof8I+FRWVWrpsgz78aIbmzFvS4H488NCrmj9/hW69ZZSSk+2XgpWkKotFa9ds02tv
fK55Pyxz4B02vYmvZsliseieCVc7NBLDw8OkjWs/14DzbtHoy+9TQnwnvTrxb+rcKfKU7VRWVum8
IbcpN/ewK7oPAAAAwIDy8go07o6n9HnWc/L19VZZWYXG3fGU8upY0dJV3DVyo1tSjMvbbKjCwhIF
BZ34rNuY9tzFFBt/CeP3j+PpadZZ/bqrrKzCruhnQ47p3ClSQUH+Kikp1959B/XLotWN/geMjgpX
n97dFBbWSlarVQcOHNHipeu0b9+hRrXb1DL6puij9x93eAnYqqoq3XLbk1qwsGaFmA4dIjT+jss1
6tKBMv+xXPDR0SH7D+Tp/AvGq7i4VG+/8Q8tWbpec+YtUYfoCP3wY8sOggAAAAC43oUj+mviv/+q
Cf/3ombMXOi287SEaSkTX83Sy69kubTNP999lSbcdZXL2nNHH48i4ECT8vfz1XffvnrSqTwnY7Va
NX/BSt106+O21zw8TAoI8FNiQmeNGT1IJSXlevLpt201N/721+tVXl6hQ4fyFd42VP96eZJL3wsA
AAAAY0hLTdDKVZvd1v6FI/rrmrEXuK39jRt3qKCw7ikqx/p18TotXrLO5efP6JuifhkpjW7HXf07
ioADTc5kMikpKUaffvK0/Px8HKrNUV1t1V/+9m9Nm76gQSusmEymRq/EAgAAAABo+Qg40KySk+P0
2D/GqXv3OJnN5nrDDqvVqupqq0pKyvSnmx/VqtVbmqinAAAAAICWjIADLYLZbFZk+zCdP7SfMgek
qUtcB4WGBsnHx1slJWXal3tIGzdma868JZq/YKXy84sYmQEAAAAAsCHgAAAAAAAAhufYchYAAAAA
AAAtEAEHAAAAAAAwPAIOAAAAAABgeAQcAAAAAADA8Ag4AAAAAACA4RFwAAAAAAAAwyPgAAAAAAAA
hkfAAQAAAAAADI+AAwAAAAAAGB4BBwAAAAAAMDwCDgAAAAAAYHgEHAAAAAAAwPAIOAAAAAAAgOER
cAAAAAAAAMMj4AAAAAAAAIZHwAEAAAAAAAyPgAMAAAAAABgeAQcAAAAAADA8Ag4AAAAAAGB4BBwA
AAAAAMDwCDgAAAAAAIDhEXAAAAAAAADDI+AAAAAAAACGR8ABAAAAAAAMj4ADAAAAAAAYHgEHAAAA
AAAwPAIOAAAAAABgeAQcAAAAAADA8Ag4AAAAAACA4RFwAAAAAAAAwyPgAAAAAAAAhkfAAQAAAAAA
DI+AAwAAAAAAGB4BBwAAAAAAMDwCDgAAAAAAYHgEHAAAAAAAwPAIOAAAAAAAgOERcAAAAAAAAMMj
4AAAAAAAAIZHwAEAAAAAAAyPgAMAAAAAABgeAQcAAAAAADA8Ag4AAAAAAGB4BBwAAAAAAMDwCDgA
AAAAAIDhEXAAAAAAAADDI+AAAAAAAACGR8ABAAAAAAAMj4ADAAAAAAAYHgEHAAAAAAAwPAIOAAAA
AABgeAQcAAAAAADA8Ag4AAAAAACA4RFwAAAAAAAAwyPgAAAAAAAAhkfAAQAAAAAADI+AAwAAAAAA
GB4BBwAAAAAAMDwCDgAAAAAAYHgEHAAAAAAAwPAIOAAAAAAAgOERcAAAAAAAAMMj4AAAAAAAAIZH
wAEAAAAAAAyPgAMAAAAAABgeAQcAAAAAADA8Ag4AAAAAAGB4BBwAAAAAAMDwCDgAAAAAAIDhEXAA
AAAAAADDI+AAAAAAAACGR8ABAAAAAAAMj4ADAAAAAAAYHgEHAAAAAAAwPAIOAAAAAABgeAQcAAAA
AADA8Ag4AAAAAACA4RFwAAAAAAAAwyPgAAAAAAAAhkfAAQAAAAAADI+AAwAAAAAAGB4BBwAAAAAA
MDwCDgAAAAAAYHgEHAAAAAAAwPAIOAAAAAAAgOERcAAAAAAAAMMj4AAAAAAAAIZHwAEAAAAAAAyP
gAMAAAAAABgeAQcAAAAAADA8Ag4AAAAAAGB4BBwAAAAAAMDwCDgAAAAAAIDhEXAAAAAAAADDI+AA
AAAAAACGR8ABAAAAAAAMj4ADAAAAAAAYHgEHAAAAAAAwPAIOAAAAAABgeAQcAAAAAADA8Ag4AAAA
AACA4RFwAAAAAAAAwyPgAAAAAAAAhkfAAQAAAAAADI+AAwAAAAAAGB4BBwAAAAAAMDwCDgAAAAAA
YHgEHAAAAAAAwPAIOAAAAAAAgOERcAAAAAAAAMMj4AAAAAAAAIZHwAEAAAAAAAyPgAMAAAAAABge
AQcAAAAAADA8Ag4AAAAAAGB4BBwAAAAAAMDwCDgAAAAAAIDhEXAAAAAAAADDI+AAAAAAAACGR8AB
AAAAAAAMj4ADAAAAAAAYHgEHAAAAAAAwPM/m7gAAAAAAAE2lS6dKdY8vt20vXeOr3bk8Gp8O+FcE
AAAAAJwxzutTqgduO2zbnvBkWwKO0wT/igAAAABwGnv1HwfUsX2lbbvaatKEp9pq557GPQ5Ghlfp
v/88ILOH1fbangOeuv2R8Ea1CziLgAMAAAAATmNdO1eoS8dKu9euHlmoZ98MbVS7Y0cWqkdCud1r
QQHVjWoTaAyKjAIAAADAGWZEZrEL2ihxQU8A1yHgAAAAAIAzTFRElS4e5HzIcf45JeocVVn/jkAT
YooKADRQVFS4khI7KzoqQsHBASfdr6CgWLtzcrUjO0c5OQdUXl7RhL1s2UweZvmGhCqwfQf5hbaV
l3+gvPz85ekfIC+/AHn6+snD7KnqqipVFBeqvCBP5QVHVJp3UCUH96nkUK6qSpv206KINlXqp8Fw
xgAAIABJREFUlVyupLgKtW1jUetgi1qHWNS6VbXCQi3yMkv5RR46mGfW4XwPHc730ME8T23K9tKv
q/y0ex+XWgA1goMDFBsTpaSkGEVHhSs6KlxhYSdOETh4ME+7c/Zrd85+bdyYrR3ZOSooaPyn7cDx
Rp9fpG/mnfye5lQuG1bk4t4AjcddFwDUITg4QKk945U5IF2pPeMVFxt9ylDjZAoKirV9x26tWr1F
8xes0KrVW864m1ST2VOB7aLVpmuyWnWMk09w/fN9PTw95RsSKt8Q+32tFovKC/KUv3uHDm3doOL9
e1Rd5dpPj7y9rEqIqdDgfqU6L6NE8Z0r5eNtPeUxbVtb1La15YTXi0tNWrXJRzN/DNBPS/209wCX
XU9PszL6pqh3rySHjquqsmjxknVatnyjm3rmPm3bhqpf3xTFxkY1d1caLfu3PVq8eJ1y9x+uf+cG
8Pf31bmZ6erTq5tDxxUVleinBSu0fMUml/TDXY5eS4YOzlBmZrqio5wrvFheXqHtO3I0f8EKfT9n
sTZu+o3wHE6rqDTJ26vmutavZ5lioiuVvdvLoTYiw6t0TnqpbbuqyiRPz1NfK4GmwJ0WAPzh6I3o
yBEDlJmZprZ1fKrmTJtpqQlKS03QjTdcpAMH8zR//kpNn7ngtA87vPwD1apzvCJSeisgvL1L2jSZ
zfINDZNvaJgiuvdV2ZHDOrB5jQ5tXqPygrxGtR0aYtF5fUs19sJC9UyocMmNWoCfVeeklemctDIV
l5q0fJ2vJs8I0s8rfFVcembOEk3uFqebb7xE52amO3zsl1Pnad++Q9qds98NPXOf8LahGjlygIYM
6tvcXWm0H35cpuzsPS4LOHx9vdWvb4quvWaEQ8ftP5CnvfsOtciAwx3XEh8fb3VLilG3pBjdPm6M
7Vry5dR5WrV6C2EHHLJ8vY8yepTJw0Py8rTq6pGFeur11g61cfXIQvn61FwnrVZp2Xof9etZ5o7u
Ag4h4ABwxmsbFqqhQ/pq7FXD1S0pxu3nGjN6kMaMHqQNG7M1OWuWvp+zRAcONu7hvCXx8g9UWEIP
hSf3km8rx26YHOXbqrU6ZJynsPgU7Vv9qw5tXS9LuWM3WJHhVRo9tEiXDy9SdLsqN/W0JuzI7FOq
zD6lWr3JW29/EaKflvidcUFHelpN4OfUsakJSktLMFzAgTNDc1xLRl7YXytXbdHkrFmav3DlaR2a
w3XyCz20aqOP0pNrVj+5ILPE4YDj2OKiG7Z768Bhs8P98PG26qoLC3Vu71J17VypkMBqeZitKij0
0K59Xvplpa+yZgYp96BjbWf2LtWY84uU2q1crYNrVnQ5UuihtVu89dWcQH33s7/DfT3q6pGFGta/
RAkxFQoJqlZ5hUn5RR7atMNbcxf567NvA51uG65BwKGaTw9SkrtoyOC+SojvpC5x0YqMbKvy8grl
5BzQ9uzdWrNmq+YvWKlt23eprIyUHDgd1NwgDtTYq4Y7PWy4MbolxeiJx+7QbePGaHLWLH055QdD
Bx2evn5qHddN7Xr0lV+bpv1++oWGKea8kWrTNUU5S35SQc5v9R7j5WnVuX1LdefYI+qRWCGT+7tp
0zOxQv++/4BWbfLR+1ODNX/pmRF0xMVGKy01wanpXpLUuXOUevaI10/zV/AghxYjOipcY0YP0uhR
g5r8WuLj461+GSnql5GiDRuz9f4H0/T93MX8fOCUvDylr+YG2gKO9m2rNGpIkabOadjD+bD+Jep0
THHRb+YGKq2bYx8uDDmrRPePy1NM9InTTP18LIoIs6h3Spmuu7hQ/8sK0TtfBNfbpqenVY9POKzL
hhXKfNwl1d+vWpHhVTr/nBLN+cVfKzf6ONTfjJ5levzuQ+rSyb6/3l5WBQVUKzqiSkPOKtEVwwt1
/0th2rbTsSk/cJ0zOuDw9fXRsKH9dOstlyop8cSk3cfHW7GxUYqNjdLQwRm6e/yVWrFyk97/cLoW
LFylsrLyOloF0NL5+Hgrc0Cabrt1tNOfJLtSdFS47vvL9RrQP11vvPWlFi9Zb7jhxgHhkYrs3V+h
neNl8nD8UxxXCY7qLL9hYcpdu1S565adtCBpdLsq3TQmX2POL1Kgf/PMGfb0lHqnlKtn4gHN/ClA
r01qddrfEKU1YvSGJJlMUq/0JPVKT9IPPy5zYc8Ax7W0a0lNaH67Rl7YX6+/OUWLl6xr7i6hhfL2
tuqL2YGacN0RhYXW1I8aNbS4wQHHscVF8ws9NHlmoPr2aHjAMWpIkZ6855BtistRlVUmWSyyez00
xKIHxh1Wu7CqekeZ/Ov+g7rw3FOHeyaTNPScEvVOafhz3IjMYj3310Py96u2e72kzCRvT9lNaU3r
Vq7/Pbpf1/09Qvuou9Usztjveq/0JI2/43Kd1a+7vL0bdkPp7e2lfhndlZ6WqOkzF+pf//lEe/ce
dHNPAbhSXGy0bhs3WiNH9JePj3dzd8dOv4wUdUuK0ZdT5+n9D6YZYhi+h9lTrbsmK7JXf/mFhjV3
dyTVTJGJ6nOuAttFa8+yBSrcu1tS7c1H75QyTbj+iM5Jaxlzhb08pUsGFysmqkqvTgrRj0v8ZTmx
XqnhtWnTSj26d1FkZNtGtZPcLVbpaQn6ZdEawwWBOH201GtJTeiSrqSkGE3Omq1Jk2cbemQg3MPL
06ryCpO++9lfV48slCRl9ChTl46V9Qbt0RH2xUXnLPJXcYmHvOspxn1UWrdyPXFMuFFdLc34KUCT
ZwRp8WpfSVJ85wqNGVakay4qlJ+PVSaTdNOYAu3O9dQHU+seyXHLZQV24UZVlUlT5wTo67mB2rDN
W62CLUrvVq7LhhepX88yhYY07ELbI6FcT99bG25UVZn0xexAffxNkDbuqPnZz+xTqlsuK7B9X2I7
VOrBcXma8FTjrndwzuk/HrYO5w/tp0f+cavOzUxvcLhxLG9vL42+dKBeev4e9Up3rAo8gOaT0TdF
jz96u8aMGtSibkiPFRwcoBtvuEgPP3iz2+dwN5bZ20ft085Wp/7DWky4cZTJw0OtOnVVzKCL1SY+
peYjG0nn9S3Vg7fltZhw41g9Esv16F2HdPnwwtOyEn2f3t3Up1dyo9sxmz2UlpqgHt27uKBXgOMy
B6TpuWfubtHXkrZhobrt1tF6+KGWfy1B0/P5YwWVSdOCVGWpuT56/lFstD5jRxbaVhazWmvakGpC
k4Z47O5D8jumOOlTr7fWPU+3tYUbkrTlN28980Zr3fpwhIpLah9X/++GI+oUeeKUlpDAat1+Vb5t
u8pi0n0vhOn+l8K0aJWv8os89PseL02dE6hr/tpOb34a0qC+StI/xx9WUEC1rd37X2qjh/7TxhZu
SNL8pX66/u8RWrjcz/ba8MxipXVjtH9zOOMCjmHnn6UJd12p5G6xjW4ro2+K7vvLdert4NJmAJqW
j4+3xowapCceu139MlKauzsNMnRIhp57ZoKGDslo7q7UydPHT+3Tz1b79LPl6etX/wHNxC80TNEZ
A9U2KVXDBpTprzflqWdiy73hiAy36M/XHdHVIwttS/idDgIC/JSWGq+uXTu4pL2ePeOVlpogk6kp
K6fgTHf0WvLwgze3iCkp9fHx8dbIEf310AM3K6OvMa59aBqef4zh37jDW8vW1daiGD6guN6A/YIB
tVM/V2300apNNcf7NOCaddHAYiV3qR15N2tBgN4/yYgMSVq0ylevfFIbRgQFVOvWywtO2O+KEYV2
IzKmfh+gb+advNbTc2+H6qcl9d+7XDSwWGlJtfcMn84MPOU0nv982ErVf8xiMXtIlw8vOum+cJ8z
aopK95QuuuG6kXXW25CknTv3afHS9dq0+Tfl/DE0PDY2Sqk94pXaM17h4SfO+0rtGa/rrx2hvXsP
KGfPAbf2H4DjfHy8dfVVw3TbuNEuWaqvKXVLitF9f7lOPt5emj5zYXN3x8YrIEiR6ecoPDldHp4t
v2aEb0iorrwqTGMSLeoY2vKnNIS3sWj82Hx5mq2aND1YZeXGf4hPS01QelqiywIJfz9fpaclKjGh
szZuynZJm8CpGPla0i8jRcHBN2viq1n6fs7i5u4OWoBjR1t8PTfQtrxrRJhFlwwq1pff1f0Qf0Fm
sV1x0a/m1u7n1YCAY/T5tQ/8VRaTJn5U/0iKtz4L0TUXFarDH6ucDR9QoodfbmO3z8CM2ikzVRaT
3mjACI1fVvrp3L6lp9xn1JDa/pZXmPTfSa1Ouf/KDT5ascFXvVNqvp/9HKhLAtc5YwIOPz8f3XDd
hUpPOzFxLyuv0JdT5uqd977R77/vrfP47ildNO6WURo8qI/dcEQvL08NPK+39h/I05NPv+O2/gNw
zphRAw15Q3pUzTzvMSqvqGwRN6Zmb29FdO+j8ORe8vBs+ZcQk6rVL2qJRidMV1SQcULosNYW3XpF
gcorTcqaEWzomhxms1mpPeOVkhzn0nZ79+qmPr27GSLgsNr+ML6iolIVFZ/6oeB0Y+Rw46huSTGa
cNdVktQiriVoXseOEJzyfYDuuT5PEWE1F5rRQ4tOGnCMOSagOJhn1uezjgk4GnBL0L1r7YcMa7d4
a8tvDZvi9cNif11/Sc3IjdAQi/qllunXVbVTWuKPWdlkwzZvZe92zYcvPY4Z8bl2i0+DlqvdsN3b
FnBEtatS6xCLDuc3X/H1M1HLvzt1kYHn9VZyt1h5HffT99tve/Tyq1maNXuRKipOnNN11Np12/TA
w//V6FEDdduto9UuojY59Pf3Vc8e8erbJ1lLlq5323sA4JihQzI09qrhhr0hParF3JiaTGrTtbva
JqYaJtw4O/pXjU74Ru0Dc5u7Ow4Lb23RNSMLdfCwWbMXOresakvQPSVOvdITnap5dSqhoUHq0b2L
OnSI0K5dLfvf12T7w9jWrNmqr775UdnZOc3dlSY1ckR//emGi06La8mYUYOUk7NfGza2/GAQ7nPs
aIuqKpNmLQjQDaNqAoTe3csV37nihPAhOqJKZx9Tv+q7n/1VXlH7i62+GhxJsRV200jWbWl4/Zrl
6310/SW126mJ5baAo0O7Krt2t/7ummtNbIdKhQbXrpqSl++hwf3qXpntWMd+TzzNVsXHVOrXVQQc
Tanl36G6gJ+fr4YOzlBMTJTd62VlFXr/o+n1hhtHFRWVaMrUH+Tv56u7x18pX9/aH8zEhE4aPuws
Ag6ghcgckK7bx41xeXG1nJz92p6do5zd+7V9x27tztmvgoJiBQcHKDoqXHGx0YqKDldcTJSiosJd
dt6WcGMaHBWjsIQe8g4Mcmm7lsoKVRQeUVn+EZUXHpG1ulpefgHyDgiUb2iYvAOcO19G5FJdGj/d
5eHGwcNmZed4KfegWQfzPGQymRQZXqWO7SsV1a7KpcvOJsRU6qoRRco95KlVG33qP6AF6pWepPQ0
9xTkTktLVHpqYosPOIqLS7Vly+8KCmyeoMrDw6SoyLaNWsFm165cffjJTP3403IX9qzlyxyQrqvH
Dle0C3+fS813LRk6JEPlFZWa+EqWtu/Y7bJ2YSzex4URk6YH6ZqLagpce5qtGjuySI+9aj81/+qL
aouLVllMtuKitjbrWUXl6AiRo/Y4sITq9uNCizatatsKa23frquWZu3Yvspue+g5JRp6Tv0Bx/FC
gw08BNOgzoiAI7VnV3XuHHnC6I0vp8zVDz8ub1C4cVRRUYl+mr9CKclxumD42bbX/f19FdM5UtFR
4YZY2hE4nUVHhWvkhf2V2jPeJe2VV1Rq8ZJ1mjR5lhYvWaeCglOvsS7VrIaS0TdFY0YPUr++KQoK
avyDTeaANG3fkWO7EW5KXgFBatM1WUGRHV3SXkVxgY7s3K7DW9eraN8uWSpOXhvDyz9QwdExCovv
ruCoTvLwqv9Tn7OiftWYhK8VGbSv0X0trzBp5UYffTUnQAuW+WnfwZNfOn19rErpWq4RmcUafFap
ottVnXTfhsrsU6qDR8w6lGfWrn3Gumx3ieugnj3jFRjonkK0nTq2V8+e8fppwQodOVJ/9f/m8tvv
e/XSvz9ptvMPPK+3Jtx1ldMBR0FBsSZlzdKMmQtc3LOWLS42WmNGD3LZtaSwsFi/LlmnL6fMc/ha
cvXY4cromyIfF4yEGjq4r3bs2K3X35zCUstnKPNxAwq27fTSr6t91b9XzfSzYf2L9dTroaqqqh2N
cMGA2v+vy9b52K0iItUU1TyVkKBqu+2i4oavdXEgz77DR1c1kaTgQPt2S8pcM1wuwL+6/p0awLeB
y+fCdYx1p+Skrl07qk1r+wq9O7Jz9OP8Fdq92/FPfTZuytbMWT8rNTVe7dvVLo3Ypk0rde3akYAD
aEY+Pt4aeWF/DR3c+NVHcnL26/s5i/Xl1HkOj5ooKCjW93MW6/s5i22jL4YOyWjUJ3E+Pt4aM3qg
cnJyNSlrttPtOKN1bKJCYxu3akC1xaKCnN+0f+1SFeT8JktFw1YzqSwp0qEta3Voy1r5twlXWGKq
WnfpJp+guouInR31q8YkftXokRsHD5s191c/ffptkNZt9ZbFUv9NU1m5ScvW+WrZOl+9+F610pLK
dc1FhcrsXSo/X+dvcob1L9b2nV56+4tguxvOli4tLUHpblxtwmSSeqcnqld6oubOW+q28xhZj+5d
dc3VFzi9rG5lZZU++2KOPvtijioqGh/YGUXttaRvo9tqideSC0f01/btu1tUAWs0rynfB9oCjog2
Fo0ZWqRPv60ZpTEis1gdI2t//qecpEbHqRxfMNuRlcIC/OzDhmPbqqy0b9dly6wf18yOXV5O1dI4
RP2NJndGBBxtWofIz8/X7rUd2Tnav/+w023m5RVo795DdgFHu4g26tG9q374cZnT7QJonIy+KRo6
pJ+Cgxs3YmL+gpWa+GqWVq7a3Og+bdiYrQ0b39H0mQs14a6rlDkgzem22oaFauSFA7R9R44WL1nX
6L41RHB0jFp3TZaXn5PfU6tVxQf2ae/KX5SXvVnVVQ0fNXe8kkP7tfPn73Rg40pF9h6gNl2SZfKo
+RTIpGqdE71IoxKmNSrcsFql+ct89crHrbRyg2/9B5ysr6Ue+nmFn5asqflU7LYr85XerfyET84a
IsDPqnP7lGrVJh+7wmotWUREG6X1TFD79mH17/yHvXsPSpJDxyQnx6l3r276ZdEalZa23CWAm0N0
VLiuGTtc52WmO3W81WrV9BkL9Mnkb1v0CBl3GDq4ry4c0d+usLwzWuq1pGZ0ymDl7Dngkr7B+L6e
G6C/3JinqIiaIOOSIcW2gGPMsNriovsOeJ60COmpHM63H7HRulXDp25EhtvvW1BUeyE9mGffbqsg
14y8OD7MmPFTgP7zwalXUUHL0PCxQQYWHR1xwsPO3r0HG3WxLiou1ZEjJ67DDKD5BAcHKHNAWqOG
E5dXVGpy1mz945H/ufymb+Wqzfrb/RP1xltTVFjo/BST1J7x6peR0ugb74Ywe/sqtHO8giM7OXV8
RXGhdi/5SZunT9KhresaFW4cq/TwAe1c+J32rf7VNhLkrKgljQ43yitM+vTbQD3ySptGhRvHqqwy
6YfF/rr9kXA982aodu117rOF9G5lOrd3iQJdNGzW3dJTE5RWx8plp7J4yTp9MnmWtm13rDZAj+5d
1aN7V4eOOd0FBwdo7FXDdNHIAU4vz7vw59WalDVbO3c2fqqXkURHhSszM11xsdFOt1FYWKw33pqi
v90/0S3Xkn888j9NzpqtcgemWR8vo2+yMgekNcm1BMYwc37t81Kv5HIlxFSoQzv74qIz5/s71faW
bG9VHjMC8diVT+rTI8E+vM7Oqb2O/r7Hy66wZ2y0a+4zdu31lPWYURyuahfud0YEHH6+PvL0tE/h
8vIKVNyIZc725x7Wjuw9je0aABfK6JuifhkpTh9/8OARvfDih3ri6XfcNtXswME8vfxKlp54+h3t
2OHcSgQ+Pt7K6JvisnnhpxIU1VFBUU6GG0UFylk6X3uWL1RlSVH9BziosqRIOUt+0p5lP6pfm1m6
PGlKo8KNI4Ueej0rRM+/3Vq79rp2xY+a9s16f2qI/vVBK6eWsPP0lM7tW6pz0lv+Ep0BAX5KTY1X
1y4dGnxMfn6R1qzbpukzF2jt2q0OnS8tNV7paYny8Dgjbmvq5e3tqSsuG6Irrzjf6YfXTZt/0+Ss
WVqxcpOLe9fyZfRNUUbfxl1LXn4lSy+/kqUDB/Nc2LNau3P264mn39ELL36ogwePONVGU15LYAyT
pgep4o8pH55mq64eWairRxbappNUVpn08TfOFf7OL/LQtmOKhfZOKW/wdJIBvWuve1UWk35aUlvX
qbzCpB27atvtkVDhkmkqu3M9tTu3Nkjp3b3MddNf4FZn7J2Ar6+PvBpRqCk0NNihIbQA3OtoIbak
ROdWTSksLNZ7H0zTpKzZbi+6Vl5eoekzFmpS1iynb0xTe8Yrc0B6o6finIrZ20fBkZ3lH9bO4WMr
S4q0d8XPOrBhpazV7qsgbrWU66ywObo0booiAg443U5heaC+2TRcX68fqIIS14cbR1mt0vQfAvXa
5BDt3OP4SI74mEr16V5+QlG1liY9LVG90pIcGjmweu1WrVmzVbt25Wrt+u3Kz294KObj46201Hgl
uXjVJKMacUF/XT12uEJbOfcgkpt7WB9P+lbfz23GZambSXRUuDIyUpxeNaWpryWTsmbrvQ+mOT0q
sClHBKLl27nHU4tW1o5eHNa/RBecW/t/a9FKX/2+x/lr5PxltcFEaIhFN46ufzR8WlK5+qTUjuBY
vt7nhOkjS9fV9jk0xKKxI+q/frQPr7+m0NI1te1GtLHoxlENG70f26HSrhAqmtYZEXBs3bZThw/b
/4eMjY1SeFvn1zMPCPBz+sYBgOs1dvTGtBkL9eWUeU1WUf5oyDF9xgKnhhj7+Hjr3My0Rn3KWJ/A
9h0UFNnR4eHtlSXF2rPiF+13c7jh4WHVpUOKdde1R9SxvfNDRwvLAzVt23DNy71YrXsOVHhyb3mY
3Veiqrq6Zq7zG5+FaO8BxwpymCQld61QcpeWu/KBl5en0lITlJwc2+BjLJZqrVmzVes3bJckrV69
RatWb3HovOlpSeqVlujQMaejzP5puvbqC9SpY3unji8sKtEnk7/VV1//qOrqM+/TytTUBKX1dL4w
bnNcS76cMk/TZjhXLJRRHDjeF7Nr62u0bW1Rh2NWA/vCidobx3p/SrCKSmofP2+9vEBdTjFVxcfb
qofvPGw3cuKTaSc+f2XNCFTVMYXAx12Zf8KytMc6K7VMV42ov1TBu18G202ruWNsvlITT13rqWNk
ld55MldZ/9qnhJiWe60+nZ0RAUdpabkqq+xTutBWwQoIcH7ZutDQoBNGcBQUFGl3TuOq9gNwTlxs
lGJjopw6dv6ClZoydZ7bhhKfzIGDeZo+c6EWL3auWGhsTJTiYp17zw3h3zpcfq0dW1bSarXq4Na1
OrhxlcvqbdTFbJZGDS3W3dceOWGtekcUVQRo+rZh+i57iCosPvIOCFJU7/5qm9xLJmeqgTaQxWLS
13MDNfX7QFU62P3kuAold2m5xTRTkuOUlpYgbwdGSW7a/JvWrt1mW6Vjw8YdWrN2q6qqGv7NCQ0N
UmrPeHXq5NyD/ekgIaGTrrryfKU5uXJNVZVFX3w5V5OzZp+RBVt9fLyVlBijWCd/rzbntWTK1Hma
v2ClU8cnJcaoG6Of8IeZ8wP0e86Jv7937vHUjB8bN2p0/2Gz3siqXQGtTSuL3no817Z6y7E6RVbq
3adz7QKFOYv86+zD5mxvTfuh9vXI8Cq9+1Su0rrZ/x7z9LTqhlEFev2x/fL1qT/A3bjDW1kzakOd
kKBqvfH4fl06uO4RIqOGFOmzf+9Vx8gqJcZW6Pn7DtZ7DrjeGbGKypatO3X4cL4iwlvbXuvWLUYp
yXFat367w7U4IiLaKKNvimI6R9q9fvBQvrZu3eWSPgNouLjYaCUlxTo1xDYnZ7+mz1zQbFXkV67a
rC+nzlN0VLjDN9U+Pt5KSopVXGy0tu9wrChjvW0Hh8q/TbjMXo59T0sO7FXBrmxVlbuvToTZLI0e
Wqi7rslXdLvGhhvDbeHGUV7+gYrq3V8mk5S7brmsFvcsjVlaZtKC5X5K71aufqll9R/whwD/aiV3
qVDnqEr9VsdNaHNLT0tUeqpjIylWrNxkV+uhoqJKa9Zu06bNvyslOa7B7Rxdlvb33/c6dP7TQfv2
Ybr+2gs1dIjzS2R/O+sXfTJ5lg7nnZlF1ONinQ+Nd+zI0ZdT5zXrtWT6zAWKi41yeAnZ4OAAxcZG
q21YaJOHM2iZZs731x1j8+1em/GTa6bEvjY5RD0SyjX0nBJJNSMe3n8mV5t2eOv3PZ6qqjKpXVuL
eiSU2y0lu2OXlx55pfXJmtXzb4Wqd0qZbcRJYmyFPv/PXm393Vv7D5nl51utTpFVCgutGdlRZTHJ
01x/yPHk660VH1OpjB411+mwUIteuv+gJlyXr03ZXiop9VCrYIu6dq5UdETt/UJhsYee/N/J+wv3
OSNGcKxes0W5ufZLwvr5+mjslefrrH7dHWrL29tLgwf21uhLB9q9XllZpd9+26M1DhZGA9B4sY24
KV25eotWrXJsKLyrLV68Tr86ueRrXGyU0582nop/67bya+3YTbK12qIjO7epYHe2y/tzlKvCjeJK
P83cfr5m7xiicsuJq6V4+QcqsvcARXTvI5Mbp6ssX++jBct9VVLm2DSg2I6ViuvY8iq6d+3SQamp
8QoMbPgIyb37DmrDhh0nPFSvWrXZ4YfFjh3aqUePrmp1hk0hDQz019grztclF53rdKHVXxev0+RP
Zys727nix6eD2Nhop1dOWbl6s1Y183Krq1Zt0UoHp3Yd1S0phho2sJk0PUhl5bXXpbJykyZNd93v
1buebKuv5wbYVikxmaSkuAoNH1CikQOL1TulzC7cWL/VWzc+EKF9B05+Pd5/2Kw7Hgk5+fSdAAAg
AElEQVTXnv21+5hMUnznCvXvVapeyeW2cCO/0ENPvd6wUgVVVSbd/GCEZi2wXz2mU1SlhvUv0aih
RRqYUWoXbuzc66lbHg7X0rXGWNb9dHNGBByHDuVr8ZJ12pd7yO71mJgoXXXF+erRo+FLy2X0TdaY
0YNPuHnavmO3fpy/wiX9BeAYZ6enFBYWa9WqzS4f/eCoAwfztGPHbqeKxLlrmopPSGv5hjhWp6hw
7y7l78p269SUSwYVNT7cqPDXzG3DNXvH0DrDjaO8/AIUmX62IlLcV5PDYjFpwXJ/LVrp2JTJyPAq
RbZ1z8iSxkhPT3S4Dsaatdu0Zu22E14/nFeg9et3aM9ex4b49u7VTX16d3PoGCPz8vLU5WMGa+xV
w+Tn51P/AXXYkZ2jrE9na7GTQevpwtnAuLCwWBs3Zrtt9a2G2r5jt1at2tyiriUwpj37PbVgee11
acFyP7vgoLGqqky699m2uvOxcK3c4KOqqhNDfqu1ZtTG82+H6uI7I+1WNDmZjTu8Nequ9po6J1DF
JSc+5paWm/Tdz/664p72mreo4cvdlpabNP7xcN39RFut3OBjV5fjWHn5ZmXNCNKV97TXsnWEG83l
jJiiIklfTpmn3r2S1C6ijd3rA8/rrfbtw/Tf/32uOXOXqOIkxf7atAnRZWMG64ZrL1TEcW1UVlZp
/YYd+mn+crf1H0DdoqPCFRYW6tT0lA0bs7Vho/tGGzhi1eotWrlqizIHpDl0nI+Pt6KiIlw6tNjD
00teAUEy+zh2cS76f/buOz7qOt/3+HtSZtJJIAklEUmAFARSKNEVUBHsXXdtW86ebe6ec9x29q73
nnvP1rvruuvWu+e41dVVxAK6CgqCqFSDCmkQSgqEJEAykF5mUub+ESFEIJmZzCTzTV7Px8PHQ8P8
Zr75SfL9/d6/z/fzPVGtthP+C4uuWdyuz9zePOxw443y67WhYqU6uocOFUIjohSfkSVHc4MaKv3z
dHbfYavyi8J0eVanIiPc67o+cUKvpib2KMzmGvCUbTRNnRKv7Kz08+bIwXR2OlRUdEgHDx294J8X
FR9WUfFhTfNg17KM9BnKyU7X9h0F46KPxA3XXaEH7r9BEydOGPrFF1Bvb9DTf1+v1zfs9PHIzJKc
lOjx0o4z9hZ43hTXX87Ma542oI6JiVR8vPfN9xH4rv+CZwHWQ9/z7OdhyQOeVz+9uSNCb+6I0OT4
Hi2a16mEuB6FhrpkbwhWaZlVpRWeX9vZG4L17z+LV3Rkr5Yt6tDU+B65JJ2wB2v7B+Fqau0PPmau
nOHRe7++NVKvb41UfFyP8rL6xhsR5lJru0VlVVbtLr5wWIORNW4CjlOnm/TGxl2aMWPaeeWHGekz
9PNHv64dOwv0+oadKiw6pNra+r4bh2mJmj9/tm6+8UotyM1UWNj5P2hFxYf14kubx8WFFBBoMjNT
lODljkj7SytVeiAwAo4zF6WeBhySlBAfq4SEWJ8FHNbIaFkjPeuU3tl0Wh2n69Trp34VM6d36c6V
bZqf7n1H8vauML1RsVJvuBlunBGZMEUTZ2aq/dRJOZq929Z3KJXVIaqoDtG8NPe/v2mJ3ZqW2K2K
Y4HRh+NM/wtPlOwrV1FxmVyuC6+DPnS4SsXFh3X1slyFhblXnRAUZFFOdrqys9K0671ij8Zjmk9c
MV+ffvBGrxssd3Q4tPr5N7Xm5S3q6fHfjkcmSEiIU4KXN/iBFJaXHvAu4JCk5GTvAh5guE7ag7Xu
bd9ue9/SFjTspqgXY28I9tt7Y/jGTcAhSS+/8rbiYqP1z/9023k7oISFWXXt8sW6dvlij97z8OEq
PbPqDb3/wX5fDhWAm+ZkpighPtbj4yoqalRQeEjNzZ6X8vqDw+FUQeFBlR6oVGaGZ+ugExLiPnry
5psL7NCIKIVGeLbWtqPhlDoaTg39Qi9dntWhy7O9b1za7rTpjfKV2lBxnUfhxhmRCVMVmTDNbwFH
xbFQVVaHGhtwREaGK2v+bM2c6f4TPJfLpcKiwxdcnnLua4qKy1RcUu7RspOs+bOVnZWu/N371Nvr
XlWMaWbNukT333u9Fi7wbjlOT0+v1r6yRc+t3qj2dveb3I5V8R8FxZ6qqKhR6YHKEdsWdijNzW0q
KDykiooaj5fbeDOXAkCgGRc9OM713PMb9cJLm1RfP/wnnZVHavWXJ1/Vq69t9cHIAHgjb/E8JXtR
Vlxvb/DJ7wFfam5u8ypwSfDywvxiQsLCFRLmWQjQ2WBXR4P/tkObFNuriRO8u1FtbbfoyTVR+vPz
4Wpq9u49gm3hCvFwyY4nqo6HqvxYqEelrXExvYqNDoyb9wW5GVqQmymLxf3xV1bWqqi4TK2t7YO+
rq9Hx+GLVnlciM1m1YLcDF02J9XtY0wyOXGiPvvpm3T9dVd4/R4b39ylp595XSfrTg/94nEgJiZS
MdGeP5ENxLmkvr7Bq4o+b+ZSAAg04y7g6Ohw6Lf/73k9/qtnVXmk1uv3KS4p008ffVIvrtnsw9EB
GCkOR9dFe+6MFru9UfV2/1QIeCLYFqZgm/vNCnu7nOpqb1Vvl3+eYEaE9yoyvFce3Duf1d5h0d//
Ea2/vhihsvy9Ol6wS10dnodIlqAgycvdKdzR2yvVnwrWqUb3P8Nmdclmdf+m319CQ0OUm5OheXNn
eXTcmf4aQ2ltbVdRcZkqKz2bsxfkZmpBbqZHx5ggIiJM937qOt1x29UKDvbu7+SHew7o+Rc3qayM
re3PiImOVLQXAUdzc5tXTT39yensksMRWPMbAIyUcbVE5VwvrtmsffvL9aUv3Klrly9SZKR7TytP
nDil19Zt1fMvbhpWQALAN6KjI2S1eV6iH4hP3RwOp1dlzklJiT598hYUEqLgEPfPaU9Xl3r8FG5I
UntHkBqaguVwWjy6oW/vsOhvL8fozy9NUFNLkKQunSx6X3JJ03KvVEi4+x3Uuzpa1e1FMOKJDodF
HR40DLVZexVmG/0KjnlzZyk7K10hIcFuH9PU1KqikjJVVZ1w6/VnwhBPSu5jYiKVlTVbKTOmjZn5
Ojg4WHffuVwP3H+929ctH3e06rhWrd6g7TsKfDw6s8XERComxouAo8W7yjt/8raCAwDGgnEbcEh9
TaG++e+/VHZWmpZfs0hXLctV2uzpsloHXtg7nV06eOio1r++Q29ufk9Hjx4fpRED+Lg5mZ71qzij
ublNzQH21K3e3qj6+tGv4LBYgmWxuP9kuLfb6detYSWpviFY9aeD3d5BpaPToqdfOTfc6NPb3aWT
xe/LYrFoau6Vbi/Fcba1ytnW4tXY3dXRGaT2TvfPe5gtMCo4crLTleNhc9HCosMqKhq6euOMqqoT
Kiop0zVXL9SECe43wM3NyVBuTsaYCTiuX3m5HnzgRq+bYTY0tujZVRu0/vXtPh7Z+FVfHxiVd+dy
OLyr4PB2FxkACCTjOuA4o6Cwb3uvX/76WdlsVl2SPFmTJvVtt2Y/1ajq6rqAaR4FwDdaAvCpm8Ph
lNMZAL9rgiQFuV9J0NvT47fdU87YW2pTwQGbWwFHR6dFf381Wn9eEzMg3Dijt7tLJ4rfl8ti0bSc
KxQSNnglR3dnu5qrK9Rud6/awFsOp0UOp/vnPThI8qBowi/SZk9XTna6oqLcrybo6elVUfFh7dtf
7tFnFRUdVmHxYS1b4v5OQ8lJicrKmq13tu7RqVOBdRPqqbzFl+nBB27Q7FmXeHW8w+HU8y+8qRfX
bFZXl39/XscTp9O7yjt/qrc3yE4FB4Bxatz14BiKw+FUWfkx5e8uUf7uEpWXVwfcxAVg+KxWq2w2
z/dXHxd6XXL1ul8ZYLFYPKr48EbFsVC9/m6kDlYO/v+svcOip1+J1p9emKCGpovf/fd2OVVXtFvH
9+wctCdHV0e7jhfkq37fXvV2+/emMDjYpZBg9897h8Ozig9/WLRwjke7m0jSgQOVKio+LKfTs/O5
b3+5iooOq6fHs2U5C3IztTA3w6NjAk1KSpLuu/d65S2e59XxLpdLr7z6rp5Z9UbABbvwPZvNKquV
+Q3A+ETAAcBoLS3tcnjRLDQhITbgtsRLiD+z3evocvX0yNXT4/brg61hCra635TUWxu3R+ixP8ep
8MCFP6vqeIge/dNE/b9n43R6kHDjjJ4up2r37FDZhpfUXHN0wJ/1dnep4cghHX7jedV+sFXdDu+3
qHVXVESvoiLcv3lvbbeorcOLzqs+Mm1qvObNm6V4D3+O9hQc1N69Bz3+PKezW8XFZTpw8IhHx6XN
vlRZWWkKD/f/31F/iI+P1Wc/fZNuuuFKrxrtStI7736o557fqOPH/bfT0Xjl6x5IvuDtzlr2AFtq
AwDeGPdLVGJjo5U0LUGXzUnVlCnxSkyMU9K0RCXExyo6JlItzW2qtzeqprZOdXUNOnHCrr2Fh3Ts
2El1djpGe/jAuLe/tFLJSQkerx222QKvgsNmC5XNi4apvl5u09Pdpd5u9yvXQiMiZYueIEtwsEfB
iDfe2R2uquMhunpxuy6b5VRMVK/sDcEqOmjTroIwHanx/Pw11xxRy6t/ly0mVlGJ0+RyudRy/Jic
LU1++A4ubkpCj6bEu3/+2tqD1NY+es8pcnIylJPtWWXE8eN27dtfodMNzV595p69B7Rn7wGPtn8N
CrJoQW6mcnMytGNnoVefO1rCw22695Mrdecd13jUxPVc+/aV67nnN6q4uMzHoxtbHI4uOZxdslk9
/x0SaLzd8paKZQBjwbgNOFJTknT9dVforjuuGbwre5J0oU3mKipqtPaVt7XxzV2qqKzx2zgB+EdC
fKzi42NVXlE92kM5y9sngb5umNrd2aHuTs8qFqyR0bJGxsjR7P913xXHQlVxbIJP39PV06POhlPq
bDjl0/d1V2xMr6Yl9ig8zINdYjpHr4IjJiZS2VlpmunBriaSVFjsWXPRjzvd0Kz9pZU6ceKUpkyZ
5PZx8+fNUk52ut7LL1GPn0M4XwkODtKdt1+jB++/UdFR7u/4c67a43Y9s+oNbXn7Ax+PbuyptzfI
Xt/gcVienJSopKREVdfU+WlknouO9m5HGAAYC8ZVwBEebtMnLp+vB+6/QYsWzvF6izVJSk1N0r9/
69P66lfu1vsf7Neq5zZo53tF6uigqgMYSTU1JxUTEyHPbrMCtYLDuzF52zH/Yro72tTV0e7RMdao
GFmjokck4BiLpiV0a2qCZz0p2tqD1NYxOhUcOdnpys3JkMWDNROdnQ4VFx/WocNVw/rsM1vGehJw
WK2hyslO19zLUlU4jIBlJK1YvlgPPnCDJk+e6NXxzc1teubZ1/WP17bK5Rr93XYCnbe/RwNxLvF2
y9tA2w0GALwxbnpwJCcl6sc/+Kp+/ctv6+qrFgwr3DhXZGS4rr5qgX79y2/rxz/4asCtwwTGuv2l
lV5trZqZMUNzMmf4fkDDMDM1SakpnkY1fU8e6+t9Fyx0d7aru9ObgCPGZ2MYb6Ymeh5w1J3u2zp3
pIWGhnwUFsz06LjiknIVFZcN+2b78OEqFRUf9niZaK4XS2pGy4LcTD34wI3KSJ/h1fFdXd164aXN
ev7FTSw7cFN9fYPqvdh5JDUlyeNKJn/zei7x4TwCAKNlXFRwZM1P07e+8YDyFs9VaKh/vuWIiDDd
fNMSxcfH6pe/XqXCokN++RwAA+0vrVRmZorHx9lsVmVnpWtOZor2l1b6YWSemZmarOzsdK+eulXX
1KnGh+XRzrYWOVub5XK53H5Cb4uJU0T8FDVWHlZPF5VsnrCGupQ506lZ091/euxwWnSkOlS1dSM/
jc+bO0vZWeke94RImTFN3/7mp/WvXxt+tdGZrdw9ERMTqZzsNG3dnqSKisBdWjp9+hTdf+91+sQV
87063uVyad36bXr2uTfU2Nji49GNXTU1daquqVOeh8fFxEQqOztdM7ftDYglj3MyU5Sdle5VVQkV
HADGgjEfcCy/ZpG+/c0Hh3wKcrTqhA4ePKKamjrZTzWpuvqk6u2NSoiPVXLyZMVPmqCkpESlp8/Q
pdOnXPA9QkNDtOTKbMXHx+rxXz2rLW+/74fvCMC58neX6PK8uV4dOzM1WampyQERcGRmpmhOhudB
jSTV1zf69MLU1durzqbTcrY0yhbj3q4ulqAgTZg+U60njqmhwvMdMsazhXM7tSS3Q2E29ysbqmpD
dKQ2RCO98sBisXxUCZHu8bHxH/W9GU25ORnKzckI2IBjYlyMPvPgTbrl5qUeLf85146dhXru+Y2q
qjrh49GNbfX2Rq+qASVpTkaKMjNTAiLgyPxoLN6we1HBAgCBZkwHHJ//3K3658/frmlT4y/4542N
Ldq+o1BrX9miD/ccUGvr0CXZUVERWpCbobvuWK4lV2YpNjb6vNdkpM/Q//mPLygxIU6rX3hz2N8H
gMHV1zfKbm/0+OYpNTVJ2Vlp2rptj093IfGUzWZVZkbK4A2PL8Jub1RNTZ3Py9AdTafV2dTgdsAh
SZGTJismKUUttcc8XuIyXoWHufSJnE7lZHpW9XKkJtSrHWOGK232dOVkpysqyjfLPEfatGkJmj9v
lt5+50OdOhVYT6ttNqs+ec8K3XPXtV5Xmx4uO6bnX9ikD/cc8PHoxj6Hw9n3kMvguSQmJlKZmSle
LZeuqKhReYAGf4C3Zl3apXlp/fPr+0Vhqj45pm9/oTHcgyM3J0O333bVBcONzk6H/vq3V3X7Xd/W
17/1C727dY9b4YYktba2692te/T1b/1C99z3Xa1avfGC64CnXzJF9917nXJzzFjvC5is9ECl11UY
czJTlOll5YSvZGelKSc7zatj9xYcVEGh7ysmOptOq7PptGcHWSyKvXS2Jkyf5fPxjFVXZHdo6cIO
hXh4vXWkNlRHRyHgWLggUwsXXGhvMXMsWnCZFi2cM9rDGCAoyKI7brtKn37wJq93vzh58rSe/vt6
bdy0y8ejGz/Mn0vSvaqukqTyimpVBEAFCuBLVy/q0C/+h/3sP1kZLKEdD8ZkwBEREaavfOmuC040
tbX1evSxp/T7/35x2Ft6VVbW6vFfPaNHH3tKtbX15/15ZkaKvvKluxQRETaszwEwuPKKaq9Lg/MW
z9UtNy9VQrz7lQq+lBAfp5Ur8pSd5V3AUe6np25d7W3qOFWnrg7PnkaGxU5U4pxsRU+71OdjGmtm
z3DqrpWtmjvbs+qbk/ZgHakOUXvnyG4R21f9MHvUl5kM1+zZlygnO81nzcZ94ZqrF+rB+2+4aMXp
UNraOrRq9Qa9/I+31dPT6+PRjR/DmUuys9K0ckWekXOJw9ml0gOVVHAEkFuvadOr/1V79p8ffX14
W5j//j/rBrzfgsu40cfYNSYDji994Q5lZ6ed1wCtuKRM/+f7T2j1C2/6rPFWY2OLVr/wpn744z+r
rHzgpBgSEqzs7DR96Qt3+OSzAFxYc3ObSg9Uet1o85ablujuu64Z8a3+bDarbrl5iW65eYlXn11R
UaPSA5V+2yWh9US1Wk94fsEbk5yiyfMWKTzOu5u18SBpcre+9Mlm3bjM86U8ByqtOlAx8ttS5man
KyfHu6fDgeRMH5HcAPlesrPS9OD9N+oyD3elOaO7u0drXt6i1S+8yVb1w9Tc3KaKihrZvehpNNzf
58Nhs1l1913X6Jablnh1fEVFtfaX+m8uged2F4dp5vQuXTbbqctmO3XHtW2KjvQuvJwz06nrl7Sf
fa9Jsb36cJ/NxyMGAseYCzgWLMjUyhV5ip808AlTTU2dfvWbVXrn3Q/V1eXZVnxD6erq1qa38vWT
R/963g1W/KRYrVyRpwWGl/QCga601PvS4piYSN1801ItW5rj41ENbtnSHN1153Kvn/jtLTyoggL/
NfRst59U28lq9fZ4/jtz4sxMTc7KY+vYC5gQ3asHb23WLVd7vla/tT1Iu/aGqejQyN5AndkpIjUl
eUQ/11/mXjZTWfPTFBw88tvsnis5KVH333v9sH73vLFhp55+5nWvbspxvoLCg9rr5e/VhPg43XXn
8hGfS1Zeu1h33bnc6+VNewsOqaCA3f8CyUl7sHYX9VeAR4T36o5rvevvcvuKVp3bs3hLfuBUrwH+
MKYCjsiIMH3tK/do9qzpA77e0eHQk0+9pr1+/uW9t+CQ/v7sG+d9ffas6frKF+/062cD493+0krl
7y5RS4t3FwBzMlN0953LNcfL7vMj/Xk1NXXK310y7KV2g3G5etVaV6v2+uMeH2sJClJiZo4uueJa
hccl+GF0Zkqa3K1vfq5Bn729RTar51ug7CoI04494ertHdnlKWd2H/FyY4+AY7WGakFupubPG71+
MbGx0fr0gzfptluXeb1jSv7ufVr9wpuqrGRpga+YOJfccvNSzUz1LnwsPVCprdv2qJ4dVALOuncG
BlYrPuFd8+6rF3ec/XeXS1qzMWpY4wIC3ZgKOBYunKPk5MnnLU1Z//p2vf3uh2pubvXr5zc3t2rT
W/l6ac1bA74eEhKsSy+dpquW5fr184HxLn93id7LL/H6+JUr8vTD7z/k96dvy5bm6Ifff0grV+R5
/R7v7S5R/jC+V3e11FapsapCvd2eV3FYgoMVnz5fqStuV+yMNFksY2rK8YjFIl2e3aHHvmPXp29r
UXiY5+FGQ3OQdu4N0/7yka3eCA0NUXZWmi6bkzqin+tvZ0Kb0WC1huieu5brnruvldXqXbPYisoa
Pbd6g97LL/bx6GDKXLJyRZ5+9tOHhzeX5Jcof7f/5xJ47h9bInW6qf+eZuHcTsXH9Xj0HgvndmrW
9K6z/72/3KqCAyxPwdg2pq42b7z+E5o6ZdKArx06XKWX1r6lI0dqR2QMR47U6qW1b+nQ4aoBX09M
iNOypQQcgD8N98mbJOVkp+uxRx/WQ1++y+ty34uJiYnUQ1++S489+rDXne6lkaneOKO3u0uNFQfU
VFXm9XtETU5SyvJbNCXnCgXbxl/T5fCwviUpj/37KV2e1el1FcSOPeHa/uHIlxZnzZ+t3JyM8x4e
mC4qKlzZ2WmaPeuSEf1ci8WiW29Zps88eJPiLrDVvDtOn27Ss6ve0Osbdvp4dJDMmUt+9IOHhlUp
Unqg7/scza1tcXHd3Ra9c85ykjCby+NlKrctH/j6N3dE+GRsQCAbMwHHjEunak5mynld0d/asltH
q06M6FiOVp3QW1t2D/haTEykcrLTlZAwOt21gfFi3frtem399mG9R0J8nB7+1/v0o+8/5LNt/zIz
UvSj7z+kh//1vmF12Xc4u7Tu9e3atDnfJ+NyR5v9hE5XHJCj2fsSZmtEtKZ/YoXm3PlPmjx/8bjo
zTFxQo/uvq5Ff/vJSf3HVxqUNNn7/k91p4P1XkGYKo6N7NawZxpyjoXmoheyICdDubkjW8WxbGmO
Hrz/BiUnT/bq+I4Oh55bvVEvrd2inh7PnubCfZs25+vNYf6eDfS5ZNPmfG3dttcn44J/rNk0cDnJ
8is8W6Zy1TnLUxxOi15ieQrGgZDRHoCv3HzTEk2ePLB649SpJr2XX6K6utMjOpa6utN6L79En7pn
pSZNmnD261MmT9TNN16pvz29bkTHA4wn9fYGrVu/TTNTk5S3eK7X79PXEX+pVq7IU/7uEq1avdHj
J10xMZHKWzxXd9+5XHmL5/rkKd6mzflas3bLiD9xO11eKtuEiZqac4WCQ7y/yY6In6wZy25U0sKl
aqg8pIaKA+posKurvVW93V1Dv0EAs1ldmhTbo5TkLl17eYeuW9KmqQnDvwF1Oi169a1IvbHNt0+B
3ZGWNl3ZWWmKCPes8ubDPaX6ze9Wa8fOQj+NbCCrNUT/8tVP6atfuUfBwe4/u5k8eZKys9K1dete
HT9h9+MI+1w2J1UP3H+DsuZ7ty10b2+vXn7lbT373Aa1tnq3Hh/uqa6p07r12zUzNdnrbbylgXPJ
3oJDem71Bm3dvtfjuWTZkhzdf98NyslO88kuLZs252vd+u3snBLg3isIU1lV6NllJjmZDk1L7FZt
3dC3cMsWdSj5nGA9vyhMJ+qHPu6BW1p0/ZJ2pac4NSG6Vw6nRU2tQTpQYdVbuyL0whuDhyTXXt6u
+27ubwvwjZ/Gq609SOkpTt1/c4uuyO5UwsQehYe51NoepPKqUL25I0JP/yNa3d3ulzguW9ihu69r
VfYchybG9O0w09gSpOJDVr2yOWpY1SrDPQe3LW/Trdf0/4z/9I9xQz6geORLDZr50f9ne0OQ/ucv
z9+J7uPn9id/iNOxEyH62v1Nun5Ju5Imdys0xKX170bqf/x8/O5kN2YCjoUL5ygubmCp585dhao9
Xj8q46k9Xq+duwp16y3Lzn4tPj5WV121gIAD8LP83SVnL0zj42OHPmAQNptVy5bmatnSXJVXVGvT
5nztLTiompp61dTWDbhItdmsSkpKUGpKknKy07VyRZ7Xjd8upKKiRps256u8onroF/tYb5dT9tIC
hUVPUHxG1rDfLzQiSomX5Srxsr6le67eHnV3dsjZ1qoep0PSRXpUuCRne4va6o+r6WiZOk77/nd8
VESv5s526oqcDqXP6FJM1MW35rNYXIoIcylxUrfiJvQq1A+z6uvbIrRqXYwam0e+6HJhbqYW5Hq2
C5jLJRUWHlZR0WE/jep8Tme3ikvKdPDQEc3J9KxXSG5OunJz0rX+Df8GHEnTEvTZz9ysFcsXe/0e
9fWNioqK0H33XufDkXmuoaFF+btLdPDQ0VEdh7/1zSXblJyU6JO55PK8ubo8b67KK6q1ddte7S04
qIqKmvPmkpiYSCVNS1Rqat9csmxpjk/nktIDlVq3ftuozCXw3OadEZo1vUmSZA116c4Vbfr9qglD
HCXd+rGdul5/d/CQPC+rUz/8t1OadenAhw3WUJeiI3uVPLlbK65o16duaNEjj8errOrCN+yXTO3W
8sv7A9iJMb36pzta9NB9TYoIHzifTpzQo4nzerRoXqduvaZND/84QcdODD6RhpWzlDIAACAASURB
VIS49MOHT+ue61v08Tw7IrxX0xK7dd2V7dq8M0J7Sz3rN+KrczDzkq4B5+C/nhv6/9fCeZ3Kyezb
6rv65IXPwcfP7TOvResX37UrO2PgFuEJE8d3dd+YCDjyFs/VlMRJ5233tmNXkY7X+v+JzIUcr7Vr
x66iAQFHcHCwpiROUt7iuTR0Avxs0+Z8zUxN0v333yCbl038Pm5marJmfnngRWa9vUH19Y1KSIgd
VrnwUOz2Rq1avWFEl6Z8nKO5QfWlBbJGT1BM0gyfvrclKFihEVEKjXCvfDY+bZ4c8xfr+J6dqi8t
8En1h83q0jV57XrovibNSwuMp5pbPwjXM69G62jtyE/XSUmJypqf5vGN3dGq4yrZV66WEa4wKC4u
U1FxmccBx8zUZM2fP1vvbN2jtraOoQ/wQkxMpB64/wbdevPSYb3P5MkTdduty4Z+oZ9VHqlVY2PL
mA84HA6n1q3f3redr6/nktRkff5zt5792kjOJWvWbmFpikFeeCNKX/xks0KC+4L/ay5vdyvgWLqw
//fZ6aZgvbrl4gHHTcva9LN/P3VeANHeaZE1pC9UOCNnjkP//f06fea7k92qCHn4M42667qhN3qY
n+7Q44/U61PfmDro6375iF03XzV4BZTFIq28sl0L5zoGfd25/HkO/OWRLzUobcb51yuuiz+XGRfG
RMCRnJwoq23gpHPw4FGVlR9TR6f7f7F9qaPTobLyYzp48KjS0y89+3WrLVTJyYnK3z3IwQCGrd7e
oCf+uFaSfHph+nEJ8XF+vRiVpJaWNj351GtatXrjqJcTN9ccUfBeq4JDbYpMHPwixN9s0bFKvny5
gkKtOlH4nlzD7Edw/ZI2ff2zjZqR5H2vDF86UGHV6vXR2rt/dBqz5mane9V7o7i4TEUl3jel9dbJ
utMqKSlX3TUNSvSg35XFYtHCBXO0IDdTW7ft8cvYbr/1Kn3qkyt9srQgELhcLrlcnu8EZKKxNJfY
7Y164o9rAmIugfuO1obqw3025c3vlCTNS3Pq0mldOlp78b+LN1/VNuAp/jv54XI4L7z8Y366Qz/5
Vv+NfXd3X6+OZ16NVmlF3++sZYs69MV7mnVlbl9oknpJl/7Xlxv08P8dehv4M+FG+bFQPftatN4r
CFNVbajmzHLqrpWtuueG1rPhzYLLHLr5qjatv0i1yRfvaR4QbnR3W/Ty5kj9460o7S+zKjamR7lz
HLrnhlZdntWpuAnuXRf4+xz4y5lwo7k1SO8Vhul4XYgsQVLtybHVFNxTYyPgSEo8b8KpOnZCrS3+
eRLjrs4Op+ynGpWu/oDDZg1VclLiKI4KGD9G6sLUnxzOLq1Zu0Vr1m4JmAvShiOHJItFSYuvVmTC
lFEdS4gtTJNmzVHH6Xo1Hjnk9fvMne3Qrde0BUy4UVUboj+9GKON20en431MTKSystKUMiPJo+Na
WtpVVHxYlZU1fhrZ4AqL+5bGrLjWs2Ugcy+bqdycdO16r0hdXb79OxAREaakpERNjBs7jXUtFoss
3m4HZKB6e4NWrd6o+IQ43XLTktEejlcczi6teXmL1rwcOHMJ3Ldha8TZgCMk2KW7VrbpV09dvLru
hmUDK+jWbrp4deR//stpRUd+dGPfY9Ejj0/Sy5sHvn7r++Ha+n64nnr0pJYs6PjoM9qU83KM9u4f
ehnIxu0R+uZPEwaELB/us+nDfTbV1gfrW//UePbr117RfsGAY0JUrx66r+nsf3f3WPSdn8cPqExp
ag3S0dpQvbw5St/9YoO+fG/Tee8zWufAXzbvitB3fxE/KstYA9WYOBN5i+cpKnrgRaDd3qjOUare
OKOz0yG7vXHA16KiI5S3eN4ojQgYf+rtDXryqde0du0WOZxmNbFsaWnT3556TU/8ca3q7d7vYOIP
DZUHVbVzk1qOHxvtoSgycZpikmYoONT7C4zsTKeyMgLjor/ggE0/+P1E/eOt0et2n5uToQU5GR5v
aVuyr0zFo1C9ccbBg0dUVHxYTg9/1kNCgpWTna7582b5aWQwXXlFtX77u9Va+7J5c4nd3qg//HGN
nvzba2wJa6g1m6LU0tZ/23ZN3sWXANqsLl2Z0/+Qt6wqVLsKLlwJeOs1bWf7PkjS869HnXdjf65f
Px2r3o+WPwQHSZ+8YeilJ0UHbfraDxIvWkHy5xcnqKml/3v7eP+LMz51U8uAioyXN0UOuuzmZ3+O
07u7h95afSTOgb8UHrDpK/+ZSLjxMWPibCQlJVywgmOk1/9+XENjiw4cPDLgazZrqJKSRq+UCRiP
qmvq9NjjT+u3v1t9XugYqOz2Rv3md6v1m9+tDrhw44zmYxWqfHudTh0ukat3dBd8WqNiZI2KHvqF
FzEhqkex0aPblKunR1r3doQeeXyS3tkdodFaARAaGqLsrDTNmeNZL4veXpcKCw+PasDR09Or4pJy
7S+t9PjY7Kx05WRnjKvKBHimvKJaj/3i7/rDH9cYM5fU1NTpN79bHZBBOdzX1h6krR/036xnznQq
PeXCofxty9s0Ibp/Tt688+KVgHeu6L85dzgt+v2qwXsu7d1v055zlk1e/lFVyWD+smbw6jWH0zJg
uc25Yz/XNXn9oU13j0V/eH7oPiQ79w4dcIzEOfCXp1/x/rpnLBsTAUdyUqKsF1qiMsoBR2dn3xKV
c1lZogKMiubmvj4Wjz3+tCoqRqd83l2lByr1v7/333ryqdcCvpS443Sdjm7bqBMF7320+8noCAkL
U0jY0BcyF2KzuhQZ4VLwKC5Z7ei06JnXovXonybq8JHR7dOQNX+2cnMyFBLi2QkpKz+mkn3l6uwc
3b+zhUWHVFjo+XKlqKhw5WSnK232dD+MCmPFmaWPv/ndatXU1I32cAZVUHhI//t7T2jV6g0BP5dg
aK++1V+tEBQk3XHthatxrruy//6nu9sy6Jam88/ZfaP4kE0n7UP/3t9f3j9HJU3p1sQh+lw4L1K5
ca72jv7XRIRdON1PO6eyY3+ZVZXVvll2PBLnwF/aO8fErbzPjYkeHJveyteiBXMUG9uXYh04eETH
j9vV3T26T+M6Ox06evS4qo6d0PRL+tapnzrVpHe3fjiq4wLGK4fDqTVrt6ig4JA+/7lbdcvNSxQd
Pfi2aSOppaVNa9Zu0ZNPvabqAL9wPldXe6uq899Wa12NpuZeqajEaSM+hu7OTnV3etd3yeG0qLkl
SA6nRTbryJZN9PZKBaU2/enFCXr3/Ys3gRspFotFuTkZRjUX/bimplaV7CvXseqTuiR5skfHLlyQ
qYULMsf87iAYHofDqVWrN6ig8KAe+vLdWrEiL6B6PJk6l2Bwm3dFqPpkiJIn9/UJujqvQz/788DG
tBOienV5Vn9FwYf7bRdtRpp6SZfiYvqrJRqagnTt5UM/HD53ngoJdiktpUvvFQzvCcG5M++FZsFL
pnQPWJ5y+Khvft4C6RzAd8ZEwPHb363WTTcu0SfvvlZHq05o9fMbdfTo8dEeliSpvLxa//XES/rc
Z25RQnysXlzzll5/Y/toDwsY18orqvWjn/xF727bo4e+fLeys9JGe0gqKDykJ/64Rlu37TXySVtv
T7dOl+1X28kaTZ6fp4Q52QqxeVdR4Y2u9lZ1tXu/tvyEPVgn7MG6dNrINRktOxqqJ1+O0evvRqq5
NTCewqSnXars7HRFhHu2c0tjU6v27a8ImCfaRSVlKi4u8zjgiI+P7dsy9t0PVVNb76fRYazYX1qp
7zzyWy1bmhMwc0n+7hI98ce1yt9dYuRcgsG9tTNCn7uzWZI0+1Kn5qc7VHSwv//U7StaB2xzumHr
xZenTJ86cL5beWW7Vl7pefV7XIz/HyjHTxz4Gb7amtWkcwD3jYmAY39ppfaXVuoXv/z7aA/lPI1N
rXrxpc168aXNoz0UAOdwOJzatDlf+btLtGxprh647wZlZ6eN6FM4h7NLBQWHtGr1Bm3dtmdMNH9z
tDSpaucm1R8oVMKcbE2aOUfWKP/uHtHReEqtJ2vU7fB+56zdxWHaXRSm6dNaL/j0yJdO2IO1en20
nn8jWnWnAuuJz4LcvuainiosPKQCL5aF+EtZ2TEVFR/W1VctUESEZ2FNbnaGcnIyCDjglkCYS1pa
2vTe7hKtWbtF+btLxsRcggt7aWOUPnN7s4KCJIulb5nKuQHHyk/035w3twZpzSC7p0RG+KZ3VtgI
VD7GRA0ca3unb2Zqk84B3DcmAg4A8FZzc5vWrd+mTZvzlbd4rh64/3pdvniuX5eunLkYXfXcxrH5
lM3lUsepk6ratlHHP9yhuJR0JWRmKyJhioKCfTvtdDsdspcWqKGidFjvU1sXon+8FaUZSd1aNM/3
DcPaOywqPGDTmzsj9M7uCFXVBt70m5yUqKysNMXHD95g7eO6u7tVVHxYpQcq/DQy7xSXlKu4pFx5
iy/z6LiUlCRlZ6WNmdARI+PMXLJu/TbNyUzRA/fdoJUr8jz+efJETU2d1r2+XWvWblF5RbXfPgeB
Y3+5VcWHbMr6qG/EskX9wf7k+B4tnNvfT2LbB+Fqax+kOvBj9+QVx0J1usnz0P2UF8d4qqtrYKAR
EuKjQMGgcwD3Bd4VFgCMAofDqa3b9mjrtj1KiI9TdnaarluRp2VLc31ygWq3N2rrtj16c3O+CgoO
jZtu9l3trarb96Hq9n2osNiJikvNVOyM2YqIn6IQ6/D2jXe0NOn43l2qL92r3u7hLy3ZVRCm1vY4
PXRfk5bndcg6jCcyLkkn64O1qyBMb+eHa3dxuOpPB/YFUE5OunKzPe+9ceDgURUXl8npHLnlPe4o
Kj6soqJDWrxojkc7o1gs0oKcDOXmZOidd+mZ5W8ul0sdnU41NXm21WJLS5ucXYG5Xev+0r5G0b/5
3WqtXJGnlSvzNCcjxSdzSU1NnQoKD+nNzfmEcOPUxu0RZwOOlOQuLZ7Xqd3FYbpzRausof3z1mBb
qEo670Z+/buR+vVT/gvkhsPeMDCoib3ITiueMukcwH0EHADwMfX2Bm3anK9Nm/Ml9T3Zzs5O18zU
JM1MTVZ8fJxstr4dkc69YLXbG1VdUyeHo0vNLa2qqKjR/tJKFRQcpNGbpM7G0zq+Z4eO79mhoJBQ
hU2IU2TiNNkmTFRIWLhCbOEKttmGqPJwydnaota6WjVXlaujwe7TMRYfsuk7P4/XvDSnrszpUNqM
rvNKYz+urd2i4/Zg1ZwMVfWJENWcDFbVce+eAo2m19Zt02vrto32MHymvb1Tj/78KT3686dGfxyP
/U2PPva3UR1HoGpoaBmz56fe3qBVqzdo1eoNkvrmkry8ucrJSld2drpSU5MGXcrS0tKm8ooaFRQc
1N7CQ8wlkCS9uCFK//aZRoXb+sKM25a3aXdx2IDmmMdOhGjzrov335CkY8dD5HL1hbqSlJocmIGh
JB2tDR3QCNxXY/XXOWDByugi4ACAIVTX1HFR6WO93V1qP1Wn9lOBd17bO4KUXxim/ELPejcAwGCq
a+pUvXaL1qzdMtpDgcFONwVr555wXXtFX6CxdFGHLp3WpfkZ/ctd3xoi3JCk6pMhqj4Zokum9FXf
LZzXqZAQl7q7R3c3rwtxOC2qOBaqzJl93+P8dKdPxuqvc9DxsR4hUeG+qTiBewKjbTsAAAAAYEjr
3+1ffpI8uVvf/udGhQT31Q309kovbbh4c9FzvV/UH+RPntSjz3+0Q8tQUi/pUnTkyN60v1/SP9a4
CT26/6ahl7VNTRx66aQ/zkFj88Bb7JQhKkNCQlyaGEMI4isEHAAAAABgiPXvRqjunL5ONy3r78VS
dMim0gqrW+/z1zUx6jqnWuGr9zcpO8MxyBHS9Gnd+suPT2r1L08oPWXkmqSvXh+l7p7+sX753iZN
jr/49qxXZHfqvptahnxff5yDD/cPrAC9evHgu7w98qUGXZoUuEuETEPAAQAAAACG6O62aMt7/ctQ
zu2jvHH70MtTziitsGr1+v5qjwnRvfrDD+t0x7UXro64c0WrXvjVcU2f1q2MVKce+45v+2AN5mCl
Va+93V+5Mi2xW3/9vyeVM2dgGBES4tLn7mzWEz+oU5ht6G4Y/jgHZUdDVVnd319n2aIO/efXTp+3
LW3aDKd++x/1+vxd7lWNwD304AAAAAAAg7y8KVL33tgyINxo77S4vTzljB8/MVFpKV3Km9+3RXp8
XI8ef8Suhz/TpAOVoWrvCFJsTI9mz+hS8uT+JR8tbUH68X9P9Mn34q7H/hSnhXM7z/bMyEh16sVf
H9fho1bVnQpWeFivLp3Wrfi4vsqO7h7L2aU7g/HHOXj+9Sg98uW+HfMsFulzdzbrtuVtKqsKVU+v
FB/bo5RLuhRMuYHPEXAAAAAAgEE+KAnTwUqrMlL7l0js3Bvu8Q5e3d0WfeF/TdYvvluvG5b278Ry
aVLXRZdNVB0P0Xcei9cHJSPbjLvudLC++r1E/fFHdZr2UX8Ni6WvEiJtxsDXNrUE6ddPx+p7/3J6
yPf1xzn404sTNC/dqZuv6l8+FDehR4vmnb+s5kCFVacag3Vl7uBLWeAeMiMAAAAAMMymnQOXo6w7
ZwmHJzocFv3LDxP1bz9K0N79tgE9Kc7V0BSs1eujde83po54uHFGaYVVd/7rVL28OUpt7effynY4
LHpzR4Q+9Y2p2uLGbjLnHufrc/DwjxP0i7/G6UT9hWsK7A3B+stLMXrg21PU0MRtua9YUtNuZ6te
AAAAAIDi43qUl9WphLgeRYS51NpuUVmVVbuLbQG1jWx0ZK+WLerQ1PgeuSSdsAdr+wfhamodfljg
63NwRXan0lKcighzqbk1SOXHQvVeAdvR+wMBBwAAAAAAMB61MAAAAAAAwHgEHAAAAAAAwHgEHAAA
AAAAwHgEHAAAAAAAwHgEHAAAAAAAwHgEHAAAAAAAwHgEHAAAAAAAwHgEHAAAAAAAwHgEHAAAAAAA
wHgEHAAAAAAAwHgEHAAAAAAAwHgEHAAAAAAAwHgEHAAAAAAAwHgEHAAAAAAAwHgEHAAAAAAAwHgE
HAAAAAAAwHgEHAAAAAAAwHgEHAAAAAAAwHgEHAAAAAAAwHgEHAAAAAAAwHgEHAAAAAAAwHgEHAAA
AAAAwHgEHAAAAAAAwHgEHAAAAAAAwHgEHAAAAAAAwHgEHAAAAAAAwHgEHAAAAAAAwHgEHAAAAAAA
wHgEHAAAAAAAwHgEHAAAAAAAwHgEHAAAAAAAwHgEHAAAAAAAwHgEHAAAAAAAwHgEHAAAAAAAwHgE
HAAAAAAAwHgEHAAAAAAAwHiWjo4O12gPAgAAAAAAYDio4AAAAAAAAMYj4AAAAAAAAMYj4AAAAAAA
AMYj4AAAAAAAAMYj4AAAAAAAAMYj4AAAAAAAAMYj4AAAAAAAAMYj4AAAAAAAAMYj4AAAAAAAAMYj
4AAAAAAAAMYj4AAAAAAAAMYj4AAAAAAAAMYj4AAAAAAAAMYj4AAAAAAAAMYj4AAAAAAAAMYj4AAA
AAAAAMYj4AAAAAAAAMYj4AAAAAAAAMYj4AAAAAAAAMYj4AAAAAAAAMYj4AAAAAAAAMYj4AAAAAAA
AMYj4AAAAAAAAMYj4AAAAAAAAMYj4AAAAAAAAMYj4AAAAAAAAMYj4AAAAAAAAMYj4AAAAAAAAMYj
4AAAAAAAAMYj4AAAAAAAAMYj4AAAAAAAAMYj4AAAAAAAAMYj4AAAAAAAAMYj4AAAAAAAAMYj4AAA
AAAAAMYj4AAAAAAAAMYj4AAAAAAAAMYj4AAAAAAAAMYj4AAAAAAAAMYj4AAAAAAAAMYj4AAAAAAA
AMYj4AAAAAAAAMYj4AAAAAAAAMYj4AAAAAAAAMYj4AAAAAAAAMYj4AAAAAAAAMYj4AAAAAAAAMYj
4AAAAAAAAMYj4AAAAAAAAMYj4AAAAAAAAMYj4AAAAAAAAMYj4AAAAAAAAMYj4AAAAAAAAMYj4AAA
AAAAAMYj4AAAAAAAAMYj4AAAAAAAAMYj4AAAAAAAAMYj4AAAAAAAAMYj4AAAAAAAAMYj4AAAAAAA
AMYj4AAAAAAAAMYj4AAAAAAAAMYj4AAAAAAAAMYj4AAAAAAAAMYj4AAAAAAAAMYj4AAAAAAAAMYj
4AAAAAAAAMYj4AAAAAAAAMYj4AAAAAAAAMYj4AAAAAAAAMYj4AAAAAAAAMYj4AAAAAAAAMYj4AAA
AAAAAMYj4AAAAAAAAMYj4AAAAAAAAMYj4AAAAAAAAMYj4AAAAAAAAMYj4AAAAAAAAMYj4AAAAAAA
AMYj4AAAAAAAAMYj4AAAAAAAAMYj4AAAAAAAAMYj4AAAAAAAAMYj4AAAAAAAAMYj4AAAAAAAAMYj
4AAAAAAAAMYj4AAAAAAAAMYj4AAAAAAAAMYj4AAAAAAAAMYj4AAAAAAAAMYj4AAAAAAAAMYj4AAA
AAAAAMYj4AAAAAAAAMYj4AAAAAAAAMYj4AAAAAAAAMYj4AAAAAAAAMYj4AAAAAAAAMYj4AAAAAAA
AMYj4AAAAAAAAMYj4AAAAAAAAMYj4AAAAAAAAMYj4AAAAAAAAMYj4AAAAAAAAMYj4AAAAAAAAMYj
4AAAAAAAAMYj4AAAAAAAAMYj4AAAAAAAAMYj4AAAAAAAAMYj4AAAAAAAAMYj4AAAAAAAAMYj4AAA
AAAAAMYj4AAAAAAAAMYj4AAAAAAAAMYj4AAAAAAAAMYj4AAAAAAAAMYj4AAAAAAAAMYj4AAAAAAA
AMYj4AAAAAAAAMYj4AAAAAAAAMYj4AAAAAAAAMYj4AAAAAAAAMYj4AAAAAAAAMYj4AAAAAAAAMYj
4AAAAAAAAMYj4AAAAAAAAMYj4AAAAAAAAMYj4AAAAAAAAMYj4AAAAAAAAMYj4AAAAAAAAMYj4AAA
AAAAAMYj4AAAAAAAAMYj4AAAAAAAAMYj4AAAAAAAAMYj4AAAAAAAAMYj4AAAAAAAAMYj4AAAAAAA
AMYj4AAAAAAAAMYj4AAAAAAAAMYj4AAAAAAAAMYj4AAAAAAAAMYj4AAAAAAAAMYj4AAAAAAAAMYj
4AAAAAAAAMYj4AAAAAAAAMYj4AAAAAAAAMYj4AAAAAAAAMYj4AAAAAAAAMYj4AAAAAAAAMYj4AAA
AAAAAMYj4AAAAAAAAMYj4AAAAAAAAMYj4AAAAAAAAMYj4AAAAAAAAMYj4AAAAAAAAMYj4AAAAAAA
AMYj4AAAAAAAAMYj4AAAAAAAAMYj4AAAAAAAAMYj4AAAAAAAAMYj4AAAAAAAAMYj4AAAAAAAAMYj
4AAAAAAAAMYj4AAAAAAAAMYj4AAAAAAAAMYj4AAAAAAAAMYj4AAAAAAAAMYj4AAAAAAAAMYj4AAA
AAAAAMYj4AAAAAAAAMYj4AAAAAAAAMYj4AAAAAAAAMYj4AAAAAAAAMYj4AAAAAAAAMYj4AAAAAAA
AMYj4AAAAAAAAMYj4AAAAAAAAMYj4AAAAAAAAMYj4AAAAAAAAMYj4AAAAAAAAMYj4AAAAAAAAMYj
4AAAAAAAAMYj4AAAAAAAAMYj4AAAAAAAAMYj4AAAAAAAAMYj4AAAAAAAAMYj4AAAAAAAAMYj4AAA
AAAAAMYj4AAAAAAAAMYj4AAAAAAAAMYj4AAAAAAAAMYj4AAAAAAAAMYj4AAAAAAAAMYj4AAAAAAA
AMYj4AAAAAAAAMYj4AAAAAAAAMYj4AAAAAAAAMYj4AAAAAAAAMYj4AAAAAAAAMYj4AAAAAAAAMYj
4AAAAAAAAMYj4AAAAAAAAMYj4AAAAAAAAMYj4AAAAAAAAMYj4AAAAAAAAMYj4AAAAAAAAMYj4AAA
AAAAAMYj4AAAAAAAAMYj4AAAAAAAAMYj4AAAAAAAAMYj4AAAAAAAAMYj4AAAAAAAAMYj4AAAAAAA
AMYj4AAAAAAAAMYj4AAAAAAAAMYj4AAAAAAAAMYj4AAAAAAAAMYj4AAAAAAAAMYj4AAAAAAAAMYj
4AAAAAAAAMYj4AAAAAAAAMYj4AAAAAAAAMYj4AAAAAAAAMYj4AAAAAAAAMYj4AAAAAAAAMYj4AAA
AAAAAMYj4AAAAAAAAMYj4AAAAAAAAMYj4AAAAAAAAMYj4AAAAAAAAMYj4AAAAAAAAMYj4AAAAAAA
AMYj4AAAAAAAAMYj4AAAAAAAAMYj4AAAAAAAAMYj4AAAAAAAAMYj4AAAAAAAAMYj4AAAAAAAAMYj
4AAAAAAAAMYj4AAAAAAAAMYj4AAAAAAAAMYj4AAAAAAAAMYj4AAAAAAAAMYj4AAAAAAAAMYj4AAA
AAAAAMYj4AAAAAAAAMYj4AAAAAAAAMYj4AAAAAAAAMYj4AAAAAAAAMYj4AAAAAAAAMYj4AAAAAAA
AMYj4AAAAAAAAMYj4AAAAAAAAMYj4AAAAAAAAMYj4AAAAAAAAMYj4AAAAAAAAMYj4AAAAAAAAMYj
4AAAAAAAAMYj4AAAAAAAAMYj4AAAAAAAAMYj4AAAAAAAAMYj4AAAAAAAAMYj4AAAAAAAAMYj4AAA
AAAAAMYj4AAAAAAAAMYj4AAAAAAAAMYj4AAAAAAAAMYj4AAAAAAAAMYj4AAAAAAAAMYj4AAAAAAA
AMYj4AAAAAAAAMYj4AAAAAAAAMYj4AAAAAAAAMYj4AAAAAAAAMYj4AAAAAAAAMYj4AAAAAAAAMYj
4AAAAAAAAMYj4AAAAAAAAMYj4AAAAAAAAMYj4AAAAAAAAMYj4AAAAAAAAMYj4AAAAAAAAMYj4AAA
AAAAAMYj4AAAAAAAAMYj4AAAAAAAAMYj4AAAAAAAAMYj4AAAAAAAAMYj4AAAAAAAAMYj4AAAAAAA
AMYj4AAAAAAAAMYj4AAAAAAAAMYj4AAAAAAAAMYj4AAAAPj/7NgBCQAAAICg/6/bEegMAYA9wQEA
AADsCQ4AAABgT3AAAAAAe4IDAAAA2BMcAAAAwJ7gAAAAAPYEBwAAALAnOAAAAIA9wQEAAADsCQ4A
AABgT3AAAAAAe4IDAAAA2BMcAAAAwJ7gAAAAAPYEBwAAALAnOAAAAIA94uqaTAAAIABJREFUwQEA
AADsCQ4AAABgT3AAAAAAe4IDAAAA2BMcAAAAwJ7gAAAAAPYEBwAAALAnOAAAAIA9wQEAAADsCQ4A
AABgT3AAAAAAe4IDAAAA2BMcAAAAwJ7gAAAAAPYEBwAAALAnOAAAAIA9wQEAAADsCQ4AAABgT3AA
AAAAe4IDAAAA2BMcAAAAwJ7gAAAAAPYEBwAAALAnOAAAAIA9wQEAAADsCQ4AAABgT3AAAAAAe4ID
AAAA2BMcAAAAwJ7gAAAAAPYEBwAAALAnOAAAAIA9wQEAAADsCQ4AAABgT3AAAAAAe4IDAAAA2BMc
AAAAwJ7gAAAAAPYEBwAAALAnOAAAAIA9wQEAAADsCQ4AAABgT3AAAAAAe4IDAAAA2BMcAAAAwJ7g
AAAAAPYEBwAAALAnOAAAAIA9wQEAAADsCQ4AAABgT3AAAAAAe4IDAAAA2BMcAAAAwJ7gAAAAAPYE
BwAAALAnOAAAAIA9wQEAAADsCQ4AAABgT3AAAAAAe4IDAAAA2BMcAAAAwJ7gAAAAAPYEBwAAALAn
OAAAAIA9wQEAAADsCQ4AAABgT3AAAAAAe4IDAAAA2BMcAAAAwJ7gAAAAAPYEBwAAALAnOAAAAIA9
wQEAAADsCQ4AAABgT3AAAAAAe4IDAAAA2BMcAAAAwJ7gAAAAAPYEBwAAALAnOAAAAIA9wQEAAADs
CQ4AAABgT3AAAAAAe4IDAAAA2BMcAAAAwJ7gAAAAAPYEBwAAALAnOAAAAIA9wQEAAADsCQ4AAABg
T3AAAAAAe4IDAAAA2BMcAAAAwJ7gAAAAAPYEBwAAALAnOAAAAIA9wQEAAADsCQ4AAABgT3AAAAAA
e4IDAAAA2BMcAAAAwJ7gAAAAAPYEBwAAALAnOAAAAIA9wQEAAADsCQ4AAABgT3AAAAAAe4IDAAAA
2BMcAAAAwJ7gAAAAAPYEBwAAALAnOAAAAIA9wQEAAADsCQ4AAABgT3AAAAAAe4IDAAAA2BMcAAAA
wJ7gAAAAAPYEBwAAALAnOAAAAIA9wQEAAADsCQ4AAABgT3AAAAAAe4IDAAAA2BMcAAAAwJ7gAAAA
APYEBwAAALAnOAAAAIA9wQEAAADsCQ4AAABgT3AAAAAAe4IDAAAA2BMcAAAAwJ7gAAAAAPYEBwAA
ALAnOAAAAIA9wQEAAADsCQ4AAABgT3AAAAAAe4IDAAAA2BMcAAAAwJ7gAAAAAPYEBwAAALAnOAAA
AIA9wQEAAADsCQ4AAABgT3AAAAAAe4IDAAAA2BMcAAAAwJ7gAAAAAPYEBwAAALAnOAAAAIA9wQEA
AADsCQ4AAABgT3AAAAAAe4IDAAAA2BMcAAAAwJ7gAAAAAPYEBwAAALAnOAAAAIA9wQEAAADsCQ4A
AABgT3AAAAAAe4IDAAAA2BMcAAAAwJ7gAAAAAPYEBwAAALAnOAAAAIA9wQEAAADsCQ4AAABgT3AA
AAAAe4IDAAAA2BMcAAAAwJ7gAAAAAPYEBwAAALAnOAAAAIA9wQEAAADsCQ4AAABgT3AAAAAAe4ID
AAAA2BMcAAAAwJ7gAAAAAPYEBwAAALAnOAAAAIA9wQEAAADsCQ4AAABgT3AAAAAAe4IDAAAA2BMc
AAAAwJ7gAAAAAPYEBwAAALAnOAAAAIA9wQEAAADsCQ4AAABgT3AAAAAAe4IDAAAA2BMcAAAAwJ7g
AAAAAPYEBwAAALAnOAAAAIA9wQEAAADsCQ4AAABgT3AAAAAAe4IDAAAA2BMcAAAAwJ7gAAAAAPYE
BwAAALAnOAAAAIA9wQEAAADsCQ4AAABgT3AAAAAAe4IDAAAA2BMcAAAAwJ7gAAAAAPYEBwAAALAn
OAAAAIA9wQEAAADsCQ4AAABgT3AAAAAAe4IDAAAA2BMcAAAAwJ7gAAAAAPYEBwAAALAnOAAAAIA9
wQEAAADsCQ4AAABgT3AAAAAAe4IDAAAA2BMcAAAAwJ7gAAAAAPYEBwAAALAnOAAAAIA9wQEAAADs
CQ4AAABgT3AAAAAAe4IDAAAA2BMcAAAAwJ7gAAAAAPYEBwAAALAnOAAAAIA9wQEAAADsCQ4AAABg
T3AAAAAAe4IDAAAA2BMcAAAAwJ7gAAAAAPYEBwAAALAnOAAAAIA9wQEAAADsCQ4AAABgT3AAAAAA
e4IDAAAA2BMcAAAAwJ7gAAAAAPYEBwAAALAnOAAAAIA9wQEAAADsCQ4AAABgT3AAAAAAe4IDAAAA
2BMcAAAAwJ7gAAAAAPYEBwAAALAnOAAAAIA9wQEAAADsCQ4AAABgT3AAAAAAe4IDAAAA2BMcAAAA
wJ7gAAAAAPYEBwAAALAnOAAAAIA9wQEAAADsCQ4AAABgT3AAAAAAe4IDAAAA2BMcAAAAwJ7gAAAA
APYEBwAAALAnOAAAAIA9wQEAAADsCQ4AAABgT3AAAAAAe4IDAAAA2BMcAAAAwJ7gAAAAAPYEBwAA
ALAnOAAAAIA9wQEAAADsCQ4AAABgT3AAAAAAe4IDAAAA2BMcAAAAwJ7gAAAAAPYEBwAAALAnOAAA
AIA9wQEAAADsCQ4AAABgT3AAAAAAe4IDAAAA2BMcAAAAwJ7gAAAAAPYEBwAAALAnOAAAAIA9wQEA
AADsCQ4AAABgT3AAAAAAe4IDAAAA2BMcAAAAwJ7gAAAAAPYEBwAAALAnOAAAAIA9wQEAAADsCQ4A
AABgT3AAAAAAe4IDAAAA2BMcAAAAwJ7gAAAAAPYEBwAAALAnOAAAAIA9wQEAAADsCQ4AAABgT3AA
AAAAe4IDAAAA2BMcAAAAwJ7gAAAAAPYEBwAAALAnOAAAAIA9wQEAAADsCQ4AAABgT3AAAAAAe4ID
AAAA2BMcAAAAwJ7gAAAAAPYEBwAAALAnOAAAAIA9wQEAAADsCQ4AAABgT3AAAAAAe4IDAAAA2BMc
AAAAwJ7gAAAAAPYEBwAAALAnOAAAAIA9wQEAAADsCQ4AAABgT3AAAAAAe4IDAAAA2BMcAAAAwJ7g
AAAAAPYEBwAAALAnOAAAAIA9wQEAAADsCQ4AAABgT3AAAAAAe4IDAAAA2BMcAAAAwJ7gAAAAAPYE
BwAAALAnOAAAAIA9wQEAAADsCQ4AAABgT3AAAAAAe4IDAAAA2BMcAAAAwJ7gAAAAAPYEBwAAALAn
OAAAAIA9wQEAAADsCQ4AAABgT3AAAAAAe4IDAAAA2BMcAAAAwJ7gAAAAAPYEBwAAALAnOAAAAIA9
wQEAAADsCQ4AAABgT3AAAAAAe4IDAAAA2BMcAAAAwJ7gAAAAAPYEBwAAALAnOAAAAIA9wQEAAADs
CQ4AAABgT3AAAAAAe4IDAAAA2BMcAAAAwJ7gAAAAAPYEBwAAALAnOAAAAIA9wQEAAADsCQ4AAABg
T3AAAAAAe4IDAAAA2BMcAAAAwJ7gAAAAAPYEBwAAALAnOAAAAIA9wQEAAADsCQ4AAABgT3AAAAAA
e4IDAAAA2BMcAAAAwJ7gAAAAAPYEBwAAALAnOAAAAIA9wQEAAADsCQ4AAABgT3AAAAAAe4IDAAAA
2BMcAAAAwJ7gAAAAAPYEBwAAALAnOAAAAIA9wQEAAADsCQ4AAABgT3AAAAAAe4IDAAAA2BMcAAAA
wJ7gAAAAAPYEBwAAALAnOAAAAIA9wQEAAADsCQ4AAABgT3AAAAAAe4IDAAAA2BMcAAAAwJ7gAAAA
APYEBwAAALAnOAAAAIA9wQEAAADsCQ4AAABgT3AAAAAAe4IDAAAA2BMcAAAAwJ7gAAAAAPYEBwAA
ALAnOAAAAIA9wQEAAADsCQ4AAABgT3AAAAAAe4IDAAAA2BMcAAAAwJ7gAAAAAPYEBwAAALAnOAAA
AIA9wQEAAADsCQ4AAABgT3AAAAAAe4IDAAAA2BMcAAAAwJ7gAAAAAPYEBwAAALAnOAAAAIA9wQEA
AADsCQ4AAABgT3AAAAAAe4IDAAAA2BMcAAAAwJ7gAAAAAPYEBwAAALAnOAAAAIA9wQEAAADsCQ4A
AABgT3AAAAAAe4IDAAAA2BMcAAAAwJ7gAAAAAPYEBwAAALAnOAAAAIA9wQEAAADsCQ4AAABgT3AA
AAAAe4IDAAAA2BMcAAAAwJ7gAAAAAPYEBwAAALAnOAAAAIA9wQEAAADsCQ4AAABgT3AAAAAAe4ID
AAAA2BMcAAAAwJ7gAAAAAPYEBwAAALAnOAAAAIA9wQEAAADsCQ4AAABgT3AAAAAAe4IDAAAA2BMc
AAAAwJ7gAAAAAPYEBwAAALAnOAAAAIA9wQEAAADsCQ4AAABgT3AAAAAAe4IDAAAA2BMcAAAAwJ7g
AAAAAPYEBwAAALAnOAAAAIA9wQEAAADsCQ4AAABgT3AAAAAAe4IDAAAA2BMcAAAAwJ7gAAAAAPYE
BwAAALAnOAAAAIA9wQEAAADsCQ4AAABgT3AAAAAAe4IDAAAA2BMcAAAAwJ7gAAAAAPYEBwAAALAn
OAAAAIA9wQEAAADsCQ4AAABgT3AAAAAAe4IDAAAA2BMcAAAAwJ7gAAAAAPYEBwAAALAnOAAAAIA9
wQEAAADsCQ4AAABgT3AAAAAAe4IDAAAA2BMcAAAAwJ7gAAAAAPYEBwAAALAnOAAAAIA9wQEAAADs
CQ4AAABgT3AAAAAAe4IDAAAA2BMcAAAAwJ7gAAAAAPYEBwAAALAnOAAAAIA9wQEAAADsCQ4AAABg
T3AAAAAAe4IDAAAA2BMcAAAAwJ7gAAAAAPYEBwAAALAnOAAAAIA9wQEAAADsCQ4AAABgT3AAAAAA
e4IDAAAA2BMcAAAAwJ7gAAAAAPYEBwAAALAnOAAAAIA9wQEAAADsCQ4AAABgT3AAAAAAe4IDAAAA
2BMcAAAAwJ7gAAAAAPYEBwAAALAnOAAAAIA9wQEAAADsCQ4AAABgT3AAAAAAe4IDAAAA2BMcAAAA
wJ7gAAAAAPYEBwAAALAnOAAAAIA9wQEAAADsCQ4AAABgT3AAAAAAe4IDAAAA2BMcAAAAwJ7gAAAA
APYEBwAAALAnOAAAAIA9wQEAAADsCQ4AAABgT3AAAAAAe4IDAAAA2BMcAAAAwJ7gAAAAAPYEBwAA
ALAnOAAAAIA9wQEAAADsCQ4AAABgT3AAAAAAe4IDAAAA2BMcAAAAwJ7gAAAAAPYEBwAAALAnOAAA
AIA9wQEAAADsCQ4AAABgT3AAAAAAe4IDAAAA2BMcAAAAwJ7gAAAAAPYEBwAAALAnOAAAAIA9wQEA
AADsCQ4AAABgT3AAAAAAe4IDAAAA2BMcAAAAwJ7gAAAAAPYEBwAAALAnOAAAAIA9wQEAAADsCQ4A
AABgT3AAAAAAe4IDAAAA2BMcAAAAwJ7gAAAAAPYEBwAAALAnOAAAAIA9wQEAAADsCQ4AAABgT3AA
AAAAe4IDAAAA2BMcAAAAwJ7gAAAAAPYEBwAAALAnOAAAAIA9wQEAAADsCQ4AAABgT3AAAAAAe4ID
AAAA2BMcAAAAwJ7gAAAAAPYEBwAAALAnOAAAAIA9wQEAAADsCQ4AAABgT3AAAAAAe4IDAAAA2BMc
AAAAwJ7gAAAAAPYEBwAAALAnOAAAAIA9wQEAAADsCQ4AAABgT3AAAAAAe4IDAAAA2BMcAAAAwJ7g
AAAAAPYEBwAAALAnOAAAAIA9wQEAAADsCQ4AAABgT3AAAAAAe4IDAAAA2BMcAAAAwJ7gAAAAAPYE
BwAAALAnOAAAAIA9wQEAAADsCQ4AAABgT3AAAAAAe4IDAAAA2BMcAAAAwJ7gAAAAAPYEBwAAALAn
OAAAAIA9wQEAAADsCQ4AAABgT3AAAAAAe4IDAAAA2BMcAAAAwJ7gAAAAAPYEBwAAALAnOAAAAIA9
wQEAAADsCQ4AAABgT3AAAAAAe4IDAAAA2BMcAAAAwJ7gAAAAAPYEBwAAALAnOAAAAIA9wQEAAADs
CQ4AAABgT3AAAAAAe4IDAAAA2BMcAAAAwJ7gAAAAAPYEBwAAALAnOAAAAIA9wQEAAADsCQ4AAABg
T3AAAAAAe4IDAAAA2BMcAAAAwJ7gAAAAAPYEBwAAALAnOAAAAIA9wQEAAADsCQ4AAABgT3AAAAAA
e4IDAAAA2BMcAAAAwJ7gAAAAAPYEBwAAALAnOAAAAIA9wQEAAADsCQ4AAABgT3AAAAAAe4IDAAAA
2BMcAAAAwJ7gAAAAAPYEBwAAALAnOAAAAIA9wQEAAADsCQ4AAABgT3AAAAAAe4IDAAAA2BMcAAAA
wJ7gAAAAAPYEBwAAALAnOAAAAIA9wQEAAADsCQ4AAABgT3AAAAAAe4IDAAAA2BMcAAAAwJ7gAAAA
APYEBwAAALAnOAAAAIA9wQEAAADsCQ4AAABgT3AAAAAAe4IDAAAA2BMcAAAAwJ7gAAAAAPYEBwAA
ALAnOAAAAIA9wQEAAADsCQ4AAABgT3AAAAAAe4IDAAAA2BMcAAAAwJ7gAAAAAPYEBwAAALAnOAAA
AIA9wQEAAADsCQ4AAABgT3AAAAAAe4IDAAAA2BMcAAAAwJ7gAAAAAPYEBwAAALAnOAAAAIA9wQEA
AADsCQ4AAABgT3AAAAAAe4IDAAAA2BMcAAAAwJ7gAAAAAPYEBwAAALAnOAAAAIA9wQEAAADsCQ4A
AABgT3AAAAAAe4IDAAAA2BMcAAAAwJ7gAAAAAPYEBwAAALAnOAAAAIA9wQEAAADsCQ4AAABgT3AA
AAAAe4IDAAAA2BMcAAAAwJ7gAAAAAPYEBwAAALAnOAAAAIA9wQEAAADsCQ4AAABgT3AAAAAAe4ID
AAAA2BMcAAAAwJ7gAAAAAPYEBwAAALAnOAAAAIA9wQEAAADsCQ4AAABgT3AAAAAAe4IDAAAA2BMc
AAAAwJ7gAAAAAPYEBwAAALAnOAAAAIA9wQEAAADsCQ4AAABgT3AAAAAAe4IDAAAA2BMcAAAAwJ7g
AAAAAPYEBwAAALAnOAAAAIA9wQEAAADsCQ4AAABgT3AAAAAAe4IDAAAA2BMcAAAAwJ7gAAAAAPYE
BwAAALAnOAAAAIA9wQEAAADsCQ4AAABgT3AAAAAAe4IDAAAA2BMcAAAAwJ7gAAAAAPYEBwAAALAn
OAAAAIA9wQEAAADsCQ4AAABgT3AAAAAAe4IDAAAA2BMcAAAAwJ7gAAAAAPYEBwAAALAnOAAAAIA9
wQEAAADsCQ4AAABgT3AAAAAAe4IDAAAA2BMcAAAAwJ7gAAAAAPYEBwAAALAnOAAAAIA9wQEAAADs
CQ4AAABgT3AAAAAAe4IDAAAA2BMcAAAAwJ7gAAAAAPYEBwAAALAnOAAAAIA9wQEAAADsCQ4AAABg
T3AAAAAAe4IDAAAA2BMcAAAAwJ7gAAAAAPYEBwAAALAnOAAAAIA9wQEAAADsCQ4AAABgT3AAAAAA
e4IDAAAA2BMcAAAAwJ7gAAAAAPYEBwAAALAnOAAAAIA9wQEAAADsCQ4AAABgT3AAAAAAe4IDAAAA
2BMcAAAAwJ7gAAAAAPYEBwAAALAnOAAAAIA9wQEAAADsCQ4AAABgT3AAAAAAe4IDAAAA2BMcAAAA
wJ7gAAAAAPYEBwAAALAnOAAAAIA9wQEAAADsCQ4AAABgT3AAAAAAe4IDAAAA2BMcAAAAwJ7gAAAA
APYEBwAAALAnOAAAAIA9wQEAAADsCQ4AAABgT3AAAAAAe4IDAAAA2BMcAAAAwJ7gAAAAAPYEBwAA
ALAnOAAAAIA9wQEAAADsCQ4AAABgT3AAAAAAe4IDAAAA2BMcAAAAwJ7gAAAAAPYEBwAAALAnOAAA
AIA9wQEAAADsCQ4AAABgT3AAAAAAe4IDAAAA2BMcAAAAwJ7gAAAAAPYEBwAAALAnOAAAAIA9wQEA
AADsCQ4AAABgT3AAAAAAe4IDAAAA2BMcAAAAwJ7gAAAAAPYEBwAAALAnOAAAAIA9wQEAAADsCQ4A
AABgT3AAAAAAe4IDAAAA2BMcAAAAwJ7gAAAAAPYEBwAAALAnOAAAAIA9wQEAAADsCQ4AAABgT3AA
AAAAe4IDAAAA2BMcAAAAwJ7gAAAAAPYEBwAAALAnOAAAAIA9wQEAAADsCQ4AAABgT3AAAAAAe4ID
AAAA2BMcAAAAwJ7gAAAAAPYEBwAAALAnOAAAAIA9wQEAAADsCQ4AAABgT3AAAAAAe4IDiL07j5Oi
uvfG/x0YAVFGiBhA3BIXiI8KuEDABUFwQ9QoLtGrMSoa8Ro06kuiJnni81y9uaIxGjXR3MQkmmjc
cqNAjBsEcLxE3BBEBYQQ8I4BUdlmhpnp3x/8pp/p2Zee6S54v18vXvbpqa4+farqWPWpqlMAAACJ
J+AAAAAAEk/AAQAAACSegAMAAABIPAEHAAAAkHgCDgAAACDxBBwAAABA4gk4AAAAgMQTcAAAAACJ
J+AAAAAAEk/AAQAAACSegAMAAABIPAEHAAAAkHgCDgAAACDxBBwAAABA4gk4AAAAgMQTcAAAAACJ
J+AAAAAAEk/AAQAAACSegAMAAABIPAEHAAAAkHgCDgAAACDxBBwAAABA4gk4AAAAgMQTcAAAAACJ
J+AAAAAAEk/AAQAAACSegAMAAABIPAEHAAAAkHgCDgAAACDxBBwAAABA4gk4AAAAgMQTcAAAAACJ
J+AAAAAAEk/AAQAAACSegAMAAABIPAEHAAAAkHgCDgAAACDxBBwAAABA4gk4AAAAgMQTcAAAAACJ
J+AAAAAAEk/AAQAAACSegAMAAABIPAEHAAAAkHgCDgAAACDxBBwAAABA4gk4AAAAgMQTcAAAAACJ
J+AAAAAAEk/AAQAAACSegAMAAABIPAEHAAAAkHgCDgAAACDxBBwAAABA4gk4AAAAgMQTcAAAAACJ
J+AAAAAAEk/AAQAAACSegAMAAABIPAEHAAAAkHgCDgAAACDxBBwAAABA4gk4AAAAgMQTcAAAAACJ
J+AAAAAAEk/AAQAAACSegAMAAABIPAEHAAAAkHgCDgAAACDxBBwAAABA4gk4AAAAgMQTcAAAAACJ
J+AAAAAAEk/AAQAAACSegAMAAABIPAEHAAAAkHgCDgAAACDxBBwAAABA4gk4AAAAgMQTcAAAAACJ
J+AAAAAAEk/AAQAAACSegAMAAABIPAEHAAAAkHgCDgAAACDxBBwAAABA4gk4AAAAgMQTcAAAAACJ
J+AAAAAAEk/AAQAAACSegAMAAABIPAEHAAAAkHgCDgAAACDxBBwAAABA4gk4AAAAgMQTcAAAAACJ
J+AAAAAAEk/AAQAAACSegAMAAABIPAEHAAAAkHgCDgAAACDxBBwAAABA4gk4AAAAgMQTcAAAAACJ
J+AAAAAAEk/AAQAAACSegAMAAABIPAEHAAAAkHgCDgAAACDxBBwAAABA4gk4AAAAgMQTcAAAAACJ
J+AAAAAAEk/AAQAAACSegAMAAABIPAEHAAAAkHgCDgAAACDxBBwAAABA4gk4AAAAgMQTcAAAAACJ
J+AAAAAAEk/AAQAAACSegAMAAABIPAEHAAAAkHgCDgAAACDxBBwAAABA4gk4AAAAgMQTcAAAAACJ
J+AAAAAAEk/AAQAAACSegAMAAABIPAEHAAAAkHgCDgAAACDxBBwAAABA4gk4AAAAgMQTcAAAAACJ
J+AAAAAAEk/AAQAAACSegAMAAABIPAEHAAAAkHgCDgAAACDxBBwAAABA4gk4AAAAgMQTcAAAAACJ
J+AAAAAAEk/AAQAAACSegAMAAABIPAEHAAAAkHgCDgAAACDxBBwAAABA4gk4AAAAgMQTcAAAAACJ
J+AAAAAAEk/AAQAAACSegAMAAABIPAEHAAAAkHgCDgAAACDxBBwAAABA4gk4AAAAgMQTcAAAAACJ
J+AAAAAAEk/AAQAAACSegAMAAABIPAEHAAAAkHgCDgAAACDxBBwAAABA4gk4AAAAgMQTcAAAAACJ
J+AAAAAAEk/AAQAAACSegAMAAABIPAEHAAAAkHgCDgAAACDxBBwAAABA4gk4AAAAgMQTcAAAAACJ
J+AAAAAAEk/AAQAAACSegAMAAABIPAEHAAAAkHgCDgAAACDxBBwAAABA4gk4AAAAgMQTcAAAAACJ
J+AAAAAAEk/AAQAAACSegAMAAABIPAEHAAAAkHgCDgAAACDxBBwAAABA4gk4AAAAgMQTcAAAAACJ
J+AAAAAAEk/AAQAAACSegAMAAABIPAEHAAAAkHgCDgAAACDxBBwAAABA4gk4AAAAgMQTcAAAAACJ
J+AAAAAAEk/AAQAAACSegAMAAABIPAEHAAAAkHgCDgAAACDxBBwAAABA4gk4AAAAgMQTcAAAAACJ
J+AAAAAAEk/AAQAAACSegAMAAABIPAEHAAAAkHgCDgAAACDxBBwAAABA4gk4AAAAgMQTcAAAAACJ
J+AAAAAAEk/AAQAAACSegAMAAABIPAEHAAAAkHgCDgAAACDxBBwAAABA4gk4AAAAgMQTcAAAAACJ
J+AAAAAAEk/AAQAAACSegAMAAABIPAEHAAAAkHgCDgAAACDxBBwAAABA4gk4AAAAgMQTcAAAAACJ
J+AAAAAAEk/AAQAAACSegAMAAABIPAEHAAAAkHgCDgAAACDxBBwAAABA4gk4AAAAgMQTcAAAAACJ
J+AAAAAAEk/AAQAAACSegAMAAABIPAEHAAAAkHgCDgAAACDxBBwAAABA4gk4AAAAgMQTcAAAAACJ
J+AAAAAAEk/AAQAAACSegAMAAABIPAEHAAAAkHgCDgAAACDxBBwAAABA4gk4AAAAgMQTcAAAAACJ
J+AAAAAAEk/AAQAAACSegAMAAABIPAEHAAAAkHgCDgAAACDxBBwAAABA4gk4AAAAgMQTcAAAAACJ
J+AAAAAAEk/AAQAAACSegAMAAABIPAEHAAAAkHgCDgAAACDxBBwAAABA4gk4AAAAgMQTcAAAAACJ
J+AAAAAAEk/AAQAAACSegAMAAABIPAEHAAAAkHgCDgAAACDxBBwAAABA4gk4AAAAgMQTcAAAAACJ
J+AAAAAAEk/AAQAAACSegAMAAABIPAEHAAAAkHgCDgAAACDxBBz4B8bFAAAgAElEQVQAAABA4gk4
AAAAgMQTcAAAAACJJ+AAAAAAEk/AAQAAACSegAMAAABIPAEHAAAAkHgCDgAAACDxBBwAAABA4gk4
AAAAgMQTcAAAAACJJ+AAAAAAEk/AAQAAACSegAMAAABIPAEHAAAAkHgCDgAAACDxBBwAAABA4gk4
AAAAgMQTcAAAAACJJ+AAAAAAEk/AAQAAACSegAMAAABIPAEHAAAAkHgCDgAAACDxBBwAAABA4gk4
AAAAgMQTcAAAAACJJ+AAAAAAEk/AAQAAACSegAMAAABIPAEHAAAAkHgCDgAAACDxBBwAAABA4gk4
AAAAgMQrzHUF2HalUqmoqqqKVCqVfl1QUBCpVCr995plAAAguar37QsKCjLKnTp1ioKCgigoKEi/
hvYg4CArUqlUVFZWZoQaDU3XWBkAAEimmicya/63srKyzrQ1w47OnTsLPcgKAQetUh1oVFVVRVVV
Va6rAwAAJEj18UREREVFRUREdOrUKTp16iTwoNUEHDSbUAMAAGgv1ccZFRUVwg5aRcBBk6pDjfou
LQMAAMi2mmFH586d02EHNEbAQYMqKyvT4QYAAEAuVB+XVFZWRufOnQUdNEjAQR0VFRXpAUMBAADy
Qe2rOgoLHc6SyRpBWmVlZVRUVAg2AACAvJVKpdInZQsLC13RQZqAg3QK6lYUAAAgKVKpVGzZsiUd
dHTq1CnXVSLHBBzbufLycsEGAACQWFVVVVFeXh6dOnWKLl265Lo65JCIaztVWVkZZWVlwg0AAGCb
UFVVFWVlZZ7+uB1zBcd2qPoyLgAAgG1J9W0rVVVVscMOO+S6OnQwAcd2pObGDgAAsK2qfirkDjvs
EAUFBbmuDh3ELSrbierLtYQbAADA9sAx0PZHwLEdqKioiPLy8lxXAwAAoMOVl5dHRUVFrqtBBxBw
bOO2bNliYwYAALZrFRUVsWXLllxXg3Ym4NiGGUwUAABgq8rKSiHHNk7AsY0SbgAAAGQScmzbBBzb
IOEGAABA/YQc2y4BxzZGuAEAANA4Ice2ScCxDRFuAAAANI+QY9sj4NhGVFRUCDcAAABaoLKy0lMn
tyECjm1AVVWVjRIAAKAVKioqoqqqKtfVIAsEHAmXSqWivLw819UAAABIrPLy8kilUrmuBm0k4Eg4
94wBAAC0nWOr5BNwJNiWLVtcSgUAAJAFVVVVQo6EE3AkVGVlpUFFAQAAsshxVrIJOBLKoKIAAADZ
51gruQQcCWQAHAAAgPbhQQ7JJeBImKqqKuNuAAAAtCPHXckk4EgYl0sBAAC0P8deySPgSJDKykop
IgAAQAeoqqoy4GjCCDgSRIIIAADQcRyDJYuAIyEqKioMLAoAANCBUqmUkCNBBBwJ4dIoAACAjudY
LDkEHAlQWVnp6g0AAIAcSKVSQo6EEHAkgI0JAAAgdxyTJYOAI895cgoAAEBueaJKMgg48pxwAwAA
IPccm+U/AUcec68XAABAfjA2Yv4TcOQx4QYAAED+cIyW3wQcecwlUAAAAPnDMVp+E3DkqVQqZeMB
AADII1VVVW5TyWMCjjzl0icAAID841gtfwk48pSrNwAAAPKPY7X8JeDIUzYaAACA/ONYLX8JOPKQ
e7oAAADyl2O2/CTgyEPu6QIAAMhfjtnyk4AjD0kDAQAA8pdjtvwk4MhD7ukCAADIX47Z8pOAIw9J
AwEAAPKXY7b8JODIMzYUAACA/OfYLf8IOPKMS50AAADyn2O3/FOY6wqQSQoIAMmQSqXi/fffT5d3
3XXX6N27dw5rtO3YsGFDrFq1Kl3ee++9o1u3bjmsEUBdjt3yj4Ajz9hIACAZKisr45xzzkmXb775
5pgwYUIOa7TtWLx4cVx66aXp8pNPPhn77rtvDmsEUJdjt/wj4MgzLnPK9P7778fvf//7dPnCCy+M
L33pSy2axx133BEbNmyIiIgBAwbEueeem9U6AgDbn1//+texfPnyiIjo2bNnTJ48ObcVAjqcY7f8
I+DIMwUFBZLAGj7//PN4+umn0+XTTz+9xfOYPXt2egfka1/7WraqBgBsxxYuXBh/+ctfIiLiwAMP
zHFtgFwoKCjIdRWoRcCRZ4QbQJKUl5fHQw89lC4PHz48Dj744NxVCACggzh2yz8CDgBaraKiIu67
7750uV+/fgIOAABywmNi84wUEAAAIP85dss/Ao484z4uAACA/OfYLf8IOPKMFBAAACD/OXbLP8bg
YLu3cuXKmDFjRrp86aWXRqdOneLzzz+PWbNmxdy5c2PZsmXxySefRN++fWPw4MExatSoOPTQQ1uc
2i5YsCBmzZoVr732WvzjH/+IoqKi6NevXxx66KExYsSI+MpXvpLtn5e1767dTueff35079495s6d
GzNmzIjFixfHhg0bYuLEiTFhwoRWf6Y96v7BBx/Eyy+/nFGPnXbaqdHPPP/88/Hhhx9GRETv3r3j
jDPOyEqbtEU2159UKhVvvfVWzJkzJ95+++1YtWpVlJWVRZ8+fWLgwIExZMiQGDVqVL3t9NRTT8Wa
NWsiImLLli0Zf5s5c2Z89NFH6fJJJ50Ue+65Zyt/cdvrWi0f1oEjjzwynnnmmfS0xx9/fOyzzz5N
/v4333wz5s2bly5feOGF0a1btwanz/a2nq0+sb2WQX1y2dc2JZVKxZtvvhmvvvpqvP3227F69erY
smVL9O/fPw444ID46le/GkOHDo2uXbs2Op+29j/Z2K5aa9WqVfHyyy9HcXFx/P3vf4+IiD322COG
DRsWxx57bLO2i4bk87JvqTVr1sTMmTPjjTfeiCVLlsSaNWti5513jj322CMGDx4cI0eOjAMOOCDX
1QTIKwIOtntr1qzJGCTxggsuiDfeeCNuu+22WLlyZZ1p33nnnXj44YfjzDPPjOuuuy523HHHJr/j
448/jjvvvDP+/Oc/15nfsmXLYu7cuXHPPffEOeecE1dddVXsvPPO2flxWfzu2u00bty4uOuuu+Lx
xx/PmK6kpKRNn2mPuq9atSqjHmeeeWaTO+2vvfZaPPbYYxERMWLEiHoPrNr6+5or2+tPSUlJ/OhH
P4qXXnqpzt/WrFkTCxcujCeffDL69OkT3/3ud+PYY4/NmOaFF16IV155pd55v/jii/Hiiy+my0cc
cUSbAo621rVaPqwDu+22W/zXf/1XrFq1KiK2HmBefvnljdYhIuKxxx5LH8iOHTu2wXCjvbb1bPWJ
7bUMasplX9scK1eujB//+Mf1rs+rV6+Ov/3tb/HII4/EgQceGNdee20cdthhDc6rLf1Ptrarlkql
UvH000/H1KlTY9OmTRl/W7lyZRQXF8dPf/rTmDRpUvyv//W/WjTvfF/2LVFRURG/+93v4t57742y
srKMv61duzZWrFgRc+fOjXvvvTcmTJgQV111Veyyyy45qi1AfnGLCtTy7LPPxqRJk+rsyNf25JNP
xj333NPk/D788MO45JJL6ux09e/fP3r27Jnx3mOPPRY/+MEPorS0tOUV7+Dv/ulPf1pnRzoiolOn
hruVlnwml+3WWq1pk6Zkux1KSkriyiuvrHNg069fvzpBRElJSVx99dXx7LPPtrr+bZGkulZrbB0o
[...]
WQGgGRf1olFVFXv2HsWvW/bg5IlClLu9cDjsaN0qBwP6d0f79i3AstEvVqmqiu3bD2DbjgM4cbwQ
bo8XFosZzXKy0KVLW/Tr2wUpKVUr6tVVOwBw/Hghtm7bh/0H8lBSop8HZGSkomOHlhh44QXIykqL
ad0A4OixfGzYuBNHjpyE1+tDeroTPXt0RP9+3cAwDDb+shOyLEMU9WPycWMHw2oNX6mxNtu9zOXG
xo07IQiiEbAffkk/OBx2/Lx6C37ZtBNlZW4Mvag3xl9aOQpo6U8bjSo7JhOP5rnZ6N27c8T19noF
bNu2D9u2H8DpMyUQBNHYhv36dUXz3OqdP5H4oABHI+cRFeSd8aLMq+9wOufakZ5iQreWTqzeWwxV
07DlSBnG9WqCWOPdZV4Z2/LKsHTbGaPdQNuOluG73woxpmc2RvXIDttubdqRFBWlHhmrdp9FYZkA
AOiQkxIywFHmleEVFXy3Vb8SYDWFD3AIkoqTJQIWbD6FI6e9VR7ferQMi7cUYlK/HAzpHPqkqtQr
YcdxF9bt05P4DemcQQEOQuJEkmTccN0EPP7UTCiKioWLfsYtf/xd1OfN+V/laI+rrhyN19/4IubX
PHnyNP7x/Af44cf1YZe56Q+X4f57r4fDYQ+7zJf//QGLv1sDABh6UW98NWc9/vnyx/D5xKDlPv1s
MZo1y8Lbbz4S15EmO3YexO49hwEAUyaPgs1mwZjRA8HzPGRZxldzlsYc4IjnutTFdknk92zLlr14
/KmZ2LP3SMjHHQ47Hn3oj7h62tioV6JdLg+efvY/+Hb+ipCPZ6Q78ewzd2Di+KER2yEkEQwa2AOr
ft4CRVEAAN9/vw5Trxwd8nsgCCKWLf8FgH6yzHEc+vTujC2/7a0IckS3f/8xvP3O19ix81DIKS7v
ffAtRgzvjz//aQqaNskM287efUfxr9c+w6HDJ8JOlWnaNBO33DQJI0YMgMkU+vQsXu0UFZXi3ffm
YuWqzWG3hc1qwVVXjsKUyaORmpoSdt0EQcQHH87DvPkrq7Q1f8EqdO3aFmNHD8TMd/8HTYPx3l08
tE/YAEdtt3tRUSlefW02ZFkxnt+6dTN8PWcp1m/YbiyXluoICnC8/c7XKC0tBwBwHIfRoy4MG+BQ
VRUbNuzABx/Ow+EjJ0Muw/McJl1+CW754+/ifkGCREbj4xsxRdUgSKoxegMA+rdLg83MIsXCoVWW
/mUsLBVwuDC2ocln3RJ+O1qGeb8UGEEJE8+iaaoFbbJtSK0YbSHIKpb8Voh5m07VaTvx5BEV7D/l
xscr84zgBscxaJFpQetsGxxWDoA+umPOxnys318cqTlCSB0QRQkTJgyFxaIfOM3+fEnUvBoFhWex
cPHPAIDu3dqhb58uVU5Qwzl6NB/X3vB340TZZOJxybC++P2k4UE5Kz7+dBFu/dM/UFpWHlO7z//z
Izzzj/fg84lo0yYXlwzri7ZtmxuPnzpVhNv+PANnajDSJJz5CyoTrF4+8WIAQHq6E5dN0E9+163f
hiNHQx/IRRLPdYlHW4n8nm3avBvX3/SEEdxIT3PgoiG98PtJw9GlcxsAQHm5B39/8m28NfPriP05
daoI11z/mBHcsNutGDtmEC6/bBjat2sBACguceFv97yM775fF9M6ElKfcptl44Lu7Y3bR4/l49Ch
EyGX3fLbXng8PiO56IUDusNus8Y8PWXzr7sx/aHXsX3HwaCTbJZlwLKs0c6KlZvxxJPv4PTp0Md8
O3YcwAMPvY5Dh49XmSYT2E5h4Vn885VPQgYK4tnOiZOncd8D/8KKlZuCHve342/L6xPw6WdLMPPd
OSgrc4dcN1lW8FKY12IYBgzDYM+eI3jnP3ODgg2RxGu7n2vmO18HBTcAgIlxdMq5ZFnBd9+vxdP/
eM8IbpzbP/9yCxauwlPPvAuvV6jRa5GaoREcjZhbUCDIKvaf0oMXKRYOPVqlwsQx4FkG3Vo6cfSM
fiK/fn8x2jcNfxXL316RS8J3vxVCqahe0Ku1E8O6ZsFiqtyJ7DlRjh+2n4GsqFiztxhdch3o1sIR
93biSVI0nHGJWLSlMGC0iwNjemTDaq7s0/Y8F5ZuPw1NA+ZvLsAFLZ0xTcUhhMSHIEhIT3Pgqimj
8dkXS3D0aD42bNyBi4b0CvucwOSiN1w/EQzDwOeLfjAiCCLuuf9VHD9RCACYfMVI/P2Rm5GRkWos
c/jISTz86JvY/OtubNq8G8/+4328+vK9UdteuOhndOvaDv94+g707dvFuH/Llr2474F/Ie94Ac6e
LcU381bg9luviNpeNF6vgK//txQA0KZNLvr0rnzNSZcPw7wFKwEACxb+jL/ddXW12o7nutS2rUR+
z1wuD+65/xUIgh5cu+sv03DH7VOCrvyt+vlX3H3fK3C5PHjt/z7HoIE9cOGA7lXaUhQFj/z9TSNQ
csN1E/Dg9D8EjUb54cf1+Os9L0FRVDz+5NsYPKhHtae+EHI++QQR48YOxo6d+smvpmlYvmITOnRo
WWXZlat+BVCZe+PCAd2xbfv+mF7nZP5pPPf8rIoAiX4cyrIseJ4LWk5VVciyggMH8/DBrHl48IEb
wXGVx4Q+n4iXX/0UoigZVb14nsO4sYPRtEkmjuWdwuo1v0HTNMiyAk3TMOuj+bige3t069Yu7u2o
qoqXX/kEBQVngwL/7du3RIf2LXD6dDF27dZH8SmKAkVR8cOP69G3TxeMGT2wypSQJd+twZq124KC
G6G3k95nLcq8oHht91AOHDwOhmHAcf4gBAOHI7apPIE0Ddi2fT/+/fbXkGU5Yv8APcixY+dBfPrZ
YvzptsnVfj1SMzSCoxHziAr2nCiHXLGT697SCROnRx5tZg6dmtlhqkiCuTPPBUkOH3nVNKDUI2PD
gWL4JH25Ls0dmDa4Odo1taN5ugXpdhMYBujawoHh3fQhZaqqYfnOM3FvJ96K3RI2HihBQal+0tMq
y4Zpg3PRtokNzTOsaJJqholj0bOVE71a6wdVhd5zAAAgAElEQVTKPknFyt1FddYnQkhV/pPDK6eM
Mu77as6PYZdXFBWzP18CALBazRh/6RAAiOlqy5y5y7B9xwEAwCXD+uHF5/4adKIMAO3aNse7bz+K
li2aAgC+nb8C69Zvi9p2xw4tMfuTfwSdKANA375d8Phjtxq3167bGrWtWKxYtRkulx7snnrlGLBs
5VWoi4b0QnqaHjz+8qsfYh7e7RfPdaltW4n8ns3+fAlOndJ/M/5w/UTcf891VYY1XzKsH577x13G
7fc++CZkW1/P+cnIP3DZxIvx1BN/qjLVZtzYwfjLHVMB6CM55n67POo6ElKfBJ+IIYN7Bp1Q/rh0
Q5VRei6XB6vX6N8zVVXhcNjRtUvbmCupfDBrHsrd3qCT7GuvuRQfz3oa3/7vFbz1xsPo3bszWJY1
TqyXLtuIQ4eDR5Ns3bYPhaeLg173+Rl3Yfp9N+APN0zE3x+9BQ/cfwMYhgHPV4xMFkT8vHpL0HPi
1c6u3Yexd9/RoPuunjYO/5n5GB556I949eX78PCDNwHQp2j4RyNs2Lijym+iIIj4ZPZiqGpgcIPB
NVePw8cfPoN5c1/Fe+88jssmXgyWZcJOl6mL7R4Kw+h9SE9zoscFHdC9WzukpVX/omhZWTk++3wJ
BEEMCm5MvWqM0c+Z/34UvXpWTkVUFBXfzluBwsKz1X49UjMU4GikBFmFrGjYFTA95cL2leVgbWYW
Jo5Fxxz9gMgrqdh8uDRsex5RgayoRnsMA0zo3QR2CweW0Xd6DiuH1Irkm73bpCLFykEDcPS0F0JF
MCNe7cSTKKsQZBVbj5YZ913aKxuZDhN4jgHLABaeRbZTD7z0b5dm5AP57UhZ6EYJIXVCEPSqT717
dULPHh0B6CM0/Ikgz7V+w3Yjuei0q8YaCRd9QuQpKqqq4f0PvjVuPzj9D1Wu4vhlZKTivnuvN25/
Mntx1PV49OGbjaDCufr2qTyB3n8gL2pbsQjMQeIP8vhZLGZcOWU0AH3aw9oYTvYDxXNdatNWIr9n
iqLg09mLAAAcx+LOP18Z9nUumzDUmPqyfMWmKicemqbhPwGBj+n3Xh8UsAp07dXjjMfmfkMBDpLY
vD4B6elODL2ot3HyfaaoBNu3Hwha7pdNekJLf3LRIYN7IisrzZh6GGkgQV5eAdau2xYUBBg3djBu
+ePv0LRpJiwWM9q3b4G/P3ILnE47WJaraFMzcn74+QOW/tfjOA49LugQtMzwS/qjU8dW6NihJTq0
b4l2bVtUTKvR4t6O2+3FgP7d0L9fNwwY0B0DBnTHZRMvDppWMWJ4f7RorifG9I/YOJZ3qkpge/Ov
e1Be7gkKLo0eNRC33vx7NG2SAbPZhJYtm+KuO6ca71ekhKXx3O6hWCxmPPTAjfjs0xl45aV78a9X
7sM108ZFfd65du06hN+27gMAI8gyZvTAKv188onbjQC1f7TRqp+3VPv1SM3Q2PlGyiMoOFsuIr9E
PzDKTjWjXcAUFDPPgmcZdG/pxO4T+vzjTYdKMbhT6MSZgqTiVKlgjLpommpBi8yqCXVsFg6lFVM8
BnfMwJlyEXYzB0lRYTGxcWsnnnySisJSAW5B37lnOszokFM14RLHMrDwLNJTTHDaeJR5ZRR7JLgF
BSmW0AfRhJD4EsTKwMQN103Aw4+9CVXVsGDRatx2y++rLO+flgEAVwWM+vBWZFIP59DhEziWp+f+
8V8NimTcmEGwWs3w+UTjpNRms4RdPisrLexjgVediotrH0Q9cfI0VqzcDEAfxt0uIG+E32UTL8YH
H84DAMybtxKXXNw35vbjuS61aSuR37MDB4+joOLq3uBBPZGTE7mS1/33Xo/DFVctRUkK6tfBQyeM
oF3fvl3Qpk1u2HZycrLQpXNb7N5zGLv3HEZZmTtiQkFC6pM/QDFyxAD8vHqLcdK9bPkv6NOnMhnk
8or9mf9kuX+/bkhNTYHHCAaGj3Bs3bYPmqYZowgYhsHkK0ZUWc7ptGPQhT2wdNlGMAwDTdOwe/dh
qKpqnMj7q5n4H1cUBf/9+kfccN0EYxme5/DG6w9GXO94tTNoYA8MGtgj4jIA0Lx5E5w4eRr+uIfL
5aky+mXX7kNBU04YhsGUyaNwLoZhYqokEs/tHspVU0Zj5IgBUfsRiShK2LnrkNE/f2Do978bXmXZ
jHQn+vbpgjVrtxrrtGPnQVx15eha9YHEhgIcjZCmAV5RL6Hq17OVE9w5V3hsZg6ts/TkmeU+BUdO
e3HGJSHbWbUSiaSoOF1WeWKRk2ap0h4A8CyD5hn6gVjzDH2HxzCMMeIhXu3EkygH98lqYrD1WFnI
RFU+SYWsqLCYOMArAxpwxiUixVL9eX6EkOoLTA46/tIheGbGe/B4fPjs8yW4+abLwXGVwcaCgiIs
WrwaANCvb1dcEHBFzBNlisr+A8eMv4cM7hm1X3a7Ff37dcOatVshSTKOHM1Ht65tY12tIMFJzGo/
as2/DYDgqT2BevboiPbtWuDQ4RNYuHg1Hnvk5ogn9LGK57pEayuR37ODh44bfwcObQ7Hn/g1lMMB
w7UzM1KjTq8JDL7knzpDAQ6SsPy5kfr36wa73YayigTAy1duwl1/mQaLxYSiolJs2rTLSC7arJke
xLNYzEYJ0Ej2H8gLGuHBsgwOHjyOI0fyqyzrKncHjZA4mX8GkqTAYtFPtHv16gSe54yytgDw8ScL
sXDRalw0pBd69+qE3r06IzMztUrbgeLVzrmOHM3H4cMnkHe8AC6XBz6fXoJ3/4E8KIpinJgHrqPf
0aP5QdvJ6bSjc6fW1Xr9QPHc7qFkxuH3ShRlHD2m94dh9O0SqZ+iKBl/a5pmBJ5J3aMARyPklRTI
KrDnpP7DoE+rSK+ynM3MwuUDujZ3YtOhEqiahrX7z+J3/XKqLKtWBE387BFGLLARMljHq514UjXA
LVSWqT1ZLODLtbFVEtAA+MTqzVcnhNRcYIDD4bDj6qlj8eHHC3As7xTWrd+Oi4f2MR5fsGi1cZB0
/XUTjPs1TTNyeYRTUlwZIM5tlh1T3/w5HYD4jLyIB1XV8OVXPwDQh9uOHjkw5HIsy2DaVWPw4ssf
Q5ZlfP/jOlx3zfjz2dVaS+T3rKy0skpBbQNHRWcrp5P+tOwX/LQs+vBtP7e7avlzQhKFf79stZox
etSFmDd/JVRVhcfjw4aN23HJsH5GQM8fCLhocC9kZOhBPK83eoCjuLgsaGSCoqh46ZVPYupfWVk5
NK0ygNm0SQbuunMa/u/NL4xy2wBQVFSCBQtXYcFCvXJVp46t8btJl2DM6IEwm6teRIxXO36bNu3C
rI8X4ODBPCiKGjX5Zyh6OdXK58UySiOSeG73uqIoilFRRlU1qKr+PsTaz0T53W8MKMDRCHkEBYcL
3caUC45j8e2mfIQa/6BoGjxC5Qn61iNlmNQvp8qSmqYhMMBrCjPfN5p4tRNPmqYhSpXJiJQQkW9C
SN0ITHgGAFMmj8KHHy8AAHw1Z6kR4FAUFZ9VJBd1Ou0YN2ZQQBvRv7OBV2ZM5th+Sv2la899fn36
ZdMu46qSw2HHS6+GP1ALTJD2369+TLoARyK/Z6JU2Xa4vCAxtyXUvJ+SRAF5kri8AdWthl/SDwsX
/WwEMpYt/wWXDOuHnyryMQROT0lJ0adgu8ujB/DcMYzyCEeS5Cr5PcZfOgStWuXgw4/mY+euQ1AU
1cjJ4Lf/wDG8+tpsfPzpQjz0wI3o369blbbj1c7/5i7D+7O+NXKU+PmnXASONgscMXKuc/NU+afR
1FS8t3td0DStVuVehQT53W8MKMDRyCiqBp+kYkdeuXGfLKs4UFEqNppit4Tdx8vRvWVwIjWGYWDm
K3eKvhoONY5XO/HEMIxRXQYAerRy4uIumTE/v10Tmp5CSH3p3q0dBvTvhk2bd2PJd2tw6uGb0axZ
Ftat32bkY7jm6kurVKuIJrAiRSwHzQCMKz8AEmYawPyK8q+AfkXu6zlLIyxdacfOg9ix82CVRHeJ
LJHfsxR75e9ELMPoI7HZK/Nx3Pnnq/CHGybG/NwMKhNLEpgv4OTygu7tkdM0EydOnoamaVi7bju2
7ziAPXuOGMlFu3Rug44dW4FlGaiqGtMJpt1uReAAYYvFFNO0MT+r1Vzlvgu6t8fL/7wHu3cfxqZf
d2P1mt9w7FgBNE2tyKmhH+ueOVOCJ59+F2+89kDI0re1bWfvvqN4f9a3UBTFCG7k5mbjtlt+j65d
2iE1NQUMw+D5f36ITZt2QVVVhCs843TYgYDLnWfOlMS8jUKpi+0ebyzLwGrV968cx4JlOZhMHC7o
3j7qc0NNayd1hwIcjYxHUOAVVRw5rQc0uIqqJNHIimaM+NhwoLhKgINjGTitlR+nUk/4H5Fzo6yB
3/l4tRPpvuriWCZoqoxPVNEhxx4yNwghJPFcf+0EbNq8W082unAVbr9tMr4OqBpy5RUjq91mTk5l
kHP/wdgqmezcfcj4u0l26ITN51NZmRvfzFsBQD84bN+uRdTnuD0+Y8TH/AWrkirAkcjvWZOmlW2f
OHG6Vm0Flr0tLilDTtPYA/KEJLLAKYgsy2Ls2MH4dPYiyLICRVHwyr9mA6gcvTFoYA8jMCmKctUG
Q2iSnY7AE3dFUfHowzfXqKRoIIZh0L17e3Tv3h433nAZzpwpwW9b92Hut8tw+PBJKIoKRVHg8wlY
8t1a3HnHVUaVjni1s/SnjcY6AXo1lhef/1vQVDwA4CIk6/TLzs4IOsY+VVAEQRCDRr1VR11t93ji
OA6ZGXoQWNP0c4xE7CehAEej4xEV7DxeZkyb6Jybggl9mkZ5FlDuU/DesqPQNGB3vhteUYHNXHnS
b+FZ5GZUXgHNLxYgyCosfPBOUlY0nCrVI/C7TpSjyCUixcJhdI9spFi4uLXjj5QG/jYIcs2G3pp5
BrnplVfEjp/1osQtIcsZficuKxp4jgIghCSCMWMGIi3NgdLScsz+fAkmTrwYi5foiTUvGtILnWqQ
GC3wxH7Zsl8gilLEOc/Hjp3C/v16ksucpplo2TL6freuLf1pgzGn/fprJ+CxR26O+pyiolIMGXYz
FEXFnLk/4b57rotYWSSRJPJ71r1rZUWXDRu3Q9O0iFf8lq/YhMNH9FxQU68cA6ezcnRKt4C2li37
BeLjkdeTkGShnDOc4OKhfSqmGurHdydOFILnOaiqCo5jMXhQD+OzH2ueiQu6d8DiJWuM27KsYPnK
TbjidyPCPqeoqLRK7hxJkvH1/5ZCUVSj2svQIb3QuXMbAEB2djrGjB6IIYN74k93PoezZ8uMKScn
ThZCEETY7da4tQMABw8eD9oOHdq3qBLciFWXLm2w6udfjduCIGLDxh24ZFi/GrUXr+1elywWEzp0
bIWf1/xWEUTTE7+uWLk5ZCWV+uonAeJbT5MkNFFWISkadh2vnJ7Sq3UqctIsEf+lWDg4rBxaVpRr
lWUVGw8GD0WzmVmk2njkpOkHui6fjN+OVE2m4/LpEXRVA9bsOYtfDpZg3f5imCuCAfFqxx9bSLFU
xvBOFledN+fyyVA1LahKyrnsZg5ZTjMyHXpAwyepWLXnrFHKNpCm6dN4TpUK2JfvrvI4IeT8s9us
Rr374ycKMf3B14zhudddW7M8EunpToy/dAgAoLjEFVSJJJTZFfk+AODqaeMSYrjqVwHTUSZGqMoR
KCsrDePH6etdWlqOlat+jfKMxJHI71l2djouGaaX3j1w8Dg2bd4ddllV1fDiyx/juRdm4dXXZsNi
CQ5etGjeBH37dgEAFJ4uxryAaUihKIqKXbsORVyGkETUtk0uOnVqbYxQ0DTNCAL069sVLWpw8j6g
fzfYbJag7/t773+DHTsPVllWFCV8MnsR/nrPS0bA0Y/nOSxY+DNmf7YEsz9bjNmfLcbCRVX3OSkp
NmN0mP81WZY1AhHxagcAZCX4Ql9RUSkkKXhky8n809i9+zCAyPmo+vXtWvEaldvpo08WViQfrXTq
VBGWVeRFiRRkitd2r0s8z6N/325G0Mw/Uuj9WfPC9nPWR/Px13tewomTtRuZR6qHAhyNiEdQUFAi
4IxLP5l3WDl0b+GEiWMi/kupmJ7RvWXlsNdNh0qD2jbzLCw8i/7tKiOUi38rxJHTHpR5ZZR6ZRSW
icY0l593F8Hlk8EwQI+WTpgqRmjEqx0Tz4JhgKZplaMsthwpxalSAaUeGaUevZ1Sj4wSj4Tvt4Xf
8XCsvg0GdqysNLN2fzE2Hy7FaZeIMq+MMq+MYreE/BIBpR4JC38txLtLj+K7rYXVeIcIIXVlSsA0
lF827QIAZGamYeTwATVu87ZbrjD+nvH8BzgUUJ4z0MpVv+LDj+cD0PNAXDNtbI1fM14OHDxubId2
bZtXa67z7wKuVM2Z+1OEJRNPIr9nN980yfj7iaffQck5Jwp+733wDQ4c0KfYTL1yTMjRGXfdMdX4
+9kZ72Prtv0h2xJFCc/OeA+/v3I6Ppm9qDbdJ6RejB09CGzAlAr/SfSggT1qlPgyLc2Ba66+NKik
uM8n4sGH/w//fPljLFj4MxYvWYNZH87H7X+egS++/B5nzpTg0b//O6hEM8MwmDh+aFAAYNGS1Zj9
+RIUFp6FLCsoLS3HvPkrsXff0aC+t22TC5OJj2s7gD5iIzCAUHS2FM+9MAtbt+7Dzl2H8M23y3Hf
/f9CmctdkadDP4HXS8YGb6e2bXLRv183sGzldjp6NB933f1PfDp7MRYsXIWZ787BXXf/E0VnSyHL
SsQAR7y2e11r06YZJo6/CACMdZJlGQ898kZQPz/4cB5uuvkpfPb5EhQVleLJp94JqnBF6hZNUWkk
NAAeUcX2vMoyeV2aO2CPUDPaz8yz4FkGnXPtWLaThSSrOHHWhxPFPrQImE6SkWJCt5YO7DjuwrEz
Xri8Mt5fnocB7dOQm26F2cTirEvEr4dLkV+ij6ZwWnhc1jc4wh6vduxmDt1aOLFun17iNr9YwEcr
jqNvuzSk23l4RAXHznix50Q5hCjJTNPsJvRpk4qDp9zYf8oNRdHwzcZT6NHKic65KUi18RAkFSdK
fPjtSBlK3HrukOLy2OZ8EkLqVseOrXDRkF5Yu26bcd/1146vVWKyvn264K47p+KtmV+jpLQcU6Y+
iLv/eg0uGtILTmcKzpwpwQ8/rsd/3p9rXAmb8cydyMnJqvX61Ja/rCAATL1qTNDBczQXX9QH6WkO
lJSWY/mKTThx8jRaNK9dicDzJZHfs0uG9cPllw3DwkU/Y//+Y7hiynTc/der0a1be9htFhzNO4WP
P1mIFSs3AwCaNcvC3+66OmRbI0cMwLXXXIovvvweHo8PV1/3KP58+xSMGT0QTZtkwFXuxa5dhzDr
o/nYvuMAAP1KKyHJ5qIhvTDz3TlgGMY4gbbbrRg8qGeNR11dOXkUtm3bj42/7DRO8kVRwk/LNmL5
ik3Qc0VoRmJPTdNw9mwpjp8oRLuAXEaTrxiBlas241heAZSK0RMffjQfn3y6sEpQxt9OVmYaRo4Y
EBS4jFc7l44dgu++XweWZY31+nn1FqxdtxUMUzkK5tzqLC6XxyhNG+jPt0/B1m37oaqVSUvz88/g
088WG78pgX06X9u9LqWk2HDllNHYu/8Ydu8+DEmSKxKOsli+YjOWr9gUYp01FJ4+i5MnTyMrk6aq
nA8U4GgkfKICSVGxL7/yilDvNqkxJ8q0mTnIqoaOOXbsPqG3sXZvMaYOzjWW4TkG2Q4zftc/B1+t
y0dhmQCPoGDV7rMh20xP4XHriNZITwm++hSvdtLsPHySios6Z2D1Xv25hWUCvg8YVeH/7WuZZcXJ
swLUMDtgBkC204TJFzbD3I2ncKDADVXTsO1YGbYdC13Xun/7NEwbkhvyMULI+XfdteODAhyTfz+i
1m3ee/d18Hh8+PDjBXC5PHjuhVlhl/3HM3dg0uXDav2atSVJMr76+kfj9qXjBlfr+VarGVMmj8Ks
j/QRDosWr8afbpsc1z7WpUR+z16YcReKikqxbv025B0vwIOPvBFyubZtm+M/Mx+LOK/7qcdvh6Zp
+PK/P0CSZPz77a/w77e/Crns7bdNxvT7ro/LOhByPmVlpWHghRdg3fptxvSUIYN6Ijs7Pcozw+N5
Do8/dite+7/PsHzF5oCRDKqRoDNQamoK/nbXNbh4aN+g+x0OO555+g48/ey7OHIkP2o7WVnpmH7f
9WjXrnmdtNO1a1vcfttkvPf+N5AkzTgB19uoTDzauVNr7N13FBzHGklLT5w8jabnJCxu1SoHjz92
C56d8R4EQQpoT4F/NgzHsWjevAlOVkzRiBToiNd2r2u5udl4aPof8OZbX+HXLXvC9g/Q1z87OwMP
3H8DevboeF772ZjRFJVGwi0o2J/vNvJGZDnNaJttj/KsSjaz/lHp1qKyhNy2Y2VQztlPWUws2mTb
cOuoVrioc2bICi0WE4uhXTIw/bIOaJEZujRjPNphGQY5aWaM6J6FCX2awmnjz3kcSLXxGNY1E1cO
zI2aFJRlGDRLt+Cm4S0xqX8OmqSGTqyX7TTjuqHNcf3QFlRphZAEMnL4AGRWXD0ZNfJCtGlT+wAk
yzJ4/LFb8dEHT2PwoJ5VHud5HuMvHYKF817HddfULN9HvK1bvw2Fp4sB6POe27ZpHuUZVV028WLj
7y+/+iHiXO1Ek8jvmd1uxYfvP4lnn74jZFWb9DQH7v7rNfh2zivo0L5qGclAJhOPGc/ciVnvPYnB
g3qEXKZ3r054753H8ciDNwUNDSckmYwaeWHQSIahQ/sETc2oCZvNgkcfvhnP/eMvGNC/W8jvR3q6
E5OvGIm33ngYo0YOCFm5r0XzJnj91em47dYr0KxZVshRJVlZ6bhqymi8/up0DLzwgpCvFa92plwx
EjOevRPdu7WrUqWlU6fWePiBG3HtNZfCZDIFTT/Z/OtuI+AQaNDAHnjz/x7C4EE9qrTXrm1zPDj9
D+jftytMJj6ozzwf+hQ0Xtu9LjEMg9atc/HUE7fj/nuvR7du7aq8HwzDICcnC3+8cRLefvNhI2cJ
OT8YLda0woRUkwY9IWl+Rd4LRdWQnmJCq0xrtU7849GOqulJVvNLBJR5JZhYFukpPHIzrKjpflHV
NJwtl1BYJsArqrCZWeSkWZHloGz1hDRWRUWlOJl/Gh6PD05nClq1zAmqcEESTyK/Z8dPFOL06WKI
ooSMjFR0aN+ixoGI4uIyHD9RiPJyD6wWC5q3aEIlZAmJkcfjw8n8MygpdsFk5pCZkYomTTNhrUZZ
VE3TUFhYjDNFJXC7fTCbOTTJzkDTppnVCsjEq53CwrMoqMjjkZWVhpyK57MxlIkNpbi4DPmniuDz
CcjMcCI3twnMZhOef/FDrF7zG2RZhqpqsFot+GbOyzFVd4rHdq9riqKitLQcpwqK4HF7YU+xITsr
DZmZaeB5ChzXBwpwEEIIIYQQQgipFkEQ8euWPRgyuFfIx4uKSnHr7c9CECWIop6frmvXtnjz9Qdr
HEghJBrKwUEIIYQQQgghpFo++mQh5n6zHJdNGIrrrh0flPvkwME8vPnv/0IQpaDpLYMH9qTgBqlT
NIKDEEIIIYQQQkjM1m/Yjqef/Q8kSa+wwnEsOnZsjfQ0hzG9DgBUVTOqsGRnp2Pmvx9FZmZqvfWb
NHw0goMQQgghhBBCSMw8Hh9YljVK9CqKir17j1TcB2iani/Efy3d4bDj0Yf+SMENUudoBAchhBBC
CCGEkGr5bes+fPDhPOzZcyRklRW/fn274s9/uhIdO0Su/kRIPFCAgxBCCCGEEEJItWmahl27D2PL
lr34//bu5yfKs9/j+HcYYBBtMY6phYSapifjqTFR06ck0I0tS2AppqvSlf+DaZMn0S1dutbEtikL
00ZNcGHsRjHYpBBN26AJOaJYe4qBhgy/4SwaydOD2FaBe676eiWuVOaznLy5rvseufM/8b+/TkZ1
vip27nwl/uut5vjXv/bHf+/b61XUbBmBAwAAAEieR9gCAAAAyRM4AAAAgOQJHAAAAEDyBA4AAAAg
eQIHAAAAkDyBAwAAAEiewAEAAAAkT+AAAAAAkidwAAAAAMkTOAAAAIDkCRwAAABA8gQOAAAAIHkC
BwAAAJA8gQMAAABInsABAAAAJE/gAAAAAJIncAAAAADJEzgAAACA5AkcAAAAQPIEDgAAACB5uYhY
yXoEAAAAwItwggMAAABInsABAAAAJE/gAAAAAJIncAAAAADJEzgAAACA5AkcAAAAQPIEDgAAACB5
AgcAAACQPIEDAAAASJ7AAQAAACRP4AAAAACSJ3AAAAAAyRM4AAAAgOQJHAAAAEDyBA4AAAAgeQIH
AAAAkDyBAwAAAEiewAEAAAAkT+AAAAAAkidwAAAAAMkTOAAAAIDkCRwAAABA8gQOAAAAIHkCBwAA
AJA8gQMAAABInsABAAAAJE/gAAAAAJIncAAAAADJEzgAAACA5AkcAAAAQPIEDgAAACB5AgcAAACQ
PIEDAAAASJ7AAQAAACRP4AAAAACSJ3AAAAAAyRM4AAAAgOQJHAAAAEDyBA4AAAAgeQIHAAAAkDyB
AwAAAEiewAEAAAAkT+AAAAAAkled9QDg+RWLxTh06FBERAwNDcXExETGiwAAALKRi4iVrEcAf19n
Z2e0t7dHfX19RESUy+X47LPPYmxsLONlwMssl8tFbW3t6p98Ph+5XC4iIlZWVmJpaSnm5+dX/6ys
+BoCAGwMgQMSUyqVoqenJ4rF4pq/GxkZid7e3gxWAS+zXC4XhUIh6uvrY/v27dHY2BhNTU2xZ8+e
ePXVV6O6+vcDo4uLi/Hbb7/Fo0ePYnx8PB4+fBjT09NRLpfFDmBLFIvF6O7uXj0BWwmGhoair6/P
SVzYAAIHJKJYLEZPT0+USqVn/rvjx49v0SLgZfckbDQ0NMT+/fvj8OHDsXfv3qirq/tL/392djZG
R0fj5s2bcffu3Ziamoq5uTmhA9gUxf7kQnIAAAmySURBVGIxPvnkk9XTr5WkXC7HqVOnRA54QZ7B
ARWuvr4+Pvjgg+jq6sp6CsCq6urqaGhoiJaWlmhra4vdu3dHVdXfe3Z5XV1dvP3227Fv37749ddf
4/r16zE4OBhTU1OxuLi4ScuBl9WxY8cqMm5E/P5979ixY3H69Omsp0DSBA6oYK2trdHV1fXU6ygA
WampqYkDBw5ER0dHNDU1RT6ff6GfV1VVFa+99lp0dXXFO++8E5cuXYrbt2/HwsLCBi0GiDh48GDW
E56p0vdBCgQOqEDNzc3R3d39p9dRALZaVVVVdHZ2xvvvvx+FQmFDf3Y+n4/m5ub4+OOP4+rVq/HN
N9/E8vLyhn4GQCVrbm72wHh4AQIHVJD6+vo4evRotLW1ZT0F4Kk+/PDDaG1tjZqamk37jEKhsPqW
qM8//3zTPgeg0mzbti3rCZA0gQMqRHt7e3R2dlbs3VDg5VZVVbUlceOJmpqaaG1tjYiIL7/80kkO
AOBPCRyQsVKpFN3d3dHc3Jz1FICnqqmpia6uri2LG//5ua2trTEzMxMXLlzwTA4A4JkEDshIJb6H
HeD/q66ujgMHDsSRI0e2NG48UVNTE0eOHInR0dG4deuWt6sAAOsSOCADnZ2dq/fLASpVLpeLhoaG
6Ojo2PAHiv4dhUIhOjo64t69e/H48eNYWVnJbAsAULkEDthChw4diu7ubq99BZJQKBSipaUlmpqa
sp4STU1N0dLSElevXo3Z2dms5wAAFUjggC1QLBajp6fHa1+BZDw5vdHW1hb5fD7rOZHP56OtrS2+
//77ePTokVMcAMAaAgdsovr6+tXrKAApKRQKsX///ti9e3fWU1bt3r073nrrrZicnHSKAwBYQ+CA
TdLa2hrd3d2eswEkqb6+Pg4fPhxVVVVZT1lVVVUV7777bvzwww8CBwCwhsABG6xUKkVXV5frKECy
crlcbN++Pfbu3Zv1lDXefPPN2LFjR0xOTrqmAgD8gcABG6S+vj6OHj0abW1tWU8BeCG1tbXR2NgY
dXV1WU9Zo66uLhobG+OXX36Jubm5rOcAABVE4IAN4LWvwD9JbW1tRbw5ZT1NTU3x448/ChwAwB8I
HPACSqVS9PT0eO0r8I9SW1sbe/bsyXrGunbt2hXV1b7CAAB/5NsBPKePPvrIdRTgHymfz0dDQ0PW
M9a1c+dOgQMAWKNyHo0OCSmVSuIG8I+Vy+Uin89nPWNdhUKhot7uAgBUBt8O4Dns27cv6wkAAAD8
B4EDnsPQ0FDWEwA2zcrKSiwtLWU9Y11zc3OxvLyc9QwAoMIIHPAcxsbGYmBgIOsZAJtiaWkppqam
sp6xrsnJyVhcXMx6BgBQYQQOeE5nzpyJ3t7euH//ftZTADbU/Px8PHr0KOsZ63r8+LHAAQCsIXDA
CxgZGYmTJ09GX19fzMzMZD0HYEPMz8/H+Ph41jPWNT4+HvPz81nPAAAqjMABG+DKlStx4sSJuHLl
StZTAF7Y/Px8PHz4MGZnZ7Oessbs7Gw8fPhQ4AAA1hA4YIOUy+Xo6+uLU6dOxcjISNZzAJ7byspK
TE9Px+joaNZT1hgdHY3p6elYWVnJegoAUGEEDthgY2Nj0dvbG2fPno2JiYms5wA8l5mZmbh582ZF
va1keXk5vvvuO1cCAYCnEjhgk1y/fj1OnToVFy9ezHoKwN82NzcXd+/erahQOzExEXfv3o25ubms
pwAAFUjggE1ULpfjwoULceLEiRgeHs56DsBftrKyElNTU3Ht2rVYWlrKek4sLS3FtWvXYnJy0vUU
AOCpBA7YAhMTE3H69Ono7e2tqN+GAjzL3NxcDA4OVsQbVR48eBCDg4NObwAA6xI4YAuNjIzEiRMn
4uLFi+6QAxXvySmOS5cuZRoWZmdn4/z58zE1NeX0BgCwLoEDMvDk2srAwEDWUwCeaXFxMW7fvh3f
fvttLCwsbPnnLywsRH9/f9y5cycWFxe3/PMBgHQIHJCRcrkcZ86cid7e3rh//37WcwDWtbCwEF9/
/XXcuHFjSyPHwsJC3LhxIy5fvixuAAB/SuCAjI2MjMTJkyfj7Nmzrq0AFWt5eTnOnTu3ZZHjSdw4
d+5cRb2qFgCoXNVZDwB+d/369RgaGorOzs5ob2/Peg7AU33xxRdRLpfjyJEjUSgUNuUzZmdno7+/
Py5fvrwpPx8A+GcSOKCClMvl6Ovri4GBgeju7o5SqZT1JIA/WF5ejgsXLsTo6Gh0dHREU1NT5PP5
DfnZS0tL8eDBgzh//nzcuXPHyQ3gpeM0L7wYgQMq0NjYWPT29sahQ4eiu7s7isVi1pMAVi0sLMSt
W7fi3r170dLSEu+9914Ui8Woqnq+m6/Ly8sxMTER165di8HBwZiamvLMDeClNDY2lvUESFo+Iv6d
9Qjg6X7++ecYGBiIxcXFaG5ujpqamj/9PxcvXtyCZcDLbnl5OWZnZ2NsbCyGh4fj/v37UVtbG6+8
8kpUV/+135/Mzs7GnTt3or+/P/r7++Onn36K6elpJzeATfHGG2/E66+/nvWMdQ0PD8fNmzezngFJ
y0WEF8pDAorFYhw7diwOHjz4zH93/PjxLVoE8LtcLheFQiG2bdsWO3bsiMbGxmhqaopdu3bFzp07
V5/VMTc3F5OTk/H48eMYHx+Phw8fxvT0dMzMzMTc3FysrPhKAmyeYrEYn376aWzbti3rKWvMzMzE
yZMnY2JiIuspkDSBAxJTKpWip6fnqddWhoeH4/Tp0xmsAvhdLpeL2traqK2tjerq6qiurl69urK8
vByLi4uxuLgY8/PzMT8/L2oAW+qv/sJoKw0PD8dXX30lbsAGEDggUe3t7dHV1bX6W4iZmZno7e11
dxMA4C9obm7O9DTHzMyM722wwQQOSFh9fX20trbGzMxMDA0NRblcznoSAABAJgQOAAAAIHnP9z43
AAAAgAoicAAAAADJEzgAAACA5AkcAAAAQPIEDgAAACB5AgcAAACQPIEDAAAASJ7AAQAAACRP4AAA
AACSJ3AAAAAAyRM4AAAAgOQJHAAAAEDyBA4AAAAgeQIHAAAAkDyBAwAAAEiewAEAAAAkT+AAAAAA
kidwAAAAAMkTOAAAAIDkCRwAAABA8gQOAAAAIHkCBwAAAJA8gQMAAABInsABAAAAJE/gAAAAAJIn
cAAAAADJEzgAAACA5AkcAAAAQPIEDgAAACB5AgcAAACQPIEDAAAASJ7AAQAAACRP4AAAAACSJ3AA
AAAAyRM4AAAAgOQJHAAAAEDyBA4AAAAgeQIHAAAAkDyBAwAAAEiewAEAAAAkT+AAAAAAkidwAAAA
AMn7P8MyeimZ1RPpAAAAAElFTkSuQmCC
" width="800px"&gt;</msg>
<status status="PASS" starttime="20230711 14:30:17.825" endtime="20230711 14:30:18.575"/>
</kw>
<msg timestamp="20230711 14:30:18.576" level="INFO">criteria is bt_switch_mode</msg>
<msg timestamp="20230711 14:30:18.577" level="FAIL">ValueError: Element locator 'id=bt_switch_mode' did not match any elements.</msg>
<status status="FAIL" starttime="20230711 14:30:17.736" endtime="20230711 14:30:18.581"/>
</kw>
<kw name="Wait Until Element Is Visible" library="AppiumLibrary">
<arg>id=tv_mode_buyer</arg>
<doc>Waits until element specified with `locator` is visible.</doc>
<status status="NOT RUN" starttime="20230711 14:30:18.582" endtime="20230711 14:30:18.582"/>
</kw>
<status status="FAIL" starttime="20230711 14:30:17.736" endtime="20230711 14:30:18.583"/>
</kw>
<status status="FAIL" starttime="20230711 14:30:17.736" endtime="20230711 14:30:18.583"/>
</branch>
<branch type="ELSE">
<kw name="Mode Vendeur" library="Navigate">
<status status="NOT RUN" starttime="20230711 14:30:18.584" endtime="20230711 14:30:18.584"/>
</kw>
<status status="NOT RUN" starttime="20230711 14:30:18.583" endtime="20230711 14:30:18.584"/>
</branch>
<status status="FAIL" starttime="20230711 14:30:17.736" endtime="20230711 14:30:18.584"/>
</if>
<status status="FAIL" starttime="20230711 14:30:17.735" endtime="20230711 14:30:18.585"/>
</kw>
<kw name="Close App" library="Base" type="TEARDOWN">
<kw name="Close Application" library="AppiumLibrary">
<doc>Closes the current application and also close webdriver session.</doc>
<status status="PASS" starttime="20230711 14:30:18.586" endtime="20230711 14:30:19.426"/>
</kw>
<status status="PASS" starttime="20230711 14:30:18.585" endtime="20230711 14:30:19.426"/>
</kw>
<tag>firststep</tag>
<status status="FAIL" starttime="20230711 14:29:41.774" endtime="20230711 14:30:19.427">ValueError: Element locator 'id=bt_switch_mode' did not match any elements.</status>
</test>
<status status="FAIL" starttime="20230711 14:29:41.754" endtime="20230711 14:30:19.428"/>
</suite>
<status status="FAIL" starttime="20230711 14:29:41.264" endtime="20230711 14:30:19.429"/>
</suite>
<statistics>
<total>
<stat pass="0" fail="1" skip="0">All Tests</stat>
</total>
<tag>
<stat pass="0" fail="1" skip="0">firststep</stat>
</tag>
<suite>
<stat pass="0" fail="1" skip="0" id="s1" name="Tests">Tests</stat>
<stat pass="0" fail="1" skip="0" id="s1-s1" name="HomeTest">Tests.HomeTest</stat>
</suite>
</statistics>
<errors>
</errors>
</robot>
