<?xml version="1.0" encoding="UTF-8"?>
<robot generator="Robot 6.0.2 (Python 3.11.4 on win32)" generated="20230711 11:31:55.213" rpa="false" schemaversion="3">
<suite id="s1" name="Tests" source="C:\Users\monsh\PycharmProjects\Occazio\Tests">
<suite id="s1-s1" name="HomeTest" source="C:\Users\monsh\PycharmProjects\Occazio\Tests\HomeTest.robot">
<test id="s1-s1-t1" name="Demarrage" line="8">
<kw name="Run Keywords" library="BuiltIn" type="SETUP">
<arg>Base.Start Appium</arg>
<arg>AND</arg>
<arg>Base.Occasio app</arg>
<doc>Executes all the given keywords in a sequence.</doc>
<kw name="Start Appium" library="Base">
<kw name="Set Variable" library="BuiltIn">
<var>${command}</var>
<arg>${APPIUM_COMMAND}</arg>
<doc>Returns the given values which can then be assigned to a variables.</doc>
<msg timestamp="20230711 11:31:55.566" level="INFO">${command} = appium -p 4723</msg>
<status status="PASS" starttime="20230711 11:31:55.566" endtime="20230711 11:31:55.568"/>
</kw>
<kw name="Run And Return Rc" library="OperatingSystem">
<arg>${command}</arg>
<doc>Runs the given command in the system and returns the return code.</doc>
<msg timestamp="20230711 11:31:55.579" level="INFO">Running command 'appium -p 4723 2&gt;&amp;1'.</msg>
<status status="PASS" starttime="20230711 11:31:55.568" endtime="20230711 11:31:56.581"/>
</kw>
<kw name="Log To Console" library="BuiltIn">
<arg>${command}</arg>
<doc>Logs the given message to the console.</doc>
<status status="PASS" starttime="20230711 11:31:56.582" endtime="20230711 11:31:56.582"/>
</kw>
<status status="PASS" starttime="20230711 11:31:55.564" endtime="20230711 11:31:56.582"/>
</kw>
<kw name="Occasio app" library="Base">
<kw name="Open Application" library="AppiumLibrary">
<arg>${Hub}</arg>
<arg>automationName=${ANDROID_AUTOMATION_NAME}</arg>
<arg>platformName=${ANDROID_PLATFORM_NAME}</arg>
<arg>platformVersion=${ANDROID_PLATFORM_VERSION}</arg>
<arg>app=${ANDROID_APP}</arg>
<doc>Opens a new application to given Appium server.
Capabilities of appium server, Android and iOS,
Please check https://github.com/appium/appium/blob/master/docs/en/writing-running-appium/server-args.md
| *Option*            | *Man.* | *Description*     |
| remote_url          | Yes    | Appium server url |
| alias               | no     | alias             |
| strict_ssl          | No     | allows you to send commands to an invalid certificate host like a self-signed one. |</doc>
<status status="PASS" starttime="20230711 11:31:56.583" endtime="20230711 11:32:01.554"/>
</kw>
<status status="PASS" starttime="20230711 11:31:56.582" endtime="20230711 11:32:01.554"/>
</kw>
<status status="PASS" starttime="20230711 11:31:55.564" endtime="20230711 11:32:01.554"/>
</kw>
<kw name="Unboarding" library="Navigate">
<kw name="Wait Until Element Is Visible" library="AppiumLibrary">
<arg>id=bt_start_showcase</arg>
<arg>15s</arg>
<doc>Waits until element specified with `locator` is visible.</doc>
<msg timestamp="20230711 11:32:15.546" level="INFO">criteria is bt_start_showcase
criteria is bt_start_showcase
criteria is bt_start_showcase
criteria is bt_start_showcase
criteria is bt_start_showcase
criteria is bt_start_showcase
criteria is bt_start_showcase
criteria is bt_start_showcase
criteria is bt_start_showcase
criteria is bt_start_showcase
criteria is bt_start_showcase
criteria is bt_start_showcase
criteria is bt_start_showcase
criteria is bt_start_showcase
criteria is bt_start_showcase
criteria is bt_start_showcase
criteria is bt_start_showcase
criteria is bt_start_showcase
criteria is bt_start_showcase
criteria is bt_start_showcase
criteria is bt_start_showcase
criteria is bt_start_showcase
criteria is bt_start_showcase
criteria is bt_start_showcase
criteria is bt_start_showcase
criteria is bt_start_showcase
criteria is bt_start_showcase
criteria is bt_start_showcase
criteria is bt_start_showcase
criteria is bt_start_showcase
criteria is bt_start_showcase
criteria is bt_start_showcase
criteria is bt_start_showcase
criteria is bt_start_showcase
criteria is bt_start_showcase
criteria is bt_start_showcase
criteria is bt_start_showcase
criteria is bt_start_showcase
criteria is bt_start_showcase
criteria is bt_start_showcase
criteria is bt_start_showcase
criteria is bt_start_showcase
criteria is bt_start_showcase
criteria is bt_start_showcase
criteria is bt_start_showcase
criteria is bt_start_showcase
criteria is bt_start_showcase
criteria is bt_start_showcase
criteria is bt_start_showcase
criteria is bt_start_showcase
criteria is bt_start_showcase
criteria is bt_start_showcase
criteria is bt_start_showcase
criteria is bt_start_showcase
criteria is bt_start_showcase
criteria is bt_start_showcase
criteria is bt_start_showcase
criteria is bt_start_showcase
criteria is bt_start_showcase
criteria is bt_start_showcase
criteria is bt_start_showcase
criteria is bt_start_showcase</msg>
<status status="PASS" starttime="20230711 11:32:01.556" endtime="20230711 11:32:15.546"/>
</kw>
<kw name="Click Element" library="AppiumLibrary">
<arg>id=bt_start_showcase</arg>
<doc>Click element identified by `locator`.</doc>
<msg timestamp="20230711 11:32:15.547" level="INFO">Clicking element 'id=bt_start_showcase'.</msg>
<msg timestamp="20230711 11:32:15.610" level="INFO">criteria is bt_start_showcase</msg>
<status status="PASS" starttime="20230711 11:32:15.547" endtime="20230711 11:32:15.610"/>
</kw>
<kw name="Wait Until Element Is Visible" library="AppiumLibrary">
<arg>id=indicator_showcase</arg>
<doc>Waits until element specified with `locator` is visible.</doc>
<msg timestamp="20230711 11:32:16.392" level="INFO">criteria is indicator_showcase</msg>
<status status="PASS" starttime="20230711 11:32:15.610" endtime="20230711 11:32:16.392"/>
</kw>
<kw name="Run Keyword And Return Status" library="BuiltIn">
<var>${buttons}</var>
<arg>Page Should Not Contain Element</arg>
<arg>id=bt_stop_showcase</arg>
<doc>Runs the given keyword with given arguments and returns the status as a Boolean value.</doc>
<kw name="Page Should Not Contain Element" library="AppiumLibrary">
<arg>id=bt_stop_showcase</arg>
<doc>Verifies that current page not contains `locator` element.</doc>
<msg timestamp="20230711 11:32:16.411" level="INFO">Current page not contains element 'id=bt_stop_showcase'.</msg>
<msg timestamp="20230711 11:32:16.411" level="INFO">criteria is bt_stop_showcase</msg>
<status status="PASS" starttime="20230711 11:32:16.392" endtime="20230711 11:32:16.411"/>
</kw>
<msg timestamp="20230711 11:32:16.411" level="INFO">${buttons} = True</msg>
<status status="PASS" starttime="20230711 11:32:16.392" endtime="20230711 11:32:16.411"/>
</kw>
<for flavor="IN RANGE">
<var>${index}</var>
<value>4</value>
<iter>
<var name="${index}">0</var>
<kw name="Run Keyword If" library="BuiltIn">
<arg>${buttons}</arg>
<arg>Swipe By Percent</arg>
<arg>90</arg>
<arg>50</arg>
<arg>10</arg>
<arg>50</arg>
<arg>200</arg>
<arg>ELSE</arg>
<arg>Exit For Loop</arg>
<doc>Runs the given keyword with the given arguments, if ``condition`` is true.</doc>
<kw name="Swipe By Percent" library="AppiumLibrary">
<arg>90</arg>
<arg>50</arg>
<arg>10</arg>
<arg>50</arg>
<arg>200</arg>
<doc>Swipe from one percent of the screen to another percent, for an optional duration.
Normal swipe fails to scale for different screen resolutions, this can be avoided using percent.</doc>
<status status="PASS" starttime="20230711 11:32:16.412" endtime="20230711 11:32:16.931"/>
</kw>
<status status="PASS" starttime="20230711 11:32:16.412" endtime="20230711 11:32:16.932"/>
</kw>
<status status="PASS" starttime="20230711 11:32:16.412" endtime="20230711 11:32:16.932"/>
</iter>
<iter>
<var name="${index}">1</var>
<kw name="Run Keyword If" library="BuiltIn">
<arg>${buttons}</arg>
<arg>Swipe By Percent</arg>
<arg>90</arg>
<arg>50</arg>
<arg>10</arg>
<arg>50</arg>
<arg>200</arg>
<arg>ELSE</arg>
<arg>Exit For Loop</arg>
<doc>Runs the given keyword with the given arguments, if ``condition`` is true.</doc>
<kw name="Swipe By Percent" library="AppiumLibrary">
<arg>90</arg>
<arg>50</arg>
<arg>10</arg>
<arg>50</arg>
<arg>200</arg>
<doc>Swipe from one percent of the screen to another percent, for an optional duration.
Normal swipe fails to scale for different screen resolutions, this can be avoided using percent.</doc>
<status status="PASS" starttime="20230711 11:32:16.932" endtime="20230711 11:32:17.467"/>
</kw>
<status status="PASS" starttime="20230711 11:32:16.932" endtime="20230711 11:32:17.467"/>
</kw>
<status status="PASS" starttime="20230711 11:32:16.932" endtime="20230711 11:32:17.467"/>
</iter>
<iter>
<var name="${index}">2</var>
<kw name="Run Keyword If" library="BuiltIn">
<arg>${buttons}</arg>
<arg>Swipe By Percent</arg>
<arg>90</arg>
<arg>50</arg>
<arg>10</arg>
<arg>50</arg>
<arg>200</arg>
<arg>ELSE</arg>
<arg>Exit For Loop</arg>
<doc>Runs the given keyword with the given arguments, if ``condition`` is true.</doc>
<kw name="Swipe By Percent" library="AppiumLibrary">
<arg>90</arg>
<arg>50</arg>
<arg>10</arg>
<arg>50</arg>
<arg>200</arg>
<doc>Swipe from one percent of the screen to another percent, for an optional duration.
Normal swipe fails to scale for different screen resolutions, this can be avoided using percent.</doc>
<status status="PASS" starttime="20230711 11:32:17.468" endtime="20230711 11:32:17.988"/>
</kw>
<status status="PASS" starttime="20230711 11:32:17.468" endtime="20230711 11:32:17.989"/>
</kw>
<status status="PASS" starttime="20230711 11:32:17.467" endtime="20230711 11:32:17.989"/>
</iter>
<iter>
<var name="${index}">3</var>
<kw name="Run Keyword If" library="BuiltIn">
<arg>${buttons}</arg>
<arg>Swipe By Percent</arg>
<arg>90</arg>
<arg>50</arg>
<arg>10</arg>
<arg>50</arg>
<arg>200</arg>
<arg>ELSE</arg>
<arg>Exit For Loop</arg>
<doc>Runs the given keyword with the given arguments, if ``condition`` is true.</doc>
<kw name="Swipe By Percent" library="AppiumLibrary">
<arg>90</arg>
<arg>50</arg>
<arg>10</arg>
<arg>50</arg>
<arg>200</arg>
<doc>Swipe from one percent of the screen to another percent, for an optional duration.
Normal swipe fails to scale for different screen resolutions, this can be avoided using percent.</doc>
<status status="PASS" starttime="20230711 11:32:17.990" endtime="20230711 11:32:18.543"/>
</kw>
<status status="PASS" starttime="20230711 11:32:17.989" endtime="20230711 11:32:18.543"/>
</kw>
<status status="PASS" starttime="20230711 11:32:17.989" endtime="20230711 11:32:18.543"/>
</iter>
<status status="PASS" starttime="20230711 11:32:16.412" endtime="20230711 11:32:18.543"/>
</for>
<kw name="Click Element" library="AppiumLibrary">
<arg>id=v_seekbar_overlay</arg>
<doc>Click element identified by `locator`.</doc>
<msg timestamp="20230711 11:32:18.545" level="INFO">Clicking element 'id=v_seekbar_overlay'.</msg>
<msg timestamp="20230711 11:32:19.964" level="INFO">criteria is v_seekbar_overlay</msg>
<status status="PASS" starttime="20230711 11:32:18.543" endtime="20230711 11:32:19.964"/>
</kw>
<kw name="Click Element" library="AppiumLibrary">
<arg>id=bt_stop_showcase</arg>
<doc>Click element identified by `locator`.</doc>
<msg timestamp="20230711 11:32:19.965" level="INFO">Clicking element 'id=bt_stop_showcase'.</msg>
<msg timestamp="20230711 11:32:20.026" level="INFO">criteria is bt_stop_showcase</msg>
<status status="PASS" starttime="20230711 11:32:19.964" endtime="20230711 11:32:20.026"/>
</kw>
<kw name="Wait Until Element Is Visible" library="AppiumLibrary">
<arg>id=tv_why_user_title</arg>
<doc>Waits until element specified with `locator` is visible.</doc>
<msg timestamp="20230711 11:32:20.795" level="INFO">criteria is tv_why_user_title
criteria is tv_why_user_title</msg>
<status status="PASS" starttime="20230711 11:32:20.027" endtime="20230711 11:32:20.795"/>
</kw>
<kw name="Wait Until Element Is Visible" library="AppiumLibrary">
<arg>id=v_click_why_other</arg>
<doc>Waits until element specified with `locator` is visible.</doc>
<msg timestamp="20230711 11:32:20.877" level="INFO">criteria is v_click_why_other</msg>
<status status="PASS" starttime="20230711 11:32:20.795" endtime="20230711 11:32:20.877"/>
</kw>
<kw name="Click Element" library="AppiumLibrary">
<arg>id=v_click_why_other</arg>
<doc>Click element identified by `locator`.</doc>
<msg timestamp="20230711 11:32:20.879" level="INFO">Clicking element 'id=v_click_why_other'.</msg>
<msg timestamp="20230711 11:32:21.012" level="INFO">criteria is v_click_why_other</msg>
<status status="PASS" starttime="20230711 11:32:20.878" endtime="20230711 11:32:21.012"/>
</kw>
<status status="PASS" starttime="20230711 11:32:01.555" endtime="20230711 11:32:21.012"/>
</kw>
<kw name="Send Message" library="Messagerie">
<arg>${message}</arg>
<kw name="Inscription" library="Messagerie">
<arg>${Username}</arg>
<kw name="Wait Until Element Is Visible" library="AppiumLibrary">
<arg>id=mailbox</arg>
<doc>Waits until element specified with `locator` is visible.</doc>
<msg timestamp="20230711 11:32:21.598" level="INFO">criteria is mailbox</msg>
<status status="PASS" starttime="20230711 11:32:21.014" endtime="20230711 11:32:21.598"/>
</kw>
<kw name="Click Element" library="AppiumLibrary">
<arg>id=mailbox</arg>
<doc>Click element identified by `locator`.</doc>
<msg timestamp="20230711 11:32:21.600" level="INFO">Clicking element 'id=mailbox'.</msg>
<msg timestamp="20230711 11:32:21.677" level="INFO">criteria is mailbox</msg>
<status status="PASS" starttime="20230711 11:32:21.598" endtime="20230711 11:32:21.677"/>
</kw>
<kw name="Wait Until Element Is Visible" library="AppiumLibrary">
<arg>id=cl_conv_occazio_content</arg>
<doc>Waits until element specified with `locator` is visible.</doc>
<msg timestamp="20230711 11:32:22.710" level="INFO">criteria is cl_conv_occazio_content
criteria is cl_conv_occazio_content</msg>
<status status="PASS" starttime="20230711 11:32:21.677" endtime="20230711 11:32:22.711"/>
</kw>
<kw name="Click Element" library="AppiumLibrary">
<arg>id=cl_conv_occazio_content</arg>
<doc>Click element identified by `locator`.</doc>
<msg timestamp="20230711 11:32:22.713" level="INFO">Clicking element 'id=cl_conv_occazio_content'.</msg>
<msg timestamp="20230711 11:32:22.765" level="INFO">criteria is cl_conv_occazio_content</msg>
<status status="PASS" starttime="20230711 11:32:22.711" endtime="20230711 11:32:22.765"/>
</kw>
<kw name="Wait Until Element Is Visible" library="AppiumLibrary">
<arg>id=bt_user_name_valid</arg>
<doc>Waits until element specified with `locator` is visible.</doc>
<msg timestamp="20230711 11:32:23.453" level="INFO">criteria is bt_user_name_valid</msg>
<status status="PASS" starttime="20230711 11:32:22.765" endtime="20230711 11:32:23.454"/>
</kw>
<kw name="Click Element" library="AppiumLibrary">
<arg>id=bt_user_name_valid</arg>
<doc>Click element identified by `locator`.</doc>
<msg timestamp="20230711 11:32:23.455" level="INFO">Clicking element 'id=bt_user_name_valid'.</msg>
<msg timestamp="20230711 11:32:23.507" level="INFO">criteria is bt_user_name_valid</msg>
<status status="PASS" starttime="20230711 11:32:23.454" endtime="20230711 11:32:23.507"/>
</kw>
<kw name="Wait Until Element Is Visible" library="AppiumLibrary">
<arg>id=et_user_name</arg>
<doc>Waits until element specified with `locator` is visible.</doc>
<msg timestamp="20230711 11:32:24.147" level="INFO">criteria is et_user_name</msg>
<status status="PASS" starttime="20230711 11:32:23.508" endtime="20230711 11:32:24.147"/>
</kw>
<kw name="Input Text" library="AppiumLibrary">
<arg>id=et_user_name</arg>
<arg>${Username}</arg>
<doc>Types the given `text` into text field identified by `locator`.</doc>
<msg timestamp="20230711 11:32:24.147" level="INFO">Typing text 'mouhamedfsane' into text field 'id=et_user_name'</msg>
<msg timestamp="20230711 11:32:24.714" level="INFO">criteria is et_user_name</msg>
<status status="PASS" starttime="20230711 11:32:24.147" endtime="20230711 11:32:24.714"/>
</kw>
<kw name="Click Element" library="AppiumLibrary">
<arg>id=bt_user_name_valid</arg>
<doc>Click element identified by `locator`.</doc>
<msg timestamp="20230711 11:32:24.716" level="INFO">Clicking element 'id=bt_user_name_valid'.</msg>
<msg timestamp="20230711 11:32:25.243" level="INFO">criteria is bt_user_name_valid</msg>
<status status="PASS" starttime="20230711 11:32:24.714" endtime="20230711 11:32:25.243"/>
</kw>
<kw name="Wait Until Element Is Visible" library="AppiumLibrary">
<arg>id=cl_see_faq</arg>
<doc>Waits until element specified with `locator` is visible.</doc>
<msg timestamp="20230711 11:32:25.808" level="INFO">criteria is cl_see_faq</msg>
<status status="PASS" starttime="20230711 11:32:25.244" endtime="20230711 11:32:25.808"/>
</kw>
<status status="PASS" starttime="20230711 11:32:21.013" endtime="20230711 11:32:25.809"/>
</kw>
<kw name="Wait Until Element Is Visible" library="AppiumLibrary">
<arg>id=cl_chat_send_message</arg>
<doc>Waits until element specified with `locator` is visible.</doc>
<msg timestamp="20230711 11:32:25.829" level="INFO">criteria is cl_chat_send_message</msg>
<status status="PASS" starttime="20230711 11:32:25.809" endtime="20230711 11:32:25.829"/>
</kw>
<kw name="Wait Until Element Is Visible" library="AppiumLibrary">
<arg>id=ib_chat_message_send</arg>
<doc>Waits until element specified with `locator` is visible.</doc>
<msg timestamp="20230711 11:32:25.851" level="INFO">criteria is ib_chat_message_send</msg>
<status status="PASS" starttime="20230711 11:32:25.829" endtime="20230711 11:32:25.851"/>
</kw>
<kw name="Click Element" library="AppiumLibrary">
<arg>id=cl_chat_send_message</arg>
<doc>Click element identified by `locator`.</doc>
<msg timestamp="20230711 11:32:25.852" level="INFO">Clicking element 'id=cl_chat_send_message'.</msg>
<msg timestamp="20230711 11:32:25.909" level="INFO">criteria is cl_chat_send_message</msg>
<status status="PASS" starttime="20230711 11:32:25.851" endtime="20230711 11:32:25.909"/>
</kw>
<kw name="Input Text" library="AppiumLibrary">
<arg>id=cl_chat_send_message</arg>
<arg>${message}</arg>
<doc>Types the given `text` into text field identified by `locator`.</doc>
<msg timestamp="20230711 11:32:25.910" level="INFO">Typing text 'This is a test message' into text field 'id=cl_chat_send_message'</msg>
<kw name="Capture Page Screenshot" library="AppiumLibrary">
<doc>Takes a screenshot of the current page and embeds it into the log.</doc>
<msg timestamp="20230711 11:32:26.146" level="INFO" html="true">&lt;/td&gt;&lt;/tr&gt;&lt;tr&gt;&lt;td colspan="3"&gt;&lt;img src="data:image/png;base64, iVBORw0KGgoAAAANSUhEUgAABDgAAAjoCAYAAAA5jhrUAAAAAXNSR0IArs4c6QAAAARzQklUCAgI
CHwIZIgAACAASURBVHic7N13eBTl3sbxe7Ylm0ogEAKhhx6QDiogzQY2ROz1iCgiqNiwdxDBhh07
eo69H44VUARRFKSIKKAg1dBJ3zbz/hHJS0lCEja7Gfx+rstLdmfmeX6T7ObK3nmK0bzVqZYAAAAA
AABszBHtAgAAAAAAAA4VAQcAAAAAALA9Ag4AAAAAAGB7BBwAAAAAAMD2CDgAAAAAAIDtEXAAAAAA
AADbI+AAAAAAAAC2R8ABAAAAAABsj4ADAAAAAADYHgEHAAAAAACwPQIOAAAAAABgewQcAAAAAADA
9gg4AAAAAACA7RFwAAAAAAAA2yPgAAAAAAAAtkfAAQAAAAAAbI+AAwAAAAAA2B4BBwAAAAAAsD0C
DgAAAAAAYHsEHAAAAAAAwPYIOAAAAAAAgO0RcAAAAAAAANsj4AAAAAAAALZHwAEAAAAAAGyPgAMA
AAAAANgeAQcAAAAAALA9Ag4AAAAAAGB7BBwAAAAAAMD2CDgAAAAAAIDtEXAAAAAAAADbI+AAAAAA
AAC2R8ABAAAAAABsj4ADAAAAAADYHgEHAAAAAACwPQIOAAAAAABgewQcAAAAAADA9gg4AAAAAACA
7RFwAAAAAAAA2yPgAAAAAAAAtkfAAQAAAAAAbI+AAwAAAAAA2B4BBwAAAAAAsD0CDgAAAAAAYHsE
HAAAAAAAwPYIOAAAAAAAgO0RcAAAAAAAANtzRbsAwDAMNW5cXyMuOVW9e3dSRsO0vY5JllX871Ao
pFWr1+ujj7/WO+/N0q5dubL2HAQAAAAA/KMZzVudyidERJxhGIqJcevuOy7XySf1kcfjlmEYFb7e
NC3l5RXo0cdf1/RXZxB0AAAAAMA/HAEHIs7pdOj5Z29T76M7yzBUqWBjf5ZlybKkNlnDFAqZYawS
AAAAAFCWYacPUMMG9co9Z+oTb0SommJMUUFE9ejeXq+9cq+czvAs/2IYhgxDOuP0gXrz7S/C0iYA
AAAAe0tOSlCrVo1Vr26KatdOVlJSgnJy8rRjx25t2bpTK1eu0+6cvGiXGXbt2jbTLyvWRKSvYUMH
qmeP9uWeQ8CBw5JhGLrvnlE6a/ixhzRioyzXjztfb73zpSzLUpMm6frzz81h7wMAAABAzZTVvoWO
PuoI9erVQW3bNFXd1JSDXrN1206t+HWt5s9fqnnzl2r58t8jUGn1eXDiWG3ctCViAUdNRMCBamcY
hj7+4BG1bdO02vpITk4s+fc5Zx2v7OzteumVj6utPwAAAADR1SgjTWcMG6ihp/VXwwZ1K3193dQU
1e2dor69O0uSNm7aqvc/mK133p2p9Ruyw11utXpw4lgNO31AxEdM1DQEHKhWe8KNNq2bVGs/Doeh
Tke00k+Lf9PSpas09dHrFQqZmv7ajGrtFwAAAEBkdcjK1FWjz9SgAT3C2m7DBnV11ZVn6qorz9QX
M7/Xk0+9rWU/rw5rH9VhT7hRXdq1baZbb75UvXpmVfra33/7YJ/H333/s+6f+EK1jTIJz0IIKJGc
lKBWLRsrLa1OWNv1emOU2SJDjTLS5HI5w9p2dbr/3ivVtk3TapmWsjfDMNTn7+Q1e8sOGYah228d
oc6dW1drvwAAAAAio0NWpl5+4S598O6UsIcb+zt2YE998O4UvfTCneqQlVmtfR2K6g43JOm2W0ZU
KdwoTa+eWbr15kvD0lZpasQIjgH9u+m0U/uraZN0nTJ0XI1vd3/DTh+gU07qq/btWyil1v9PlSgs
9GnV6nWa/dVCTX9thnbtyq10u0NO7K327ZqrTp3kkpAgGApp3bq/tHDRCk1/dUaNnWPVo3t7nXnG
oIj117pVExmGodhYj6TiUR1v/HuCjuhyjoqK/BGrAwAAAEB4de3SVo89fJ3S01Mj2m/f3p3VskUj
XT3uIS1ctCKifR9MJMINSQddSLSywhWWlCZqAUdmiwydMWyQjhvUU02apEuStm3bVWPbLbWvzEaa
/MBYdezQstTjXm+MOnZoqY4dWurcc47XfRNe1H9nfHPwdltkaMqD15SZFLqcTjVv1lDNmzXUaaf0
04svf6QHp0w/pHsJN6fTqddeubfaR27srV69lOJFRhunlzzncjo148NHNeiE0bIsdkQGAAAA7Oay
S0/TDdddGLadGCsrPT1Vr792vx6c8oqef/HDqNSwv0iFG3YT0YAjPt6rYUMH6MQTjlKXLm3kcoZn
qkV1tVueVi0b6+UX71Javdr7PL9zZ452786T1xujunVry+Eo/oBfNzVFUyZdLZfToQ8++rrMdjMz
G2n6S3cf0G5OTr527syRx+NWvXq1S97cbrdLl192uhIT4nT7Xc+E+S6rxjAMPT/ttoj/APJ6Y2UY
hnp03zdhbNIkXY0b12dnFQAAAMBGYmI8mvzAWA0Z3DvapcjpdOjmmy5Rxw4tdcP4qfL5ojdCnHCj
bBEJOPr07qRhQweqb5/OSk5OqPHtVsTDU8btE0J8v2C5Hn/yTc3/bmnJc40b19flI07X8DMGyel0
yO126bZbR2jut0vKHFUyZdLV+7S7cNEKPfn02/p6zqKS5xplpOnKUcM1fNjAkhES55x9vL6dv1Sf
fPZtuG+10mJi3Op9VKeI9+v3ByRJ7do12+d5wzD0wTtT1KXH+YziAAAAAGygVq1EvfLiXcpq3yLa
pexjyODeSk1N0eixk7RzZ07E+yfcKF9EAo6bbri41C1CN2zcIpfTqfr1q7YgZ3W1ezAXX3jyPv1+
MfN7XXHlxAPOW7fuL916x1PKyc3XyBFDJUkptRL1r4tPKXVKyQXnDd5nWsrXcxZp5Kj7FQyG9jlv
/YZs3XzrE9qxY7euGDlMUvGH+H9dckqNCDjuvuNylTYzxbIsmaalLVt26I81G/Xbyj+1detOBYMh
pabWUscOmapXr7YyGtaT2+2WYahSU1x27NgtScpoWO+AYwkJcWrRIkOrV6+v8n0BAAAAiIynHh9f
48KNPXr2aK8np96kcy+4NaL9lhZuvPf+LDVsmBb2dTLsKuKTmHbvztOM/83V5VdO0DEDRmr17+H5
wFld7Zbm2EE9S/5dUFCkO++eVu75Tzz1lnbvzit5vP8Uij2Gnta/5N95eQW6+bYnDwg39jb5oVf3
mXaR1b6Fau21yGk0OByGTjm5b0kwYVmWLMvSe+/P0jEDRqpthzN0zMCReuzxN9S8WUNdPeYc3XzT
Jbrs0qFauXKdThgyRu2POEsdu5ytu+6ZJp/PX+FRF6t/36BatRLl8bhLreu+u0eF9V4BAAAAVI/7
JjxfYzcKKCry674Jz0e0z0emjCs13Lhh/NSI1lHTRWQEh8/n17fzl+rTz77Vex/MVmGhr0a3ezCZ
LTJK/r3s59+Vnb293PPz8wu1ctU6de/WTpKUkXHgCIPkpIR9RoXMnbfkoO1K0txvF5cspurxuNWi
eUZUV/fNyEiT2+2SZVkqKCjSDeOn6osvv5NlSclJ8Xrkoet0/HG95HQ49hmdYZqWnnzmbZlmcZhR
WOjTa//5RK/95xM1ykjT1EevV4eszDJHdFiWpW+/XaJLLjypzHM6d2olp9OhUMgM/40DAAAACJtf
VqzRjeMf09RHb4h2KQe4cfxjEd3JctbnT5d85tuDcKN0EQk4LrzkTuXnF9qm3bvvvFxDT+2nQDCk
F1/6UE8+/fY+x2fO/qFklMCyn1dXqM3dOf8/giMhPu6A481bNNxn5MHKVX9WqN2//to3BElI8Fbo
uupy2b9Ok2VJ99z3nF77zyeyLEuGYeiZp27WwP7dywwfTMsscw7b+g3ZOn34jWrUKE1ffPKEXK4D
X7aWJc2bv1SPPHxdmbU5HE6lpdXRpk1bq3ZzAAAAACJmxifz1L59C11+2enRLqXEs8+9pxmfzItY
f4QblRORgKM6Qojqardrl7Y675wTSj6Ijxl9lv79+qfatSu35Jxbbnuy0u3uHWoUFhYdcDw3J1/T
nn+/5PG385cecE5pkpL2XVx18+Ztla4tnI44opW69DhPubkFkqTOnVrrjX/fL6fTWe56Gn/+uVnl
zUSxLEvr1v2lth2Ga+ojN+iE44/cpz2fz6+OHTKVnBRfZhuGUTy96JXp/638jQEAAACIuMkPvao2
rZvqmL5dol2Kvp6zSJMfejVi/RFuVF5Et4m1g+Tk+H0+OLvdLiUmxO0TcFS6zf2mn/y8/PcDzln9
+wZNmvxKpdtu3apxyb+3bdullavWVanGcDll6DhJxYuDXnv1ubryijMqtFDoTz/9VqG1NkzT0phr
Juu0U/tp8gNjS9p+6+0v9OxTt5Tbl2EY6te3CwEHAAAAYBOWZWnstVP0/juT1bxZw6jV8ceajRp7
7ZSI7cpIuFE1EV9ktKab881PWrxkZcnjTz+br/Ubsg+pzevHnb/PNravv/n5IbW3R0bDeurZI6vk
8TdzfwpLu4fKMAw998ytFQ43JGnpslUVbt+yLL3/wWxdOvJemWbxziwLflyu2rWTDnpt8+YZBz0H
AAAAQM2Rl1egkVfcXzJKPNJyc4v7z8uLTP+lhRtz5v5EuFEBjODYTzAY0lnn3qwje3VQUZFfP/z4
S5Xbql+/jq4ec46GDxtY8txnn8/X5198F45Sdf24CxQT45Ek+f0BvfjKx2Fp91AYhqFnn7pF/Y7p
WqktXvdfS6Qivp6zSNeMm6JL/3Wapj5yQ4X6q1M7udL9AAAAAIiuNWs3aey1U/TCtNvlcFT8c8ah
Ms3iESRr1m6KSH+lhRuS9Myz70akf7sj4ChFMBjSN3MXV+qaSy85Vd27F++S4nG7lVonWS1aNFJs
rKfknNlf/Ri21G3oqf100pDeJY/ffvdL/fLLH2Fp+1BccP5gDejfrVLhhiQV+aq2BdT/Pv1Wd90x
Uk5nxQYjVfQ8AAAAADXLnG8WacIDL+q2Wy6NWJ8THnhRc75ZFJG+ygo3UHEEHGHSIStTxw7sWeqx
goIiTX7oVU1/bUZY+mrXrrluv3VESYiw+vcNmjjp5bC0fahuv2VEpcMNSYqPr/zuL3umwtSuxKgM
ny9Q6X4AAAAA1AwvvfKxWjTP0DlnH1/tfb3+xmd6KUKj5Ak3woM/Z0dAXFysRo8artGjhh9yW/Xq
pmjqI9eXrOnh8/l11z3TVFjoO+S2o6myb2bDMPTQ5GvU75iulboue8uOSp0PAAAAoGa5855p+nHh
imrt48eFK3TnPdOqtY89CDfChxEcYfLOezO1cFHxmyw21qPU1BRltW+hbl3byOVyKTW1lsZdc57a
tGmqMVdPrlIfXm+Mnnp8vJo1bSCpeLHNSVOma/53FdtSNhJMy5RDzkpf17VLGz1XwXMNw9Dbrz+g
Tp1aVXq0SE2YxgMAAACg6kKhkK4YPVEfv/+w0tNTw97+5s3bdMXoiQqFQmFve3+EG+FFwBEmc+ct
1tx5B67b0emIVppw32i1btVEkjT4hKO1+JKVeuGlDyvdx9RHrlfnzq1LHk9/7X81bsvTNX9sVMuW
jQ9+4n7at20uwzAOuu1SYmKcvp/3csniqpVhWZZmzv6h0tcBAAAAqFl27szRyFH36+03Ju2z7uGh
Kirya+So+7VzZ07Y2iwL4Ub4MUWlmi1eslKXjLhH27btKnnu/HNPrHQ7D04cqwH9u5c8/vSz+brn
voqOeYicj2fMrdJ19eunyuEo++Xocjl1711X6Kcf/l2lcEOSLEulhlAAAAAA7OeXFWt04/jHwtrm
jeMf0y8r1oS1zdIQblQPAo4IyM7ero/+O6fkcePG9dWzR1aFr7/hugs07PQBJY/nfbtEV4+bEtYa
w+WNtz6TaZY/CqM0hiG1atnogOfdbpfG33CRfl78ps45+/gqLWC6R2FhkXbvzqvy9QAAAABqlhmf
zNOzz70Xlraefe49zfhkXljaKg/hRvUh4IiQJUtX7fO4Q1aLCl33r4tP0eWXnV7yePGSlRo9dpKC
weqfD1YVO3fmKD+/sNLXGYah224ZIZfLqZSUJF104Un6ZvZzWrHsbV02YqjcbtchhRuWZemDj746
6BQYAAAAAPYy+aFX9fWcQ9vK9es5izT5oVfDVFHZCDeqF2twVFJGw3o64fgjSx5/v2C5lv28+qDX
5ebm7/O4ItMsTjvlGN14/YUlH+xXrVqnUaMnKje3oJJVR45pWnrqmbf3qbuievZorwXfvqKkpHhJ
OqRAY3+WJT04pfp/YAEAAACILMuyNPbaKXr/nclq3qxhpa//Y81Gjb12SrX/MZRwo/oxgqOSatdO
1s03XVLy33HH9qrQdamptfZ5vOMgi9b07dNF9949Sm53cQa1fkO2Lh89UVu27qxa4RH03AsfqCo/
GwzD0AcffiXTtMIabkjSqtXrqjSyBAAAAEDNl5dXoJFX3K8dO3ZX6rodO3Zr5BX3Ky+vev+ITLgR
GQQclbRm7Ub5/YGSx507tarQdV27tN3n8fLlZW9X2rFDSz08+RrFxcVKkrZu26krr3pAf/65uQoV
R55lWZo46aUqXXv+eYN1yYi7w5qemqalU4aOY3oKAAAAcBhbs3aTrhj9gILBYIXODwaDumL0A1qz
dlO11kW4ETkEHJWUm1uwz3oaPXt00PHHHVnOFVJmZiOdePxRJY///HOzli5bVeq5TZqk64mpNyol
JUmStHt3nsZcPTkiK/mG08vTP65SCup0OjRm9Fm6d8ILVVqsdH+WZWn6q/+tsWuWAAAAAAifhYtW
6O57n6/QuXff+7wWLlpRrfUQbkQWAUcp7r7zci1d9LoWLnhNo0cNP+D4K9P/WzIawOEwNGnCGF14
/pBS2+rbp4uee/rWknUlJGn6a/8r9dzU1Fp65omb1bBBXUlSQWGRrr/pUf3w4y+HeksRZ5qWBhw3
qkohRdcubZWdvV03jn/skEddZGfv0P0PvHhIbQAAAACwj/+88alef+Ozcs95/Y3P9J83Pq3WOgg3
Io9FRvfTtUtbnXfOCSVrQIwZfZb+/fqn2rUrt+ScTz77Vm+8+bnOOft4SVJiYpzuvP0yjRwxVCt+
XaPdOfnyxsaoRfOGysxstM96El/M/F4vT/+41L7vun2kWrVqXPLY5XTqwYljK30Pb73zpR6cMr3S
14Xb9u27NXrsJD31+E2VWlPD4TA09ZEbdFTff6nfwMs1+8tn5XBUfk2OYDCoE04aE5aRIAAAAADs
4857pqlly8bq1rXtAcd+XLhCd94zrVr7J9yIDgKO/SQnx+/zYdztdikxIW6fgEOSbrvzaeXmFeji
C0+Sx+OWJKWnpyo9PbXUdk3T0gcfztZtdz5TZt+1ayfv89jjcZe0XRl71u6oCT7/4jtNfeJNjb3q
rEqFHE6nQ/O/eUltss5Q6/an6503H1SHrMwKBx2hkKljBl5eo3ecAQAAAFA9QqGQrhg9UR+///A+
n9E2b96mK0ZPVChUfVPYqyPcuO2WS5WTk1/qsbZtmoa1Lzsj4NjPnG9+0uIlK9XpiOLFQz/9bL7W
b8gu9dxJk1/R5198p39dcor69u6shIS4A87x+wP64cdfNP3VGfpy1oJqrb2mmvrEGwqFQrpm7LmV
GonhcBhasext9ek3QqcPv0GtWzXRE1NvVNMmDcptJxAIqt+gy5WdvSMc5QMAAACwoZ07czRy1P16
+41Jio31qKjIr5Gj7tfOg+xoeSiqa+RGu7bNwt5mReXmFigx8cDPuofSXnUxmrc6lfH7+3G5nDqy
VwcVFfkrvP7FnmuaNmmgxMQ4FRT4tPmvbfp2/hJGEfytZ48svfryPXI6K7f0SzAY1IjL79M3cxdL
kho1StPoUcM19LT+cjqK29ozOmTL1p067sTRys8v1PPP3q4FPyzXl7MWqFFGmmZ/9WN4bwgAAABA
jTdkcG9NfeR6jb12imb8b2619VMTpqVMfeINPfb4G2Ft8+oxZ2vsVWeHrb3qqHEPAg5EVJw3Vp9/
8kSZU3nKYlmW5nzzk/512T0lzzkchuLjvWrTuqmGnT5ABQU+3Tfh+ZI1N268/kL5fH5t375b9eqm
6OHH/hPWewEAAABgD507tdZPi3+rtvaHDO6t8845sdraX7HiD+Xklj5FZW/fff+zvl/wc9j779kj
S716Zh1yO9VV3x4EHIg4wzDUtm0zvfnvCfJ6Yyq1NodpWrruxkf08X+/qdAOK4ZhHPJOLAAAAACA
mo+AA1HVvn0L3X37SHXo0EJOp/OgYYdlWTJNSwUFRbr40ru0eMnKCFUKAAAAAKjJCDhQIzidTjVI
T9Vxx/ZS3z6dldmikVJSEhUT41FBQZH+yt6uFSvW6MtZCzTnm5+0e3ceIzMAAAAAACUIOAAAAAAA
gO1VbjsLAAAAAACAGoiAAwAAAAAA2B4BBwAAAAAAsD0CDgAAAAAAYHsEHAAAAAAAwPYIOAAAAAAA
gO0RcAAAAAAAANsj4AAAAAAAALZHwAEAAAAAAGyPgAMAAAAAANgeAQcAAAAAALA9Ag4AAAAAAGB7
BBwAAAAAAMD2CDgAAAAAAIDtEXAAAAAAAADbI+AAAAAAAAC2R8ABAAAAAABsj4ADAAAAAADYHgEH
AAAAAACwPQIOAAAAAABgewQcAAAAAADA9gg4AAAAAACA7RFwAAAAAAAA2yPgAAAAAAAAtkfAAQAA
AAAAbI+AAwAAAAAA2B4BBwAAAAAAsD0CDgAAAAAAYHsEHAAAAAAAwPYIOAAAAAAAgO0RcAAAAAAA
ANsj4AAAAAAAALZHwAEAAAAAAGyPgAMAAAAAANgeAQcAAAAAALA9Ag4AAAAAAGB7BBwAAAAAAMD2
CDgAAAAAAIDtEXAAAAAAAADbI+AAAAAAAAC2R8ABAAAAAABsj4ADAAAAAADYHgEHAAAAAACwPQIO
AAAAAABgewQcAAAAAADA9gg4AAAAAACA7RFwAAAAAAAA2yPgAAAAAAAAtkfAAQAAAAAAbI+AAwAA
AAAA2B4BBwAAAAAAsD0CDgAAAAAAYHsEHAAAAAAAwPYIOAAAAAAAgO0RcAAAAAAAANsj4AAAAAAA
ALZHwAEAAAAAAGyPgAMAAAAAANgeAQcAAAAAALA9Ag4AAAAAAGB7BBwAAAAAAMD2CDgAAAAAAIDt
EXAAAAAAAADbI+AAAAAAAAC2R8ABAAAAAABsj4ADAAAAAADYHgEHAAAAAACwPQIOAAAAAABgewQc
AAAAAADA9gg4AAAAAACA7RFwAAAAAAAA2yPgAAAAAAAAtkfAAQAAAAAAbI+AAwAAAAAA2B4BBwAA
AAAAsD0CDgAAAAAAYHsEHAAAAAAAwPYIOAAAAAAAgO0RcAAAAAAAANsj4AAAAAAAALZHwAEAAAAA
AGyPgAMAAAAAANgeAQcAAAAAALA9Ag4AAAAAAGB7BBwAAAAAAMD2CDgAAAAAAIDtEXAAAAAAAADb
I+AAAAAAAAC2R8ABAAAAAABsj4ADAAAAAADYHgEHAAAAAACwPQIOAAAAAABgewQcAAAAAADA9gg4
AAAAAACA7RFwAAAAAAAA2yPgAAAAAAAAtkfAAQAAAAAAbI+AAwAAAAAA2B4BBwAAAAAAsD0CDgAA
AAAAYHsEHAAAAAAAwPYIOAAAAAAAgO0RcAAAAAAAANsj4AAAAAAAALZHwAEAAAAAAGyPgAMAAAAA
ANgeAQcAAAAAALA9V7QLAKpDo4w0ZWY2UrOmDZSRkab09FTVq5uilJREJSXGy+uNlcfjksPhkGla
8vsDKiwsUk5uvnbuzNXWrTu1afM2bdiQrTVrN2n16vVavyE72rcFAAAAACiD0bzVqVa0iwAOhcfj
Vs8eWerWta06HdFKHbIylZycEPZ+du/O07KfV2vxkpX6ceEKfb/gZ/n9gbD3AwAAAACoPAIO2FKj
jDQNHNBdx/Ttqt5HHyGHI/KzrUzT0tx5i/X1nIWaOesHRngAAAAAQBQRcMA2khLjdcrJfTVkcG/1
6N4+2uUcYMEPyzXjf3P10cdzlJObH+1yAAAAAOAfhYADNV6Xzm105vBBGjZ0oBwOI9rlHJRpWnr3
/Zl66+0vteinX6NdDgAAAAD8IxBwoMYaOKC7Ljx/iHof3SnapVTZ3HmLNf21GZo564dolwIAAAAA
hzUCDtQ4/ft108gRQ2vkNJSqWvDDck17/n3N/urHaJcCAAAAAIclAg7UGFntW2jMVWdp0IAe0S6l
2nw5a4Eef+JN/bz892iXAgAAAACHFQIORJ3L5dQN4y7QiEtPi3YpEfP8Cx9o8sOvKhgMRbsUAAAA
ADgsEHAgqo4d2FM3j79YTRqnR7uUiPtz3WZNfOBlfTHz+2iXAgAAAAC2R8CBqLnjtst00QVDol1G
1L3y6gzdc99z0S4DAAAAAGzNmVKnzV3RLgL/LFntW2jaM7fquGN7RbzvwsJCbdu2TZZlye12yzCK
t50tKvKpsLBQMTExEa+p0xGtNKB/N/28/Hdt2boz4v0DAAAAwOGAgAMRdfrQ/nr+2dtUP61ORPrL
y8tTTk6OcnNztWvXLi1eskSffPKldu3KlWE4lZubq9zcHP22cpV+WrREyclJ8nq9cjqdCoVCcjgc
EakzrV5tnTX8WG3ctEUrfl0bkT4BAAAA4HDCFBVEzLVXn6urrjwzrG2apqlgMKhQKKRQKCS/3y+/
P6BAIKBAIKglS5dp9arftXPXbmVnZ2vpsuUyQ4mK9daS2y3FxoZUp0688nILtHLlWvXp011XjrpU
9evX044dO9SgQQPFx8fL7XaHte7yPPHUW3rksf9ErD8AAAAAOBwQcCAiHrj/Kg0/Y1BY2ioOMfwK
hUzl5uZq46bN2rJlq7Zu3arlv6zQrytW6LfffteOnflq2LClYmNTVFBoyjQtORxOGYZTlmWpeHaK
oRiPlJzslssdqx3b82RouzJbpOr7Bd/rogsv1GlDT1VGRoZiYzyKjY2V0+kMy32U5+13vtT4W5+o
9n4AAAAA4HBBwIFq9/ST43XcoENfb8OyLFmWpQ8/+kjvvfehVq5aL8uKkTcuSSHTKct0aMuWonP8
JwAAIABJREFUHBl/TysxDCklOUk5uQWyrOKXeVJirPwBKS9vlxwOl9zuOEmSw+GTYQRkmknyxLiV
mBBQ9uZf5fYkKzExRbt3bVKfPl105ZWXq3Wr1vJ4qn9Ex+dffqdRox+o9n4AAAAA4HDAGhyoNi6X
Uy9Mu0MD+ncPS3szZ83S7XdM0IxPvtW69YXaneNQYaGUk+NXXm6R8gt8cjj+f3SFYRjyxnrk8wdL
ngsG8xUMmjJNU4WFOxQMFsrpjJHkUiDgV8jMlcORoKIiS8GQtGvnBjkcLpmqo/yCWH07f5ECgQI1
bJCm+Pj4sNxXWVo0z1DnTq01439zZZrkkAAAAABQHgIOVJsXpt2hvn06h6WtJ558Rv95/VP98mu2
fD6HQkEpFDL3Ocflcik+3qtA4P8DDZ8/oISEOAWDIVmWFAqacjhCcrtj5PEkyzJNFRXulixTbk+C
DIdTTqdfUqycTq+cjng5nIYkhwoKclVQ4NSaNRtVp06CMhqmKTa2enddadIkXUd0bKUPP/q6WvsB
AAAAALuLzBYR+Md5+snxYQs3JGnhwhVatWqzCgqCCviDCoZC2n9Mg2maCvgD+z1n/b0TiqFgMCAZ
TsW4XXI6HXI4nIqJTVJcXG2ZVkj5+dtkmVIg4FMwmCPDcCrGW0tOZ7xq16mjhIRaCgbytXVbvt5+
5zMtXbYibPdXnr59OuvpJ8dHpC8AAAAAsCsCDoTdA/dfFZY1N/a2cdNG5RcUyrIsBYJBORyG3K59
F/s0TVOhUEi1ayft81xefr7q1UuWx+OTZQUUssySNTkMwyGnK0axscmKiYmTrAJ5XLHyuP7/uBxx
8vtyFQo5FDJD8vt9yt6yWz/+uETr1q0L632W5bhBvfTA/VdFpC8AAAAAsCMCDoTVtVefG7bdUvZW
WFgk8+8pKcWLjRaHFHuP4rAsS4FAQDk5uTIMKSbGJUtB5eTlaMPmzfIHi+QL+BQIFskT41BcvEdO
V/FbwOFwyeWKlyWPcnJ2KCc3R2Yo9HfLDuXk5ikYMuV0JciQX8GAqfXrN2vbtm1hv9eyDD9jkK69
+tyI9QcAAAAAduKKdgE4fJw+tL+uuvLMamnbMg3VqVNLRT5LRUU+BYMheb1uedwuFRb5S84zTVOB
QEC1UxKVvW2ngsGAgsGQAoGAEuOKg5FgMKS8/DyZll/BoCmX0ymvN1Yed4wMOeXzBRQIOhQbG1J+
oalayfHyxqXIMFxyOGJUVOBTyJQsyyGjeK/ZiLnqyjP157rNeu/92RHtFwAAAABqOgIOhEVW+xaa
NGFMtbS9c+dOud0uxcQ45A8Ur7GxJ8gwDIcsWTJUHDQYhmTI0u6cXBUVFUmSYt2SU8VTT1xul3y+
gIr8fplW8QiNoNMp0zLlcznkckoet0dOt0suj0OFuwtk5JlKSXYov8CnYMgvhxWS02XJ6XLI6XSW
XnQ1mjRhjFauXKefl/8e8b4BAAAAoKYi4EBY3HfPqL8X8wy/zZs3y+PxKHtLjny+/5+U4vcH5HYX
j+IIBIrDCtM0ZahIHpep9BRDMW6HmtVPVEJMgnbl+7VhW67W7cqTw5mg2NgkBUMOBUMhFf49HcXp
sOSNCcpwuiQjRsFgQDm5AfkKC2UqXiFT8saE5HQ5FR/vldcbVy33XB6Hw6H77hml04ZdH/G+AQAA
AKCmIuDAIbvjtsvUISuz2tpfs2atgiGpqNAvp8sjybHXFrHW32txFI/icBim6iWFdEqf1kpJiJHH
5VTD1ER5Y1zakZOnDVt2aOPWPO0uMLU1J6C1f+Vo665CGY5Yudwx8gcCMkN+BQJBhcziESDx8TEq
ys+XaZiSHCosKJDLaSk+ziuvN7ba7rs8HbIydcdtl+me+56LSv8AAAAAUNMQcOCQHDuwpy66YEi1
9rFx40YFg5IMhwyHIadhyDItmZalQCAol0tyu1wKBkNyO6XGdWN0wXGdlZzgLbU9fyCozdt2ac2m
Lfpj0zZt3l6gPJ+hHbl+rd1coNwCn+IcsdqWs1UxnhgleoLyyNKunF3yxCYpFLTkNAJKSUlQQkJC
td57eS66YIjmz1+qL2Z+H7UaAAAAAKCmIOBAlblcTt08/uJq76eoqEiGDBmGoaJCn7zeWDldTpmB
oKTidTecDkMBWZJhyek0ygw3JMnjdqlJeqqapKeqX1cpEAxp265crV7/l1avT9Lm7bsVGxun9Vvz
lRAXL687oEAoXtnbC7RkzU4VWi41bpSuli2bqlatWtV+/+W5efzFmv31jwoGQwc/GQAAAAAOYwQc
qLIbxl2gJo3TI9JXYWFgr2kpksNRHHhYf4/iCIVMOV0uSZZcFVn305L+XpdUbpdT6am1lJ5aS306
tynzku278zV8/FRl7wro6KNOUauWLQ7pnsKhSeN03TDuAk188OVolwIAAAAAUVU9q0LisJfVvoVG
XHpaRPry+Xwq8gVkmsULjBYWFkmWJbf7/5MMp9OpuFi36iTFqF3zDEmGZJTz8q7C7q51kuPVoG6K
uhzRWv2O6a0GDRpUvpFqMOLS05TVPvphCwAAAABEEwEHqmTMVWdFrK8dO3YoGAzu85zb7ZLb7ZJh
GJIs+Xw+maEidW+fpjP6dpIlpwzDVTxSQ0bxPJYwOKFPV9143Ri1b98uLO2FSyS/HwAAAABQExFw
oNL69+umQQN6RKy/hIQEuZz7zjvJzc1XYaHv71Ecpgp9+QqFipQc71a9WolS0C/TXyQrZMoflHJ9
lnbm+rU9p1C78n3KLfSp0BdQIBgqGRlSEYm1U9WseQslJiaG+S4PzaABPdS/X7dolwEAAAAAUcMa
HKi0kSOGRrS/xMRExcfHKjevSKGQpeKtYaVQMCi32yF3jEtGUUi1Eiy1zkiWpOK1OUKmgiFTS1b9
oW9+2ai1W33Kyc9XRr1k1avlVbN68WpWP0X1aycrJckrt8spp6P8zK8gv+CA0SQ1xcgRQzX7qx+j
XQYAAAAARAUBBypl4IDu6tG9fcT7jYlxKik5Tg6nUwX5hSos9MsypYA/oJAZkttpqVmaV/2ymipk
mtq6K0/vf/er3v/qN/nMODmcbklSXl5AP/++RZKUnBQnb8wa+Qt3q3XDeF08pIt6tW9Wbh3rNmxS
QUFhtd9vVfTo3l4DB3TXzFk/RLsUAAAAAIg4Ag5UyoXnD4lKv0X+3creslOBoCXLshQfFyeny6VQ
0JTDYSg5IUa1E2MV63Zp5drNmvrebKWm1deFx7VXXqFf8bEeBU1TvkBQW7bn6o+/crSrMKCQYmXE
1ZHfcGhbTqFkOCXr/7dcDZiGPpy3XB99tUg+v0+xCQkK1eCZXReeP4SAAwAAAMA/EgEHKqxL5zbq
fXSniPebnpIoM1CktFSX/H6/cvMCKirKk8cTL7fLo4C/SA0bJum4XkfI5fYos3F93XvZaXI6nfK4
nLIs6+/FSIunroRMS4GgKdOS/tqRo+2785VWO1FN02tLMmS4YhUK+BQKhbRg5SY99OosBZQip7uW
OtSvLbfHE/GvQUX1PrqTunRuo0U//RrtUgAAAAAgogg4UGFnDh8UlX5jYr06o19HdcpIUa24GC1f
u0Xvz1+l5etzFQyZssyQkuNcapleRwqZcrtjlZrslmQetO2UhBgFQ3XkcjrkdjnlL/Jp867t2rB1
p3q1a6YWjerrlktP0PZcv975Yr6OP/50paenV/9NH4Izhw8i4AAAAADwj1Nzx9ofoqvHnK3Ro86M
dhmHjaTEeA0bOjDi/W7dulX+7ZtUJ8bSN4uXa/ain9WsfqJO6N5CabU88hUVyuV2qFZCjGrHeSTT
lBX0ywqGZJmS4fKW277b5ZQ3xi23yynTktZv2a6ZC5aobUZdOSxTqV6n+ndorCapMTrnnNPVv38/
JScnR+juq2bY0IFKSoyPdhkAAAAAEFGHZcBx9ZizNfaqszXumnN18YUnR7ucw8IpJ/eVw2FEvN/n
n3lKRu5WGUGferVuqnaN6mv7rlw1qxuvTk1T5HAE5XAYiot1K8blkGRJpilZZnHY4S+SFTQlh0eG
wy3JkC8QVDBoSvvtDrthyw4tWbVOR3dopZQEr2RZcspSXmFAc35eq979Bqhhw4Zy7rdlbU3jcBg6
5eS+0S4DAAAAACLqsAs49oQbe9x+66U69+wToljR4WHI4N4R7c8MhbRs6VIFtq7Xli1b1Sajvrpm
NlbXzMYqKPIpEPCrdoJbHmdxSuFwOOQw9gtgLEtWKFj8/2BAVjCo3Tl5ev7D2brrhfe0YMUfJaeG
TEsBy1BiYpJaZtRTMBTS+uzt+vOvbXr3qwXq2meQGjdtJrfbHckvQ5VF+vsFAAAAANF2WK3BsX+4
sce9d18hfyCgd96dGYWq7K9RRlrEt4YNmaYWLVqkI1s3VkFujhrXra1Yj1tr/tqmDVt3KN4bo+TE
OKWkJCoQdMrldEgOp2SGymgwKEvS3GWr9e7sBfpj4xa1aJSuHh1aS2ZIO/PytCvfp+YN68mQtCuv
UFPf+VKJCQnauG2Xzruun+Lj7TPto0f39mqUkab1G7KjXQoAAAAARMRhM4KjrHBD+nvnjGAZH3xx
UAMHdI9Kv6FgUPGxMcpqnC5vjFv5RT79uHKtaiXGqVmDuqpbK1kpifGKjXEqKT5W2n8ERynmLVut
ddnb5XK75HY6pZApy7SUX+hXbn6hEmPdKvQHtHDVer3/1Q/67pc/ZLpilJCQIIfDXm+XaH3fUHUu
l1NpaXUUH1/+2jEAosflcvIe/QdyuZy67trz9dn/ntDCBa/p61nTNGXS1UpLqxPt0gAAezksRnAc
LNy44abH9P6HX0W2qMPIMX27RrxPh8Ohjkd01PqvP1LzlPpyOhxas3mbtufk6aislmpav54KA071
aLlbP/2xWcFQQIFASO6DZBB/bspWTn6BjuzYVo3rpsgK+CXDUKzLpbgYt/ILimQoRgt/+1P5BQVq
XL+OElPryXDU7HU3SnNM3656efp/o10GynFkr4468YQj1SErUxkN6yklJalkS+OiIr/y8gq0afNW
LV22Wgt+WK4Z/5sb5YqBf5bU1Foaelp/devaVpnNM1SvXm15vTEyDEPBUEg7d+Zow4Yt+nn57/rs
8+80/7ul0S4Z1eSRh8Zp8AlHlzyulZygjIb11CErU6efeaPy8wujWB0AYA/bBxyEG9XL43Gr99Gd
It6v0+lUVlYHrf9uZsnIjPyiIsV63IpxOWVYUsv0Whp2ZEvV8kqBQJECfr/cXo9kWWW2GxfrUd1a
yerTsZVaZtQrftKylOj1KNbl1KqNW5XVLF05eQXyuF0a3LODlu0yDlzfwwZ6H32EPB63/P5AtEvB
fk4a0kcjRwxV+3bNyzwnNtaj2FiPUlNrqWOHljr/3BN13TXn6Y23Ptcrr86Qz+ePYMXAP0uzpg00
+sozdeLxRyk21lPqOS6nU3VTU1Q3NUWdO7XWBecN1q+/rdWLL3+kd9+bFeGKUZ26dmmrE48/qtRj
mZmNdOH5g/X0s+9GuCoAQGnsNeZ+P4Qb1a9nj6yo7J4iSbFerxLqN5LhLM7hmjeoJ6/HI9O0pFBQ
bllqmZakk7s2V582jeS0LMlUccBhlP7SHnxkJ10ypJ+O69Ze9VOS/r8vt1OhUFC//blJQZ9PGakp
6tmuufq2b1a8SGkkbjjMHA6HevbIinYZ2EtyUoKenHqTHn1oXLnhRlmaNEnXTTdcpDf/M0HNmjao
hgoBXHrJqXr/nSkaemq/MsONsrRp3VQPThyrV168SxkN61VThYi0jh0yS0bXlaZ1q6aRKwYAUC7b
juA4WLhx9biHGM4dBt26to1q/ykNm2rrup9U3+tU3eQEtWmUppSEuH3OaZiaooapKZIkKxCQ4XBI
hiTTkhxGcdhhmZKk03p3LrUfQ1JijFtel0Prsrfr2C6t1Kt1htwej7xxceX+YlOTdevaVt/M/Sna
ZUBSRsN6mvbMrWrdqskht9UhK1Ov//t+XTX2Qf24cEUYqrO3r2Y+qzp1kks9dtXYB/X1nEURrqhm
4OtSeZMmjNEZwwYecju9j+6kN/49QVePe0gLF/Eetbtdu/PKPZ6bmx+hSgAAB2PLERyEG5HT6YhW
Ue2/XacuWpadp1xfUJYMdcpsovpl/MK+h2Wasvx+KRgqHtEhh2SpeKpLOUFF4/qp6tymueb9skap
KUk6olVT7SjwKzU11XYLjO4R7e8fiiUnJei5Z24LS7ixR93UFD08ZRx/JZbkjY1RnDe21P9cTvut
nxMufF0qZ8qD14Ql3NgjPT1VTz8xnp/Dh4FZs37Q1m07Sz0WDIU045N5Ea4IAFAW231qI9yIrA5Z
mVHtPy4uTg06dFeeK04Bs/h7vGe+SCBkyh8yy7zWkmQFg7J8RVIwKBmuvaauHBh2uB2GGqYkqkn9
upq77HftyivUXzty1bZde7ld9hzsFO3vH4rdftsItWrVuELnhkJm8eu8Aho2qKspD15zKKUBUPHv
FkNP7Rf2duvUSdbDk69VvbopYW8bkbM7J0833fy4tmzdN+QoLPRp8pTp+u77ZVGqDACwP1t9aisv
3AiFTF17/cOEG2HUKCNNyckJ0S5DxwwYpC/ee0Ou/C2qG+eSw2GooMivNdtzFON2q3VarYO2YVmS
iopXODcMQ4bbI8u0JJl/hx7FHyjr1UpQ/46ZenfuT3rzq4XyeuN00bCRcnsqNw+7pkhOTlCjjDSt
35Ad7VL+sU475Riddsox5Z6zevV6ffjx15r91Y/6Y80mhUIhNcpIU4/u7XXcsb3Uu3enMv/i3r1b
O515xiC99c6X1VE+cNjr2qWtrhg5rNxzCgqLNHPmD/pi5vf6448N2rkrV02bNFCvnlk68fijlJnZ
qMxrmzRJ1603/0tXj3so3KUjgr6es0jHnThaxx3bS+n1U5WTk69Zs3/Qho1bol0aAGAvtgk4DhZu
jB47SV98+X2Eqzq8lfcLW6Q169hNH78yTZ3S4pWUEK8XZ8zWzl27dcGgI6UKBBx7syxLlt8nSTJc
LhkuV/FComZQkpQUF6vOzRpo7OOvq3mzZhqVkGDbNTik4u8jAUf0XD32nHJfP6+/8ZnuuneagsHQ
Ps+vWbtJa9Zu0ptvf6FTTz5GE+4bXeaCh1eMHEbAAVTRjddfKI/HXebxVavW6cabH9fSZav2ef6v
v7bru++X6Ymn3tIN112oSy85pcz3+pDBvfXue7M0hzWRbC03t4AdcgCghrPFFBXCjeioSbs0tGjR
QiddeJle+X61zrpnmj5dsEK+gKlAMHhI7VrBoMzCQplFRVLQVCBoasXajXpr1gI9PuZ8HdGxgxxl
7MhiFzXp+/hPc/rQAWrcqH6Zxz/9bL5uu/PpA8KN/X348dd6ZlrZWxA2aZKuAf27VblO4J9qYP/u
5S6mvWHjFl12xf0HhBt7CwZDmjjpJb3w0kdlnmMYhkZeNvSQagUAAAdX40dwEG5ET0ZGWrRLKGEY
hpo3b66TTh2q3AKXNvz+i+I8xWtqWA6nDLP8D4gHEwiZWvHnZr03d6FyC4o08sS+8rvj1KtvNzls
vhhfTfo+/tOcNfzYMo/l5hbo/gderHBb055/X+ecfbzS6tUu9fjgE3tr1uwfK9xej+7tNaB/d3XI
ylTtlCQlJ8fL4XQoJydfObvzter39frmm580c/YP8vn8FWqzb+/OOvLIjqUe++DDr/Tbyj8lSfHx
Xg0+4Wj179dVjRunK6VWopyu4r5//32D5s5brDff/qLM4OeSi05Wvb2+Dl5vTJk1nXjCUerWrV3J
43Xr/9Lrb3x20Hvp1rWt+vfrprZtmqlhg7qKj/cqNtajwkKfcnLztXbtZi37ebXe//ArZWdvP2h7
5fF6Y3TcoF7q06ezmjZJV3JygpIS4xUKhZSbW6BNm7dq8ZKV+vyL77Ti17VlthOJr4sktW7VRCcc
f6S6dmmrOnWSVSs5US6XUzm5+dq9K0/LV/yhOXMWaebsHyrUXufOrXXcoF6lHpv37RLNnbdYUvHr
66wzj1NmiwylpCSpsMinzz6frwkPvFShfkozfPigco8/MOnlCo+AmzjpJR11ZEe1a9us1OPdu7dX
q5aNtXLVugrXF67XRk3ppzreV5eNGKrae237Hg5fz1l0wLoaY686u8z31LvvzdTq3zdUuP3q+PkL
AChmNG91asVWs4uC8sKNYCikq8Y+SLhRjZ558mYdO6hntMvYx7Zt23TP3VM0b9anatcwUcP7dNUx
XbJkuD0yA0UyrLIXHS3P9pw8/bx2kwr9AXVt2ViGDP177lKdO+52tcjMtPUUlc+//F6jRk+Mdhn/
OLVrJ2n+3JfKXDvjvfdn6YbxUyvV5qMPXaeTT+pT6rHVq9fr+CFjDtrG8ccdqbFXnaU2rZtWqM9t
23bp5ekf67kXPjjoSJPrx52vUZefUeqxW+94Sm+8+bmGntpP4645Tw0a1C23rT//3Ky77n1Oc745
cCvT/374qNq2qVj9+/t+wXKde8GtZR4/8fijNPKyoeqQVbH3fWGhT1/OXKAHH5quTZu2VqoWl8up
0aOG66ILTqrQekfBYFBfzVmkRx/7T6kfMqvz6yIVL1p8/bjzdfRRR1Toa/PHmo168qm39MFHX5d7
3gXnDdZdd4ws9dgLL32oCQ+8pPvvuVJnnXnsAf3OnbdYF/3rroPWUhqvN0bfz3tZ8fHeUo//uHCF
zjr35kq1OWRwb0195Poyj097/n1NmvzKQdsJ92sj2v1U5/vqy8+eCvtIxYcf/beefPrtfZ5btOC1
Mr9GI6+4v0KBXnX+/AUAFKuxY+8PFm5cPmoC4UY1q1sDV32vXbu2GqYlyek05TQcio/xyAr4ZRYW
SCFTcrhluDwlO61I0kcLf9V1z7+np/43T2v+2q5gKTuvJMd71SWzsXq3z1Td5ESFLEsr/9quxk2a
2DrckMTq/VHS5+jO5W7F+dnn31W6zeUr/ijz2MFG6rhcTj328HV6cuqNFf7lWpJSU2vp+nEX6MP3
HlKTJukVvm5/dWon65bxl2jKg9ccNNyQiqfdPPPkeA0Z3LvKfVaGy+XUlElXa+qjN6hjh5YVft97
vTE6+aQ++ui9hzT4hKMr3F+TJun67wePaOxVZ1d4MWeXy6VBA3ro39Pv05lnlD/yINxGXT5Mb70+
Ub2P7lThr03zZg310ORrD2mnn8TEeE2aMEZnn3Vcqf2aZtVCbUka0L97meGGJH05a0Gl25zxv7kH
7LSxt/Kmw+wRqddGJPqJ9Puqpor2z18A+CepkVNUKhJufPX1wghX9c+TkpIY7RIO4HA4lBgfo9qJ
XqXXSZbL7db2vELViY+VZMiy/LIMQzJNGU6nLEn142M1tEcH/bp5m577bJ4y6tZWu4w0NaidpJTE
eCXGeRXrdioxrvjDqD9kamfQoU69+shj091T9lYTv4//BJ07ty7zmM/n11dzKv8z7Mcffyl3gbt6
dVNK/XAVH+/Vk1NvUp/enSrd5x5tWjfVKy/epVGjJ1ZpiPrpp/VX00r+lTUmxqO77xipJUtWVutO
BTExHj39xHgd07dLldtISUnSgw+MVTAU0udflB9eNWmSrhen3V7pr8ceyckJuveeUQqZZkQWPLzp
hot02aWnVTnsHXpqP3ljYzR67KRKX9uta9ty/zpvmlUfhNrpiFZlHrMsSx//d06V2v3hh+VlBnMt
M8vfLjpSr41I9BPp91VNVRN+/gLAP0mNCzjKDTeCQV1+5UTCjQhJSoyPdgmlat6ogRqmpaperQTl
FRZpxZ+b1Ltdc0mWtNcvu1bIlGSpbYO68rhdalI/VX9m19WmHbu1esNfWrspW4nxXiXHeZWRWkvN
G9SVx+3WrtwCffPzHzrp0oMP97eDmvp9PNxltsgo89iGjVuqNNz4p8W/6afFv1X6urtuv+yQfrne
o1FGmh6ePE6nn3mDCgt9lbq2qh+kUlKSdP55g/XAgy9X6fqKuH7c+Yf0IWwPrzdGt91y6f+xd9/x
cVV3/v/f996p6tVF7t0U2xgcGwiEXtIIm0ZI2fRkN/km2f2RkJ4AaQQSNpSEEEggQOg19N5sqrGN
wb1LbrJk9TLt3vP7YyTbsmfGkiWPNPbruY/dRXNmzr0zc2c8933P+RwtePUdtbd3pr3flZd/94Bf
j24+x9Elv/iG1qypyVgAs78+/9kP6htf639xzHPPOUFf/+r5uvHvD/XpcRMnjMrY7qYYkddbkyam
/4zu2NGg7dsPrLbK6jXV+nCatsLCPB15xAQtX7EhZXu2jo1sbCfbn6uBFIvFB6yvofD9CwCHkyEV
cGQKNySpubld3/jax/WNr308i3u1r/3NUz5UhMOhwd6FlEqLi1SQl6f8YFC2JdXsbNK2xlaN3Huk
Qlc9joKu5zG6rFgjigvU0NquxvYOxV1PPseW3+eoKC8sx7ZljFFHLKb6iKdJkyZl+6kdFEP1fTzU
ZQqW6uqasrYfH/3IyTr/Y6dlvE8ikVBdXZMSrquK8pKMxSmnTh2rH//wS/rFJTcc8D55nlFTU4sS
rqeysqKMU3kk6ewz5/UIONatq5Hn7g6Ipk4dJ78/9T9na9dtVjSy+2Rgw8YtPdonThilz3/2g2m3
3dER0bPPvalN1dvU0RHRuHEjdfaZ81RWVpzy/qOqKvXVL39M11x3V8r2b3794zru2MzTFFpa2tXY
2KJwXijjFLO8cEj/890L9ZWvXyZpYF8XSZo6Zawu+t/PZ9zXhOuqtrZBbsJVZWVpxmPn/33r03r6
2Te0adO2jH32hXeAdZek5PD/dGo2H/iIoTVrazK2TxhflTLgOJjHRra3k+3P1UBauWqj7uhlwd39
GYrfvwBwqBsyAcf+wg1JKi8vVnl56n/8MPACAf9g70JKrW3t6ohEZNtFmjiiUgnPaNHaag0rLdSc
yeNkKc2QZWPks20NKylUYV5Im+ub1NDWoUgsptLCmIaVFqmptV3rdjRp9rzj5T8EpqeG4RyIAAAg
AElEQVRIUiAwZD7mh5VMc/uzdRVSkr7z7Qtk26mnFiQSCd32ryf0j1v+vauQX35+WJ/+5Jn6zrcv
SDsv/1OfOFO33vZYn1YNkJJX2++971nd/M9/73psOBzUF7/wEX3tKx9TaZqVEMaMGaGKihLV1yeD
oe/9f3/s0f7GglvSnqxeceU/Mxb/+9Qnz0z7Xdfc3KbP/efP9hkSfsOND+iu23+j4cPLUz7upPfP
SnkiFgwG9JUvnZd2XzZv2aErrvynHntiwa7bZs+epp/+6CuafUzqKU8fOHm2pk0dp1WrNw3o6yJJ
3/vOhSoqSh3UGWN0/wPP69o/371r+lA4HNQFnzpb3/1/qY+dgoI8ffELH9Flv74x43b7wuvHCI7S
kvTT95qb2w643x11DRnbh6VYCelgHxvZ3k42P1d/vOp2FRbmpX1Oe8rLC+sHF31BoVDqf99bWzv0
wx9fO2Df0UPp+xcADhdD4synN+EGsi/dP8qDrbW9U5GuZdOGlxTK79hasn6zlm3aKlm2jqyqVH6G
KyAykmWSdRB2NrVKkoYVF8p4RvXNbXp3S4O+/vkzsvFUssK2h2wt4UNafkH6gKOzM5KVfTjvox/I
OAz/ij/cpr/f/HCP29rbO3XzPx/Re8vW6Za/X5LyRCAQ8OvLXzxPP/3FX3q9L8YYXfbrG3X7HU/0
uL2zM6q//u1+VVdv17VX/yDlY23b0nHHHqGnnn6t19vrrWlTx6Vte+KpV1POd6+u3q5bbn1UP/zB
F/vU5wWfPitt4NDW1qEvf/VSrd/QcyTF4sWr9MWvXKL77/69pkzZt36DZVk6+6zje5xcDoQJ46t0
+mlz0rbffe8z+unPe77/nZ1R3XLrI9q4aatuuP4nKUfmfOiDJ+q3l/+jz1O0qqu365FHX9bL8xdr
/YYtiscTGj1qWL+mqASD6UPs/nxGm5syhyOprtBn69jI1nay+bl64qlX025rb7fdclnacMMYo8uv
uEXvLVvX6/4yGUrfvwBwOBkSAQeGJs/zhuzJsc+25XQFMGWF+Zo5YZQ6onG98u5qbdpWp1mTxmjK
yIq0jw8F/Bo/vFylBXkKBfwqLypQR0dU25s7FCiuUNXoMdl6Kgddf4rw4cAF/OlHQJksvSXnn3dq
2ral767Z58f1nt5auFz3P/icPndh6mHmZ54xt08/sN9etHKfcGNPjz+5QD/b8VUNT3F1W5IqDtLo
vbcWLtP22tS1Fp7LsIrG/Fff0Q/TtOXnh5WfH97nKvC5Z5+Ytr/Hnliwz4llt/b2Tt1w4wNpVyM5
6qiJafs9UJ/+1Flpr8DX1Tfqyj/elvaxL770tubPX6JTTzlun7bKilIdP2+G5i9Y0ut9WfDqO/rO
965Uc0vP4KC/xRZ9vvRTo6LRA6/B0NTcmrE91euarWMjW9vJ5ueqty7+/n/qxBNmpm2/74HndNc9
Tx9Q36kMpe9fADicDImA4+prk0MOGcUxtMRiibRXOgZLbW2t1mzYIHkJFeftvkJekh/W5KphWrOt
Xis316qpI6KN2+s1bfQIjS4vTjkapSAc2lWfw/OMNu9s0rrGTp1+7sey9nyyYSCLpSG3HHVk+hPf
xx6fv9/H33rbY7rwgnNTfn4qKko0e/Y0LV7cu6Knkcj+i+Lt2NGQNuBIN1Wiv66/4f4Detzy5etl
jEm5sohlWRpVVanVa6p73H7E9PFp+3v++czTRR5/8lX95lffSjnqoCzN1J7+yLTCyJNPvaampswn
8QtefSdlwCFJxx07vdcBR3Nzmy7+8TX7hBu5LNUxk61jI1vbyebnqjfOOnOevvrl9FNzli1fr19e
+rc+95vJUPr+BYDDyZAIOKTehRwNDc1as5Y5h9nS2RkZUgFHJBrVMy8t0L+feUHTC2xVle8eZutz
HFUW5+vIsSPVHokpEunQM4tXaO32eh01doTGD6/U8JICBXyO9vmpYKSWzog27GyRVzxMc08+JavP
62DL1nQI9OR56YfOH+Bqm30yc8aUtEPRjTF6+tk39tvH2nWbtW5dTcph6ZJ04vEzB/QHdqar5pmm
Exxs+flhVVSUqLSksMfVd2PSv5eO03P02/vmHJk2pInF4nrtjXcz7kM0GtNf/npfytoudSmWBu6v
6dPGp2177fXM+ypJ1TXb07ZNntz7EXINjS0HvJrJ/mT6jDq+Ax+9GAplmCIpKR5P9Pg7W8fGUDsG
B+Jz1Rtjx47Qry79L/l8qX/yNje36Qc/vFrRrqmvAyEXv38B4FAxZAIOaf8hR1Fxgf520wMsE5sl
La3taYv+DYZlK1froTff1YaGNp06frwqi3sWiCvNz9O0UZV6askanT1rsk44YpLun79I9y9YrCmj
R2nO5NEaVlKggmBABaGAQgG/bMuSLGlLQ4vq3IBO//A5spwh9bHot5bW9sHehcNSR2dUpWkWH8jG
yfrECemXgNy5s1nV1elPQPe0YePWtD+wq0ZWHtC+HYhUV3QPlrPOnKdzzjpekyeP0ZgxI1SSpthf
X4wdOyJt286dzb0adn/dX+7p9370xuhRwzKOmPnedz6j73z7gox9BIPpp2gNlaWrY3sFDXsK7yek
yKQkQ/FSad9Rddk6Ngb7GDwYn6veuPLy76myIvWXsecZ/eq3fx/wGjaH2vcvAOSSIXcmlynk8DmO
brj+J/rmf/+WkCMLGhtbNW7syMHeDUnJ0Rt3PPKUlrhFCs0+Vd5wS7VRo0AkrsJQ8oe0bVsaXlyo
ORNH6bVV1frkiTP1/U+erZU12/Xv15fqqUUrVFiQr5HF+RpXUayywjzJSAnX08aWiPKqJmvmce8b
5Gc68BobMw8lx8HRkeFkIdPJ30ApKUkfTtbv7P0ytXX16a/M9nblglxx4WfO0X994xMaPWrYgPdd
Upz+pLehsWXAt9cf6Vax6JapgGRvZFphKJsyndD3Zx/3d+K+9wot2To2BusYPJifq/35+U++qjnH
pV8S9667n9KDD70w4Nvl+xcABs+QCzgkQo6hYsdBGPZ8oJa8u0yLaurUPvk0ad75um/jIi1btljn
jWjXGePLVRBw5LMthYN+TRpZrqXV27V6a72OGjNM08eM0PQxI9QRjWnphs3aUNugZ5es1LaGZtU2
tahmR6OmzzxGP/zxx+UZkxzVcQg5GMPXsX9tGU6e9neFdyBkugLf2bn/ehi775t+2HZBwaHxAzsY
DOiaP31fZ54+96BtoyDDqjpDrU5OWdnBHbk3mNON9rRzZ7MmThiVsm3EiPRFqvcnXZ/dtm6r6/F3
to6NbB+D2fhcZfLhD52kz3/+Q2nb31m6RpcO4JLFe+L7FwAGz5AMOCRCjqFg27b6wd4FSVIsHtdV
N9+hNaXTZcpHypLUOv5YvVE+XhuqF2vVe9X6xOQSTSwKymdLheGgzpwxWXcueEdTRpYr6E8e5nnB
gI6fPlHHT+9Z+OueV97Wgyu2admGzZo4rVHF+WGFg8Ehu4JMX20dIu/j4aa2tiFt2/6ukA+ETPUF
+iIQSP/PRF+X+hyq/nzNxTrt1PRLonYzxsh1dz/ndHP6U8n0Wg217xp/H57XgcjmdKNMNm+u1fvm
HJmybfSoYfL5nAM6xidNSr80aMJ19e57PZchzdaxke1jMBufq3QmTxqtS3/xjZRLFUtSY2OLLv7R
1QftO4zvXwAYPEM24JB6F3L8v+9eoWd6UawJfbd5c+1g74Ik6YVXFmhDzCd31DRZebuvLFqFZao7
6gw90F6vjc2rdUGiQccVGhX6bVUW52vm2BF6bXW13j9tnPwZlgMsCIfkFVXo9k2duvXqO3V6ua1v
fPp8VY0YLmeInXgciKHyPh5uli1fp3PPOSFlW2VFqaqqKrV1a13K9nTO++gHdPFF/5m2/fxPfl/1
9cnhz40Zhpzn5YV6vc3CDFcJD4X6Lp+78NyMJ2HV1dt17/3P6pX5S7R6TXWPQoRrVjyYcoWDVFpa
0r9WB2uFmAPVuJ8VUg4VK1dtTNsWCgV0xulz9dTTr/W53xlHT07btnVL3T4r0GTr2MjmMZitz1Uq
Pp+jKy7/XtoaYq7r6ZJf3ai16w5e0Xq+fwFg8AzpgEPaf8jx52t+qG9/9/eEHAfBho1bB3sXJEl/
/de92jbxdJniyn1XQJHUnleuBcHjtGT7Gk16+d+ake/pk8dM0KkzJumPj72muZPHZAw4yovyVZ4f
U7UbUOfRH9CDsRa9estTmuNr0k//+6sqLCgYMlccD8RQeR8PN28tXJ62zbYtnXXmPP3z1kf71OeR
0ydo5MjUQ+ebmtt2hRtS5ilmI/owgmRkhkJ2mU6YcsWFnzk3bdviJav05a9dqtbWjn5vJ1ONg0wn
MYNh7ykUezLG6ILP/kQdHfsvSJlOJDJwq1X0x4svva0fXfyltN/vZ505r88Bx+hRwzRjRvqAY+m7
a/a5LVvHRjaPwWx9rlK55Off0KyZU9K23/6vx/XoY68clG134/sXAAbPkA84pMwhh+PYhBwHydq1
NYO9C2ppadG695aqI1Iof8VYWYEUle0tS54vqLaR07WqYqxaYju1fuXzMluXqcp29eBby3TG0RNV
WVSQckRGwpOcSLtKO+vVajtqDpaobcL7Ve916r3rH9R5o4L6wsc/prxw76+6DCVD4X08HL21cLka
GppVVlacsv3M0+f2OeA4LkOxvC1bdvT4e8WKDfI8k/JKaHFxgWbPntarJQanTkm/pOfqAV55INsm
Thil6dNSF8xMuK5+/svrB+wkbOnSNTLGpDyZLi8v1oTxVfsNI48+apL8KYasRzqjWrFy44DspyRt
2rRN7e2dKQttWpalKZPH6K57nh6w7Q2Wtes2a9XqTWmXxD3rjLkaM3q4avowCu6bX/942mkRkvTi
y4v2uS1bx0a2tpPNz9Xe/uP803TBp89O2/72ohW67Dc3HZRt74nvXwAYPDkRcEiEHIOhZnOtmpvb
VJylpdxS+dYPfqL66R+Q19Ymr7VJVkGprDQ/Ho3jU8QpUnUgT5uP/qQ0NSLfusV6uXqx7nvvFZ00
rlyfOf4ojSrtWeCxOC+kUstVZ+0WeUayLVsJX1CNCqhl5HFq3bRQR66r1typExQMHPzVLwZSc3Nb
n36cY2A99fTruvAz56RsO37eDB0/b4Zef+PdXvX1vjlHatbMqWnb33prWY+/N2/ZofXrN2vy5NQ/
kD/6oZP3+wP7zDPmpg1oXNfTiy/ndg2kKVPGpr16X129fUBDg5rNtdq8ZYfGjB6+T5tlJUf0/O2m
BzP2ceftv0k5vH3JO6v1iU9fPGD7KknvvrdWx8+bkbLtP84/rU8BR2Fh3kE7oe2vJ596LW3AUVCQ
px9d/CV9+7u/71VfM46erP84/7S07TvqGvXIoy/vc3u2jo1sbSebn6s9HTF9vH7+k6+mnd5SX9+k
H/zomoOy7b3x/QsAgyenCgxcfe1duua6u1K2dYccZ505L8t7dWh79721Wd+m67raVLNF37rir3ot
XiLzvnMVmHuO3LVL5O3MfHXJSIpbPkXzShQrGa72I05S3Qe+qDXnXqQ7t1u66e1qraxrVaKrAFhb
JKr8YEAnThmlo0aWSsbIGCNJ8owUNZbWvP6ynnztbbVFIgf7qQ+4wXj/sNtt/3pcCTd1ITjbtvS7
X39bwypL99tPcVGBLvnFN+Q4qb+yjTF66N8v7XP7wkUr0vb50Y+cvN9ip1/6z4+kbVu1epO2b9+Z
8fFDQSiUfsWO8jQnD1JyHn8mE8ZXqa8z15YsWZ227ZQPHJfxsed99ANp5+73ZdnJbpleF0l69bWl
advmHHeEvvKl83q1nSOPmKDH/n21vpjhWBpMt/3rcTU0NKdtP/ecE/SDi76w337Gjh2ha/70fYXD
KUYZdrn/gefSFobM1rGRje1k+3MlSeFwUFdc/r20F2QSrqtfXHqDNm3a1vfODxDfvwAwOHIq4JAI
ObJtyTvpfwwNtHg8rtVr1uqqG/6unz7yup4MTVP7sR+USkfKGTVJJlwok4jLeOkrhxsjybK6anVY
svIKZcpHKV5UqYZxx+mJ8rn669qoltcmi7yF/H6NKC3U9KpyTSkNqiDepmRMIhk3oejaperMK9WC
Re9q4ZJ31d4xNK9CppPN9w/7WrV6k154YWHa9rFjR+i+e67QRz58ctr7nH3W8brnrsvTXmWWpNff
eDdlmHXrbY8pHk+kfExZWbGuuvJ/0i5Ze/H3/1MnHD8z7Tbve+C5tG3ZFommr+lw7OzpaduaW9rS
to2qGqaT3n9MyrYxo4fr6v/7fp9r89x591O7AtS9zZt7VNoQ4MgjJmQsLrtkSeorwQf6ukjS7f96
IuOJ/w8u+oL+6xufyNjH5y48Vzff9EuNqqrUjy/+ks776Acy3n8wNDW16pZbH8t4n//6xif0jxt/
oaOPmrRPWzAY0OcuPFf33fV7jR0zIm0f27bV68abHkrbnq1jIxvbyfbnSpIu++U3deQRE9K233zz
vw+oYGx/HC7fvwAw1OTMFJU99Wa6yv9+/yo99vj8bO/aIWfh2+mvQAyURCKhLVu36ZkFb+j5DfXa
kD9Gm/2lipZWSpYl23ZkWY78045VYst6WcE8OeVpfkjuCjd6iq9/V87EmWoqLteiHYUaWb9a+cF2
TSrLl8+xVVmUrwkxo4K69Wqrmpm8guQmFFuzWKG552rlk7folpeWaOPmLTrn/fM0ZvQoORnmWQ8V
2Xj/kNllv7lJs4+ZpoqKkpTto6oqdfVVF+nHF39Ja9bWqLGxRbZtqaSkUJMnjdGIEZmv8sVicf3+
yltTtq1avUkvvLhQZ591fMr24+fN0CMPXqUnn35Na9ZUKxqNa/ToYTrj9LkZi/Rt3Vqnu+4eOjUY
WlrapVGp2z732Q9q+PByrVy1UY5jq6AgT7/53T8kScuXr087T95xbF1x+Xd1zbV36bEn5qu1tUPj
xo3Ux88/TRd8+ixVVmQeeZNqqcs33nxPS5as1uzZ0/ZpsyxLP//JV3XaKXM0f8Fiba9tUH5eSLNn
T9MHzzlRBWmKQEajMT38yL7THqQDf12k5EnqnXc/rW//96dSPj4Q8OsHF31B//GxU/Xiy4u0dm2N
OiNRVZSXaOLEKp14wixNGF+16/5+v0+/uexbampq08uv7FuHYjD9+fp7dNqpx2n2Mfu+L91O+cCx
+sDJs7VmTY22ba9XZ2dUpaVFmjplTNrVOrq5rqff/+GfGU/8s3VsZGM72f5cXfiZczJODUq4rmbP
nq677/hdxr73tH7DFv34p9f1+v6pHC7fvwAw1ORkwCHtP+S4+qqLJImQo5/eePM9eZ4n+yAtl7qz
oUGvvr1Yzy/foPesCi33jZVVPlmxPQYXdRdFc0oq5e2sldtcLyuUJzu/549Ko9ThhtfRKhNpl11Y
IiuvUE0jp2n+qq2auK1Ww8I+FYaDCgf8Gu7rVOmOzdpeNVMmkVC8tkayLPmGj1OLHdSbjQnVN4a1
4flFOqp8uWZMHq/J48aqIH9orYDQzfOM3njzvcHejcPe1q11uvyKW3Tl77+X8crkiBHl+w0zUrnh
xgcyTkX63RW36NjZ09MGLFVVlb2ebiAlT9Z+e/nNPZZ1HGzr1m1Oe/XW7/fpg+eeqA+ee6IkqaMz
sutEfsPGrVq2fF3aZT2HDyvTb371Lf3q0v9WLBbf77SOPaUbKn/5lbfotlsuUyBFPR/LsnTyScfo
5JNSX+FO5a57nkm73PCBvi7drrnuLp14wsyMJ/6TJ49JW2dgb3l5IV115f/oI+f/75AbXn/RxX/S
nbf9OuO0AcuyNHXqWE2dOrZPfd/8z0f0yKP7X7UjW8fGwd5ONj9XkyeN1g+//8WM360+x9GcDAWa
Uwn3YZ8yORy+fwFgqMm5KSp7yjRdxbIsXX3VRfrwh07K8l4dWmKxuOYveGfA+91QvVn3PPqkrnvo
Wf1zVZMe7ijT6uIpildN7RFuSMmAo3tErTNirExrk9wdm2Xie/4DnzrckKR49Ur5qibKCiaDiHgw
XzVlk/TIlk69tGKDWjujsi1LBZarMje57JqJdSq64k3ZpcMlWXLGTlVbNKb14VF6pLNU99REdevq
Rt20uEa3L1iqJ19dqPdWrlZjc/oh3dk2f8ESxWLxwd4NSHrw4Rf1l+vvTTs0/EDdfe8z+tM1d2a8
T3X1dv3qt39PWwukr+665yk98dSrA9LXQHmpHyMCrr/h/v2+L7Zt9ekkTEqOzEll4dsrdPM/H+lT
X+msWLlRf/y/29O29+d1kaREwtVFF/9JtTsa+tXPnl58edGQCzek5Mox3/rO7zMu73kg7r73Gf3u
9zf36r7ZOjaysZ1sfa7GjR2pwsKheZFBOjy+fwFgqMnpgEMi5MiGlwawUnfNlq168PEn9dc779ff
XlysO2riWhwer8jYmep00hRn26Pwp51fJLuoTIkdm5Wore7VNt26rbLLhsvy7/4hFR02QW8XH6H7
t8S0aONWJVxXfstTgRWXScTlNtXLa2+R11CrxLYNCkycoejWjero7FRz5UStqzhCz0bLdEt1XNev
btP1q1v1t2X1unnhet2xYIkeX7BQa9Zv6Pfr1R8D+b6h/666+g5d8YdbByR0Sriubvz7Q/rJz/7c
q/s/+tgr+tnPr1ck0r+rfnfe9ZR+cckN/erjYHjwoRe06gCXTHzq6dd0Sx+X65WSwWtLS3va9kyj
Gq74w636151P9Hmbe1qzplpf++av1N7emfY+/Xldum3atE1f/uqlWrd+c7/6Mcborruf1vcv/lO/
+jmYlryzWl/88i8HZJWPRCKh6/5yT68/o92ydWwc7O0MxudqqDrUv38BYKhxSsunXzLYO9Ffb7z5
nixLmjf36H3aLMvSueecoHXrt2jNmt6dEKOnnTub9aUvfrRffVRv3qKX31ykR99YonsWrdVrDQnV
jzhC7aOOVMwflt+2ZFvJlUtSS05TsSxLdn6hTGebvLZmyfHJ8odSLx1rjNymOimRkK9ipCxnjxlZ
jk9e8TC1xI1M0w6N8CVkG6O17UbLfcMUrV6twOgpMtGIEpvXyiooUmTlW/KPP1pOcZmidkCdll8d
TkjNgWLVBkq1LhbQu/Udentzg96tbdb2trjqd+5Uy/bNKiwoVCAYOKDiaQfql5fekPGHIrLv7UUr
tfDtFZo+bZyGDSs7oD7Wrq3Rz355vW69LXNhxL0tX7Feq1Zt1JFHTlTZfmoG7K2puU3X/eVuXfGH
1LU+up14wky9b86RKduqa7broYdfzPj4T33iTFWlGfnw5lvLMi6pu3jJKp1x+lwV5IczbiOeSOj6
v97X47aXX1msQMCnY2ZNTbtSzZ4Srqurr7lLW7fWacaM1MPwLcvSPfc+k7aPF158W57n6eijJikY
7P3y08YYPfzIS/r2d3+vhoaW/d6/P69Lt507m/XEU6+qqqpSEydU9XnKYu2OBl32m5t03V/uSdk+
a+YUnXpK6hU8mppadevtfTvW+2NnQ7Puf/B5BQJ+TZ82LuU0jv1Ztny9fvjjazO+/5lk69g42NvJ
xudq4oRR+uhHBr54bV1do+7cq87FN7/+8bQjTh559BVt2Jh+lbdsfP8CAJIOiYBDyhxySNL8+Uu0
bPn6LO/VoaGlpV0nHD9Do0YN69Pj4vG4tm7frve21Onxd9frHy8t0Ys74moad6w0ZY5ihZWKyZZn
ksGG305OM/HSdWhZkixZPp/s0mFSIi5v5zYZNy7LF5Dl32sEiDGKrlqkwIQjZYfzZPYqQGr5A3KL
KtWaMKrftE5tddvV7lpa3yF1tLYqb86Z8o2apHj1arnbN8mt3ypf1UQ5ZcNl+Xr+GDSy5Dp+RYOF
asuvUH3ecK2KOHpl6SptrqlR/ZZqJTo7VJCXp2AwKPsgBx1vvrVM/7jl3wd1GzgwW7bs0J13P62N
m7YqLxxUZWWp/P7M5ZAaG1u08O0V+uP/3a5fXHqD1q/fckDb3rBxq2771+Pq7IyoqChf5eXFaU9W
jTGqrt6uRx+fr/+56Cq9+NL+RwQNZsBRV9+kJ556VcMqSzV27Mi0y1E2N7fppn/su5rFq68t1cK3
V6iivESjR1WmfF0Srqu3Fq7Qj35yrR58+AW5rqfzzzsl5XaGDSvTE0+9mvEE8M23lumxx+crLz+s
4uICFRXlp71vR0dEL72ySL+89G/6+80P93okUH9flz23/8STr+rlVxarsCBPxcUFGUMTY4w2bNyq
O+58Uhf94E9anGalF2loBRxScqny+QuW6MGHX5TneiouLlRpaWHGgLqjI6LXXl+qP117py657G+q
rtner33IxrGRje0c7M9VrgQc0sH//gUAJFkTp35sYCeFD7Lvfecz+xQeveSyv+m2fz0+SHt0aPj8
Zz+oS3/5zf3ezxij9o4Ord9UrQ31zXqvtkWvbO/U5mCFOsIl6pBPtmUpYFuKuUbRPYZsOJalsN+W
kaWIm+qwtOQ4VlfQkVzG1d1Ro8SOGlnBfPkqquSUDZdsRzJGXkerIm89o/D7P7wr/DBSj5DDSAp0
tsi894rCi5/WhEKfNuaPVsOxH1Fg7HRZliW3rUXR915V58JnFDzqBIWPO11OUe+uvlsyCkWa1fDM
XXr/6BKdPXOK5k6bqKkTx6uosOCgFW/95aU36PY7+jf8GNkRDAY0b+7RmjpljCoqShUKBRSLxdXc
3K7m5lYtW7FeixenPznsj2GVpXr/+4/R8GFlKikpVMDvU0NjixoaWrTknVVavmJwp1kdqIqKEp18
0mxNmjhK+flhRSMxNTW3acXKDVrw6jtKJDLPh6+oKNFpp8zRmDHDVViYp/b2TtXWNuiFFxdq85Yd
B22/j5k1VUcfNUmlpUUqLSlUPOGqublVq9dU65X5S/pdWLC/r8veZh8zTUcfNUklJYUqKS6QZdtq
b+/U5s21envxSq1dW9Ov/R1KxowerjlzjtS4sSNUWJAnn9+nzs6odu5s0uo11WXOEJYAACAASURB
VHr9jfcOauHHg31sZGM7g/W5GqoO1e9fABhsh1zAIfUMOX73+5t10z8eHuQ9yn1Fhfl6+83bUy77
JiWDjUg0qq076rVsS53ufOolvbK1VYFjT1drqESuHBX4HRlJUdeTa7rKglq7C4hKyVEc5SFHzXEp
lmK+imMnR3EYy+rOOeQ21iq2dqlMZ5v8E2fIXzVRxvMUW7dUpq1JwVkn7zPioufOSyYelVe9QonX
H5HpaFXwK7+V7Q/smhYjSZ0Ln5MsS4Gps+UUZl7KLpWCjp1qWPCYjs+L6rOnztUZJx2vyoqKPvez
P55ndNzcz6ullekpAAAAAA4fh8wUlT11T1dZ8OpS3XDjA4O9O4eEaCyuUaMqddSRE/dti0a1ZXut
Fq3ZqNuefVW3L9+hteNOUMfYGer0hWW6xkzEPKM8ny2/bSUDDsvI6R6N0dWXZ6TOhFFJwFbM2317
N2Mky6jr/yTn49rhAvnKR8pE2hVd9rqciirJeIq+O1/BOWfKCoQy176wJMvxyS4bIWvEJCU62mUX
lMguLE3WBLGS9T/8VRPlr5ogO5h5Lns6MX+enEmztLWxRYsef0DTRw3X5EkTB7wux30PPKfHnlgw
oH0CAAAAwFCXeeJ3Drv62tQrq+DA3XPvs/rUJ87c9bcxRh2dnVr07nL947Hn9GKLX96UuYp3rpET
6VR+2FG7HO0e9GzUHEuoIuSTL2CrOebKsqSQY6sz7u0KM1xjVNeZUGHAUae3b+FRT0byuktyGMmy
ZIXyFJg+V07FKEWXvCx7+GgZSU4ob9eUlt5wykcqMPs0xZa9Jt+IcbJsR54nWbYZsCAidMypqlk6
X8vXb9LxjY0qLy8fkH673XPvswPaHwAAAADkgpxfJhbZs2jxSs1fsGTX3+3t7brvkSf0X9ferucq
T1DjjHPUHCpVx8Tj1Li1Rh3bNynsxeTsNQ6jPuIq4Xoq8NnJOhwJT34nWQC0O0IwklpirsK2lGZW
jIwx8jwjz/XkeUZyHPmGj1XeyR+TZST/tPfJ9DWUcBzZobCMl5DXslPq2qeAjCwZ7TumpO+ixlLp
safotZXrtGz58n73t6f5C5Zo0eKVA9onAAAAAOQCAg70yZ7V7J957jn9+dk31Pz+C9WSt8coBNuR
b9yRivjyZWpWKN+LyumRMxi1xF11JFz5bck1kutJeX5bwZ533G/IsatHz5OXcOW5RgrmKTjzZPnG
TJXnej1qfPSGXVimvLnnKrB996o7Ec8orxf70Vthv6O33nhTa9asHZgOu2R7tQEAAAAAGCoIONAn
zz3/lt58a5lqajZrUXWdaoLD1R5IvaycXVyh1srJKtixXuVeh/x7pQNxz8gzRj47OS0lkjBybEuh
vUKO1pirkK29QpI0jCfL82Q8d9doEM9z95nmkpFty8kvVGhYlbz2ZnUnJK1xT0FL+4xI6VbktOno
vLWaHt64303EjK32zk5t3LhBdXV1fdi59N58a5mee/6tAekLAAAAAHLNIVlkFAdXQ0OLKisCenh1
rRomnyB/MJxyxRNZluT45MpSKNYuXyCohO3rETZ4Rgo6lgoCtjoTRgnPyJO1qxBpt4RnuoIPS95+
9m/3w5IroFiyuqqTqtd1NIztyHUCKlz+iuIjJklWMgtMGCMrFpO1YY20fKnsLdWS42jWiFp9f9Tt
+l7V3fpI+SuaV7hMO2Jl2hIblrJ/f+NWtVevUnnIpxnTp2rkyJG92q9MfnnZ37Rx49Z+9wMAAAAA
uYiAA322ceNWeXlBPd/oqr1quixLKgg4iripQw7XF1SwpVY+v19OMCRX9l4hR3Kp2JBj7Vo5xewV
chglw4WAkwws9hdydG97r5kxkjFdxUl7EXQYKdSyTR2hIlmBkGQlq3A4Lz8r59UXZa9dKXvTelnr
1miy1urMqZs0Ir9VdfFSjQnW6oSid7U1VqmN0ap9ug50NsvxXPnaG3X0+NGaNm1qb55RWs8+/6au
/fPd/eoDAAAAAHIZAQcOSN3OVnUed6IieaVyjZFrJL8l+ayeIy8kyVi2YoE82fWbFZUjJ5Qn2+oZ
XrhKhhy2bckzu0MOn23tqqFhlBzxYVndG+haYrbrT78jFQbsrikv6QMMx7J6F3BYluL+sPJq1ypR
MlKyHVnbNst5c4HU2qzwjFmyxk1UgVsnt7pGC1fk67mOE3W/9RktbZ+i04sXak7hCj3TNE+dXkja
I26xdlQrFAjKNGzVrLHDNWvWrP3vTwb/e9FV2lHX2K8+AAAAACCXUYMDB6R5R6O0vkZSMnSIuV5y
+oaVuj5Fwh9Wa+FwOYmIFGmTbUmBPWpyGJOchuJ5yZocyX6TwUlxwEmGEkrW6oh7RsYkIxAj07VU
rJFrjDriniKu6RoVknpfXGPkyChsS4FMOYdlyyuqUH4osGtqi11XK6u9VWbMeHUcNVvu3JN09gUj
9OmzGtVW16nXX+zUyg0hvdo6S7fVfVBTQjW6oOIZ+a1Ez67jEdklFaptjWjnzp29eMXTu+nvD+m9
Zev61QcAAAAA5DoCDhyw0ILn5TQ1SOqaQuIZxTwjX5rQwM0rkZdwFYxH5BhPQdtSoX/3IZgcobG7
8Ki6/o64Rvl+Wz5r94gNzyTb9uQZKeYl63gY7RGA7CUZpkgxNxmCOJmepOOopXiUrNadkpeQYrFk
EdOyCsWLyxQtKJI3cpT8s2bKmjNH0dIqGcdRm5un+S3HyGe5Oq5ghRxrr0k1lqNouFitnqVoNJZp
DzLaVL1NV1512wE/HgAAAAAOFQQcOGDG9ZT/wpO7/1Yy5HCNSb3iiW0rEi6R4lGps0URN1lwI8+x
dt3fSHK7Rmh0hxwR11PMTdbfcHaFHMkpLelGaezeqVQRRzIciXvJ/1XGkMNSpKBceR0Nsj1XJr9A
xueT1dQodXTINdKC5qP0QPRj2jblDHmz50pFJXLkqsRpkySFnWjPHtsaFXUC6gzkywsVyAoEMz+H
DH53+S1KJNwDfjwAAAAAHCp8g70DyG3BtSsUXvS6Oo89ftdtrjGypF3Lwia83SubuKECRVo7FIpH
5AXy1Cm/HCuZtPkda1eh0kTXVBWfnSwUGnWN/Hay8Ki85DZkjGzL7qrnkWKkhpJVLywZGWOlLLuR
LHZqFLClgG2rM0WhVMsXkGlvlulsk6kYJpNXILtmo+zNG+WWlmmThqnGGiY7ZMkfdjUyWKdTihfr
lKJFMrLUksjvEbLEa9bIleQ4fln+gOQL9Pl1l6R/3vaYnnnujQN6LAAAAAAcagg40G8Fzz2meNVY
JUbsXi0kYYxsI0nJ0Rmu2R1yRIOFCkYbFehsVjSvXHEvWZzUJ+26r7Q75PA7tixJcS9FyNFVnDSd
ZH7RtXKKUs+d8YzkepJjJYOZVN11hEtl126QN2KKvLETZNfvkG/pItlNjTLhsBQIylSNVnjCcM3K
X6NvjHhQY4O1ak3kaWHrkfLM7sFSkU0r5YyZKp8/KMsflHUAAce7763VZb++sc+PAwAAAIBDFVNU
MCAKn35YeycNMc8o6noyxsi2dscLbiCsDvnkxuMKmOT0ioQx6nQ9WdKuWhtSMuRIeEaOLfnsZMjh
meToEMeydk9nyVAstOeaK6nFvWSBUnWNPtmbO3yCQi21shIRuUfOlHvkTFlNO+Wb/5z8Tz8i37OP
yV62VAlPXSGJo5Ud4/TAzlP1bPM8JUxyEowXi8pt2SkrkAw3nHC+nGAo00u7D8/z9LNfXN+nxwAA
AADAoY4RHBgQvtqtKnziQbV+6OM9bresZNARcCw5dnIqiTGSm18qK9GhULxDbrBQsWS2IFdG4eQ6
r0p0JRMx11N3FuezLSWMkU+Wgo6leNf0F6drhEYizXAOr6suiCUr5QgNqavIaVeYYlmW9iwLavkD
8hWVydfZonjFGCXmnSRTXCJ7c7Ws1mbJ82RCIXV4QS1qnaKbtp+nNjeol5rnaGeiZFc/bmuD7IrR
sgtKJdtWXjikULBvNTh++JNrWTUFAAAAAPZCwIEBE1q2WG5pmTpOOLXH7cmQw1PQsRXqCiUS8ivm
WSpQXAWO1CorWfBTyREKTnIWSleNjO6Qw1LYkUI+u6tWh6U8n62OhKe4axTyWbKMFN9rwZJu3cVP
HctKrsSS4j7dRU79dnLH97xPrGy0fDUr5OYVy60coUTlCFmtLbJ2bJPicZnK4TLG1qbIcN287VxZ
koI+SwFbinV15La1yqmaKLugWJJUGA4qP+Tv9Wt83V/u0QMPvtDr+wMAAADA4YIpKhhQ+fOfU+jd
RfvcniwU6ilgWwp0FR/tcELa6foUjUSV5ySLiXpG6nSTS8Pakuwe80WMOl2jsGOpJGDvWrGlwG/L
M0bRRHLp2Uy6Qw6fnX7KilFyyopjuvah6/a2ULG8+q1Se7NkkomFKSySN2mavOlHy5RX7tNPNGEU
tpN9eImE3IZaJbatl4m0S5J8bkKO17tVUO6971n939V39Oq+AAAAAHC4IeDAgCt88kEF16zY53ZL
UmM0ofZ4Irm8q8+vhOuqpXGnWmKu/F2jK7rFPaOAZe1aSSXJqLYzLseSSgK2OhJGbXGjkGPLNUYt
UVfGS11Ho1vETYYTAXvvAGU3o+TUGl9XfQ9bkpNXKKeiSoq2S9HOXr0WRlJD1JUV71S8dpNiyxbI
V1AsK1wgSSouyFdBOLzffp5+9nX96KfX9WqbAAAAAHA4IuDAQVH00B0KblyTsq1r7ZPk/xjJc43c
RELGSKUBu0fo0Ol6KvLb8vcIOaRtHXE1x1wF7WQh0rgnhZ3kY40xSrievAzLq0RcT7Ylhfbqd+/9
jHhGkYS3aynb8ORZCrfvlN3e1PsXw3hqW71YHS/crcDsUxQ4+kTZeYWSpJaGerW3ZO7r5VcW67+/
fXnvtwcAAAAAhyECDhw0RfffrnQhRzfT1ih3yxp5TTsU8zw1RV0ND/l6hA47IwkVdIUce4q4nlxj
FPZJCc9TwhiVBR1Z6pp+4hl5nifbSh1itCc8JUxy2kzayqNdol0hx878YXJbGmRH2vb/AkiSMfI6
2tR040/lnzRLwfFHyQ7uHrGxcet2ba2rT/vwl19ZrK//1697ty0AAAAAOIwRcODg8TwV3Xtryukq
3ZyKKlnyFH3hbnmRDsU9o9qOuMoCdo/MYWckoYAl+a2eUUXUTS6/Uhp0FHWNmmKeigPO7jsYKe66
8tvJYqd7i7hGMc+VbZv9ZRyKJrzkVJXSYbJCeft9+pIky5KdV6jgjJNk+YPae/KMUzJMUX+eIpHI
Pg99+tnX9eWvXapEonc1OgAAAADgcEbAgYOu6KE7UhYelST5AvJNnyff+KPUecsl8iLtck2yboVP
yaVju7UlPPlt7TOSoyPhqS2eUL7PUsIzak94Gh7eHXJYRorEPeXZlnwpUg7XSAHbUonfUoZZLZKk
uOupqWKSTKRdTntj714Ay5IdKuhKWHpuoHzaTEVDRdpeW9vj9nvve5ZpKQAAAADQBwQcyIrCJx9U
3msv7nVrMmywgiHZJZXymnao8+ZfyGtvlmeSy7XKeAo7lrpnkXS6nnyWdq3EInUVBHWNYq63K+TY
GfUUdHqGGe1xV6EUAYm6+o16RqWB/Yccdskw2SXDZPmDvXruxhglajdJrqu9126xK0drR0yq3b47
4LjuL/dQUBQAAAAA+oiAA1mTP/85FT7+gPZNECyZeEymo1XyPHX842eKr3una6yDpUjCyG8lQw7P
dBUI1b4hR9xLhhx5XSFH3DMKOLvrb3hGao97CttSaK/ww3T1G/GMSoNW5ukqtqNYsFCBYEjB3nyC
jGTcuLrLq+4pFi5WXWdCDU2N8jxPP/jR1SwFCwAAAAAHwCktn37JYO8EDh++uu0KrlulxPBR8gqK
ZEkyrY1y1y6Roh0KfvjrsnwBxV68R0ZGvpETZWxbnjHqjiq6V2EJOZb8tq24tzs06P7PsM9WzEve
1+9Yu243Sk5J8VmWLGv37bvbjFwvOZvEk5RujZX45jVyXVe+vALZliUvw3M2xijy+mMKzjlLdkmF
bNvZNZDDs2x5m1ertKVBf/zDXXrp5TRTeQAAAAAAGfkGewdw+PHVblXpbder/YwPq/PYE+Q118lr
2CZn2hw5o6fKLqmUVVgir7FWxiTLciaDiN0lOl1ZirhG+T5LRX5bLfFkxNA9kkPylO+z1Z4wSnhG
PttSwiSXpY17RkbJ1VVsqUc44RkpaoxsKxlulAQsNcf2LUBqN9fKc2zF3GEK+mw5lqVImpSjezyI
XVgqy3Z6tBlZ2rFkpf6+IvNqMwAAAACAzAg4MGjyn3tM/k3r1Ty2Sqa9Wf5jTpNsW1ZRmfyzTpVb
v1WynWTIYSWLcHQHDZaSQUVHwlPAsRS0LUW7hmN0hxyW5SnPZ6szYeTJdI3akBImGXrYlpFjW3Jk
ae91SjyTDCYirlFRwFJr3OweBZKIy4m0S4mYXJOs/xFypDzHUsdeHe0ZjViOr8dSLlZDvfxPPixn
JeEGAAAAAPQXAQcGVWDtCg1bv1KN+bbiw8d13WpJ/qCckRN23c8YI1m7J4yYrikrMc/INZJjqcdo
DCMp6iZHcoQcS5Gu4MGyJLtrNZPkQA8jx5Ica9+Qwyi5QoslW7Z2V9Dw2hrlCwSlYFiupIRnFJXk
tyVHydElPTpJ0a9/wQsKPPuojMsSsAAAAAAwEAg4MOiMZ1TS6ipx323qOPF0xSZPT3PHrvEQ3aMg
ukIOtyus8NmWAnZy6kq3aPfoCn9yJIfrJQOOkGMr4RnFvGRs4Uhpa2m0Jzz5LCvZbiR/4zapsExe
Ydmu+8Q9I9cYOZYlx9or5JCSBVSNJ2fVMgVeelr21prMhUwBAAAAAH1CwIEhw1e7VUUP3q7YxGnq
nHuy4mPGp75j12gO0/XfliwZq3taSXJ1ldge1UMjrlG+bZTns5IhhzEyJrkqS/fKLNIeIzlSJA8J
Y+SzkiFKsHWHIpXjZUIFySKpXfdJZiVGji05tuSa5D5akgKeT+GH7pFvw9qBerkAAAAAAHsg4MCQ
E1i/SoH1qxSbNF2dxx6v+PjJ+96pa6lZY1k9RnJEXKOQY+8TcrTHPRUGbPlsS5ZndtXrsGVJ1u7p
Kj47eVuqkRwJz8iWK7kJyXbkOI5sK7kqS/emvK598xnJeJKzfpUCb76ifLdUItwAAAAAgIOGgAND
VmDdSgXWrZQ3aqw6ZhynyNHH9ijSKalr2kpyHEX3sq8R11PYZ0uyFfN2RxWtMU9+O7m0rNu1morX
NfWkuyZH94orklKGHG5bk6KhQrmBsBwruc1d9Tm6Qw7PyCx+U3mL35BVs3HAXxcAAAAAwL6siVM/
RikA5AQnHJZ71Cw1Tz46xfQVS5at5GorSk49KfA7ak94kukZVuwdclhddTM8I7ldy9L6HVuJ7vkl
eyjauEheKF+R8rFyA3nJ/bKS27U2rFP+yqXS0rfldnYepFcBAAAAAJAKAQdykq+sTN6UI9Q0ZrJi
4yfvGtlhWZZkdQcdRgHbkiV7VyHS7oPdb9vy2ZIxlhImGYj4LEtRz9s13USWJdu25LctJbxkgdO8
1x9UwVHz1Fo6WpGEJ9/61SrasEpatUzxnTsH4ZUAAAAAAEgEHDgUOD75Jk6UGT1eDRVVSowYJYXz
9gg6pDyfpai3u1ZGtwK/I8ey1JZIjtzw2ZbiPUIOaXieT80xI7elWb4nb1VFWZXi9Y2Krlsrk0hk
9akCAAAAAFIj4MChqaRM1rBhUlmlOgqLpaISJQoK5YXzZYIhKRCQcXySZSnfseWXq9a2iJxYVIFI
h+ItzbJbmpTX2iSzs05O/Q4lGhihAQAAAABDFUVGcWhqapBpapC0UuFePqRoj//2d/3/7todjNMA
AAAAgKHNHuwdAAAAAAAA6C8CDgAAAAAAkPMIOAAAAAAAQM4j4AAAAAAAADmPgAMAAAAAAOQ8Ag4A
AAAAAJDzCDgAAAAAAEDOI+AAAAAAAAA5j4ADAAAAAADkPAIOAAAAAACQ8wg4AAAAAABAziPgAAAA
AAAAOY+AAwAAAAAA5DwCDgAAAAAAkPMIOAAAAAAAQM4j4AAAAAAAADmPgAMAAAAAAOQ8Ag4AAAAA
AJDzCDgAAAAAAEDOI+AAAAAAAAA5j4ADAAAAAADkPAIOAAAAAACQ8wg4AAAAAABAziPgAAAAAAAA
Oc8yxpjB3gkAAAAAAID+YAQHAAAAAADIeQQcAAAAAAAg5xFwAAAAAACAnEfAAQAAAAAAch4BBwAA
AAAAyHkEHAAAAAAAIOcRcAAAAAAAgJxHwAEAAAAAAHIeAQcAAAAAAMh5BBwAAAAAACDnEXAAAAAA
AICcR8ABAAAAAAByHgEHAAAAAADIeQQcAAAAAAAg5xFwAAAAAACAnEfAAQAAAAAAch4BBwAAAAAA
yHkEHAAAAAAAIOcRcAAAAAAAgJxHwAEAAAAAAHIeAQcAAAAAAMh5BBwAAAAAACDnEXAAAAAAAICc
R8ABAAAAAAByHgEHAAAAAADIeQQcAAAAAAAg5xFwAAAAAACAnEfAAQAAAAAAch4BBwAAAAAAyHkE
HAAAAAAAIOcRcAAAAAAAgJxHwAEAAAAAAHIeAQcAAAAAAMh5BBwAAAAAACDnEXAAAAAAAICcR8AB
AAAAAAByHgEHAAAAAADIeQQcAAAAAAAg5xFwAAAAAACAnEfAAQAAAAAAch4BBwAAAAAAyHkEHAAA
AAAAIOcRcAAAAAAAgJxHwAEAAAAAAHIeAQcAAAAAAMh5BBwAAAAAACDnEXAAAAAAAICcR8ABAAAA
AAByHgEHAAAAAADIeQQcAAAAAAAg5xFwAAAAAACAnEfAAQAAAAAAch4BBwAAAAAAyHkEHAAAAAAA
IOcRcAAAAAAAgJxHwAEAAAAAAHIeAQcAAAAAAMh5BBwAAAAAACDnEXAAAAAAAICcR8ABAAAAAABy
HgEHAAAAAADIeQQcAAAAAAAg5xFwAAAAAACAnEfAAQAAAAAAch4BBwAAAAAAyHkEHAAAAAAAIOcR
cAAAAAAAgJxHwAEAAAAAAHIeAQcAAAAAAMh5BBwAAAAAACDnEXAAAAAAAICcR8ABAAAAAAByHgEH
AAAAAADIeQQcAAAAAAAg5xFwAAAAAACAnEfAAQAAAAAAch4BBwAAAAAAyHkEHAAAAAAAIOcRcAAA
AAAAgJxHwAEAAAAAAHIeAQcAAAAAAMh5BBwAAAAAACDnEXAAAAAAAICcR8ABAAAAAAByHgEHAAAA
AADIeQQcAAAAAAAg5xFwAAAAAACAnEfAAQAAAAAAch4BBwAAAAAAyHkEHAAAAAAAIOcRcAAAAAAA
gJxHwAEAAAAAAHIeAQcAAAAAAMh5BBwAAAAAACDnEXAAAAAAAICcR8ABAAAAAAByHgEHAAAAAADI
eQQcAAAAAAAg5xFwAAAAAACAnEfAAQAAAAAAch4BBwAAAAAAyHkEHAAAAAAAIOcRcAAAAAAAgJxH
wAEAAAAAAHIeAQcAAAAAAMh5BBwAAAAAACDnEXAAAAAAAICcR8ABAAAAAAByHgEHAAAAAADIeQQc
AAAAAAAg5xFwAAAAAACAnEfAAQAAAAAAch4BBwAAAAAAyHkEHAAAAAAAIOcRcAAAAAAAgJxHwAEA
AAAAAHIeAQcAAAAAAMh5BBwAAAAAACDnEXAAAAAAAICcR8ABAAAAAAByHgEHAAAAAADIeQQcAAAA
AAAg5xFwAAAAAACAnEfAAQAAAAAAch4BBwAAAAAAyHkEHAAAAAAAIOcRcAAAAAAAgJxHwAHg/2fH
DkgAAAAABP1/3Y5AZwgAALAnOAAAAIA9wQEAAADsCQ4AAABgT3AAAAAAe4IDAAAA2BMcAAAAwJ7g
AAAAAPYEBwAAALAnOAAAAIA9wQEAAADsCQ4AAABgT3AAAAAAe4IDAAAA2BMcAAAAwJ7gAAAAAPYE
BwAAALAnOAAAAIA9wQEAAADsCQ4AAABgT3AAAAAAe4IDAAAA2BMcAAAAwJ7gAAAAAPYEBwAAALAn
OAAAAIA9wQEAAADsCQ4AAABgT3AAAAAAe4IDAAAA2BMcAAAAwJ7gAAAAAPYEBwAAALAnOAAAAIA9
wQEAAADsCQ4AAABgT3AAAAAAe4IDAAAA2BMcAAAAwJ7gAAAAAPYEBwAAALAnOAAAAIA9wQEAAADs
CQ4AAABgT3AAAAAAe4IDAAAA2BMcAAAAwJ7gAAAAAPYEBwAAALAnOAAAAIA9wQEAAADsCQ4AAABg
T3AAAAAAe4IDAAAA2BMcAAAAwJ7gAAAAAPYEBwAAALAnOAAAAIA9wQEAAADsCQ4AAABgT3AAAAAA
e4IDAAAA2BMcAAAAwJ7gAAAAAPYEBwAAALAnOAAAAIA9wQEAAADsCQ4AAABgT3AAAAAAe4IDAAAA
2BMcAAAAwJ7gAAAAAPYEBwAAALAnOAAAAIA9wQEAAADsCQ4AAABgT3AAAAAAe4IDAAAA2BMcAAAA
wJ7gAAAAAPYEBwAAALAnOAAAAIA9wQEAAADsCQ4AAABgT3AAAAAAe4IDAAAA2BMcAAAAwJ7gAAAA
APYEBwAAALAnOAAAAIA9wQEAAADsCQ4AAABgT3AAAAAAe4IDAAAA2BMcAAAAwJ7gAAAAAPYEBwAA
ALAnOAAAAIA9wQEAAADsCQ4AAABgT3AAAAAAe4IDAAAA2BMcAAAAwJ7gAAAAAPYEBwAAALAnOAAA
AIA9wQEAAADsCQ4AAABgT3AAAAAAe4IDAAAA2BMcAAAAwJ7gAAAAAPYEBwAAALAnOAAAAIA9wQEA
AADsCQ4AAABgT3AAAAAAe4IDAAAA2BMcAAAAwJ7gAAAAAPYEBwAAALAnOAAAAIA9wQEAAADsCQ4A
AABgT3AAAAAAe4IDAAAA2BMcAAAAwJ7gAAAAAPYEBwAAALAnOAAAAIA9wQEAAADsCQ4AAABgT3AA
AAAAe4IDAAAA2BMcAAAAwJ7gAAAAAPYEBwAAALAnOAAAAIA9wQEAAADsmLov6wAAIABJREFUCQ4A
AABgT3AAAAAAe4IDAAAA2BMcAAAAwJ7gAAAAAPYEBwAAALAnOAAAAIA9wQEAAADsCQ4AAABgT3AA
AAAAe4IDAAAA2BMcAAAAwJ7gAAAAAPYEBwAAALAnOAAAAIA9wQEAAADsCQ4AAABgT3AAAAAAe4ID
AAAA2BMcAAAAwJ7gAAAAAPYEBwAAALAnOAAAAIA9wQEAAADsCQ4AAABgT3AAAAAAe4IDAAAA2BMc
AAAAwJ7gAAAAAPYEBwAAALAnOAAAAIA9wQEAAADsCQ4AAABgT3AAAAAAe4IDAAAA2BMcAAAAwJ7g
AAAAAPYEBwAAALAnOAAAAIA9wQEAAADsCQ4AAABgT3AAAAAAe4IDAAAA2BMcAAAAwJ7gAAAAAPYE
BwAAALAnOAAAAIA9wQEAAADsCQ4AAABgT3AAAAAAe4IDAAAA2BMcAAAAwJ7gAAAAAPYEBwAAALAn
OAAAAIA9wQEAAADsCQ4AAABgT3AAAAAAe4IDAAAA2BMcAAAAwJ7gAAAAAPYEBwAAALAnOAAAAIA9
wQEAAADsCQ4AAABgT3AAAAAAe4IDAAAA2BMcAAAAwJ7gAAAAAPYEBwAAALAnOAAAAIA9wQEAAADs
CQ4AAABgT3AAAAAAe4IDAAAA2BMcAAAAwJ7gAAAAAPYEBwAAALAnOAAAAIA9wQEAAADsCQ4AAABg
T3AAAAAAe4IDAAAA2BMcAAAAwJ7gAAAAAPYEBwAAALAnOAAAAIA9wQEAAADsCQ4AAABgT3AAAAAA
e4IDAAAA2BMcAAAAwJ7gAAAAAPYEBwAAALAnOAAAAIA9wQEAAADsCQ4AAABgT3AAAAAAe4IDAAAA
2BMcAAAAwJ7gAAAAAPYEBwAAALAnOAAAAIA9wQEAAADsCQ4AAABgT3AAAAAAe4IDAAAA2BMcAAAA
wJ7gAAAAAPYEBwAAALAnOAAAAIA9wQEAAADsCQ4AAABgT3AAAAAAe4IDAAAA2BMcAAAAwJ7gAAAA
APYEBwAAALAnOAAAAIA9wQEAAADsCQ4AAABgT3AAAAAAe4IDAAAA2BMcAAAAwJ7gAAAAAPYEBwAA
ALAnOAAAAIA9wQEAAADsCQ4AAABgT3AAAAAAe4IDAAAA2BMcAAAAwJ7gAAAAAPYEBwAAALAnOAAA
AIA9wQEAAADsCQ4AAABgT3AAAAAAe4IDAAAA2BMcAAAAwJ7gAAAAAPYEBwAAALAnOAAAAIA9wQEA
AADsCQ4AAABgT3AAAAAAe4IDAAAA2BMcAAAAwJ7gAAAAAPYEBwAAALAnOAAAAIA9wQEAAADsCQ4A
AABgT3AAAAAAe4IDAAAA2BMcAAAAwJ7gAAAAAPYEBwAAALAnOAAAAIA9wQEAAADsCQ4AAABgT3AA
AAAAe4IDAAAA2BMcAAAAwJ7gAAAAAPYEBwAAALAnOAAAAIA9wQEAAADsCQ4AAABgT3AAAAAAe4ID
AAAA2BMcAAAAwJ7gAAAAAPYEBwAAALAnOAAAAIA9wQEAAADsCQ4AAABgT3AAAAAAe4IDAAAA2BMc
AAAAwJ7gAAAAAPYEBwAAALAnOAAAAIA9wQEAAADsCQ4AAABgT3AAAAAAe4IDAAAA2BMcAAAAwJ7g
AAAAAPYEBwAAALAnOAAAAIA9wQEAAADsCQ4AAABgT3AAAAAAe4IDAAAA2BMcAAAAwJ7gAAAAAPYE
BwAAALAnOAAAAIA9wQEAAADsCQ4AAABgT3AAAAAAe4IDAAAA2BMcAAAAwJ7gAAAAAPYEBwAAALAn
OAAAAIA9wQEAAADsCQ4AAABgT3AAAAAAe4IDAAAA2BMcAAAAwJ7gAAAAAPYEBwAAALAnOAAAAIA9
wQEAAADsCQ4AAABgT3AAAAAAe4IDAAAA2BMcAAAAwJ7gAAAAAPYEBwAAALAnOAAAAIA9wQEAAADs
CQ4AAABgT3AAAAAAe4IDAAAA2BMcAAAAwJ7gAAAAAPYEBwAAALAnOAAAAIA9wQEAAADsCQ4AAABg
T3AAAAAAe4IDAAAA2BMcAAAAwJ7gAAAAAPYEBwAAALAnOAAAAIA9wQEAAADsCQ4AAABgT3AAAAAA
e4IDAAAA2BMcAAAAwJ7gAAAAAPYEBwAAALAnOAAAAIA9wQEAAADsCQ4AAABgT3AAAAAAe4IDAAAA
2BMcAAAAwJ7gAAAAAPYEBwAAALAnOAAAAIA9wQEAAADsCQ4AAABgT3AAAAAAe4IDAAAA2BMcAAAA
wJ7gAAAAAPYEBwAAALAnOAAAAIA9wQEAAADsCQ4AAABgT3AAAAAAe4IDAAAA2BMcAAAAwJ7gAAAA
APYEBwAAALAnOAAAAIA9wQEAAADsCQ4AAABgT3AAAAAAe4IDAAAA2BMcAAAAwJ7gAAAAAPYEBwAA
ALAnOAAAAIA9wQEAAADsCQ4AAABgT3AAAAAAe4IDAAAA2BMcAAAAwJ7gAAAAAPYEBwAAALAnOAAA
AIA9wQEAAADsCQ4AAABgT3AAAAAAe4IDAAAA2BMcAAAAwJ7gAAAAAPYEBwAAALAnOAAAAIA9wQEA
AADsCQ4AAABgT3AAAAAAe4IDAAAA2BMcAAAAwJ7gAAAAAPYEBwAAALAnOAAAAIA9wQEAAADsCQ4A
AABgT3AAAAAAe4IDAAAA2BMcAAAAwJ7gAAAAAPYEBwAAALAnOAAAAIA9wQEAAADsCQ4AAABgT3AA
AAAAe4IDAAAA2BMcAAAAwJ7gAAAAAPYEBwAAALAnOAAAAIA9wQEAAADsCQ4AAABgT3AAAAAAe4ID
AAAA2BMcAAAAwJ7gAAAAAPYEBwAAALAnOAAAAIA9wQEAAADsCQ4AAABgT3AAAAAAe4IDAAAA2BMc
AAAAwJ7gAAAAAPYEBwAAALAnOAAAAIA9wQEAAADsCQ4AAABgT3AAAAAAe4IDAAAA2BMcAAAAwJ7g
AAAAAPYEBwAAALAnOAAAAIA9wQEAAADsCQ4AAABgT3AAAAAAe4IDAAAA2BMcAAAAwJ7gAAAAAPYE
BwAAALAnOAAAAIA9wQEAAADsCQ4AAABgT3AAAAAAe4IDAAAA2BMcAAAAwJ7gAAAAAPYEBwAAALAn
OAAAAIA9wQEAAADsCQ4AAABgT3AAAAAAe4IDAAAA2BMcAAAAwJ7gAAAAAPYEBwAAALAnOAAAAIA9
wQEAAADsCQ4AAABgT3AAAAAAe4IDAAAA2BMcAAAAwJ7gAAAAAPYEBwAAALAnOAAAAIA9wQEAAADs
CQ4AAABgT3AAAAAAe4IDAAAA2BMcAAAAwJ7gAAAAAPYEBwAAALAnOAAAAIA9wQEAAADsCQ4AAABg
T3AAAAAAe4IDAAAA2BMcAAAAwJ7gAAAAAPYEBwAAALAnOAAAAIA9wQEAAADsCQ4AAABgT3AAAAAA
e4IDAAAA2BMcAAAAwJ7gAAAAAPYEBwAAALAnOAAAAIA9wQEAAADsCQ4AAABgT3AAAAAAe4IDAAAA
2BMcAAAAwJ7gAAAAAPYEBwAAALAnOAAAAIA9wQEAAADsCQ4AAABgT3AAAAAAe4IDAAAA2BMcAAAA
wJ7gAAAAAPYEBwAAALAnOAAAAIA9wQEAAADsCQ4AAABgT3AAAAAAe4IDAAAA2BMcAAAAwJ7gAAAA
APYEBwAAALAnOAAAAIA9wQEAAADsCQ4AAABgT3AAAAAAe4IDAAAA2BMcAAAAwJ7gAAAAAPYEBwAA
ALAnOAAAAIA9wQEAAADsCQ4AAABgT3AAAAAAe4IDAAAA2BMcAAAAwJ7gAAAAAPYEBwAAALAnOAAA
AIA9wQEAAADsCQ4AAABgT3AAAAAAe4IDAAAA2BMcAAAAwJ7gAAAAAPYEBwAAALAnOAAAAIA9wQEA
AADsCQ4AAABgT3AAAAAAe4IDAAAA2BMcAAAAwJ7gAAAAAPYEBwAAALAnOAAAAIA9wQEAAADsCQ4A
AABgT3AAAAAAe4IDAAAA2BMcAAAAwJ7gAAAAAPYEBwAAALAnOAAAAIA9wQEAAADsCQ4AAABgT3AA
AAAAe4IDAAAA2BMcAAAAwJ7gAAAAAPYEBwAAALAnOAAAAIA9wQEAAADsCQ4AAABgT3AAAAAAe4ID
AAAA2BMcAAAAwJ7gAAAAAPYEBwAAALAnOAAAAIA9wQEAAADsCQ4AAABgT3AAAAAAe4IDAAAA2BMc
AAAAwJ7gAAAAAPYEBwAAALAnOAAAAIA9wQEAAADsCQ4AAABgT3AAAAAAe4IDAAAA2BMcAAAAwJ7g
AAAAAPYEBwAAALAnOAAAAIA9wQEAAADsCQ4AAABgT3AAAAAAe4IDAAAA2BMcAAAAwJ7gAAAAAPYE
BwAAALAnOAAAAIA9wQEAAADsCQ4AAABgT3AAAAAAe4IDAAAA2BMcAAAAwJ7gAAAAAPYEBwAAALAn
OAAAAIA9wQEAAADsCQ4AAABgT3AAAAAAe4IDAAAA2BMcAAAAwJ7gAAAAAPYEBwAAALAnOAAAAIA9
wQEAAADsCQ4AAABgT3AAAAAAe4IDAAAA2BMcAAAAwJ7gAAAAAPYEBwAAALAnOAAAAIA9wQEAAADs
CQ4AAABgT3AAAAAAe4IDAAAA2BMcAAAAwJ7gAAAAAPYEBwAAALAnOAAAAIA9wQEAAADsCQ4AAABg
T3AAAAAAe4IDAAAA2BMcAAAAwJ7gAAAAAPYEBwAAALAnOAAAAIA9wQEAAADsCQ4AAABgT3AAAAAA
e4IDAAAA2BMcAAAAwJ7gAAAAAPYEBwAAALAnOAAAAIA9wQEAAADsCQ4AAABgT3AAAAAAe4IDAAAA
2BMcAAAAwJ7gAAAAAPYEBwAAALAnOAAAAIA9wQEAAADsCQ4AAABgT3AAAAAAe4IDAAAA2BMcAAAA
wJ7gAAAAAPYEBwAAALAnOAAAAIA9wQEAAADsCQ4AAABgT3AAAAAAe4IDAAAA2BMcAAAAwJ7gAAAA
APYEBwAAALAnOAAAAIA9wQEAAADsCQ4AAABgT3AAAAAAe4IDAAAA2BMcAAAAwJ7gAAAAAPYEBwAA
ALAnOAAAAIA9wQEAAADsCQ4AAABgT3AAAAAAe4IDAAAA2BMcAAAAwJ7gAAAAAPYEBwAAALAnOAAA
AIA9wQEAAADsCQ4AAABgT3AAAAAAe4IDAAAA2BMcAAAAwJ7gAAAAAPYEBwAAALAnOAAAAIA9wQEA
AADsCQ4AAABgT3AAAAAAe4IDAAAA2BMcAAAAwJ7gAAAAAPYEBwAAALAnOAAAAIA9wQEAAADsCQ4A
AABgT3AAAAAAe4IDAAAA2BMcAAAAwJ7gAAAAAPYEBwAAALAnOAAAAIA9wQEAAADsCQ4AAABgT3AA
AAAAe4IDAAAA2BMcAAAAwJ7gAAAAAPYEBwAAALAnOAAAAIA9wQEAAADsCQ4AAABgT3AAAAAAe4ID
AAAA2BMcAAAAwJ7gAAAAAPYEBwAAALAnOAAAAIA9wQEAAADsCQ4AAABgT3AAAAAAe4IDAAAA2BMc
AAAAwJ7gAAAAAPYEBwAAALAnOAAAAIA9wQEAAADsCQ4AAABgT3AAAAAAe4IDAAAA2BMcAAAAwJ7g
AAAAAPYEBwAAALAnOAAAAIA9wQEAAADsCQ4AAABgT3AAAAAAe4IDAAAA2BMcAAAAwJ7gAAAAAPYE
BwAAALAnOAAAAIA9wQEAAADsCQ4AAABgT3AAAAAAe4IDAAAA2BMcAAAAwJ7gAAAAAPYEBwAAALAn
OAAAAIA9wQEAAADsCQ4AAABgT3AAAAAAe4IDAAAA2BMcAAAAwJ7gAAAAAPYEBwAAALAnOAAAAIA9
wQEAAADsCQ4AAABgT3AAAAAAe4IDAAAA2BMcAAAAwJ7gAAAAAPYEBwAAALAnOAAAAIA9wQEAAADs
CQ4AAABgT3AAAAAAe4IDAAAA2BMcAAAAwJ7gAAAAAPYEBwAAALAnOAAAAIA9wQEAAADsCQ4AAABg
T3AAAAAAe4IDAAAA2BMcAAAAwJ7gAAAAAPYEBwAAALAnOAAAAIA9wQEAAADsCQ4AAABgT3AAAAAA
e4IDAAAA2BMcAAAAwJ7gAAAAAPYEBwAAALAnOAAAAIA9wQEAAADsCQ4AAABgT3AAAAAAe4IDAAAA
2BMcAAAAwJ7gAAAAAPYEBwAAALAnOAAAAIA9wQEAAADsCQ4AAABgT3AAAAAAe4IDAAAA2BMcAAAA
wJ7gAAAAAPYEBwAAALAnOAAAAIA9wQEAAADsCQ4AAABgT3AAAAAAe4IDAAAA2BMcAAAAwJ7gAAAA
APYEBwAAALAnOAAAAIA9wQEAAADsCQ4AAABgT3AAAAAAe4IDAAAA2BMcAAAAwJ7gAAAAAPYEBwAA
ALAnOAAAAIA9wQEAAADsCQ4AAABgT3AAAAAAe4IDAAAA2BMcAAAAwJ7gAAAAAPYEBwAAALAnOAAA
AIA9wQEAAADsCQ4AAABgT3AAAAAAe4IDAAAA2BMcAAAAwJ7gAAAAAPYEBwAAALAnOAAAAIA9wQEA
AADsCQ4AAABgT3AAAAAAe4IDAAAA2BMcAAAAwJ7gAAAAAPYEBwAAALAnOAAAAIA9wQEAAADsCQ4A
AABgT3AAAAAAe4IDAAAA2BMcAAAAwJ7gAAAAAPYEBwAAALAnOAAAAIA9wQEAAADsCQ4AAABgT3AA
AAAAe4IDAAAA2BMcAAAAwJ7gAAAAAPYEBwAAALAnOAAAAIA9wQEAAADsCQ4AAABgT3AAAAAAe4ID
AAAA2BMcAAAAwJ7gAAAAAPYEBwAAALAnOAAAAIA9wQEAAADsCQ4AAABgT3AAAAAAe4IDAAAA2BMc
AAAAwJ7gAAAAAPYEBwAAALAnOAAAAIA9wQEAAADsCQ4AAABgT3AAAAAAe4IDAAAA2BMcAAAAwJ7g
AAAAAPYEBwAAALAnOAAAAIA9wQEAAADsCQ4AAABgT3AAAAAAe4IDAAAA2BMcAAAAwJ7gAAAAAPYE
BwAAALAnOAAAAIA9wQEAAADsCQ4AAABgT3AAAAAAe4IDAAAA2BMcAAAAwJ7gAAAAAPYEBwAAALAn
OAAAAIA9wQEAAADsCQ4AAABgT3AAAAAAe4IDAAAA2BMcAAAAwJ7gAAAAAPYEBwAAALAnOAAAAIA9
wQEAAADsCQ4AAAAg9u48vK7yPvD4T4u1S95ted8N2GATdoNjFrOZxexNy6QhYbKnaZomaSdNZpqk
pQllkmkyWZomaZY2SSdhCQFidoLBBhsTvAA23vC+yniXZCNL8wfFNdG9smTr6uoNn8/z8DzWee89
5z2W9fDcr855T/IEDgAAACB5AgcAAACQPIEDAAAASJ7AAQAAACRP4AAAAACSJ3AAAAAAyRM4AAAA
gOQJHAAAAEDyBA4AAAAgeQIHAAAAkDyBAwAAAEiewAEAAAAkT+AAAAAAkidwAAAAAMkTOAAAAIDk
CRwAAABA8gQOAAAAIHkCBwAAAJA8gQMAAABInsABAAAAJE/gAAAAAJIncAAAAADJEzgAAACA5Akc
AAAAQPIEDgAAACB5AgcAAACQPIEDAAAASJ7AAQAAACRP4AAAAACSJ3AAAAAAyRM4AAAAgOQJHAAA
AEDyBA4AAAAgeQIHAAAAkDyBAwAAAEiewAEAAAAkT+AAAAAAkidwAAAAAMkTOAAAAIDkCRwAAABA
8gQOAAAAIHkCBwAAAJA8gQMAAABInsABAAAAJE/gAAAAAJIncAAAAADJEzgAAACA5AkcAAAAQPIE
DgAAACB5AgcAAACQPIEDAAAASJ7AAQAAACRP4AAAAACSJ3AAAAAAyRM4AAAAgOQJHAAAAEDyBA4A
AAAgeQIHAAAAkDyBAwAAAEiewAEAAAAkT+AAAAAAkidwAAAAAMkTOAAAAIDkCRwAAABA8gQOAAAA
IHkCBwAAAJA8gQMAAABInsABAAAAJE/gAAAAAJIncAAAAADJEzgAAACA5AkcAAAAQPIEDgAAACB5
AgcAAACQPIEDAAAASJ7AAQAAACRP4AAAAACSJ3AAAAAAyRM4AAAAgOQJHAAAAEDyBA4AAAAgeQIH
AAAAkDyBAwAAAEiewAEAAAAkT+AAAAAAkidwAAAAAMkTOAAAAIDkCRwAAABA8gQOAAAAIHkCBwAA
AJA8gQMAAABInsABAAAAJE/gAAAAAJIncAAAAADJEzgAAACA5AkcAAAAQPIEDgAAACB5AgcAAACQ
PIEDAAAASJ7AAQAAACRP4AAAAACSJ3AAAAAAyRM4AAAAgOQJHAAAAEDyBA4AAAAgeQIHAAAAkDyB
AwAAAEiewAEAAAAkT+AAAAAAkidwAAAAAMkTOAAAAIDkCRwAAABA8gQOAAAAIHkCBwAAAJA8gQMA
AABInsABAAAAJE/gAAAAAJIncAAAAADJEzgAAACA5AkcAAAAQPIEDgAAACB5AgcAAACQPIEDAAAA
SJ7AAQAAACRP4AAAAACSJ3AAAAAAyRM4AAAAgOQJHAAAAEDyBA4AAAAgeQIHAAAAkDyBAwAAAEie
wAEAAAAkT+AAAAAAkidwAAAAAMkTOAAAAIDkCRwAAABA8gQOAAAAIHkCBwAAAJA8gQMAAABInsAB
AAAAJE/gAAAAAJIncAAAAADJEzgAAACA5AkcAAAAQPIEDgAAACB5AgcAAACQPIEDAAAASJ7AAQAA
ACRP4AAAAACSJ3AAAAAAyRM4AAAAgOQJHAAAAEDyBA4AAAAgeQIHAAAAkDyBAwAAAEiewAEAAAAk
T+AAAAAAkidwAAAAAMkTOAAAAIDkCRwAAABA8gQOAAAAIHkCBwAAAJA8gQMAAABInsABAAAAJE/g
AAAAAJIncAAAAADJEzgAAACA5AkcAAAAQPIEDgAAACB5AgcAAACQPIEDAAAASJ7AAQAAACRP4AAA
AACSJ3AAAAAAyRM4AAAAgOQJHAAAAEDyBA4AAAAgeQIHAAAAkDyBAwAAAEiewAEAAAAkT+AAAAAA
kidwAAAAAMkTOAAAAIDkCRwAAABA8gQOAAAAIHkCBwAAAJA8gQMAAABInsABAAAAJE/gAAAAAJIn
cAAAAADJEzgAAACA5AkcAAAAQPIEDgAAACB5AgcAAACQPIEDAAAASJ7AAQAAACRP4AAAAACSJ3AA
AAAAyRM4AAAAgOQJHAAAAEDyBA4AAAAgeQIHAAAAkDyBAwAAAEiewAEAAAAkT+AAAAAAkidwAAAA
AMkTOAAAAIDkCRwAAABA8gQOAAAAIHkCBwAAAJA8gQMAAABInsABAAAAJE/gAAAAAJIncAAAAADJ
EzgAAACA5AkcAAAAQPIEDgAAACB5AgcAAACQPIEDAAAASJ7AAQAAACRP4AAAAACSJ3AAAAAAyRM4
AAAAgOQJHAAAAEDyBA4AAAAgeQIHAAAAkDyBAwAAAEiewAEAAAAkT+AAAAAAkidwAAAAAMkTOAAA
AIDkCRwAAABA8gQOAAAAIHkCBwAAAJA8gQMAAABInsABAAAAJE/gAAAAAJIncAAAAADJEzgAAACA
5AkcAAAAQPIEDgAAACB5AgcAAACQPIEDAAAASJ7AAQAAACRP4AAAAACSJ3AAAAAAyRM4AAAAgOQJ
HAAAAEDyBA4AAAAgeQIHAAAAkDyBAwAAAEiewAEAAAAkT+AAAAAAkidwAAAAAMkTOAAAAIDkCRwA
AABA8gQOAAAAIHkCBwAAAJA8gQMAAABInsABAAAAJE/gAAAAAJIncAAAAADJEzgAAACA5AkcAAAA
QPIEDgAAACB5AgcAAACQPIEDAAAASJ7AAQAAACRP4AAAAACSJ3AAAAAAyRM4AAAAgOQJHAAAAEDy
BA4AAAAgeQIHAAAAkDyBAwAAAEiewAEAAAAkT+AAAAAAkidwAAAAAMkTOAAAAIDkCRwAAABA8gQO
AAAAIHkCBwAAAJA8gQMAAABInsABAAAAJE/gAAAAAJIncAAAAADJEzgAAACA5AkcAAAAQPIEDgAA
ACB5AgcAAACQPIEDAAAASJ7AAQAAACRP4AAAAACSJ3AAAAAAyRM4AAAAgOQJHAAAAEDyBA4AAAAg
eQIHAAAAkDyBAwAAAEiewAEAAAAkT+AAAAAAkidwAAAAAMkTOAAAAIDkCRwAAABA8gQOAAAAIHkC
BwAAAJA8gQMAAABInsABAAAAJE/gAAAAAJIncAAAAADJEzgAAACA5AkcAAAAQPIEDgAAACB5AgcA
AACQPIEDAAAASJ7AAQAAACRP4AAAAACSJ3AAAAAAyRM4AAAAgOQJHAAAAEDyBA4AAAAgeQIHAAAA
kDyBAwAAAEiewAEAAAAkT+AAAAAAkidwAAAAAMkTOAAAAIDkCRwAAABA8gQOAAAAIHkCBwAAAJA8
gQMAAABInsABAAAAJE/gAAAAAJIncAAAAADJEzgAAACA5AkcAAAAQPIEDgAAACB5AgcAAACQPIED
AAAASJ7AAQAAACRP4AAAAACSJ3AAAAAAyRM4AAAAgOQJHAAAAEDyBA4AAAAgeQIHAAAAkDyBAwAA
AEiewAEAAAAkT+AAAAAAkidwAAAAAMkTOAAAAIDkCRwAAABA8gQOAAAAIHkCBwAAAJA8gQMAAABI
nsABAAAAJE/gAAAAAJIncAAAAADJEzgAAACA5AkcAAAAQPIEDgAAACB5AgcAAACQPIEDAAAASJ7A
AQAAACRP4AAAAACSJ3AAAAAAyRM4AAAAgOQJHAAAAEDyBA4AAAAgeQIHAAAAkDyBAwAAAEiewAEA
AAAkT+AAAAAAklfc0tKS7zkAAAAAHBdXcAAAAADJEzgAAACA5LlFBQAAAEiewAEAAAAkT+AAAAAA
klfc0tISb0aO9saOgoKCXM4JAAAAeBvraJ8oKCiI4kOHDuXsQAAAAAC5cmSfKP79DQAAAAApKSgo
iILR469RNwAAAICkFeZ7AgAAAADHS+AAAAAAkidwAAAAAMkTOAAAAIDkCRwAAABA8gQOAAAAIHkC
BwAAAJA8gQMAAABInsABAAAAJE/gAAAAAJIncAAAAADJEzgAAACA5AkcAAAAQPIEDgAAACB5AgcA
AACQPIEDAAAASJ7AAQAAACRP4AAAAACSJ3AAAAAAyRM4AAAAgOTz3i0wAAAgAElEQVQJHAAAAEDy
BA4AAAAgeQIHAAAAkDyBAwAAAEiewAEAAAAkT+AAAAAAkidwAAAAAMkTOAAAAIDkCRwAAABA8gQO
AAAAIHkCBwAAAJA8gQMAAABInsABAAAAJE/gAAAAAJIncAAAAADJEzgAAACA5AkcAAAAQPIEDgAA
ACB5AgcAAACQPIEDAAAASJ7AAQAAACRP4AAAAACSJ3AAAAAAyRM4AAAAgOQJHAAAAEDyBA4AAAAg
eQIHAAAAkDyBAwAAAEiewAEAAAAkT+AAAAAAkidwAAAAAMkrzvcEAHj7uHLGeVHTsyrj2KJFy+Pl
pa92eJ9Tzzs1hg0bmHFsw4at8dTTC9u1n8rK8rj04rNj8uTxMXTIgKiuroyiwsKob2iMbdtei2Wv
rInHHn8uXl2zqcNzvPKKqVFTU9lq++bNdfHbJ59vtX3okAHxzne+o937bz7UHHv31seu3Xtj5cr1
sW37zg7Psb3amtu8eS/G6lc35uzYbxoxYlCcO2VSq+31+xvj3vuezPnxO/r9aY8nZ/8uNm3annU8
H+fcs6YqLr74rDh10vgYPLh/VFVVRFFhYeyvb4ht216LpcvWxGNPPBdr127OyfEBoKMEDgC6zGWX
Tokrr5iacezX982OT376ax3e5+c/e2uMGzc849jX/umnRw0co0cNiY9++Ma4ePrZUV1d0eZrP/Pp
98TvfrcsfvDDe+PRx+a3e46f/MTNMWrk4Fbbn56zMGPgmDBhdPz9Fz/S7v0fqbm5JTZt3h5LlqyM
X93723j08fbPsz3amttnP/fNLgkc73/fNXHzn1zeantzc0usWLnumEJZRxzP9yebD374tjYDR1ee
8/hxw+MjH7oxpl90ZlRWlrf52r/+q1tiwYKX43s/+FXGf8sA0JXcogJAl5n14NysY2eeMaHD+xs7
dliMHTss49jrrzfFPff+ts33f+D918U9d94R11174VHjRkREcVFRnHXmxPjnb302vvWNv45evao7
POdcKywsiKFDBsSMy8+N737nb+LXd381zj7r5HxPq1NddOGZGbcXFhbETTde3MWz6Rpddc5/9tE/
irt+8Y8x8+ppR40bEW/8TJxz9inx/e9+Pr7+tU9Fz5rMV2gBQFcQOADoMrMemhtbt72WcWzQoH4d
/iB++aVToqCgIOPY879b1uZvxG//h4/H//jMLVFVdfSw8fsKCgri8sumxP/72ZczXpnRnUycOCZ+
/K9fiHffPCPfU+kUV14xNWpr+2Ydn37RWV04m67RVef89a99Kj75iZujoqKsw+8tKCiIq658Z/z8
p7fFsKGZbxkDgFwTOADoUnPmZL9l5JKLz+7Qvs6dMjnr2KOPzcs69vdf/EjceMP0Dh0rk7Fjhsa/
/PPnuuWVHEfq0aM4/ufn3x/Xzjw/31M5bldf9c42x4cM7h8zLju3i2bTNbrinP/37Z+Iq65s+zjt
ccL4EfG9f/5cu66IAoDOJnAA0KXue+DprGMduYKjZ01VTJ40LuNYfUNj1ttTrp15fvzxuy5tc98b
N22P5xa8HHPmLopXlq+NQ4eas7529KghcduXPtrueR+vAwcORn1D41v+a2w8GC0tLW2+r7ioKD79
l3+a9AfPPn1q4rw2otabjhYEcinT96c9/zUdOpRxf11xzn/8rkvj2msuaPM1GzZui/nPvRRz5i6K
5cvXtfkzMW7c8Pji337omOcDAMfKIqMAdKnZT/0uNmzcFkOHDGg1dsL4ETF8eG2sW7flqPuZMePc
KCsryTg2f/5LsWvX3lbbBw/uH5/77K1Zb2tZsWJdfOWOH7daLHHsmKHxiT//k5hx2bkZ33v5ZVPi
5j++PH72Hw8edd7H6wtf+pf4xZ2Pttres6Yqpk49Nf7kXZfGlHNaP20j4o3bgG7+48vju9+7O9fT
zIkbr5/ertsnpp53avTqVZ3x30CuZfv+HKtcn/OokYPjrz71nqw/E8teWRO3/+OPY/bTL7xl+/hx
w+OTn7g5Lr3knIzvm3nVtHjq6YVxz6+e6NB8AOB4uIIDgC735OzMT1soKiqMKy4/r137eOd52R/T
+fAjz2bc/r5bro4+fXpmHHth4Stx3U2fyfgkiJWrNsTHP3FHfOe7d2U95ntvueooM86t3Xv2xQO/
eTrefcv/ijvveizr66aed2oXzqpzXXbplHa9rrKyPG7qhFuQuoNcn/Ot750ZPbM8uvm5BS/H9Tf9
Vau4ERGxfMW6+MiffSW+/6/3ZnxvQUFB3PremR2eDwAcD4EDgC736/tmZx07d0rmqw9+X7anruze
vS9+fX/r/ZeXl8bMq6Zlfc+ff/J/R0PDgTaP+dX/8+9ZHzs7ZvTQmHl15v13tS/d9v3YsWN3xrHR
o4Z08Ww6x0knjoxJp7S+Jam+oTHj69sbBrqzXJ9zdXVFzJiROSju3Lkn/vwv7ogDBw62uY8v3/7D
eHbeixnHJpw0Ki7+A1z0FYDuS+AAoMsteH5prFq9IePYO0494aiPp7zowjOib9/MV2LMfWZxxlAx
86pp0a9fr4zv+eVdj7X5xJUj/dM3fpZ1/YFrZ17Qrn3k2v79DfG7hcsyjtX0rOzi2XSOm268JAoL
W99GMWvW3Ni2fWer7ZMnjY+TThzZBTPLnVyf83XXXhi9syyQ+7P/eCjjMTL5xjf/I+saMNdde2G7
5wMAx0vgACAvMt0KEhFRUVGW9b7+N110wZlZx2Y9NDfj9tPecWLG7S0tLXHX3dlv6fh9Cxctj2XL
Xs04dtJJo9q9n1zbUZf5Co6Skh5dPJPOMf2izN/zBx+eG3PmLmq1vbCwIG664eJcTyuncn3O75h8
QsbtTYcOxZ0d+JmYN//FWLUqc7CcMKH7/EwA8IdP4AAgL3716yez/tb3gmmntfnes86amHF7Xd2u
eOA3mZ/SMmHC6Izb16zdHMtXrGvzeL9v3nMvZdw+oH/vmNBNIke2q2Aa6tu+Dac7uuTiszMuSrt5
c108/sSCeOjhZzK+b/r0dG+P6IpzzvZvdeXK9e1a6PdIzy14OeP2YUMHxrChAzu0LwA4VgIHAHnx
8surY+myNRnHzjg98/oaEW+sS5BtHYmnMiyG+KaRIwZl3N7RD3IRb3wAzObULL8V72oTJ2YOOps2
t+9WnO7kmqvPz7j9zasYHnl0Xmyva307xdAhA456NVB31RXnPCLLz8TatZvbOcv/sjLLFRwFBQVZ
r54CgM4mcACQN0/8dkHG7bW1feOcs0/JOHZ5lke1RkTc98BTGbeXl5dGeXlpxrH2rr1xpOUrs1/x
0bt35jUNutL7b70mawR68cVVXTyb41NdXZH1yS+/eXDO4T9numUjInso6M664pwH9O8dPXoUZxzb
vLmuHbN8q9Wvbsw61qdPTYf3BwDHIvP/2QCgC9zzqyfiQx+8PoqLilqNXTL9rHh23pJW26eckzl8
bNi4LZ6c/buMY0MG988aRfbtq+/AjN+wa+ferGM1NZkfudkVetZUxQc/cF3Wx3M2N7fEXfc83sWz
Oj43Xj89qqsrWm3fvLnuLd/vhx5+NuMir++cemr0rKmK3Xv25XKah/3D338sbvu7j7X79U/PeSHe
9/4vvWVbV5zzwIF9s47t29/Qjpm/1Z42jpXtMbQA0NkEDgDy5tU1m2LJkpXxjlNb39ZxdoYrOPr0
qYlTTh6bcV9Pzs68aOkb78v8xJWIiPqjPBo2k9de25N1rKqq7SfAHK9b3nNVXHvNW59MUVhYEFVV
FTFyxKCsV6pERMx6cE7Mm5/5kZ7d1eWXnZtx+9Nz3/q43ocfeTbq6na1elJOZWV53HjD9PjBD+/N
2RyPVFBQEFlaWkaFha0vpu2Kc+7dO/tVFUd7XHImu3dnDxzVVa1jDQDkgltUAMirbLepjB83vNUa
AVfOmJr1KSD3/np21mMUF7e+QuRN2RY6bUvToUNZx3oU5/Z3ByeeMDLOPmviW/4784wJcdKJI9uM
Gy+9vDo+97++ndO5dbaxY4fFqaeOzzj2m1mtn5Yz55nMt2zMyBIMuqOuOucenfwzcag586OTIyKK
2jgWAHQmgQOAvLrn3t/GwYOvt9peVFQYV1z+1g9pU6dmXpdg5cr18fzvlmY9RkNj9t9It/VBL5vS
0uyPWs10Lvn29JyF8d7//oXYu7fjt+Pk0003XJzx9qWNm7bH7Kda34700MPPZtzPpEnj4oTxIzp9
frnQVefc1s9EW0Ewm5Is63lERDQ1ZQ+CANCZBA4A8mrTpu3xuxdeyTh27pTJh/9cXFwUp592UsbX
PfFk9ttTIiLqtu/KOlZeUdaOWb5V/369s47t2bu/w/vLlc2b6+JLt30/brn1C23eVtNdXZLlkadP
z1mYcftDDz8TdXWtv9dFRYVx040Xd+rccqWrznnHjt1ZxyqO4WeiV6/si+seyy0vAHAsrMEBQN49
+ti8OOfsk1ttP3Xy+KisLI/9+xviwgvOiN4ZPkQ1N7fEPb96os39b95SF83NLVFY2HpxhJrqyg7P
t3//7IGjrbUIutr2up3x45/cn+9pHJPzp52W9TGms454ksjvm/vM4ph59bRW26dfdGb8/T/8oNPm
l833vn9PLHlxZbtfv237fz3qtSvPecuWHVn3dyw/E22t6dHWAqQA0JkEDgDy7p57fxuf+uS7W60h
UVFRFpddOiXuvufxuOjCMzO+9+Wlq+OV5Wvb3H9T06HYs3d/9MrwNIdhw2o7PN9xY4dlHTvyA2su
zH1mcWzd9tpbtp104sg48YSRrV476ZRxcd21Fx41AHVH1197Ycbthw41x0c+dFN85EM3ZRzvm+WR
pMOH1cbF08+KRx+b32lzzGT1qxvjgVnZY0RbuvKcd+/ZF/X1jRmv1hg+vHN/Jl5ds6nD+wOAYyFw
AJB3u3btjfnPvRTnTzut1dj573xH3H3P43H2mRMzvvfxJ55r1zFWrlwfZ5ze+haXMaOHdGyyEXHC
CZnXNmhubolnnl3c4f11xH33z45f3PnoW7adcfpJ8bN/uy2KilrfefrhD1yfXOCorCyPd059R8ax
oqLCOPuszP8WjubamRfkPHAcq3yc84qV62PypHGtto8ZPbTDxxk/LvPPxKFDzbF48YoO7w8AjoU1
OADoFh5+NPNiiWeeOTFOOXlsxkv3m5qa4u572vfh/cUstw3069crLrrwjPZPNCLOyfAI24iI9eu3
tHnpf64seH5p/DbLOiRjxw6LW95zVRfP6Phcd80F0TPD1TbHa+p5p0Z1dfd8ZGk+zvmll1Zl3D5o
UL+s/8azOStLgHl1zaacX9UEAG8SOADoFu67/6mMT/kYOKBPfPAD12V8z8JFK2L9hq3t2v9TWRZp
jIj4o5suad8kI+LKGefFsKEDM44tyuNvqr/z3TuzPr721vfOjNLSki6e0bGbcfl5OdlvdXVF3Hj9
9Jzs+3jl45znPpP9aqOb/+Tydh/jhusvioED+mQce3beknbvBwCOl8ABQLewf39D1ts7Lr/03Izb
H328/bcb/PbJ57Ou1XHRBWfG9CxrfBypvLw0Pv6xd2Uca2lpiZ/+fFa759PZXlj4SjzxxIKMY0OH
DIj333pNF8/o2IwYMSjOOP3EnO1/xuWZ/y3lU77OedZDc2P1qxszjl126TkxLcstM0fqWVMVH/tw
5rVBmptb4q67H2//RAHgOFmDA4Bu48GHnolLLzmn1fZMTz9pbDzY4bUl7rzrsfjcZ29ttb2oqDBu
//LH4yN/9pV4bsHLGd9bXl4aX//ap2PcuOEZxxc8vzQWPL+0Q/PpbN/6zi/jwgtOj+Li1v97/9N3
XxH//tNZsbubP9Hij268OOP8I954JOrBg03t2s+4ccMyLrw6efL4GDt2WKxcuf54ptmp8nnOd9/z
eHz6L/+01fbioqK44/ZPxIc/9uV4YWHmxzhXV1fEN/7p01mf/PL0nBdi8RLrbwDQdQQOALqNB2Y9
[...]
V92lB5ttnj3QaKHIZtj8u2/GtdCKc+B0OtXf328uj8jn87pw4YICgYD6+/vV19e34yyNVrZXT6lU
MvcoLxQKNXcBdpo1UnkO3G73nvtTZrVrFAAAoNVKpZKi0aikOze769WYa5dysHHz5k1du3ZNFy9e
VC6XU19fn3w+n4aGhhQKhTQxMbHrmf3NQMCxjwzD0NLSkm7dutW2AW9lwLH5Lu3mcGLzbgmNaKSg
oLR13Y3dFtncTjAYNAOOestUKmtz9PT01J3aVVk7o6ura1cD7sqZO62qwbGTyqUG6XRa33zzza7b
aHSbz07VqnNw8OBB5XI5MwQs74S0trYmm80mj8ejnp4eBYPBhlLrZrdXlkwmtbi4qI2NjYZfn/Vs
fi00C9coAABAtWQyadZUa6RswH4wDEOJRELT09Oanp7W3NyccrmcvF6vgsGgQqGQRkdHNT4+3tb+
EnDsk3Q6renp6ZpZE/utcjr/5kHBXgY/u21jZmam6lyMjIw0fYp55TKRcs2Rct0AwzCqqgJvdezK
c7TbdWOVd7hLpZIMw9j37Sz383faqVp1DhwOh44cOaLl5eWanZIMw1AqlVIqlTK39hoZGdm2YGqz
25PuhJRLS0s7zs5oROU5aOYaSq5RAACAauWNEJLJpA4ePLhv9Su2kk6ndfnyZU1NTWlpaUmZTEYe
j0cDAwMKh8PmTomdsGSYgGMf5PN5Xbp0qepOZW9vr/r7++X3+9Xd3V01GF5YWND8/HxL+lI50Nlp
sO33+1vyYlpeXq4p7rndrgl3q1x8tVzjY3193Qw4YrGYeUe6XJxnqzbKdjtIrBx02Wy2fQ83NnO5
XHe1M83d7mbTiVpxDkZGRjQyMqJYLKb19XUlEomaIDOdTmt2dlZra2t64IEHtl3e0az2KrfQle7M
uggGg+rr65PH46mZkfTFF19sOxOi8rHNCEzq4RoFAAC4s/GDYRhKJpNNqU94t8rj2C+++ELr6+vK
ZDJyu90aGBjQyMiI7rvvPoXDYQUCgbaHMGUEHPtgbm6uKtyYmJjYcXeIVqkcwGweFG1eonHw4MGm
b+eTSCRaVnejnoGBATPgSCQS5jKVyoClr69vyxdk5Tna7TKTysc3q17BbjkcDrMfXq9Xhw8fbks/
2mm/zkEgEDCn4+XzeW1sbCgWi1UtDbl9+7auXr2qycnJlrZX3qKrzOfzaXJyck8Vth0Oh/k+1swl
IVyjAAAA1aLRqFk/7eDBg/t+/Fwup6mpKf3ud79TMpmUYRjq7u5Wf3+/hoeH9eCDD2poaEh+v79t
45ytEHC0mGEYVbUeAoFA28INwzCqpr1vXke/+etUKtXUgKNe3Y1IJNLUuhubBQIBs+5IuabB8PBw
1fKU7X4flX0rFArKZrMN97eyzkorn+N2urq6zMFju5dHtUs7zkFXV5cGBwc1ODhoTukr17jZ2NhQ
MpmUz+drWXubt3SNRCJ73j7M5XKZ56+Z55FrFAAA4Pey2awSiYR5QykUCu3bsfP5vKanp/Xhhx9q
Y2NDXV1d6u7ulsvl0sDAgB566CGFw2F5PJ6OCzbKCDhabPOexbsZ1DTb+vp61aBnc3jR29tb9XUs
FmtqGHPt2rWqgCUUCu1LZd3+/n6trKxIunMOuru7zTvRLpdr2+1we3p6tLy8bH69trbW0Havm7fc
bdfv3ev1mkFLJpNROp1uaOvVb5NWnIPV1VUzqHO73dteQx6PR6Ojo5qdnTX/LR6PV10TzW6vMihw
Op1NCSq9Xq8ZDBYKBSUSiaZs+cU1CgAA8HsbGxvK5/PKZDIaHx/f802qRhQKBV26dEm/+c1vtLq6
qr6+PvX29sput6u3t1ePPfaYxsfH5XA42r7sfiedsVDmW2xz8btGljnsdptYwzAaKrJX3mqobHN1
W5fLVTUQisViDe/2stM2jUtLS1UzWfx+f0vqbtRTGdIkEomq87BThd++vr6qN5VoNNpQ/YHK5QHS
naUy7bD5+S0sLDT0c4Zh7GrL307WinOwsLCgGzdu6MaNGw3Vy9m8vfDm12uz26v8ulgs7vj+kEwm
d3zM5vNYDg2308j7B9coAADA762trSmfzysej7d86W6xWNTMzIz+9V//VW+//bay2azC4bB8Pp/6
+vr0xBNP6K/+6q80MTEhp9PZ8eGGRMDRci6Xq+pCiMVi2w4kFhYWqoIAaeeCfoZh6Pr169s+Zn19
XRsbG+bXHo+n7qyCchHOcrszMzM7Dnzi8bi+/vrrmuUnZYlEomrQ1tXVpUOHDm3bZjP5fD7zjnB5
mUrZTjNU7HZ71WMymcyOA9BYLFZ1DL/fv+Wd7s2FG5u9G0QwGKwqwLi2tqZbt25t+zOGYejq1au6
ePFi1TVjVa04B5W/z1QqtWMoufn7lVsIt6K9yuVmhmFodXV1y7ay2ayuXbu24/tMT09P1cyKtbU1
c0vbeorF4o7vSxLXKAAAQKXyZgipVEr3339/09sv784yPT2tM2fO6J//+Z91+/ZtTUxMKBgManh4
WH/6p3+qp59+uiXHbzUCjhZzOp1VQUI2m9XVq1drZnIkk0lduXKl7uC5kYJ+0Wi0brvSnQFD5XR2
SRodHa3bTrlYTGW/vvnmm7p3Yg3D0OLioi5fvqxSqaRbt27V9L9QKNStu7F5QNZq9ZbCbBXybHbg
wIGqAdji4qLm5ubqDgij0aiuXbtmfm2327etfLy57snmWTbNMD4+XhWkzMzMVO2uUSmVSmlqakrr
6+vK5/NbXlNW0+xzMDIyYrZnGIamp6erQq1KsVhMc3Nz5td2u73memx2e5u/np+fryqsWz7O0tKS
pqamampfbBW0Vb5vlEOGze1Kd0LNqamphmeAcY0CAADc+QwWi8WUz+eVy+WaWmC0VCqZBer/8z//
U//yL/+iaDSqSCSioaEhjYyM6A/+4A/0//7f/9Pk5GTNOMUqqMGxDw4cOKDLly+bA+JYLKbz58/L
7XbLZrOZF3CZzWarGjw3Og17bW1NsVhMfr9fLpdLpVJJ6XS6ZpARCAS23aP40KFDmpqaMo+bTCZ1
4cIF+Xy+qj6XdyUp83q9NcHJwsJC1fIVm81WE7Zsx+1268iRIw0/fitDQ0NaXFysOq+N1v+w2+2a
mJjQ5cuXzbBpaWlJ0WhUfr9fXV1dKhaLSiaTNUt1xsbGtg1Rent7q6bkX79+Xaurq+rq6lKpVGrK
cw8EAgqHw+ZxDMPQzZs3tby8LL/fL6fTqWKxqGw2WzMzYL/W/bVas8+B3+9XKBQyB+G5XE5Xr17V
3NycvF6vnE6nWZR28+tvdHS0pihTs9srr5ss18woFouanp6Wy+WSy+Uyn+vmrYzLr4/KXZ8qBYNB
ra2tmaFGuRBVd3e3GQJms9ldFwvlGgUAALgzMz6bzSqbzWpwcLAp9c6KxaLW19c1NzenCxcu6Jtv
vpHf79f9998vj8ejgYEBjY2NaWJiouk7aLYDnwr3QW9vr8bHx6vu+pdKJaVSqZrHejwejYyMVIUA
qVRq20DCbrdraGhIy8vLZjK3Fb/fv+PyEJfLpaNHj+rKlStmHw3DUCKRUCKRqPszfX19uv/++2sG
WptnnxiGseXgqZ5mDVxcLpf8fr85pd5ms2loaKjhn/f7/ZqcnNTVq1fN4KdQKNQsJyqz2+0aHx+v
WvJTT09Pj/x+f9V5LZ/zZg7aDhw4IIfDoZs3b1YNYuvdfZfubN0ZiUS2ve6sptnnYGxszJwFUZbL
5bYMJG02m0Kh0JZFapvd3qFDh3Tp0qWq95l67dlsNh04cEDr6+tmeJDJZGQYRt11locOHdLly5er
3mfK/xHXa7dyW+jtcI0CAIB7XTweVy6XUyaT2fPsjXKwMTs7q+npaV25ckVOp9OcnT48PKxQKKSJ
iYma+m5WRsCxT0ZGRuTxeDQ/P183JHC5XBocHNTo6KhKpZJu3Lhh3l3dLrAou++++8zZAPXW75e3
mTxw4EBDxWFcLpcefvhhraysaGVlZcup5uUXx8jIyI5ttlswGDQDjvIsl93w+/06duyYFhYWtLa2
Vnfg6XA41NfXV7OsZTuHDx/WzMzMlmFJs4RCIQUCAc3Pz2tjY6Pu0ie73a6+vj6NjY013H8rafY5
GB8fV29vr5aWlhSPx+suW7LZbOrt7VU4HN7xP49mtud0OnX06FHNz88rGo3WLOOw2Wzq6ekxZxnl
cjnzvaM8PbLeLCebzaYHH3xQi4uLWllZqRuY+Hw+jY2NyePxVAUcO733cI0CAIB7WSwWMz+T3W39
i1KppGg0qsuXL+vq1avmDOFgMCifz6fR0VGFQiGNj483ZYZIp7Gl0+mdt4S4C2+88Yb595/85Cet
OIRl5XI5c3mH3W6X2+3e9cV17do1sxCf3W7XH/7hH27ZvsvlqtkC9m76nEwmzdkXDofDXLJyryov
Scnn83I4HHK5XOrp6bnr6sKZTEbxeFylUklOp1N+v1/d3d1N7vUd5Rk55W2M7Xa7uru75ff7Zbff
G6V5mn0OSqWS4vG48vl8x7VXfq7lmRldXV3m8qq9KrdbKpVq2s1kMvrqq6/Mxx44cGDL+j9b9fle
vkYBAMD+aucY1jAMffrpp/rmm2905coVvfDCCxobG9tVG+vr67pw4YIuXbqk9fV1FQoF+Xw++f1+
jY6Omn/2OjbsZMzgaAOXy9XSadWtaL+8dh+/5/P5GipS2ii3271vgVH57v23aTrabjX7HJRnFjRL
M9tr5e97u12CNi/D2817CNcoAAC4l2QyGSWTSeVyOXm93obrBUp3lracP39eFy5cMG90e71eBYNB
hcNhjY+PKxQKqbe31xJbve4FAQcAoGHJZFI2m62hIlSbd4JpZgAEAADwbZJMJpXJZJTNZhUKhRqq
xxePx/Xll1/q888/V6lUksPhUHd3twKBgEZHR3X48GFzacq9MgOWgAMA0JBsNqvp6WkZhqHDhw9v
O4OpvKtTWU9Pj2W3GwMAAGi127dvK5PJKJVKaXJycttAIplM6vz58/r888+VTqfNmeAul0sjIyM6
duyYBgYG5PF47plgo4yAAwDQkOvXr5tFRaempjQ8PKzh4eGqpVX5fN4sQFoukmqz2RquvQEAAHAv
isfjSqfTymQyCofDNbtTSneW/37xxRf65JNPlEwmFQwGFQgEZLPZNDg4qMcff1yDg4NyOBzf+qUo
WyHgAAA05MCBA0omkyoUCjIMQ8vLy1peXlZXV5ecTqeKxWLd3YXGxsa+1cWsAAAA9qJQKJj1N/L5
vIaHh6sCilwup6+++kr/8z//o1gspuHhYXPp7/j4uL7zne8oFAq1q/sdhYADANAQn8+nI0eOaHZ2
tmq763w+b+6wVMnhcOi+++7T4ODgfnYTAADAUpLJpFmDY3R0VB6PR8ViUalUSpcuXdLHH3+s1dVV
DQ4OamJiQl1dXRoZGdGRI0e2nO1xryLgsCi73W5er8cuVgAAEkZJREFUyPfauioA7ePxeHT06FHd
vn1ba2trVdvPSneWo3g8HvX19TVcIAsAAOBelk6nlc1mVSgUNDw8rEQiobm5OX3yySdaWlpSMBjU
xMSE3G63hoeH9cADDygUCrHLZR188rSoSCSiSCTS7m4AuEf19vaay04Mw1Aul5PdbqeQKAAAwC51
dXXJ4XDI6XQqnU7rv/7rvxSNRtXb26uDBw+qt7dXg4ODikQiCofDBBvbIOAAAOyJzWZTd3d3u7sB
AABgSX6/XwMDA1pdXdXGxobsdrtGR0fV19dXFWzweWtnBBwAAAAAALRJd3e3Dh8+rK6uLq2ursrh
cKi3t1cjIyMaGRkh2NgFAg4AAAAAANqov79fPp9PiURCdrtdfr+fWmZ3gTMGAAAAAECbuVwuBYPB
dnfD0th+AwAAAAAAWB4BBwAAAAAAsDwCDgAAAAAAYHkEHAAAAAAAwPIIOAAAAAAAgOURcAAAAAAA
AMsj4AAAAAAAAJZHwAEAAAAAACyPgAMAAAAAAFgeAQcAAAAAALA8Ag4AAAAAAGB5BBwAAAAAAMDy
CDgAAAAAAIDlEXAAAAAAAADLI+AAAAAAAACWR8ABAAAAAAAsj4ADAAAAAABYHgEHAAAAAACwPAIO
AAAAAABgeQQcAAAAAADA8gg4AAAAAACA5RFwAAAAAAAAyyPgAAAAAAAAlkfAAQAAAAAALI+AAwAA
AAAAWB4BBwAAAAAAsDwCDgAAAAAAYHkEHAAAAAAAwPIIOAAAAAAAgOURcAAAAAAAAMsj4AAAAAAA
AJZHwAEAAAAAACyPgAMAAAAAAFgeAQcAAAAAALA8Ag4AAAAAAGB5BBwAAAAAAMDyCDgAAAAAAIDl
EXAAAAAAAADLI+AAAAAAAACWR8ABAAAAAAAsr2UBh93++6ZLpVKrDgMAAAAAwJ5Ujlkrx7Kwlpb9
5jwej/n3eDzeqsMAAAAAALAnlWPWyrEsrKVlAcfg4KD59/n5+VYdBgAAAACAPakcs1aOZWEtLQs4
xsbGzL9fvny5VYcBAAAAAGBPKseslWNZWEvLAo7Dhw+ba5eWlpZ08eLFVh0KAAAAAIC7cvHiRS0t
LUm6U3/j8OHDbe4R7lbLAg63263jx4+bX//2t7/V3Nxcqw4HAAAAAMCuzM3N6be//a359fHjx+V2
u9vYI+xFS8vDfve739XQ0JD59fvvv89MDgAAAABA2128eFHvv/+++fXQ0JC++93vtrFH2CtbOp02
WnmA9fV1/fd//7eSyaT5b6FQSJOTkzpw4IB6enrYhgcAAAAA0FKlUknxeFzz8/O6fPmyuSxFknw+
n77//e+rv7+/jT3EXrU84JDuhBy/+c1vtLq62upDAQAAAADQsKGhIf35n/854ca3wL4EHGWff/65
zp07p1KptF+HBAAAAACght1u1/Hjx1mW8i2yrwGHJGUyGV25ckU3b95UNBpVOp0m8AAAAAAAtJTd
bpfH49Hg4KDGxsZ0+PBhCop+y+x7wAEAAAAAANBsVPcEAAAAAACWR8ABAAAAAAAsj4ADAAAAAABY
HgEHAAAAAACwPAIOAAAAAABgeQQcAAAAAADA8gg4AAAAAACA5RFwAAAAAAAAyyPgAAAAAAAAlkfA
AQAAAAAALI+AAwAAAAAAWB4BBwAAAAAAsDwCDgAAAAAAYHkEHAAAAAAAwPIIOAAAAAAAgOURcAAA
AAAAAMsj4AAAAAAAAJZHwAEAAAAAACyPgAMAAAAAAFgeAQcAAAAAALA8Ag4AAAAAAGB5NklGuzsB
AAAAAACwF8zgAAAAAAAAlkfAAQAAAAAALI+AAwAAAAAAWB4BBwAAAAAAsDwCDgAAAAAAYHkEHAAA
AAAAwPIIOAAAAAAAgOURcAAAAAAAAMsj4AAAAAAAAJZHwAEAAAAAACyPgAMAAAAAAFgeAQcAAAAA
ALA8Ag4AAAAAAGB5BBwAAAAAAMDyCDgAAAAAAIDlEXAAAAAAAADLI+AAAAAAAACWR8ABAAAAAAAs
j4ADAAAAAABYHgEHAAAAAACwPAIOAAAAAABgeQQcAAAAAADA8gg4AAAAAACA5RFwAAAAAAAAyyPg
AAAAAAAAlkfAAQAAAAAALI+AAwAAAAAAWB4BBwAAAAAAsDwCDgAAAAAAYHkEHAAAAAAAwPIIOAAA
AAAAgOURcAAAAAAAAMsj4AAAAAAAAJZHwAEAAAAAACyPgAMAAAAAAFgeAQcAAAAAALA8Ag4AAAAA
AGB5BBwAAAAAAMDyCDgAAAAAAIDlEXAAAAAAAADLI+AAAAAAAACWR8ABAAAAAAAsj4ADAAAAAABY
nrPdHQBw9yKRiH7wgx9Iks6ePavZ2dn2dggAAAAA2sQmyWh3JwDs3ksvvaRTp04pEAhIkmKxmJ54
4gmdO3euzT0DcC+z2+3yeDzy+XzyeDxyuVyy2WySJMMwlMvllE6nlUwmlU6nVSqV2txjAADwbUHA
AVjMiRMndObMGUUikZrvffTRRzpx4sS+9wnAvc1ut8vv9ysQCGhgYEBHjx7Vww8/rMnJSYVCIblc
LklSLpfT0tKSLl++rAsXLmhqakrRaFTr6+tKpVKEHQBaLhKJ6NVXX9VTTz3V7q6Y3nvvPf30pz9l
Ji7QBAQcgEVEIhGdOXNmxwCjfKcUAFqtHGyEw2F973vf09NPP63HHntMPT09Df18PB7Xp59+qnff
fVeffPKJFhcXlUgkCDoAtEQkEtGXX35pzn7tJLFYTI8++ighB7BHBBxAhwsEAnrhhRd0+vTphh5P
wAFgP3R3dyscDuuv//qv9aMf/UiRSERO592V9ioUCpqdndWbb76pf//3f9fi4qKy2WyTewzgXvfe
e++Ztcs60dmzZztqZglgRQQcQAc7efKkTp8+XXc5ylYIOAC0mtvt1pNPPqkXX3xRx44dU1dXV1Pa
zefz+vrrr/XKK6/o17/+tTKZTFPaBQDpTh2gTsfnOGBvCDiADnT8+HG9+uqrd1VPg/8YAbSS0+nU
yy+/rL/5m7+R3+9vyTESiYR+/vOf6+/+7u9UKBRacgwA9x4rBByPPvooBeOBPWCbWKCDBAIBvfrq
q3r22Wfb3RUAqOvnP/+5Tp48Kbfb3bJj+P1+nTp1Sv39/frJT37SsuMAQKfpxPoggJXY290BAHe8
8MILmpmZIdwA0JGcTqfeeOONlocbZW63WydPntQbb7xx17U9AADAvYWAA2izEydO6Msvv9Rrr71G
ag+gI7ndbr3yyiv7Fm5UHvfkyZN65ZVX9vW4AADAmgg4gDaJRCL65S9/qQ8++EDHjx9vd3cAoK7u
7m49+eSTev7559sSMrjdbj3//PN68skn1d3dve/HBwAA1kHAAbTBSy+9pC+//JKtwAB0NLvdrnA4
rBdffLFlBUUb4ff79eKLLyocDstu56MLAACoj08JwD566qmnNDMzo9OnT7McBUDH8/v9euaZZ3Ts
2LF2d0XHjh3TM88809agBQAAdDYCDmAfRCIRffDBB/rlL3+pSCTS7u4AwI7Kszeee+45dXV1tbs7
6urq0nPPPafR0VFmcQAAgLr4hAC0UHnb15mZGZ04caLd3QGAhvn9fn3ve9/rqFA2Eonoj//4j+Xz
+drdFQAA0IEIOIAWOXnypGZmZnTq1Kl2dwUAdi0QCOjpp5/uqC1anU6nfvjDH7LEDwAA1EXAATTZ
iRMn9MEHH+itt97iQzgAS7Lb7RoYGNBjjz3W7q7UePzxxzU4OMgyFQAAUINPB0CTBAIBnTlzRh98
8AHLUQBYmtfr1dGjR9XT09PurtTo6enR0aNH5fV6290VAADQYQg4gCZ46aWXNDMzo2effbbdXQGA
PfN6vR2xc8pWjh07RsABAABqdM7CWsCCTpw4oTNnznRUET4A2CuPx6PJycl2d2NL9913n7q7u9vd
DQAA0GEIOIC7dObMGWZsAPhWcrlcCoVC7e7GlkZHR+VyudrdDQAA0GFYogLchRMnThBuAPjWstls
HR0g+P1+ORyOdncDAAB0GAIO4C5QRBQAAAAAOgsBB3AX3nvvvXZ3AQBaxjAM5XK5dndjS4lEQsVi
sd3dAAAAHYaAA7gL586d0y9+8Yt2dwMAWiKXy2lpaand3djSwsJCRwcwAACgPQg4gLv07LPP6okn
ntD58+fb3RUAaKp0Oq3Lly+3uxtbunHjhrLZbLu7AQAAOgwBB7AHH374oY4fP66f/vSn2tjYaHd3
AKApUqmUvv7663Z3Y0tff/21UqlUu7sBAAA6DAEH0ASvvfaaIpGIXn/99XZ3BQD2LJVKaWpqSvF4
vN1dqRGPxzU1NUXAAQAAahBwAE0Si8V06tQpPfroo/roo4/a3R0AuGulUknRaFSfffZZu7tS47PP
PlM0GlWpVGp3VwAAQIch4ACa7Ny5czpx4oSee+45Xb9+vd3dAYC7EovF9O6773bUbiXFYlH/8R//
oVgs1u6uAACADkTAAbTIW2+9pePHj+tnP/tZu7sCALuWTCb18ccfa3Z2tt1dMc3Ozurjjz9WMpls
d1cAAEAHIuAAWigWi+n06dOamJjQ2bNn290dAGhYqVTS4uKi3nzzTeXz+XZ3R/l8Xm+++aYWFhZY
ngIAAOoi4AD2wezsrJ566ik98cQTLFsBYBmJRELvvPOOLly40O6u6KuvvtI777yjRCLR7q4AAIAO
RcAB7KMPP/xQkUhEP/vZz9hWFkDHK8/iePnll9saLNy+fVt/+7d/y+wNAACwLQIOoA1Onz6tSCSi
X/ziF+3uCgBsK5vN6te//rX+6Z/+SZlMZt+Pn8lk9Pd///f63//9X+VyuX0/PgAAsA4CDqBNYrGY
nn32WT3xxBM6f/58u7sDAFvKZDJ68cUX9fbbb+9ryJHJZPT222/rH/7hH5TNZvftuAAAwJoIOIA2
+/DDD3X8+HE999xzLFsB0LEKhYJ+/OMf71vIUQ43fvzjH6tQKLT8eAAAwPoIOIAO8dZbbykSiej1
119vd1cAYEvPP/+8Xn/99ZbW5Lh9+7ZefvllPf/88y07BgAA+PYh4AA6SCwW06lTp/Too4/qo48+
and3AKBGoVDQ6dOndfLkSZ07d66pW8jm83l98cUX+su//Ev94z/+IzM3ANxzYrFYu7sAWJpNktHu
TgCo76mnntJrr72mgwcPNvwzNputhT0CgDu6u7sVDof1zDPP6Ec/+pEikYgcDsddtVUsFjU7O6s3
33xT77zzjhYWFigoCqDpDKPzhz18jgP2hoAD6HCBQECnTp3SqVOn1NfXt+Pj+Y8RwH6x2+3y+/0K
h8P6kz/5E/3whz/U448/rp6enoZ+Ph6P67PPPtO7776rjz/+WIuLi0okEmwFC6Al3nvvPf3gBz9o
dze2dPbsWT311FPt7gZgaQQcgEVEIhG99tprO/7HTMABYL/Z7Xb5fD4FAgENDg7q6NGjOnbsmO67
7z6Njo7K7/dLkhKJhBYWFnTjxg19/fXXmpqaUjQaVSwWUzKZJNgA0FKRSETnzp1r6IbRftvY2NDx
48c1Ozvb7q4AlkbAAVjMiRMn9NZbb9VdtkLyD6Dd7Ha7vF6vvF6vuru75XK5zKUrxWJRuVxO2WxW
qVRKqVSKUAPAvmr0htF+Onv2rE6dOkW4ATQBAQdgUadOndLp06fNuxAbGxs6ceKEzp071+aeAQAA
dL7jx48rEAi07fixWIzPbUCTEXAAFhYIBPTss88qFovpvffeo/I2AAAAgHsWAQcAAAAAALA8e7s7
AAAAAAAAsFcEHAAAAAAAwPIIOAAAAAAAgOURcAAAAAAAAMsj4AAAAAAAAJZHwAEAAAAAACyPgAMA
AAAAAFgeAQcAAAAAALA8Ag4AAAAAAGB5BBwAAAAAAMDyCDgAAAAAAIDlEXAAAAAAAADLI+AAAAAA
AACWR8ABAAAAAAAsj4ADAAAAAABYHgEHAAAAAACwPAIOAAAAAABgeQQcAAAAAADA8gg4AAAAAACA
5RFwAAAAAAAAyyPgAAAAAAAAlkfAAQAAAAAALI+AAwAAAAAAWB4BBwAAAAAAsDwCDgAAAAAAYHkE
HAAAAAAAwPIIOAAAAAAAgOURcAAAAAAAAMsj4AAAAAAAAJZHwAEAAAAAACyPgAMAAAAAAFgeAQcA
AAAAALA8Ag4AAAAAAGB5BBwAAAAAAMDyCDgAAAAAAIDlEXAAAAAAAADLI+AAAAAAAACWR8ABAAAA
AAAsj4ADAAAAAABYHgEHAAAAAACwPAIOAAAAAABgeQQcAAAAAADA8v4/FNgomfG0PEIAAAAASUVO
RK5CYII=
" width="800px"&gt;</msg>
<status status="PASS" starttime="20230711 11:32:25.938" endtime="20230711 11:32:26.148"/>
</kw>
<msg timestamp="20230711 11:32:26.148" level="INFO">criteria is cl_chat_send_message</msg>
<msg timestamp="20230711 11:32:26.148" level="FAIL">InvalidElementStateException: Message: Cannot set the element to 'This is a test message'. Did you interact with the correct element?
Stacktrace:
io.appium.uiautomator2.common.exceptions.InvalidElementStateException: Cannot set the element to 'This is a test message'. Did you interact with the correct element?
	at io.appium.uiautomator2.handler.SendKeysToElement.setText(SendKeysToElement.java:87)
	at io.appium.uiautomator2.handler.SendKeysToElement.safeHandle(SendKeysToElement.java:115)
	at io.appium.uiautomator2.handler.request.SafeRequestHandler.handle(SafeRequestHandler.java:59)
	at io.appium.uiautomator2.server.AppiumServlet.handleRequest(AppiumServlet.java:266)
	at io.appium.uiautomator2.server.AppiumServlet.handleHttpRequest(AppiumServlet.java:260)
	at io.appium.uiautomator2.http.ServerHandler.channelRead(ServerHandler.java:68)
	at io.netty.channel.AbstractChannelHandlerContext.invokeChannelRead(AbstractChannelHandlerContext.java:366)
	at io.netty.channel.AbstractChannelHandlerContext.invokeChannelRead(AbstractChannelHandlerContext.java:352)
	at io.netty.channel.AbstractChannelHandlerContext.fireChannelRead(AbstractChannelHandlerContext.java:345)
	at io.netty.handler.codec.MessageToMessageDecoder.channelRead(MessageToMessageDecoder.java:102)
	at io.netty.channel.AbstractChannelHandlerContext.invokeChannelRead(AbstractChannelHandlerContext.java:366)
	at io.netty.channel.AbstractChannelHandlerContext.invokeChannelRead(AbstractChannelHandlerContext.java:352)
	at io.netty.channel.AbstractChannelHandlerContext.fireChannelRead(AbstractChannelHandlerContext.java:345)
	at io.netty.channel.CombinedChannelDuplexHandler$DelegatingChannelHandlerContext.fireChannelRead(CombinedChannelDuplexHandler.java:435)
	at io.netty.handler.codec.ByteToMessageDecoder.fireChannelRead(ByteToMessageDecoder.java:293)
	at io.netty.handler.codec.ByteToMessageDecoder.channelRead(ByteToMessageDecoder.java:267)
	at io.netty.channel.CombinedChannelDuplexHandler.channelRead(CombinedChannelDuplexHandler.java:250)
	at io.netty.channel.AbstractChannelHandlerContext.invokeChannelRead(AbstractChannelHandlerContext.java:366)
	at io.netty.channel.AbstractChannelHandlerContext.invokeChannelRead(AbstractChannelHandlerContext.java:352)
	at io.netty.channel.AbstractChannelHandlerContext.fireChannelRead(AbstractChannelHandlerContext.java:345)
	at io.netty.handler.timeout.IdleStateHandler.channelRead(IdleStateHandler.java:266)
	at io.netty.channel.AbstractChannelHandlerContext.invokeChannelRead(AbstractChannelHandlerContext.java:366)
	at io.netty.channel.AbstractChannelHandlerContext.invokeChannelRead(AbstractChannelHandlerContext.java:352)
	at io.netty.channel.AbstractChannelHandlerContext.fireChannelRead(AbstractChannelHandlerContext.java:345)
	at io.netty.channel.DefaultChannelPipeline$HeadContext.channelRead(DefaultChannelPipeline.java:1294)
	at io.netty.channel.AbstractChannelHandlerContext.invokeChannelRead(AbstractChannelHandlerContext.java:366)
	at io.netty.channel.AbstractChannelHandlerContext.invokeChannelRead(AbstractChannelHandlerContext.java:352)
	at io.netty.channel.DefaultChannelPipeline.fireChannelRead(DefaultChannelPipeline.java:911)
	at io.netty.channel.nio.AbstractNioByteChannel$NioByteUnsafe.read(AbstractNioByteChannel.java:131)
	at io.netty.channel.nio.NioEventLoop.processSelectedKey(NioEventLoop.java:611)
	at io.netty.channel.nio.NioEventLoop.processSelectedKeysOptimized(NioEventLoop.java:552)
	at io.netty.channel.nio.NioEventLoop.processSelectedKeys(NioEventLoop.java:466)
	at io.netty.channel.nio.NioEventLoop.run(NioEventLoop.java:438)
	at io.netty.util.concurrent.SingleThreadEventExecutor$2.run(SingleThreadEventExecutor.java:140)
	at io.netty.util.concurrent.DefaultThreadFactory$DefaultRunnableDecorator.run(DefaultThreadFactory.java:144)
	at java.lang.Thread.run(Thread.java:923)
</msg>
<status status="FAIL" starttime="20230711 11:32:25.909" endtime="20230711 11:32:26.152"/>
</kw>
<kw name="Wait Until Element Is Visible" library="AppiumLibrary">
<arg>id=ib_chat_message_send</arg>
<doc>Waits until element specified with `locator` is visible.</doc>
<status status="NOT RUN" starttime="20230711 11:32:26.152" endtime="20230711 11:32:26.152"/>
</kw>
<kw name="Click Element" library="AppiumLibrary">
<arg>id=ib_chat_message_send</arg>
<doc>Click element identified by `locator`.</doc>
<status status="NOT RUN" starttime="20230711 11:32:26.152" endtime="20230711 11:32:26.152"/>
</kw>
<kw name="Wait Until Page Contains Element" library="AppiumLibrary">
<arg>${message}</arg>
<doc>Waits until element specified with `locator` appears on current page.</doc>
<status status="NOT RUN" starttime="20230711 11:32:26.152" endtime="20230711 11:32:26.153"/>
</kw>
<status status="FAIL" starttime="20230711 11:32:21.013" endtime="20230711 11:32:26.153"/>
</kw>
<kw name="Close App" library="Base" type="TEARDOWN">
<kw name="Close Application" library="AppiumLibrary">
<doc>Closes the current application and also close webdriver session.</doc>
<status status="PASS" starttime="20230711 11:32:26.153" endtime="20230711 11:32:26.400"/>
</kw>
<status status="PASS" starttime="20230711 11:32:26.153" endtime="20230711 11:32:26.401"/>
</kw>
<tag>firststep</tag>
<status status="FAIL" starttime="20230711 11:31:55.563" endtime="20230711 11:32:26.401">InvalidElementStateException: Message: Cannot set the element to 'This is a test message'. Did you interact with the correct element?
Stacktrace:
io.appium.uiautomator2.common.exceptions.InvalidElementStateException: Cannot set the element to 'This is a test message'. Did you interact with the correct element?
	at io.appium.uiautomator2.handler.SendKeysToElement.setText(SendKeysToElement.java:87)
	at io.appium.uiautomator2.handler.SendKeysToElement.safeHandle(SendKeysToElement.java:115)
	at io.appium.uiautomator2.handler.request.SafeRequestHandler.handle(SafeRequestHandler.java:59)
	at io.appium.uiautomator2.server.AppiumServlet.handleRequest(AppiumServlet.java:266)
	at io.appium.uiautomator2.server.AppiumServlet.handleHttpRequest(AppiumServlet.java:260)
	at io.appium.uiautomator2.http.ServerHandler.channelRead(ServerHandler.java:68)
	at io.netty.channel.AbstractChannelHandlerContext.invokeChannelRead(AbstractChannelHandlerContext.java:366)
    [ Message content over the limit has been removed. ]
	at io.netty.channel.AbstractChannelHandlerContext.invokeChannelRead(AbstractChannelHandlerContext.java:366)
	at io.netty.channel.AbstractChannelHandlerContext.invokeChannelRead(AbstractChannelHandlerContext.java:352)
	at io.netty.channel.DefaultChannelPipeline.fireChannelRead(DefaultChannelPipeline.java:911)
	at io.netty.channel.nio.AbstractNioByteChannel$NioByteUnsafe.read(AbstractNioByteChannel.java:131)
	at io.netty.channel.nio.NioEventLoop.processSelectedKey(NioEventLoop.java:611)
	at io.netty.channel.nio.NioEventLoop.processSelectedKeysOptimized(NioEventLoop.java:552)
	at io.netty.channel.nio.NioEventLoop.processSelectedKeys(NioEventLoop.java:466)
	at io.netty.channel.nio.NioEventLoop.run(NioEventLoop.java:438)
	at io.netty.util.concurrent.SingleThreadEventExecutor$2.run(SingleThreadEventExecutor.java:140)
	at io.netty.util.concurrent.DefaultThreadFactory$DefaultRunnableDecorator.run(DefaultThreadFactory.java:144)
	at java.lang.Thread.run(Thread.java:923)</status>
</test>
<status status="FAIL" starttime="20230711 11:31:55.550" endtime="20230711 11:32:26.402"/>
</suite>
<status status="FAIL" starttime="20230711 11:31:55.216" endtime="20230711 11:32:26.405"/>
</suite>
<statistics>
<total>
<stat pass="0" fail="1" skip="0">All Tests</stat>
</total>
<tag>
<stat pass="0" fail="1" skip="0">firststep</stat>
</tag>
<suite>
<stat pass="0" fail="1" skip="0" id="s1" name="Tests">Tests</stat>
<stat pass="0" fail="1" skip="0" id="s1-s1" name="HomeTest">Tests.HomeTest</stat>
</suite>
</statistics>
<errors>
</errors>
</robot>
