<?xml version="1.0" encoding="UTF-8"?>
<robot generator="Robot 6.0.2 (Python 3.11.4 on win32)" generated="20230705 09:38:14.097" rpa="false" schemaversion="3">
<suite id="s1" name="Tests" source="C:\Users\monsh\PycharmProjects\Occazio\Tests">
<suite id="s1-s1" name="HomeTest" source="C:\Users\monsh\PycharmProjects\Occazio\Tests\HomeTest.robot">
<test id="s1-s1-t1" name="Demarrage" line="8">
<kw name="Run Keywords" library="BuiltIn" type="SETUP">
<arg>Base.Start Appium</arg>
<arg>AND</arg>
<arg>Base.Occasio app</arg>
<doc>Executes all the given keywords in a sequence.</doc>
<kw name="Start Appium" library="Base">
<kw name="Run And Return Rc" library="OperatingSystem">
<arg>taskkill /F /IM node.exe</arg>
<doc>Runs the given command in the system and returns the return code.</doc>
<msg timestamp="20230705 09:38:14.366" level="INFO">Running command 'taskkill /F /IM node.exe 2&gt;&amp;1'.</msg>
<status status="PASS" starttime="20230705 09:38:14.360" endtime="20230705 09:38:14.427"/>
</kw>
<kw name="Set Variable" library="BuiltIn">
<var>${command}</var>
<arg>${APPIUM_COMMAND}</arg>
<doc>Returns the given values which can then be assigned to a variables.</doc>
<msg timestamp="20230705 09:38:14.428" level="INFO">${command} = appium -p 4723</msg>
<status status="PASS" starttime="20230705 09:38:14.428" endtime="20230705 09:38:14.428"/>
</kw>
<kw name="Run And Return Rc" library="OperatingSystem">
<arg>${command}</arg>
<doc>Runs the given command in the system and returns the return code.</doc>
<msg timestamp="20230705 09:38:14.435" level="INFO">Running command 'appium -p 4723 2&gt;&amp;1'.</msg>
<status status="PASS" starttime="20230705 09:38:14.428" endtime="20230705 09:40:25.778"/>
</kw>
<kw name="Log To Console" library="BuiltIn">
<arg>${command}</arg>
<doc>Logs the given message to the console.</doc>
<msg timestamp="20230705 09:40:25.779" level="FAIL">OSError: [Errno 22] Invalid argument</msg>
<status status="FAIL" starttime="20230705 09:40:25.779" endtime="20230705 09:40:25.779"/>
</kw>
<status status="FAIL" starttime="20230705 09:38:14.358" endtime="20230705 09:40:25.779"/>
</kw>
<status status="FAIL" starttime="20230705 09:38:14.358" endtime="20230705 09:40:25.780"/>
</kw>
<kw name="Close App" library="Base" type="TEARDOWN">
<kw name="Close Application" library="AppiumLibrary">
<doc>Closes the current application and also close webdriver session.</doc>
<kw name="Capture Page Screenshot" library="AppiumLibrary">
<doc>Takes a screenshot of the current page and embeds it into the log.</doc>
<msg timestamp="20230705 09:40:25.781" level="FAIL">No application is open</msg>
<status status="FAIL" starttime="20230705 09:40:25.781" endtime="20230705 09:40:25.783"/>
</kw>
<msg timestamp="20230705 09:40:25.784" level="WARN">Keyword 'Capture Page Screenshot' could not be run on failure: No application is open</msg>
<msg timestamp="20230705 09:40:25.784" level="FAIL">No application is open</msg>
<status status="FAIL" starttime="20230705 09:40:25.780" endtime="20230705 09:40:25.784"/>
</kw>
<status status="FAIL" starttime="20230705 09:40:25.780" endtime="20230705 09:40:25.786">No application is open</status>
</kw>
<tag>firststep</tag>
<status status="FAIL" starttime="20230705 09:38:14.358" endtime="20230705 09:40:25.786">Setup failed:
OSError: [Errno 22] Invalid argument

Also teardown failed:
No application is open</status>
</test>
<status status="FAIL" starttime="20230705 09:38:14.348" endtime="20230705 09:40:25.786"/>
</suite>
<status status="FAIL" starttime="20230705 09:38:14.099" endtime="20230705 09:40:25.787"/>
</suite>
<statistics>
<total>
<stat pass="0" fail="1" skip="0">All Tests</stat>
</total>
<tag>
<stat pass="0" fail="1" skip="0">firststep</stat>
</tag>
<suite>
<stat pass="0" fail="1" skip="0" id="s1" name="Tests">Tests</stat>
<stat pass="0" fail="1" skip="0" id="s1-s1" name="HomeTest">Tests.HomeTest</stat>
</suite>
</statistics>
<errors>
<msg timestamp="20230705 09:40:25.784" level="WARN">Keyword 'Capture Page Screenshot' could not be run on failure: No application is open</msg>
</errors>
</robot>
