<?xml version="1.0" encoding="UTF-8"?>
<robot generator="Robot 6.0.2 (Python 3.11.4 on win32)" generated="20230711 11:38:34.536" rpa="false" schemaversion="3">
<suite id="s1" name="Tests" source="C:\Users\monsh\PycharmProjects\Occazio\Tests">
<suite id="s1-s1" name="HomeTest" source="C:\Users\monsh\PycharmProjects\Occazio\Tests\HomeTest.robot">
<test id="s1-s1-t1" name="Demarrage" line="8">
<kw name="Run Keywords" library="BuiltIn" type="SETUP">
<arg>Base.Start Appium</arg>
<arg>AND</arg>
<arg>Base.Occasio app</arg>
<doc>Executes all the given keywords in a sequence.</doc>
<kw name="Start Appium" library="Base">
<kw name="Set Variable" library="BuiltIn">
<var>${command}</var>
<arg>${APPIUM_COMMAND}</arg>
<doc>Returns the given values which can then be assigned to a variables.</doc>
<msg timestamp="20230711 11:38:34.762" level="INFO">${command} = appium -p 4723</msg>
<status status="PASS" starttime="20230711 11:38:34.762" endtime="20230711 11:38:34.762"/>
</kw>
<kw name="Run And Return Rc" library="OperatingSystem">
<arg>${command}</arg>
<doc>Runs the given command in the system and returns the return code.</doc>
<msg timestamp="20230711 11:38:34.770" level="INFO">Running command 'appium -p 4723 2&gt;&amp;1'.</msg>
<status status="PASS" starttime="20230711 11:38:34.762" endtime="20230711 11:38:35.969"/>
</kw>
<kw name="Log To Console" library="BuiltIn">
<arg>${command}</arg>
<doc>Logs the given message to the console.</doc>
<status status="PASS" starttime="20230711 11:38:35.969" endtime="20230711 11:38:35.970"/>
</kw>
<status status="PASS" starttime="20230711 11:38:34.762" endtime="20230711 11:38:35.970"/>
</kw>
<kw name="Occasio app" library="Base">
<kw name="Open Application" library="AppiumLibrary">
<arg>${Hub}</arg>
<arg>automationName=${ANDROID_AUTOMATION_NAME}</arg>
<arg>platformName=${ANDROID_PLATFORM_NAME}</arg>
<arg>platformVersion=${ANDROID_PLATFORM_VERSION}</arg>
<arg>app=${ANDROID_APP}</arg>
<doc>Opens a new application to given Appium server.
Capabilities of appium server, Android and iOS,
Please check https://github.com/appium/appium/blob/master/docs/en/writing-running-appium/server-args.md
| *Option*            | *Man.* | *Description*     |
| remote_url          | Yes    | Appium server url |
| alias               | no     | alias             |
| strict_ssl          | No     | allows you to send commands to an invalid certificate host like a self-signed one. |</doc>
<status status="PASS" starttime="20230711 11:38:35.970" endtime="20230711 11:38:40.804"/>
</kw>
<status status="PASS" starttime="20230711 11:38:35.970" endtime="20230711 11:38:40.804"/>
</kw>
<status status="PASS" starttime="20230711 11:38:34.762" endtime="20230711 11:38:40.804"/>
</kw>
<kw name="Unboarding" library="Navigate">
<kw name="Wait Until Element Is Visible" library="AppiumLibrary">
<arg>id=bt_start_showcase</arg>
<arg>15s</arg>
<doc>Waits until element specified with `locator` is visible.</doc>
<msg timestamp="20230711 11:38:43.664" level="INFO">criteria is bt_start_showcase
criteria is bt_start_showcase
criteria is bt_start_showcase
criteria is bt_start_showcase
criteria is bt_start_showcase
criteria is bt_start_showcase
criteria is bt_start_showcase
criteria is bt_start_showcase
criteria is bt_start_showcase</msg>
<status status="PASS" starttime="20230711 11:38:40.805" endtime="20230711 11:38:43.664"/>
</kw>
<kw name="Click Element" library="AppiumLibrary">
<arg>id=bt_start_showcase</arg>
<doc>Click element identified by `locator`.</doc>
<msg timestamp="20230711 11:38:43.665" level="INFO">Clicking element 'id=bt_start_showcase'.</msg>
<msg timestamp="20230711 11:38:43.726" level="INFO">criteria is bt_start_showcase</msg>
<status status="PASS" starttime="20230711 11:38:43.664" endtime="20230711 11:38:43.726"/>
</kw>
<kw name="Wait Until Element Is Visible" library="AppiumLibrary">
<arg>id=indicator_showcase</arg>
<doc>Waits until element specified with `locator` is visible.</doc>
<msg timestamp="20230711 11:38:44.488" level="INFO">criteria is indicator_showcase</msg>
<status status="PASS" starttime="20230711 11:38:43.726" endtime="20230711 11:38:44.488"/>
</kw>
<kw name="Run Keyword And Return Status" library="BuiltIn">
<var>${buttons}</var>
<arg>Page Should Not Contain Element</arg>
<arg>id=bt_stop_showcase</arg>
<doc>Runs the given keyword with given arguments and returns the status as a Boolean value.</doc>
<kw name="Page Should Not Contain Element" library="AppiumLibrary">
<arg>id=bt_stop_showcase</arg>
<doc>Verifies that current page not contains `locator` element.</doc>
<msg timestamp="20230711 11:38:44.507" level="INFO">Current page not contains element 'id=bt_stop_showcase'.</msg>
<msg timestamp="20230711 11:38:44.507" level="INFO">criteria is bt_stop_showcase</msg>
<status status="PASS" starttime="20230711 11:38:44.489" endtime="20230711 11:38:44.507"/>
</kw>
<msg timestamp="20230711 11:38:44.508" level="INFO">${buttons} = True</msg>
<status status="PASS" starttime="20230711 11:38:44.489" endtime="20230711 11:38:44.508"/>
</kw>
<for flavor="IN RANGE">
<var>${index}</var>
<value>4</value>
<iter>
<var name="${index}">0</var>
<kw name="Run Keyword If" library="BuiltIn">
<arg>${buttons}</arg>
<arg>Swipe By Percent</arg>
<arg>90</arg>
<arg>50</arg>
<arg>10</arg>
<arg>50</arg>
<arg>200</arg>
<arg>ELSE</arg>
<arg>Exit For Loop</arg>
<doc>Runs the given keyword with the given arguments, if ``condition`` is true.</doc>
<kw name="Swipe By Percent" library="AppiumLibrary">
<arg>90</arg>
<arg>50</arg>
<arg>10</arg>
<arg>50</arg>
<arg>200</arg>
<doc>Swipe from one percent of the screen to another percent, for an optional duration.
Normal swipe fails to scale for different screen resolutions, this can be avoided using percent.</doc>
<status status="PASS" starttime="20230711 11:38:44.508" endtime="20230711 11:38:45.028"/>
</kw>
<status status="PASS" starttime="20230711 11:38:44.508" endtime="20230711 11:38:45.028"/>
</kw>
<status status="PASS" starttime="20230711 11:38:44.508" endtime="20230711 11:38:45.028"/>
</iter>
<iter>
<var name="${index}">1</var>
<kw name="Run Keyword If" library="BuiltIn">
<arg>${buttons}</arg>
<arg>Swipe By Percent</arg>
<arg>90</arg>
<arg>50</arg>
<arg>10</arg>
<arg>50</arg>
<arg>200</arg>
<arg>ELSE</arg>
<arg>Exit For Loop</arg>
<doc>Runs the given keyword with the given arguments, if ``condition`` is true.</doc>
<kw name="Swipe By Percent" library="AppiumLibrary">
<arg>90</arg>
<arg>50</arg>
<arg>10</arg>
<arg>50</arg>
<arg>200</arg>
<doc>Swipe from one percent of the screen to another percent, for an optional duration.
Normal swipe fails to scale for different screen resolutions, this can be avoided using percent.</doc>
<status status="PASS" starttime="20230711 11:38:45.029" endtime="20230711 11:38:45.648"/>
</kw>
<status status="PASS" starttime="20230711 11:38:45.029" endtime="20230711 11:38:45.648"/>
</kw>
<status status="PASS" starttime="20230711 11:38:45.029" endtime="20230711 11:38:45.648"/>
</iter>
<iter>
<var name="${index}">2</var>
<kw name="Run Keyword If" library="BuiltIn">
<arg>${buttons}</arg>
<arg>Swipe By Percent</arg>
<arg>90</arg>
<arg>50</arg>
<arg>10</arg>
<arg>50</arg>
<arg>200</arg>
<arg>ELSE</arg>
<arg>Exit For Loop</arg>
<doc>Runs the given keyword with the given arguments, if ``condition`` is true.</doc>
<kw name="Swipe By Percent" library="AppiumLibrary">
<arg>90</arg>
<arg>50</arg>
<arg>10</arg>
<arg>50</arg>
<arg>200</arg>
<doc>Swipe from one percent of the screen to another percent, for an optional duration.
Normal swipe fails to scale for different screen resolutions, this can be avoided using percent.</doc>
<status status="PASS" starttime="20230711 11:38:45.648" endtime="20230711 11:38:46.229"/>
</kw>
<status status="PASS" starttime="20230711 11:38:45.648" endtime="20230711 11:38:46.229"/>
</kw>
<status status="PASS" starttime="20230711 11:38:45.648" endtime="20230711 11:38:46.229"/>
</iter>
<iter>
<var name="${index}">3</var>
<kw name="Run Keyword If" library="BuiltIn">
<arg>${buttons}</arg>
<arg>Swipe By Percent</arg>
<arg>90</arg>
<arg>50</arg>
<arg>10</arg>
<arg>50</arg>
<arg>200</arg>
<arg>ELSE</arg>
<arg>Exit For Loop</arg>
<doc>Runs the given keyword with the given arguments, if ``condition`` is true.</doc>
<kw name="Swipe By Percent" library="AppiumLibrary">
<arg>90</arg>
<arg>50</arg>
<arg>10</arg>
<arg>50</arg>
<arg>200</arg>
<doc>Swipe from one percent of the screen to another percent, for an optional duration.
Normal swipe fails to scale for different screen resolutions, this can be avoided using percent.</doc>
<status status="PASS" starttime="20230711 11:38:46.231" endtime="20230711 11:38:46.783"/>
</kw>
<status status="PASS" starttime="20230711 11:38:46.229" endtime="20230711 11:38:46.783"/>
</kw>
<status status="PASS" starttime="20230711 11:38:46.229" endtime="20230711 11:38:46.783"/>
</iter>
<status status="PASS" starttime="20230711 11:38:44.508" endtime="20230711 11:38:46.783"/>
</for>
<kw name="Click Element" library="AppiumLibrary">
<arg>id=v_seekbar_overlay</arg>
<doc>Click element identified by `locator`.</doc>
<msg timestamp="20230711 11:38:46.786" level="INFO">Clicking element 'id=v_seekbar_overlay'.</msg>
<msg timestamp="20230711 11:38:47.677" level="INFO">criteria is v_seekbar_overlay</msg>
<status status="PASS" starttime="20230711 11:38:46.785" endtime="20230711 11:38:47.677"/>
</kw>
<kw name="Click Element" library="AppiumLibrary">
<arg>id=bt_stop_showcase</arg>
<doc>Click element identified by `locator`.</doc>
<msg timestamp="20230711 11:38:47.679" level="INFO">Clicking element 'id=bt_stop_showcase'.</msg>
<msg timestamp="20230711 11:38:48.328" level="INFO">criteria is bt_stop_showcase</msg>
<status status="PASS" starttime="20230711 11:38:47.677" endtime="20230711 11:38:48.328"/>
</kw>
<kw name="Wait Until Element Is Visible" library="AppiumLibrary">
<arg>id=tv_why_user_title</arg>
<doc>Waits until element specified with `locator` is visible.</doc>
<msg timestamp="20230711 11:38:49.201" level="INFO">criteria is tv_why_user_title</msg>
<status status="PASS" starttime="20230711 11:38:48.328" endtime="20230711 11:38:49.201"/>
</kw>
<kw name="Wait Until Element Is Visible" library="AppiumLibrary">
<arg>id=v_click_why_other</arg>
<doc>Waits until element specified with `locator` is visible.</doc>
<msg timestamp="20230711 11:38:49.234" level="INFO">criteria is v_click_why_other</msg>
<status status="PASS" starttime="20230711 11:38:49.201" endtime="20230711 11:38:49.234"/>
</kw>
<kw name="Click Element" library="AppiumLibrary">
<arg>id=v_click_why_other</arg>
<doc>Click element identified by `locator`.</doc>
<msg timestamp="20230711 11:38:49.235" level="INFO">Clicking element 'id=v_click_why_other'.</msg>
<msg timestamp="20230711 11:38:49.293" level="INFO">criteria is v_click_why_other</msg>
<status status="PASS" starttime="20230711 11:38:49.234" endtime="20230711 11:38:49.293"/>
</kw>
<status status="PASS" starttime="20230711 11:38:40.805" endtime="20230711 11:38:49.293"/>
</kw>
<kw name="Send Message" library="Messagerie">
<arg>${message}</arg>
<kw name="Inscription" library="Messagerie">
<arg>${Username}</arg>
<kw name="Wait Until Element Is Visible" library="AppiumLibrary">
<arg>id=mailbox</arg>
<doc>Waits until element specified with `locator` is visible.</doc>
<msg timestamp="20230711 11:38:49.882" level="INFO">criteria is mailbox</msg>
<status status="PASS" starttime="20230711 11:38:49.294" endtime="20230711 11:38:49.882"/>
</kw>
<kw name="Click Element" library="AppiumLibrary">
<arg>id=mailbox</arg>
<doc>Click element identified by `locator`.</doc>
<msg timestamp="20230711 11:38:49.884" level="INFO">Clicking element 'id=mailbox'.</msg>
<msg timestamp="20230711 11:38:49.975" level="INFO">criteria is mailbox</msg>
<status status="PASS" starttime="20230711 11:38:49.883" endtime="20230711 11:38:49.976"/>
</kw>
<kw name="Wait Until Element Is Visible" library="AppiumLibrary">
<arg>id=cl_conv_occazio_content</arg>
<doc>Waits until element specified with `locator` is visible.</doc>
<msg timestamp="20230711 11:38:50.935" level="INFO">criteria is cl_conv_occazio_content
criteria is cl_conv_occazio_content</msg>
<status status="PASS" starttime="20230711 11:38:49.976" endtime="20230711 11:38:50.935"/>
</kw>
<kw name="Click Element" library="AppiumLibrary">
<arg>id=cl_conv_occazio_content</arg>
<doc>Click element identified by `locator`.</doc>
<msg timestamp="20230711 11:38:50.936" level="INFO">Clicking element 'id=cl_conv_occazio_content'.</msg>
<msg timestamp="20230711 11:38:50.994" level="INFO">criteria is cl_conv_occazio_content</msg>
<status status="PASS" starttime="20230711 11:38:50.935" endtime="20230711 11:38:50.994"/>
</kw>
<kw name="Wait Until Element Is Visible" library="AppiumLibrary">
<arg>id=bt_user_name_valid</arg>
<doc>Waits until element specified with `locator` is visible.</doc>
<msg timestamp="20230711 11:38:51.789" level="INFO">criteria is bt_user_name_valid</msg>
<status status="PASS" starttime="20230711 11:38:50.994" endtime="20230711 11:38:51.790"/>
</kw>
<kw name="Click Element" library="AppiumLibrary">
<arg>id=bt_user_name_valid</arg>
<doc>Click element identified by `locator`.</doc>
<msg timestamp="20230711 11:38:51.790" level="INFO">Clicking element 'id=bt_user_name_valid'.</msg>
<msg timestamp="20230711 11:38:51.841" level="INFO">criteria is bt_user_name_valid</msg>
<status status="PASS" starttime="20230711 11:38:51.790" endtime="20230711 11:38:51.841"/>
</kw>
<kw name="Wait Until Element Is Visible" library="AppiumLibrary">
<arg>id=et_user_name</arg>
<doc>Waits until element specified with `locator` is visible.</doc>
<msg timestamp="20230711 11:38:52.476" level="INFO">criteria is et_user_name</msg>
<status status="PASS" starttime="20230711 11:38:51.841" endtime="20230711 11:38:52.476"/>
</kw>
<kw name="Input Text" library="AppiumLibrary">
<arg>id=et_user_name</arg>
<arg>${Username}</arg>
<doc>Types the given `text` into text field identified by `locator`.</doc>
<msg timestamp="20230711 11:38:52.477" level="INFO">Typing text 'mouhamedfsane' into text field 'id=et_user_name'</msg>
<msg timestamp="20230711 11:38:52.514" level="INFO">criteria is et_user_name</msg>
<status status="PASS" starttime="20230711 11:38:52.476" endtime="20230711 11:38:52.514"/>
</kw>
<kw name="Click Element" library="AppiumLibrary">
<arg>id=bt_user_name_valid</arg>
<doc>Click element identified by `locator`.</doc>
<msg timestamp="20230711 11:38:52.516" level="INFO">Clicking element 'id=bt_user_name_valid'.</msg>
<msg timestamp="20230711 11:38:53.060" level="INFO">criteria is bt_user_name_valid</msg>
<status status="PASS" starttime="20230711 11:38:52.515" endtime="20230711 11:38:53.060"/>
</kw>
<kw name="Wait Until Element Is Visible" library="AppiumLibrary">
<arg>id=cl_see_faq</arg>
<doc>Waits until element specified with `locator` is visible.</doc>
<msg timestamp="20230711 11:38:53.626" level="INFO">criteria is cl_see_faq</msg>
<status status="PASS" starttime="20230711 11:38:53.060" endtime="20230711 11:38:53.626"/>
</kw>
<status status="PASS" starttime="20230711 11:38:49.294" endtime="20230711 11:38:53.626"/>
</kw>
<kw name="Wait Until Element Is Visible" library="AppiumLibrary">
<arg>id=cl_chat_send_message</arg>
<doc>Waits until element specified with `locator` is visible.</doc>
<msg timestamp="20230711 11:38:53.647" level="INFO">criteria is cl_chat_send_message</msg>
<status status="PASS" starttime="20230711 11:38:53.626" endtime="20230711 11:38:53.647"/>
</kw>
<kw name="Wait Until Element Is Visible" library="AppiumLibrary">
<arg>id=ib_chat_message_send</arg>
<doc>Waits until element specified with `locator` is visible.</doc>
<msg timestamp="20230711 11:38:53.666" level="INFO">criteria is ib_chat_message_send</msg>
<status status="PASS" starttime="20230711 11:38:53.647" endtime="20230711 11:38:53.666"/>
</kw>
<kw name="Click Element" library="AppiumLibrary">
<arg>id=et_chat_message</arg>
<doc>Click element identified by `locator`.</doc>
<msg timestamp="20230711 11:38:53.667" level="INFO">Clicking element 'id=et_chat_message'.</msg>
<msg timestamp="20230711 11:38:53.710" level="INFO">criteria is et_chat_message</msg>
<status status="PASS" starttime="20230711 11:38:53.666" endtime="20230711 11:38:53.710"/>
</kw>
<kw name="Input Text" library="AppiumLibrary">
<arg>id=et_chat_message</arg>
<arg>${message}</arg>
<doc>Types the given `text` into text field identified by `locator`.</doc>
<msg timestamp="20230711 11:38:53.712" level="INFO">Typing text 'This is a test message' into text field 'id=et_chat_message'</msg>
<msg timestamp="20230711 11:38:54.669" level="INFO">criteria is et_chat_message</msg>
<status status="PASS" starttime="20230711 11:38:53.711" endtime="20230711 11:38:54.669"/>
</kw>
<kw name="Wait Until Element Is Visible" library="AppiumLibrary">
<arg>id=ib_chat_message_send</arg>
<doc>Waits until element specified with `locator` is visible.</doc>
<msg timestamp="20230711 11:38:55.565" level="INFO">criteria is ib_chat_message_send</msg>
<status status="PASS" starttime="20230711 11:38:54.669" endtime="20230711 11:38:55.566"/>
</kw>
<kw name="Click Element" library="AppiumLibrary">
<arg>id=ib_chat_message_send</arg>
<doc>Click element identified by `locator`.</doc>
<msg timestamp="20230711 11:38:55.567" level="INFO">Clicking element 'id=ib_chat_message_send'.</msg>
<msg timestamp="20230711 11:38:55.628" level="INFO">criteria is ib_chat_message_send</msg>
<status status="PASS" starttime="20230711 11:38:55.566" endtime="20230711 11:38:55.628"/>
</kw>
<status status="PASS" starttime="20230711 11:38:49.293" endtime="20230711 11:38:55.629"/>
</kw>
<kw name="Close App" library="Base" type="TEARDOWN">
<kw name="Close Application" library="AppiumLibrary">
<doc>Closes the current application and also close webdriver session.</doc>
<status status="PASS" starttime="20230711 11:38:55.629" endtime="20230711 11:38:56.029"/>
</kw>
<status status="PASS" starttime="20230711 11:38:55.629" endtime="20230711 11:38:56.029"/>
</kw>
<tag>firststep</tag>
<status status="PASS" starttime="20230711 11:38:34.762" endtime="20230711 11:38:56.030"/>
</test>
<status status="PASS" starttime="20230711 11:38:34.753" endtime="20230711 11:38:56.030"/>
</suite>
<status status="PASS" starttime="20230711 11:38:34.537" endtime="20230711 11:38:56.033"/>
</suite>
<statistics>
<total>
<stat pass="1" fail="0" skip="0">All Tests</stat>
</total>
<tag>
<stat pass="1" fail="0" skip="0">firststep</stat>
</tag>
<suite>
<stat pass="1" fail="0" skip="0" id="s1" name="Tests">Tests</stat>
<stat pass="1" fail="0" skip="0" id="s1-s1" name="HomeTest">Tests.HomeTest</stat>
</suite>
</statistics>
<errors>
</errors>
</robot>
