<?xml version="1.0" encoding="UTF-8"?>
<robot generator="Robot 6.0.2 (Python 3.11.4 on win32)" generated="20230713 13:55:57.311" rpa="false" schemaversion="3">
<suite id="s1" name="Tests" source="C:\Users\monsh\PycharmProjects\Occazio\Tests">
<suite id="s1-s1" name="HomeTest" source="C:\Users\monsh\PycharmProjects\Occazio\Tests\HomeTest.robot">
<test id="s1-s1-t1" name="Demarrage" line="8">
<kw name="Run Keywords" library="BuiltIn" type="SETUP">
<arg>Base.Start Appium</arg>
<arg>AND</arg>
<arg>Base.Occasio app</arg>
<doc>Executes all the given keywords in a sequence.</doc>
<kw name="Start Appium" library="Base">
<kw name="Set Variable" library="BuiltIn">
<var>${command}</var>
<arg>${APPIUM_COMMAND}</arg>
<doc>Returns the given values which can then be assigned to a variables.</doc>
<msg timestamp="20230713 13:55:57.907" level="INFO">${command} = appium -p 4723</msg>
<status status="PASS" starttime="20230713 13:55:57.907" endtime="20230713 13:55:57.907"/>
</kw>
<kw name="Run And Return Rc" library="OperatingSystem">
<arg>${command}</arg>
<doc>Runs the given command in the system and returns the return code.</doc>
<msg timestamp="20230713 13:55:57.919" level="INFO">Running command 'appium -p 4723 2&gt;&amp;1'.</msg>
<status status="PASS" starttime="20230713 13:55:57.909" endtime="20230713 13:55:59.787"/>
</kw>
<kw name="Log To Console" library="BuiltIn">
<arg>${command}</arg>
<doc>Logs the given message to the console.</doc>
<status status="PASS" starttime="20230713 13:55:59.789" endtime="20230713 13:55:59.790"/>
</kw>
<status status="PASS" starttime="20230713 13:55:57.906" endtime="20230713 13:55:59.791"/>
</kw>
<kw name="Occasio app" library="Base">
<kw name="Open Application" library="AppiumLibrary">
<arg>${Hub}</arg>
<arg>automationName=${ANDROID_AUTOMATION_NAME}</arg>
<arg>platformName=${ANDROID_PLATFORM_NAME}</arg>
<arg>platformVersion=${ANDROID_PLATFORM_VERSION}</arg>
<arg>app=${ANDROID_APP}</arg>
<doc>Opens a new application to given Appium server.
Capabilities of appium server, Android and iOS,
Please check https://github.com/appium/appium/blob/master/docs/en/writing-running-appium/server-args.md
| *Option*            | *Man.* | *Description*     |
| remote_url          | Yes    | Appium server url |
| alias               | no     | alias             |
| strict_ssl          | No     | allows you to send commands to an invalid certificate host like a self-signed one. |</doc>
<status status="PASS" starttime="20230713 13:55:59.791" endtime="20230713 13:56:07.729"/>
</kw>
<status status="PASS" starttime="20230713 13:55:59.791" endtime="20230713 13:56:07.729"/>
</kw>
<status status="PASS" starttime="20230713 13:55:57.905" endtime="20230713 13:56:07.730"/>
</kw>
<kw name="Unboarding" library="Navigate">
<kw name="Wait Until Element Is Visible" library="AppiumLibrary">
<arg>id=bt_start_showcase</arg>
<arg>30s</arg>
<doc>Waits until element specified with `locator` is visible.</doc>
<msg timestamp="20230713 13:56:10.846" level="INFO">criteria is bt_start_showcase
criteria is bt_start_showcase
criteria is bt_start_showcase
criteria is bt_start_showcase
criteria is bt_start_showcase
criteria is bt_start_showcase
criteria is bt_start_showcase
criteria is bt_start_showcase
criteria is bt_start_showcase</msg>
<status status="PASS" starttime="20230713 13:56:07.732" endtime="20230713 13:56:10.847"/>
</kw>
<kw name="Click Element" library="AppiumLibrary">
<arg>id=bt_start_showcase</arg>
<doc>Click element identified by `locator`.</doc>
<msg timestamp="20230713 13:56:10.852" level="INFO">Clicking element 'id=bt_start_showcase'.</msg>
<msg timestamp="20230713 13:56:10.956" level="INFO">criteria is bt_start_showcase</msg>
<status status="PASS" starttime="20230713 13:56:10.848" endtime="20230713 13:56:10.956"/>
</kw>
<kw name="Wait Until Element Is Visible" library="AppiumLibrary">
<arg>id=indicator_showcase</arg>
<doc>Waits until element specified with `locator` is visible.</doc>
<msg timestamp="20230713 13:56:12.012" level="INFO">criteria is indicator_showcase
criteria is indicator_showcase</msg>
<status status="PASS" starttime="20230713 13:56:10.958" endtime="20230713 13:56:12.012"/>
</kw>
<kw name="Run Keyword And Return Status" library="BuiltIn">
<var>${buttons}</var>
<arg>Page Should Not Contain Element</arg>
<arg>id=bt_stop_showcase</arg>
<doc>Runs the given keyword with given arguments and returns the status as a Boolean value.</doc>
<kw name="Page Should Not Contain Element" library="AppiumLibrary">
<arg>id=bt_stop_showcase</arg>
<doc>Verifies that current page not contains `locator` element.</doc>
<msg timestamp="20230713 13:56:12.044" level="INFO">Current page not contains element 'id=bt_stop_showcase'.</msg>
<msg timestamp="20230713 13:56:12.044" level="INFO">criteria is bt_stop_showcase</msg>
<status status="PASS" starttime="20230713 13:56:12.014" endtime="20230713 13:56:12.044"/>
</kw>
<msg timestamp="20230713 13:56:12.045" level="INFO">${buttons} = True</msg>
<status status="PASS" starttime="20230713 13:56:12.014" endtime="20230713 13:56:12.045"/>
</kw>
<for flavor="IN RANGE">
<var>${index}</var>
<value>4</value>
<iter>
<var name="${index}">0</var>
<kw name="Run Keyword If" library="BuiltIn">
<arg>${buttons}</arg>
<arg>Swipe By Percent</arg>
<arg>90</arg>
<arg>50</arg>
<arg>10</arg>
<arg>50</arg>
<arg>200</arg>
<arg>ELSE</arg>
<arg>Exit For Loop</arg>
<doc>Runs the given keyword with the given arguments, if ``condition`` is true.</doc>
<kw name="Swipe By Percent" library="AppiumLibrary">
<arg>90</arg>
<arg>50</arg>
<arg>10</arg>
<arg>50</arg>
<arg>200</arg>
<doc>Swipe from one percent of the screen to another percent, for an optional duration.
Normal swipe fails to scale for different screen resolutions, this can be avoided using percent.</doc>
<status status="PASS" starttime="20230713 13:56:12.048" endtime="20230713 13:56:12.724"/>
</kw>
<status status="PASS" starttime="20230713 13:56:12.048" endtime="20230713 13:56:12.725"/>
</kw>
<status status="PASS" starttime="20230713 13:56:12.047" endtime="20230713 13:56:12.725"/>
</iter>
<iter>
<var name="${index}">1</var>
<kw name="Run Keyword If" library="BuiltIn">
<arg>${buttons}</arg>
<arg>Swipe By Percent</arg>
<arg>90</arg>
<arg>50</arg>
<arg>10</arg>
<arg>50</arg>
<arg>200</arg>
<arg>ELSE</arg>
<arg>Exit For Loop</arg>
<doc>Runs the given keyword with the given arguments, if ``condition`` is true.</doc>
<kw name="Swipe By Percent" library="AppiumLibrary">
<arg>90</arg>
<arg>50</arg>
<arg>10</arg>
<arg>50</arg>
<arg>200</arg>
<doc>Swipe from one percent of the screen to another percent, for an optional duration.
Normal swipe fails to scale for different screen resolutions, this can be avoided using percent.</doc>
<status status="PASS" starttime="20230713 13:56:12.727" endtime="20230713 13:56:13.491"/>
</kw>
<status status="PASS" starttime="20230713 13:56:12.726" endtime="20230713 13:56:13.492"/>
</kw>
<status status="PASS" starttime="20230713 13:56:12.726" endtime="20230713 13:56:13.492"/>
</iter>
<iter>
<var name="${index}">2</var>
<kw name="Run Keyword If" library="BuiltIn">
<arg>${buttons}</arg>
<arg>Swipe By Percent</arg>
<arg>90</arg>
<arg>50</arg>
<arg>10</arg>
<arg>50</arg>
<arg>200</arg>
<arg>ELSE</arg>
<arg>Exit For Loop</arg>
<doc>Runs the given keyword with the given arguments, if ``condition`` is true.</doc>
<kw name="Swipe By Percent" library="AppiumLibrary">
<arg>90</arg>
<arg>50</arg>
<arg>10</arg>
<arg>50</arg>
<arg>200</arg>
<doc>Swipe from one percent of the screen to another percent, for an optional duration.
Normal swipe fails to scale for different screen resolutions, this can be avoided using percent.</doc>
<status status="PASS" starttime="20230713 13:56:13.494" endtime="20230713 13:56:14.140"/>
</kw>
<status status="PASS" starttime="20230713 13:56:13.494" endtime="20230713 13:56:14.141"/>
</kw>
<status status="PASS" starttime="20230713 13:56:13.493" endtime="20230713 13:56:14.141"/>
</iter>
<iter>
<var name="${index}">3</var>
<kw name="Run Keyword If" library="BuiltIn">
<arg>${buttons}</arg>
<arg>Swipe By Percent</arg>
<arg>90</arg>
<arg>50</arg>
<arg>10</arg>
<arg>50</arg>
<arg>200</arg>
<arg>ELSE</arg>
<arg>Exit For Loop</arg>
<doc>Runs the given keyword with the given arguments, if ``condition`` is true.</doc>
<kw name="Swipe By Percent" library="AppiumLibrary">
<arg>90</arg>
<arg>50</arg>
<arg>10</arg>
<arg>50</arg>
<arg>200</arg>
<doc>Swipe from one percent of the screen to another percent, for an optional duration.
Normal swipe fails to scale for different screen resolutions, this can be avoided using percent.</doc>
<status status="PASS" starttime="20230713 13:56:14.143" endtime="20230713 13:56:14.787"/>
</kw>
<status status="PASS" starttime="20230713 13:56:14.143" endtime="20230713 13:56:14.787"/>
</kw>
<status status="PASS" starttime="20230713 13:56:14.141" endtime="20230713 13:56:14.788"/>
</iter>
<status status="PASS" starttime="20230713 13:56:12.047" endtime="20230713 13:56:14.788"/>
</for>
<kw name="Click Element" library="AppiumLibrary">
<arg>id=v_seekbar_overlay</arg>
<doc>Click element identified by `locator`.</doc>
<msg timestamp="20230713 13:56:14.791" level="INFO">Clicking element 'id=v_seekbar_overlay'.</msg>
<msg timestamp="20230713 13:56:16.249" level="INFO">criteria is v_seekbar_overlay</msg>
<status status="PASS" starttime="20230713 13:56:14.789" endtime="20230713 13:56:16.250"/>
</kw>
<kw name="Click Element" library="AppiumLibrary">
<arg>id=bt_stop_showcase</arg>
<doc>Click element identified by `locator`.</doc>
<msg timestamp="20230713 13:56:16.256" level="INFO">Clicking element 'id=bt_stop_showcase'.</msg>
<msg timestamp="20230713 13:56:16.406" level="INFO">criteria is bt_stop_showcase</msg>
<status status="PASS" starttime="20230713 13:56:16.253" endtime="20230713 13:56:16.407"/>
</kw>
<kw name="Wait Until Element Is Visible" library="AppiumLibrary">
<arg>id=tv_why_user_title</arg>
<doc>Waits until element specified with `locator` is visible.</doc>
<msg timestamp="20230713 13:56:17.449" level="INFO">criteria is tv_why_user_title
criteria is tv_why_user_title</msg>
<status status="PASS" starttime="20230713 13:56:16.408" endtime="20230713 13:56:17.449"/>
</kw>
<kw name="Wait Until Element Is Visible" library="AppiumLibrary">
<arg>id=v_click_why_other</arg>
<doc>Waits until element specified with `locator` is visible.</doc>
<msg timestamp="20230713 13:56:17.534" level="INFO">criteria is v_click_why_other</msg>
<status status="PASS" starttime="20230713 13:56:17.450" endtime="20230713 13:56:17.534"/>
</kw>
<kw name="Click Element" library="AppiumLibrary">
<arg>id=v_click_why_other</arg>
<doc>Click element identified by `locator`.</doc>
<msg timestamp="20230713 13:56:17.540" level="INFO">Clicking element 'id=v_click_why_other'.</msg>
<msg timestamp="20230713 13:56:17.659" level="INFO">criteria is v_click_why_other</msg>
<status status="PASS" starttime="20230713 13:56:17.536" endtime="20230713 13:56:17.659"/>
</kw>
<status status="PASS" starttime="20230713 13:56:07.731" endtime="20230713 13:56:17.660"/>
</kw>
<kw name="Send Message" library="Messagerie">
<arg>${message}</arg>
<kw name="Inscription" library="Messagerie">
<arg>${Username}</arg>
<kw name="Wait Until Element Is Visible" library="AppiumLibrary">
<arg>id=mailbox</arg>
<doc>Waits until element specified with `locator` is visible.</doc>
<msg timestamp="20230713 13:56:18.405" level="INFO">criteria is mailbox</msg>
<status status="PASS" starttime="20230713 13:56:17.664" endtime="20230713 13:56:18.405"/>
</kw>
<kw name="Click Element" library="AppiumLibrary">
<arg>id=mailbox</arg>
<doc>Click element identified by `locator`.</doc>
<msg timestamp="20230713 13:56:18.410" level="INFO">Clicking element 'id=mailbox'.</msg>
<msg timestamp="20230713 13:56:18.583" level="INFO">criteria is mailbox</msg>
<status status="PASS" starttime="20230713 13:56:18.408" endtime="20230713 13:56:18.583"/>
</kw>
<kw name="Wait Until Element Is Visible" library="AppiumLibrary">
<arg>id=cl_conv_occazio_content</arg>
<doc>Waits until element specified with `locator` is visible.</doc>
<msg timestamp="20230713 13:56:19.765" level="INFO">criteria is cl_conv_occazio_content
criteria is cl_conv_occazio_content</msg>
<status status="PASS" starttime="20230713 13:56:18.586" endtime="20230713 13:56:19.766"/>
</kw>
<kw name="Click Element" library="AppiumLibrary">
<arg>id=cl_conv_occazio_content</arg>
<doc>Click element identified by `locator`.</doc>
<msg timestamp="20230713 13:56:19.771" level="INFO">Clicking element 'id=cl_conv_occazio_content'.</msg>
<msg timestamp="20230713 13:56:19.865" level="INFO">criteria is cl_conv_occazio_content</msg>
<status status="PASS" starttime="20230713 13:56:19.767" endtime="20230713 13:56:19.865"/>
</kw>
<kw name="Wait Until Element Is Visible" library="AppiumLibrary">
<arg>id=bt_user_name_valid</arg>
<doc>Waits until element specified with `locator` is visible.</doc>
<kw name="Capture Page Screenshot" library="AppiumLibrary">
<doc>Takes a screenshot of the current page and embeds it into the log.</doc>
<status status="FAIL" starttime="20230713 13:56:20.875" endtime="20230713 13:56:20.875"/>
</kw>
<msg timestamp="20230713 13:56:20.877" level="WARN">Keyword 'Capture Page Screenshot' could not be run on failure: Execution terminated by signal</msg>
<msg timestamp="20230713 13:56:20.879" level="INFO">criteria is bt_user_name_valid</msg>
<status status="FAIL" starttime="20230713 13:56:19.874" endtime="20230713 13:56:20.879"/>
</kw>
<kw name="Click Element" library="AppiumLibrary">
<arg>id=bt_user_name_valid</arg>
<doc>Click element identified by `locator`.</doc>
<status status="NOT RUN" starttime="20230713 13:56:20.881" endtime="20230713 13:56:20.881"/>
</kw>
<kw name="Wait Until Element Is Visible" library="AppiumLibrary">
<arg>id=et_user_name</arg>
<doc>Waits until element specified with `locator` is visible.</doc>
<status status="NOT RUN" starttime="20230713 13:56:20.882" endtime="20230713 13:56:20.882"/>
</kw>
<kw name="Input Text" library="AppiumLibrary">
<arg>id=et_user_name</arg>
<arg>${Username}</arg>
<doc>Types the given `text` into text field identified by `locator`.</doc>
<status status="NOT RUN" starttime="20230713 13:56:20.883" endtime="20230713 13:56:20.883"/>
</kw>
<kw name="Click Element" library="AppiumLibrary">
<arg>id=bt_user_name_valid</arg>
<doc>Click element identified by `locator`.</doc>
<status status="NOT RUN" starttime="20230713 13:56:20.884" endtime="20230713 13:56:20.884"/>
</kw>
<kw name="Wait Until Element Is Visible" library="AppiumLibrary">
<arg>id=cl_see_faq</arg>
<doc>Waits until element specified with `locator` is visible.</doc>
<status status="NOT RUN" starttime="20230713 13:56:20.884" endtime="20230713 13:56:20.884"/>
</kw>
<status status="FAIL" starttime="20230713 13:56:17.663" endtime="20230713 13:56:20.885"/>
</kw>
<kw name="Wait Until Element Is Visible" library="AppiumLibrary">
<arg>id=cl_chat_send_message</arg>
<doc>Waits until element specified with `locator` is visible.</doc>
<status status="NOT RUN" starttime="20230713 13:56:20.885" endtime="20230713 13:56:20.885"/>
</kw>
<kw name="Wait Until Element Is Visible" library="AppiumLibrary">
<arg>id=ib_chat_message_send</arg>
<doc>Waits until element specified with `locator` is visible.</doc>
<status status="NOT RUN" starttime="20230713 13:56:20.886" endtime="20230713 13:56:20.887"/>
</kw>
<kw name="Click Element" library="AppiumLibrary">
<arg>id=et_chat_message</arg>
<doc>Click element identified by `locator`.</doc>
<status status="NOT RUN" starttime="20230713 13:56:20.887" endtime="20230713 13:56:20.887"/>
</kw>
<kw name="Input Text" library="AppiumLibrary">
<arg>id=et_chat_message</arg>
<arg>${message}</arg>
<doc>Types the given `text` into text field identified by `locator`.</doc>
<status status="NOT RUN" starttime="20230713 13:56:20.888" endtime="20230713 13:56:20.888"/>
</kw>
<kw name="Wait Until Element Is Visible" library="AppiumLibrary">
<arg>id=ib_chat_message_send</arg>
<doc>Waits until element specified with `locator` is visible.</doc>
<status status="NOT RUN" starttime="20230713 13:56:20.888" endtime="20230713 13:56:20.888"/>
</kw>
<kw name="Click Element" library="AppiumLibrary">
<arg>id=ib_chat_message_send</arg>
<doc>Click element identified by `locator`.</doc>
<status status="NOT RUN" starttime="20230713 13:56:20.889" endtime="20230713 13:56:20.889"/>
</kw>
<status status="FAIL" starttime="20230713 13:56:17.661" endtime="20230713 13:56:20.890"/>
</kw>
<kw name="Close App" library="Base" type="TEARDOWN">
<kw name="Close Application" library="AppiumLibrary">
<doc>Closes the current application and also close webdriver session.</doc>
<status status="PASS" starttime="20230713 13:56:20.891" endtime="20230713 13:56:21.311"/>
</kw>
<status status="PASS" starttime="20230713 13:56:20.890" endtime="20230713 13:56:21.311"/>
</kw>
<tag>firststep</tag>
<status status="FAIL" starttime="20230713 13:55:57.905" endtime="20230713 13:56:21.312">Execution terminated by signal</status>
</test>
<status status="FAIL" starttime="20230713 13:55:57.881" endtime="20230713 13:56:21.320"/>
</suite>
<status status="FAIL" starttime="20230713 13:55:57.456" endtime="20230713 13:56:21.330"/>
</suite>
<statistics>
<total>
<stat pass="0" fail="1" skip="0">All Tests</stat>
</total>
<tag>
<stat pass="0" fail="1" skip="0">firststep</stat>
</tag>
<suite>
<stat pass="0" fail="1" skip="0" id="s1" name="Tests">Tests</stat>
<stat pass="0" fail="1" skip="0" id="s1-s1" name="HomeTest">Tests.HomeTest</stat>
</suite>
</statistics>
<errors>
<msg timestamp="20230713 13:56:20.877" level="WARN">Keyword 'Capture Page Screenshot' could not be run on failure: Execution terminated by signal</msg>
</errors>
</robot>
