<?xml version="1.0" encoding="UTF-8"?>
<robot generator="Robot 6.0.2 (Python 3.11.4 on win32)" generated="20230705 10:36:45.919" rpa="false" schemaversion="3">
<suite id="s1" name="Tests" source="C:\Users\monsh\PycharmProjects\Occazio\Tests">
<suite id="s1-s1" name="HomeTest" source="C:\Users\monsh\PycharmProjects\Occazio\Tests\HomeTest.robot">
<test id="s1-s1-t1" name="Demarrage" line="8">
<kw name="Run Keywords" library="BuiltIn" type="SETUP">
<arg>Base.Start Appium</arg>
<arg>AND</arg>
<arg>Base.Occasio app</arg>
<doc>Executes all the given keywords in a sequence.</doc>
<kw name="Start Appium" library="Base">
<kw name="Set Variable" library="BuiltIn">
<var>${command}</var>
<arg>${APPIUM_COMMAND}</arg>
<doc>Returns the given values which can then be assigned to a variables.</doc>
<msg timestamp="20230705 10:36:46.131" level="INFO">${command} = appium -p 4723</msg>
<status status="PASS" starttime="20230705 10:36:46.131" endtime="20230705 10:36:46.131"/>
</kw>
<kw name="Run And Return Rc" library="OperatingSystem">
<arg>${command}</arg>
<doc>Runs the given command in the system and returns the return code.</doc>
<msg timestamp="20230705 10:36:46.137" level="INFO">Running command 'appium -p 4723 2&gt;&amp;1'.</msg>
<status status="PASS" starttime="20230705 10:36:46.131" endtime="20230705 10:36:47.203"/>
</kw>
<kw name="Log To Console" library="BuiltIn">
<arg>${command}</arg>
<doc>Logs the given message to the console.</doc>
<status status="PASS" starttime="20230705 10:36:47.203" endtime="20230705 10:36:47.204"/>
</kw>
<status status="PASS" starttime="20230705 10:36:46.131" endtime="20230705 10:36:47.204"/>
</kw>
<kw name="Occasio app" library="Base">
<kw name="Open Application" library="AppiumLibrary">
<arg>${Hub}</arg>
<arg>automationName=${ANDROID_AUTOMATION_NAME}</arg>
<arg>platformName=${ANDROID_PLATFORM_NAME}</arg>
<arg>platformVersion=${ANDROID_PLATFORM_VERSION}</arg>
<arg>app=${ANDROID_APP}</arg>
<doc>Opens a new application to given Appium server.
Capabilities of appium server, Android and iOS,
Please check https://github.com/appium/appium/blob/master/docs/en/writing-running-appium/server-args.md
| *Option*            | *Man.* | *Description*     |
| remote_url          | Yes    | Appium server url |
| alias               | no     | alias             |
| strict_ssl          | No     | allows you to send commands to an invalid certificate host like a self-signed one. |</doc>
<status status="PASS" starttime="20230705 10:36:47.204" endtime="20230705 10:36:51.838"/>
</kw>
<status status="PASS" starttime="20230705 10:36:47.204" endtime="20230705 10:36:51.838"/>
</kw>
<status status="PASS" starttime="20230705 10:36:46.131" endtime="20230705 10:36:51.838"/>
</kw>
<kw name="Unboarding" library="Navigate">
<kw name="Wait Until Element Is Visible" library="AppiumLibrary">
<arg>id=bt_start_showcase</arg>
<arg>15s</arg>
<doc>Waits until element specified with `locator` is visible.</doc>
<msg timestamp="20230705 10:36:56.307" level="INFO">criteria is bt_start_showcase
criteria is bt_start_showcase
criteria is bt_start_showcase
criteria is bt_start_showcase
criteria is bt_start_showcase
criteria is bt_start_showcase
criteria is bt_start_showcase
criteria is bt_start_showcase
criteria is bt_start_showcase
criteria is bt_start_showcase
criteria is bt_start_showcase
criteria is bt_start_showcase
criteria is bt_start_showcase
criteria is bt_start_showcase
criteria is bt_start_showcase
criteria is bt_start_showcase</msg>
<status status="PASS" starttime="20230705 10:36:51.839" endtime="20230705 10:36:56.307"/>
</kw>
<kw name="Click Element" library="AppiumLibrary">
<arg>id=bt_start_showcase</arg>
<doc>Click element identified by `locator`.</doc>
<msg timestamp="20230705 10:36:56.308" level="INFO">Clicking element 'id=bt_start_showcase'.</msg>
<msg timestamp="20230705 10:36:56.356" level="INFO">criteria is bt_start_showcase</msg>
<status status="PASS" starttime="20230705 10:36:56.307" endtime="20230705 10:36:56.356"/>
</kw>
<kw name="Wait Until Element Is Visible" library="AppiumLibrary">
<arg>id=indicator_showcase</arg>
<doc>Waits until element specified with `locator` is visible.</doc>
<msg timestamp="20230705 10:36:57.043" level="INFO">criteria is indicator_showcase</msg>
<status status="PASS" starttime="20230705 10:36:56.357" endtime="20230705 10:36:57.043"/>
</kw>
<kw name="Run Keyword And Return Status" library="BuiltIn">
<var>${buttons}</var>
<arg>Page Should Not Contain Element</arg>
<arg>id=bt_stop_showcase</arg>
<doc>Runs the given keyword with given arguments and returns the status as a Boolean value.</doc>
<kw name="Page Should Not Contain Element" library="AppiumLibrary">
<arg>id=bt_stop_showcase</arg>
<doc>Verifies that current page not contains `locator` element.</doc>
<msg timestamp="20230705 10:36:57.057" level="INFO">Current page not contains element 'id=bt_stop_showcase'.</msg>
<msg timestamp="20230705 10:36:57.057" level="INFO">criteria is bt_stop_showcase</msg>
<status status="PASS" starttime="20230705 10:36:57.043" endtime="20230705 10:36:57.057"/>
</kw>
<msg timestamp="20230705 10:36:57.057" level="INFO">${buttons} = True</msg>
<status status="PASS" starttime="20230705 10:36:57.043" endtime="20230705 10:36:57.057"/>
</kw>
<for flavor="IN RANGE">
<var>${index}</var>
<value>4</value>
<iter>
<var name="${index}">0</var>
<kw name="Run Keyword If" library="BuiltIn">
<arg>${buttons}</arg>
<arg>Swipe By Percent</arg>
<arg>90</arg>
<arg>50</arg>
<arg>10</arg>
<arg>50</arg>
<arg>200</arg>
<arg>ELSE</arg>
<arg>Exit For Loop</arg>
<doc>Runs the given keyword with the given arguments, if ``condition`` is true.</doc>
<kw name="Swipe By Percent" library="AppiumLibrary">
<arg>90</arg>
<arg>50</arg>
<arg>10</arg>
<arg>50</arg>
<arg>200</arg>
<doc>Swipe from one percent of the screen to another percent, for an optional duration.
Normal swipe fails to scale for different screen resolutions, this can be avoided using percent.</doc>
<status status="PASS" starttime="20230705 10:36:57.058" endtime="20230705 10:36:57.571"/>
</kw>
<status status="PASS" starttime="20230705 10:36:57.058" endtime="20230705 10:36:57.571"/>
</kw>
<status status="PASS" starttime="20230705 10:36:57.057" endtime="20230705 10:36:57.571"/>
</iter>
<iter>
<var name="${index}">1</var>
<kw name="Run Keyword If" library="BuiltIn">
<arg>${buttons}</arg>
<arg>Swipe By Percent</arg>
<arg>90</arg>
<arg>50</arg>
<arg>10</arg>
<arg>50</arg>
<arg>200</arg>
<arg>ELSE</arg>
<arg>Exit For Loop</arg>
<doc>Runs the given keyword with the given arguments, if ``condition`` is true.</doc>
<kw name="Swipe By Percent" library="AppiumLibrary">
<arg>90</arg>
<arg>50</arg>
<arg>10</arg>
<arg>50</arg>
<arg>200</arg>
<doc>Swipe from one percent of the screen to another percent, for an optional duration.
Normal swipe fails to scale for different screen resolutions, this can be avoided using percent.</doc>
<status status="PASS" starttime="20230705 10:36:57.572" endtime="20230705 10:36:58.078"/>
</kw>
<status status="PASS" starttime="20230705 10:36:57.572" endtime="20230705 10:36:58.078"/>
</kw>
<status status="PASS" starttime="20230705 10:36:57.571" endtime="20230705 10:36:58.078"/>
</iter>
<iter>
<var name="${index}">2</var>
<kw name="Run Keyword If" library="BuiltIn">
<arg>${buttons}</arg>
<arg>Swipe By Percent</arg>
<arg>90</arg>
<arg>50</arg>
<arg>10</arg>
<arg>50</arg>
<arg>200</arg>
<arg>ELSE</arg>
<arg>Exit For Loop</arg>
<doc>Runs the given keyword with the given arguments, if ``condition`` is true.</doc>
<kw name="Swipe By Percent" library="AppiumLibrary">
<arg>90</arg>
<arg>50</arg>
<arg>10</arg>
<arg>50</arg>
<arg>200</arg>
<doc>Swipe from one percent of the screen to another percent, for an optional duration.
Normal swipe fails to scale for different screen resolutions, this can be avoided using percent.</doc>
<status status="PASS" starttime="20230705 10:36:58.078" endtime="20230705 10:36:58.590"/>
</kw>
<status status="PASS" starttime="20230705 10:36:58.078" endtime="20230705 10:36:58.590"/>
</kw>
<status status="PASS" starttime="20230705 10:36:58.078" endtime="20230705 10:36:58.590"/>
</iter>
<iter>
<var name="${index}">3</var>
<kw name="Run Keyword If" library="BuiltIn">
<arg>${buttons}</arg>
<arg>Swipe By Percent</arg>
<arg>90</arg>
<arg>50</arg>
<arg>10</arg>
<arg>50</arg>
<arg>200</arg>
<arg>ELSE</arg>
<arg>Exit For Loop</arg>
<doc>Runs the given keyword with the given arguments, if ``condition`` is true.</doc>
<kw name="Swipe By Percent" library="AppiumLibrary">
<arg>90</arg>
<arg>50</arg>
<arg>10</arg>
<arg>50</arg>
<arg>200</arg>
<doc>Swipe from one percent of the screen to another percent, for an optional duration.
Normal swipe fails to scale for different screen resolutions, this can be avoided using percent.</doc>
<status status="PASS" starttime="20230705 10:36:58.590" endtime="20230705 10:36:59.107"/>
</kw>
<status status="PASS" starttime="20230705 10:36:58.590" endtime="20230705 10:36:59.107"/>
</kw>
<status status="PASS" starttime="20230705 10:36:58.590" endtime="20230705 10:36:59.107"/>
</iter>
<status status="PASS" starttime="20230705 10:36:57.057" endtime="20230705 10:36:59.107"/>
</for>
<kw name="Click Element" library="AppiumLibrary">
<arg>id=v_seekbar_overlay</arg>
<doc>Click element identified by `locator`.</doc>
<msg timestamp="20230705 10:36:59.108" level="INFO">Clicking element 'id=v_seekbar_overlay'.</msg>
<msg timestamp="20230705 10:37:00.599" level="INFO">criteria is v_seekbar_overlay</msg>
<status status="PASS" starttime="20230705 10:36:59.107" endtime="20230705 10:37:00.599"/>
</kw>
<kw name="Click Element" library="AppiumLibrary">
<arg>id=bt_stop_showcase</arg>
<doc>Click element identified by `locator`.</doc>
<msg timestamp="20230705 10:37:00.599" level="INFO">Clicking element 'id=bt_stop_showcase'.</msg>
<msg timestamp="20230705 10:37:00.655" level="INFO">criteria is bt_stop_showcase</msg>
<status status="PASS" starttime="20230705 10:37:00.599" endtime="20230705 10:37:00.655"/>
</kw>
<kw name="Wait Until Element Is Visible" library="AppiumLibrary">
<arg>id=tv_why_user_title</arg>
<doc>Waits until element specified with `locator` is visible.</doc>
<msg timestamp="20230705 10:37:01.425" level="INFO">criteria is tv_why_user_title
criteria is tv_why_user_title</msg>
<status status="PASS" starttime="20230705 10:37:00.655" endtime="20230705 10:37:01.425"/>
</kw>
<kw name="Wait Until Element Is Visible" library="AppiumLibrary">
<arg>id=v_click_why_other</arg>
<doc>Waits until element specified with `locator` is visible.</doc>
<msg timestamp="20230705 10:37:01.491" level="INFO">criteria is v_click_why_other</msg>
<status status="PASS" starttime="20230705 10:37:01.425" endtime="20230705 10:37:01.492"/>
</kw>
<kw name="Click Element" library="AppiumLibrary">
<arg>id=v_click_why_other</arg>
<doc>Click element identified by `locator`.</doc>
<msg timestamp="20230705 10:37:01.493" level="INFO">Clicking element 'id=v_click_why_other'.</msg>
<msg timestamp="20230705 10:37:01.609" level="INFO">criteria is v_click_why_other</msg>
<status status="PASS" starttime="20230705 10:37:01.492" endtime="20230705 10:37:01.609"/>
</kw>
<status status="PASS" starttime="20230705 10:36:51.839" endtime="20230705 10:37:01.609"/>
</kw>
<kw name="Send Message" library="Messagerie">
<arg>${message}</arg>
<kw name="Inscription" library="Messagerie">
<arg>${Username}</arg>
<kw name="Wait Until Element Is Visible" library="AppiumLibrary">
<arg>id=mailbox</arg>
<doc>Waits until element specified with `locator` is visible.</doc>
<msg timestamp="20230705 10:37:02.193" level="INFO">criteria is mailbox</msg>
<status status="PASS" starttime="20230705 10:37:01.610" endtime="20230705 10:37:02.193"/>
</kw>
<kw name="Click Element" library="AppiumLibrary">
<arg>id=mailbox</arg>
<doc>Click element identified by `locator`.</doc>
<msg timestamp="20230705 10:37:02.194" level="INFO">Clicking element 'id=mailbox'.</msg>
<msg timestamp="20230705 10:37:02.256" level="INFO">criteria is mailbox</msg>
<status status="PASS" starttime="20230705 10:37:02.193" endtime="20230705 10:37:02.256"/>
</kw>
<kw name="Wait Until Element Is Visible" library="AppiumLibrary">
<arg>id=cl_conv_occazio_content</arg>
<doc>Waits until element specified with `locator` is visible.</doc>
<msg timestamp="20230705 10:37:03.192" level="INFO">criteria is cl_conv_occazio_content
criteria is cl_conv_occazio_content</msg>
<status status="PASS" starttime="20230705 10:37:02.256" endtime="20230705 10:37:03.192"/>
</kw>
<kw name="Click Element" library="AppiumLibrary">
<arg>id=cl_conv_occazio_content</arg>
<doc>Click element identified by `locator`.</doc>
<msg timestamp="20230705 10:37:03.194" level="INFO">Clicking element 'id=cl_conv_occazio_content'.</msg>
<msg timestamp="20230705 10:37:03.238" level="INFO">criteria is cl_conv_occazio_content</msg>
<status status="PASS" starttime="20230705 10:37:03.192" endtime="20230705 10:37:03.239"/>
</kw>
<kw name="Wait Until Element Is Visible" library="AppiumLibrary">
<arg>id=bt_user_name_valid</arg>
<doc>Waits until element specified with `locator` is visible.</doc>
<msg timestamp="20230705 10:37:03.860" level="INFO">criteria is bt_user_name_valid</msg>
<status status="PASS" starttime="20230705 10:37:03.239" endtime="20230705 10:37:03.860"/>
</kw>
<kw name="Click Element" library="AppiumLibrary">
<arg>id=bt_user_name_valid</arg>
<doc>Click element identified by `locator`.</doc>
<msg timestamp="20230705 10:37:03.861" level="INFO">Clicking element 'id=bt_user_name_valid'.</msg>
<msg timestamp="20230705 10:37:03.925" level="INFO">criteria is bt_user_name_valid</msg>
<status status="PASS" starttime="20230705 10:37:03.860" endtime="20230705 10:37:03.925"/>
</kw>
<kw name="Wait Until Element Is Visible" library="AppiumLibrary">
<arg>id=et_user_name</arg>
<doc>Waits until element specified with `locator` is visible.</doc>
<msg timestamp="20230705 10:37:04.561" level="INFO">criteria is et_user_name</msg>
<status status="PASS" starttime="20230705 10:37:03.925" endtime="20230705 10:37:04.561"/>
</kw>
<kw name="Input Text" library="AppiumLibrary">
<arg>id=et_user_name</arg>
<arg>${Username}</arg>
<doc>Types the given `text` into text field identified by `locator`.</doc>
<msg timestamp="20230705 10:37:04.562" level="INFO">Typing text 'mouhamedfsane' into text field 'id=et_user_name'</msg>
<msg timestamp="20230705 10:37:05.130" level="INFO">criteria is et_user_name</msg>
<status status="PASS" starttime="20230705 10:37:04.561" endtime="20230705 10:37:05.130"/>
</kw>
<kw name="Click Element" library="AppiumLibrary">
<arg>id=bt_user_name_valid</arg>
<doc>Click element identified by `locator`.</doc>
<msg timestamp="20230705 10:37:05.131" level="INFO">Clicking element 'id=bt_user_name_valid'.</msg>
<msg timestamp="20230705 10:37:05.675" level="INFO">criteria is bt_user_name_valid</msg>
<status status="PASS" starttime="20230705 10:37:05.131" endtime="20230705 10:37:05.675"/>
</kw>
<kw name="Wait Until Element Is Visible" library="AppiumLibrary">
<arg>id=cl_see_faq</arg>
<doc>Waits until element specified with `locator` is visible.</doc>
<msg timestamp="20230705 10:37:06.226" level="INFO">criteria is cl_see_faq</msg>
<status status="PASS" starttime="20230705 10:37:05.675" endtime="20230705 10:37:06.226"/>
</kw>
<status status="PASS" starttime="20230705 10:37:01.610" endtime="20230705 10:37:06.226"/>
</kw>
<kw name="Wait Until Element Is Visible" library="AppiumLibrary">
<arg>id=cl_chat_send_message</arg>
<doc>Waits until element specified with `locator` is visible.</doc>
<msg timestamp="20230705 10:37:06.246" level="INFO">criteria is cl_chat_send_message</msg>
<status status="PASS" starttime="20230705 10:37:06.227" endtime="20230705 10:37:06.246"/>
</kw>
<kw name="Wait Until Element Is Visible" library="AppiumLibrary">
<arg>id=ib_chat_message_send</arg>
<doc>Waits until element specified with `locator` is visible.</doc>
<msg timestamp="20230705 10:37:06.263" level="INFO">criteria is ib_chat_message_send</msg>
<status status="PASS" starttime="20230705 10:37:06.247" endtime="20230705 10:37:06.263"/>
</kw>
<kw name="Input Text" library="AppiumLibrary">
<arg>id=cl_chat_send_message</arg>
<arg>${message}</arg>
<doc>Types the given `text` into text field identified by `locator`.</doc>
<msg timestamp="20230705 10:37:06.265" level="INFO">Typing text 'This is a test message' into text field 'id=cl_chat_send_message'</msg>
<kw name="Capture Page Screenshot" library="AppiumLibrary">
<doc>Takes a screenshot of the current page and embeds it into the log.</doc>
<msg timestamp="20230705 10:37:06.487" level="INFO" html="true">&lt;/td&gt;&lt;/tr&gt;&lt;tr&gt;&lt;td colspan="3"&gt;&lt;img src="data:image/png;base64, iVBORw0KGgoAAAANSUhEUgAABDgAAAjoCAYAAAA5jhrUAAAAAXNSR0IArs4c6QAAAARzQklUCAgI
CHwIZIgAACAASURBVHic7N13fBR1/sfx9+zsbjY9ISEhJHQIJSBNsNEErJwKYlesiAVExV7uzl5R
TyxnO89yZ++e7WdXbKggRVFAkS49fbNt5vdHJBokIQlbGHw9H497XHZ35vv9TLLLw3nvtxidiw+z
BQAAAAAA4GCuRBcAAAAAAACwowg4AAAAAACA4xFwAAAAAAAAxyPgAAAAAAAAjkfAAQAAAAAAHI+A
AwAAAAAAOB4BBwAAAAAAcDwCDgAAAAAA4HgEHAAAAAAAwPEIOAAAAAAAgOMRcAAAAAAAAMcj4AAA
AAAAAI5HwAEAAAAAAByPgAMAAAAAADgeAQcAAAAAAHA8Ag4AAAAAAOB4BBwAAAAAAMDxCDgAAAAA
AIDjEXAAAAAAAADHI+AAAAAAAACOR8ABAAAAAAAcj4ADAAAAAAA4HgEHAAAAAABwPAIOAAAAAADg
eAQcAAAAAADA8Qg4AAAAAACA4xFwAAAAAAAAxyPgAAAAAAAAjkfAAQAAAAAAHI+AAwAAAAAAOB4B
BwAAAAAAcDwCDgAAAAAA4HgEHAAAAAAAwPEIOAAAAAAAgOMRcAAAAAAAAMcj4AAAAAAAAI5HwAEA
AAAAAByPgAMAAAAAADgeAQcAAAAAAHA8Ag4AAAAAAOB4BBwAAAAAAMDxCDgAAAAAAIDjEXAAAAAA
AADHI+AAAAAAAACOR8ABAAAAAAAcj4ADAAAAAAA4njvRBWDXZhiGvF6PXC4j7n1HIpaCwVDc+20K
wzDUvn0bTTzlMA0Z0k9Fhfm/e02y7dqfI5GIFi9ZoVde/VDPvfCeSksrZG95EQAAAABQx+hcfBh3
S4gJ0zRVWNhaJT07y5ecFNe+bcvS5tIKLfj2R23cWBbXvhtiGIaSkjy6+m9n6JC/DJXX65FhND34
sSxblZXV+sddT+qxx18j6AAAAACA3yHgQEyYpkudOhXq71eerr332i0hNVRV+fXiyx/olumPqarK
n5AatjBNlx66/0oN2ae/DEPNCja2Ztu2bFvq0Xu8IhErilUCAAAAQNOMP3ykCtvmNXrMjLufilM1
tZiigphIS03RQQfs3WC4Ydu2/DUBlZdVKTk5SZmZac1qPxKxVFpaoYhlKTsrXR7PH9/KqanJ2n+/
PfXFFwv0+puftOg6omHwoBL959FrZZrRWfLGMAwZhnTE4aP09LNvR6VNAAAAYFeSmZGm4uL2ymud
rVatMpWRkaby8kpt2lSmdes3a9Gi5Sorr0x0mVHXq2cnfbdwaVz6Gj9ulPYYXNLoMQQc2CWYbpdy
c7MafN3vD+idd2fppVc+UL++xTrlpEOVnp7SpLYjEUs/L1utfz38siqr/DrlxEPUv3/3bR7rNl3K
ycls0TXsKMMwdN01Z+noI/fboREbDblw2gl65rl3ZNu2OnQo0LJla6LeBwAAAOAEvUu6aJ+9+2rP
PfuoZ4+Oap2bvd1z1m/YrIXf/6zPPpunTz6bp2+//TEOlcbOLTdO1arV6+IWcOyMCDiQEJtLK/TY
f17TnG9+0HffLVWHDgU67JDhTTq3orJaL7/yoZ5+9m2lpiYrJyezwYAjUQzD0Ksv3aGePTrGrI/M
zPS6n489+gCtXbtR/3701Zj1BwAAAOxM2hXl64jxozRu7L4qbNu62ee3zs1W6yHZGjakvyRp1er1
evGl9/Xc8+9qxcq10S43pm65carGHz4y7iMmdjYEHIg603QpIz1NqanJDR7j8bjVtm1r/fTTKrVu
naW81ttPWOvOdZtqk5+jnJxMJSV5lZnR8PQWl2kqPT1FKck+VftrmnUdLbUl3OjRvUNM+3G5DPXr
W6w53/ygefMWa8Y/LlQkYumx/7wW034BAACAROrTu6umTD5Ko0cOjmq7hW1ba8rZR2nK2Ufp7Xe/
0D33Pqv5C5ZEtY9Y2BJuxEqvnp10xWWnac89ejf73B9/eKne48+/WKDrb/xXzEaZmNk5Pa6KSct/
UsnJSerYoUCpqcmqrq6RZUVnDdf09BR17FAg03Spqjo+N+otYRiGclpl6cQJY3Tg/nspJcW3zeM8
HrcKC/PUqlWGDvnLMA0fOqDJfXi9HnXs2FatW2ere3EHHfKXoQ2u4eH2mMpplaXNpeVa8uPKuOw8
csN1kzVi+MCYTEv5PcMwtOaXjfpi1gJlZKTpqCNGa9jQAZr56Tf65ZeNMe0bAAAAiLc+vbvqlhun
6pKLTlTnToUx7atL5yIdc/T+6t+/u376aZXWrdsU0/5aautw44tZC/TFrAVR7ePOOy5qUbixLUVF
eercqUgvvPheVNrb2k4xgmPkvrtr7GH7qmOHAh06blrU27/v3svUtk1u3eO/X/uA5sz5IWrtjz98
pMYcNEQlvTorJyez7sY2HIlo+fJf9PXshXrs8deanVIdesgwjT10hPr2LVbW727gN28u17z5S/TE
U2/qnXdnRe06osHtNtWrVyedftrYRo/zej3q36+7+vdr2dSS9PQUHX3kftuvxzTVvbiDJk08XF9/
vVCrVq9vUX9NNXhQiY46YnRM+/i97sUdZBiGfD6vpNpRHU/99wb1HXCsamqCcasDAAAAiKWBA3rq
ztsvUEFB7vYPjqJhQ/qrW5d2Onfabfp69sK49r09sR65scX2FhJtrmiFJduSsICja5ciHTF+tPYf
vYc6dCiQJG3YUBr1fs6ZfLT2G7VHvefS01Kj0nbXLkWafst56tO76zZfd5umOncqVOdOhRp76Ag9
/MgrumX6Y9ttNzMjTXfcNk3Dh217VEN2doaGDxugYUP766VXPtSll9+lcDiyQ9cSLW63qVbZGYku
ox6Xy1B6eoqyszNiGnCYpqn/PHptzEdu/F5eXnbtIqPtC+qec5umXnv5Hxp94OS4jFgBAAAAYun0
08bqogtOjNquhM1VUJCrJ/9zvW6Z/qgeevjlhNSwtXiFG04T14AjNTVZ48eN1EEH7q0BA3rIbZox
7a97cYftjiRoqa5d2+mxf1+t/LxW9Z4vL6/S5s3l8no9ystrVfch9HjcOuP0w5WelqK/XnVfg+0m
JXn10ANXakD/HvWer6ryq7y8StnZGXXf1huGoXGHjVCyL0mTp94c5StsmUjEUmnZzrfdkhWxYroN
lGEYeuiBK+P+j25ysk+GYWjwoPqpaocOBWrfvg07qwAAAMCxkpK8uvWmqRpz8JBElyLTdOmyS07R
bn266aJLZygQSNxoacKNhsUl4Bg6pJ/GjxulYUP7N7hWQiz87crTG13ockdMv/nceuHG17MX6p5/
PqsPP5pd91y7onydfdaROnL8qLpv9Y895gB9+tk8vfHWp9tsd9p5x9cLN5av+EV3znhS/3t9psLh
iNLTUzTh+IN1xumHKy2tdlvVAw/YS5MmjtMDD70Yi0ttlmAwpBUrfpFl2XK54jeSYXtqaoJasSJ2
KyEnJXk0ZO9+MWu/IcFgSJLUq1enes8bhqGXnpuuAYNPYBQHAAAAHCcrK12PPnyVepd0SXQp9Yw5
eIhyc7M1eerN2ry5PO79E240Li4BxyUXnbzN7TJXrlont2mqTZucqPd58omHxGxuz4TjD643LeXD
j2Zr0lnX/2GayIqVa3XZFXdr06YynTlpvKTaG89TTzl0mwFHUWGeTjjuoLrHK1et04kn/73eFkUV
FdW6977nNG/+Et0z4+K6kGPSxHF6+pm3YzpKoakiv46WyM5K3/7BcRCORGL+e7n6b2doWzNTbNuW
Zdlat26Tflq6Sj8sWqb16zcrHI4oNzdLu/Xpqry8VioqzJPH45FhqFlTXDZtKpNU+97ZWlpairp0
KdKSJStafF0AAABAItx716U7XbixxR6DS3TPjEt03IQr4trvtsKNF158T4WF+VFfJ8Op4j6Jqays
Uq+9PlNnnH2Dho+cpCU/Rv/mq11RvqZMPqru8bff/RTV9seN3bfu58rKal125T2NroFx622P15sq
0Luki7K2cfN//HEH1U0/kaTptz/e4P7LMz/5Rvfe91zd4+zsDB1z9P7Nuo5YCQZDO9XUiFjX43IZ
OvSQYXXBhG3bsm1bL7z4noaPnKSefY7Q8FGTdOddT6lzp0Kde86xuuySU3T6aeO0aNFyHTjmHJX0
PVq7DThGV13zgAKBYJNHXSz5caWystLl9Xq2Wdd1V58V1WsFAAAA4uG6Gx7aaRfNr6kJ6robHopr
n3dMn7bNcOOiS2fEtY6dXVxGcAQCQX362Ty9+daneuGl9+X3B2La35VXnFY3emDJkhV6481PVNKr
c1TazsxIqzcaZeYnc7V27fa35Jz56Td1i6l6vR516Vz0h1V49xj824iTZcvW6NX/fdxom/c/+IJO
mjBG+fm1I2D23ms33f/gC029lJiJWJbKtrMOh23bCgRCKi2tUFW1X7ZlS4Yht+lSWlqKsrLTG1yj
xbZtBYMhlZZVKhyOqLBt60b7smK8LkhRUb48Hrds21Z1dY0uunSG3n7nc9m2lJmRqjtuu0AH7L+n
TJer3ugMy7J1z33P1m0l7PcH9J8n3tB/nnhD7YryNeMfF6pP764NjuiwbVuffjpXp5z4lwaP6d+v
WKbpUiRiRf/CAQAAgBj5buFSXXzpnZrxj4sSXcofXHzpnc3eIXNHvPd//6y7l9yCcGPb4hJwnHjK
31VV5Y9HVxo3dl+N2neQpNqpCdff9O9tTo9pzNV/P0PjDhuhUDiih//9su7557N1r3XuUljv2/JF
i5c1qc1ffqkfgqSl/XFtkG5d29X9PH/Bkia1++ln8+pGlJTsJEO4gsFQgyNPpNob+7LySn3xxQI9
+fRbmj37e1X7a+RyGcpplaURwwfqmKP3V+/eXeqFHOFwuHYR19IKLV68Qq++9pE2b67QE49ft916
li+P3QiO008dK9uWrrnuQf3niTdk27YMw9B9916mUfsOajB8sGyrwXl7K1au1eFHXqx27fL19ht3
y+3+40fVtqVPPpunO26/oMHaXC5T+fk5Wh3j7XEBAACAaHvtjU9UUtJFZ5x+eKJLqXP/gy/otTc+
iVt/hBvNE5eAI17hRm5uli66YELdDeWLL72vjz6e3ayAY+CAnjr+2APr2jhn8tH675NvqrS0QpJU
UV5VbzHPTz+b16R2MzLqL666Zs2Geo+zstKVkuKre7x6q9cbsvD7nzXu15+zs9LVr2+xvpm7qEnn
xopl2Y0OJ6uq8uu5597RjLufViAYVHp6qvLyWiliRVReVqXnX3xXc+ct0h23TVOP7h0VjkS0ft1m
/bR0ld5+5wt98NHXdQuGdv1dKNSQcIxHcPTtW6wBg49XRUW1JKl/v+566r/XyzTNRtfTWLZsjRqb
iWLbtpYv/0U9+xypGXdcpAMP2Ktee4FAULv16arMjIa3PTYMab/Re+jRx/7X/AsDAAAAEuzW2x5X
j+4dNXzYgESXog8/mq1bb3s8bv0RbjRfXLeJjbXLLz2lbmeTNWs26KZbHm12G5mZqfVuIj0et9LT
UuoCjiU/rtTNtza/3e7F7et+3rChVIsWL6/3+tYLcm7ZHWN7ftlqekxBm9yEBxyBQFA/LNr2yBbL
srVi5VrNuPtp1QQCys/P0UkT/qJD/zJUlVV+vfq/j/XwI69o5cp1euTR/+mmG6Zo06Zy3XjLI3rt
9Zlyu035fEnyej1N/h0FgyEt/Xl1NC+xnkPHTZNUuzjo+ecep7PPPKJJC4XOmfNDk9basCxb55x3
q8YeNkK33jS1ru1nnn1b9997eaN9GYahEcMGEHAAAADAkWzb1tTzp+vF525V506FCavjp6WrNPX8
6XHboZBwo2XivshorOw3eg8dMmaYpNoPwa23PV4XSjTHRx/PqRcQvPnWZ41Ot2iKosK8eutrfDxz
zh+O+WXtxnofloxGvpX/vYryqnqPW7XKaGGV0VO7vsa2R3AEAkEtXrJcvmSvCtrk6qAD9tbpp41V
fn6OunQu0nHHHqjhQweo2l+j2XO+V01NUOFQWJs2lauwbWsN2r1E4w8fqfbt2zS5nnAo3KR1UnaE
YRh68L4rmhxuSNK8+Yub3L5t23rxpfd12qRrZVm1O7PM+urbJv29O3cuanI/AAAAwM6msrJak868
vm7EdLxVVNT2X1kZn/63FW58NHMO4UYT7BIjOFJTk3X5JafI5aq9sXznvVl6+dUPW9RWOBzR0cdd
pr327KOamqC+/Oq7Ha7vwmkTlJRUuztKMBjSw4+++odj/P6ASst+21q1uFv7PxyzzXoj9XdvSU39
49oe8VZT0/AIDsMwVNAmV1OnHCOfz6vd+nSr97rpcikzq3Y6T+3aGb8oL7+Vxhy0jzp0KNDee+2m
VavXa86cH5pUi23bqvYHtHFj2Y5dVCMMw9D9916uEcMHNmuL163XZWmKDz+arfOmTddpp47VjDsu
alJ/Oa0ym90PAAAAsDNZ+vNqTT1/uv71wF/r7vviwbJqR5DEckT4720r3JCk++5/Pi79O90uMYLj
kotOrPtGf3Npha6/4eEdai8cjujjmd9EJdwYd9gI/WXMkLrHzz7/jr5rYNva77//bSXefn27K691
9nbbH/nrgqpbxGvI1PbYDazD4fN5NXhQiSYcf7COHD9a3Ys71L0WiVjauLFMy5atkctlKDs7Q8XF
7ZWVmaZjjzlAe++1W7Pr2BKSxNKEEw7WyH13b1a4IUk1DYxy2Z7X3/xU7YryZJpN+/g29TgAAABg
Z/bRx7N1w007dq/XXDfc9LA++nh2XPpqKNxA0zn+zmevPXfT0UfuV/f4nnuf2eEpJdHSq1dn/fWK
iXU3vkt+XKkbb36kweM/+3xB3c8+n1dnnXlEo+3vvdduOvboA+o9F+steJuqpibQpB1mwuGwVq1e
rxUr12r+giV69PH/6bPP5ys7O0OjRg7a7vnbE4k0vFNJtPz18onNDjeklo222TIVplUzRmUEAk1b
qwQAAADY2f370Vf15FNvxaWvJ596S//exuj7WCDciA5HT1Fxu01defmpdVtozvry27i9Abcnr3W2
ZtxxoTIza6dbBAJBXXXNA40GEE8+/aZOmjBGOTm1N6/HHXOA5s5dpJde+eN0mwP230s3XT9FPp+3
3vNV1TVRvIqWsyWFQuHtHrfml42aet50hUIhLVv2i6r9NUpOTtLuA3vp1FMO3eE6amoCDU6XSbTm
/gNmGIZuu/U8jRg+sFnnrV23qVnHAwAAADuzv1/zgLp1a6/dB/aMWR9ffb1Qf7/mgZi1/3uEG9Hj
6IBj2nnHq0f3jpKkan+Nrr3+ocQW9Kvk5CTde9el6tSxraTaaSM3T39Mn33e+JaymzaV6+FHXtFF
F0yQJLndbt1y07k68IC99eln87RxU5kK2uRon336acje/eRyGQpHInKbZl0bsVxrojnCobB+Wbv9
G+twOKKVq9bKtiW3x5QZNNUqO0P9+xbLXx1QSrJvu20kmmVbcsnc/oFbGTighx5s4rGGYejZJ29S
v37FzR4t0tCUKAAAAMCJIpGIzpx8o1598XYVFORGvf01azbozMk3KrLVeoexQLgRXY4NOHbr000n
TfhL3eN/P/Kqvlu4tJEz4mfGHReqf//udY8f+8/rTd6m874Hnlenjm11xPhRkmrXT9hv9B7ab/Qe
fzi2vLxKzzz3jiaeeljdczvLaAWPx612RXnbPS47O0NTpxwjy7K1fv0mvff+V1r682rdde8zWr1m
gy6/9BR5PDv323TpT6vUrYmLwv5eSc/OMgxju+umpKen6ItPHqlbqLY5bNvWu+9/2ezzAAAAgJ3Z
5s3lmnTW9Xr2qZv/MKp9R9TUBDXprOtjPs1dItyIBceuwfG3KyfWvZG//+Fnzbj7qQRXVOuWG6fW
W/jzzbc+0zXXNfV7+lqXXH6XHnn0VQWDDa+d8NXXC3X8SX+tt1VRRUV1zLdDjbaszDRNOP5gnTRh
jKadd4Jm3HGhepd0UVWVX++9/6UW7WBgYxiGjBivsvzqazNbdF6bNrlyuRr+CLrdpq696kzN+fK/
LQo3JMm2pZmffNOicwEAAICd2XcLl+riS++MapsXX3pnXL44J9yIjZ37q/EGnDlpvPr3+22ExOzZ
3+vkE//S4PElvTrXezx0SD8Vd2tX9/i/T74ZlcU5L7pggsYfPrLu8SefztW506a3qK1rb/iXnnz6
LY09bIR6dO+ozMw0VVfXaNXq9Xr9jU/qblrPPP3wunOW/Lhixy4gigzD2ObNeyRiqaKyWlVVfpku
l3JyMutGaLhchgoKcnXYocM1e873qvbXaM7cRSop6dLiOlwul7Iy01t8flM89cxbOm/qsc3ersow
pOJu7bTw+5/rPe/xuHXBecfr5JMOkdtttmgB0y38/hqVlVW2+HwAAABgZ/baG5+opKSLzvjdfVFL
3f/gC3rtjU+iUFXjCDdix5EBx6SJ4+o9Pu7YA5t1/qkn11+88n+vz9zhgOPUkw+t96H6Zu4iTZ56
s8Lhls/bWvLjSk2//T+NHvP7hXXmzl3U4r6izWW6lJGR+ofnq6r8eu75d/Xa6zPVOjdL5517nHr1
7LTNNgzDqLe+SEt4vZ4mTZXZEZs3l6uqyq/09JRmnWcYhq68fKJOOvXvSk9P1aGHDNPEUw5TQUHu
DoUaW9i2rZde+WCn2ToYAAAAiIVbb3tcPbp31PBhA1rcxocfzdattz0exaq2jXAjthwZcKSn//HG
OZHGHjpcF194Yt1N6eLFy3XW5BtVUVG9nTN3zMh9d1d+fk7d4w8/is/+zE3h9XrUvl2bbb4WCAS1
4NslysxM1yefzlVBQa58SV5ZlqUVK9fq44/nyDAMpST7VBTjcCIaLMvWvfc9W+890FR7DC7RrE8f
rQuDohFsbGHb0i3TY/+PNAAAAJBItm1r6vnT9eJzt6pzp8Jmn//T0lWaev70mH8xSLgRe44MOF5/
Y6aMRtYu2Fph29bq17e47vHHM79ReUVV3WN/dctHbwwbOkDXXn1W3TSLFSvX6ozJN2rd+s0tbrOp
zj7zyLqf5y9Yoo9mzol5nzsqJdWnvfbso2efy9Oq1et03/3PaePGUhV3a69qf0AffzxH77w3Sykp
PvXv310DBvRIdMlN8uC/XtJFF5yo5uYThmHopZc/0AnHHyzTjO6SOIuXLFdVlT+qbQIAAAA7o8rK
ak0683o98+SNatUqs8nnbdpUpklnXl9vbcNYINyID0cGHOdOu61Zx59x+uH1Ao6HH3lFH32846Md
duvTTbffep5SUmq3Ml2/YbPOnnKTli1bs8Ntb8+1V51Zbx2S/z7xZsz7jAa3aap7cQedecZ4PfrY
/7Rq9Xr9698vy7Jq01K321SrVhnq37e7zj/3uG1uE2tI8vm8Sk5O2u7im4ZhKMmXFItLqce2bd14
8791xWWnNvvcE44/WKdMvFqPPnxV1EZwWJatQ8dNY3oKAAAA/jSW/rxaZ06+SU88fq3c7u3f6obD
YZ05+SYt/Xl1TOsi3Igfx+6ikmgdOhTo7hkXKzs7Q5JUVlapc869NeYr7hYV5um+ey6rt+7I518s
0LPPvxPTfpvD5TLkayR4SE1N1hHjR+nO2y/UEeNHqXdJV3Xt2k7F3dpr0O4lmjTxcN14/ZQGp7gk
Jydprz376MAD9tawIf0arcXn86p7C7ZwbYlHHnu1Rcmvabp0zuSjde0N/6oLenaEbdt67PH/7dD6
LwAAAIATfT17oa6+9qEmHXv1tQ/p69kLY1oP4UZ8OXIER6xd/fczNO6wEQqFI3r43y/rnn8+W+/1
3Nws3Xf3ZSps21qSVO2v0YWX/ENffvVd1GvJzEhTcXF79ezRSXsM7q1hQ/vXjRiRpGXL1ujSy++K
er87IinJq+LiDo0e4zZNFRe319+umNjs9rOzMzR1yjEtLS9mLMvWyP3P0uczH2n2jioDB/TUI4+9
qosvvVO33nzuDo3kWLt2k66/6eEWnw8AAAA42RNPvalePTvp2GMOaPCYJ596S088FdtR8IQb8UfA
sZWBA3rq+GMPrLvBPGfy0frvk2+qtLSi7pir/jpJxcW/jQpwm6ZuuXFqs/t65rl3dMv0x7b52vBh
A/TgfVc2ui7DvPmLdd4Ft2vFyrXN7huxsXFjmSZPvVn33nVJs0IKl8vQjDsu0t7DTtWIUWfo/Xfu
b3ZIItUOszvwL+dEZSQIAAAA4FR/v+YBdevWvt6uk1t89fVC/f2aB2LaP+FGYhBwbCUzM7XejanH
41Z6Wkq9gGPrRWu8Xo+8Xk+z+/r9SIytuU2zwXBjw4ZSPfHUm7rnn88yDaEJDJchn8+rmppgXPr7
v7c/14y7n9bUKUc3K+QwTZc++/jf6tH7CHUvOVzPPX2L+vTu2uSgIxKxNHzUGTHfvQcAAADY2UUi
EZ05+Ua9+uLtKijIrXt+zZoNOnPyjYpEYncfFYtw48rLT1N5edU2X+vZo2NU+3IyAo6tfPTxHH0z
d1HdoqRvvvVZQkdIhMNhlZVVae26Tfrxx5X6fNZ8vfzKh/L7W77zS6wZRuNrcMSbz5ek4m4dNG/+
4rj1OePupxSJRHTe1OOaNRLD5TK0cP6zGjpiog4/8iJ1L+6gu2dcrI4d2jbaTigU1ojRZ2jt2k3R
KB8AAABwvM2byzXprOv17FM3133hOems67V5c3nM+ozVyI1ePTtFvc2mqqioVnp6SlTbixWjc/Fh
jGXfitttaq89+6imJhiTdTWaWoNpmgoE4jPqIJqyszM05awjdfJJhyS6FEnSqtXrNWXqLXENOLbY
Y3BvPf7INc3eAjYcDmviGdfp45nfSJLatcvX5LOO1Lix+8r8dYvkLaND1q3frP0PmqyqKr8euv+v
mvXlt3rnvVlqV5Sv9z/4KroXBAAAADjMmIOHaMYdF2rq+dP12uszY9bPzjAtZcbdT+nOu56Kapvn
nnNMVNdAjEWNWxBwIOrS0lJ0xOGjdMVlp7ZoHYlosm1bPy1dpXPOvVU/LFqWkBpSkn36vzfumg8o
pAAAIABJREFUrjc0rils29ZHH8/RqadfU/ecy2UoNTVZPbp31PjDR6q6OqDrbniobs2Niy88UYFA
UBs3limvdbZuv/OJqF4LAAAA4ET9+3XXnG9+iFn7Yw4eouOPPShm7S9c+JPKK7Y9ReX3Pv9igb6Y
tSDq/e8xuLf23KP3DrcTq/q2IOBA1Llchrp1ba/pt5yn3NwsuZs5eiFaLMtWWXmlZs78Rtdc37St
omLFMAz17NlJT//3BiUnJzVrbQ7LsnXBxXfo1f99LNve/sfVMIwmHQcAAAAAuxICDsSEy2Uop1WW
Bu3eSzk5mds/IQZqaoKaN39xwkZuNKSkpIuu/usk9enTRaZpbjfssG1blmWrurpGJ592lb6ZuyhO
lQIAAACAcxBwAAlimqbaFuRq//321LCh/dW1SztlZ6crKcmr6uoa/bJ2oxYuXKp33puljz6eo7Ky
SkZmAAAAAEADCDgAAAAAAIDjJWZxBAAAAAAAgCgi4AAAAAAAAI5HwAEAAAAAAByPgAMAAAAAADge
AQcAAAAAAHA8Ag4AAAAAAOB4BBwAAAAAAMDxCDgAAAAAAIDjEXAAAAAAAADHI+AAAAAAAACOR8AB
AAAAAAAcj4ADAAAAAAA4HgEHAAAAAABwPAIOAAAAAADgeAQcAAAAAADA8Qg4AAAAAACA4xFwAAAA
AAAAxyPgAAAAAAAAjkfAAQAAAAAAHI+AAwAAAAAAOB4BBwAAAAAAcDwCDgAAAAAA4HgEHAAAAAAA
wPEIOAAAAAAAgOMRcAAAAAAAAMcj4AAAAAAAAI5HwAEAAAAAAByPgAMAAAAAADgeAQcAAAAAAHA8
Ag4AAAAAAOB4BBwAAAAAAMDxCDgAAAAAAIDjEXAAAAAAAADHI+AAAAAAAACOR8ABAAAAAAAcj4AD
AAAAAAA4HgEHAAAAAABwPAIOAAAAAADgeAQcAAAAAADA8Qg4AAAAAACA4xFwAAAAAAAAxyPgAAAA
AAAAjkfAAQAAAAAAHI+AAwAAAAAAOB4BBwAAAAAAcDwCDgAAAAAA4HgEHAAAAAAAwPEIOAAAAAAA
gOMRcAAAAAAAAMcj4AAAAAAAAI5HwAEAAAAAAByPgAMAAAAAADgeAQcAAAAAAHA8Ag4AAAAAAOB4
BBwAAAAAAMDxCDgAAAAAAIDjEXAAAAAAAADHI+AAAAAAAACOR8ABAAAAAAAcj4ADAAAAAAA4HgEH
AAAAAABwPAIOAAAAAADgeAQcAAAAAADA8Qg4AAAAAACA4xFwAAAAAAAAxyPgAAAAAAAAjkfAAQAA
AAAAHI+AAwAAAAAAOB4BBwAAAAAAcDwCDgAAAAAA4HgEHAAAAAAAwPEIOAAAAAAAgOMRcAAAAAAA
AMcj4AAAAAAAAI5HwAEAAAAAAByPgAMAAAAAADgeAQcAAAAAAHA8Ag4AAAAAAOB4BBwAAAAAAMDx
CDgAAAAAAIDjEXAAAAAAAADHI+AAAAAAAACOR8ABAAAAAAAcj4ADAAAAAAA4HgEHAAAAAABwPAIO
AAAAAADgeAQcAAAAAADA8Qg4AAAAAACA4xFwAAAAAAAAxyPgAAAAAAAAjkfAAQAAAAAAHI+AAwAA
AAAAOB4BBwAAAAAAcDwCDgAAAAAA4HgEHAAAAAAAwPEIOAAAAAAAgOMRcAAAAAAAAMcj4AAAAAAA
AI5HwAEAAAAAAByPgAMAAAAAADgeAQcAAAAAAHA8Ag4AAAAAAOB4BBwAAAAAAMDxCDgAAAAAAIDj
EXAAAAAAAADHI+AAAAAAAACOR8ABAAAAAAAcz53oAoBYaFeUr65d26lTx7YqKspXQUGu8lpnKzs7
XRnpqUpO9snrdcvlcsmybAWDIfn9NSqvqNLmzRVav36zVq/ZoJUr12rpz6u1ZMkKrVi5NtGXBQAA
AABogNG5+DA70UUAO8Lr9WiPwb21+8Ce6te3WH16d1VmZlrU+ykrq9T8BUv0zdxF+urrhfpi1gIF
g6Go9wMAAAAAaD4CDjhSu6J8jRo5SMOHDdSQffrK5Yr/bCvLsjXzk2/04Udf6933vmSEBwAAAAAk
EAEHHCMjPVWHHjJMYw4eosGDShJdzh/M+vJbvfb6TL3y6kcqr6hKdDkAAAAA8KdCwIGd3oD+PXTU
kaM1ftwouVxGosvZLsuy9fyL7+qZZ9/R7DnfJ7ocAAAAAPhTIODATmvUyEE68YQxGrJPv0SX0mIz
P/lGj/3nNb373peJLgUAAAAAdmkEHNjp7Dtid02aOG6nnIbSUrO+/FYPPPSi3v/gq0SXAgAAAAC7
JAIO7DR6l3TROVOO1uiRgxNdSsy8894s3XX301rw7Y+JLgUAAAAAdikEHEg4t9vURdMmaOJpYxNd
Stw89K+XdOvtjyscjiS6FAAAAADYJRBwIKH2G7WHLrv0ZHVoX5DoUuJu2fI1uvGmR/T2u18kuhQA
AAAAcDwCDiTM3648XSdNGJPoMhLu0cdf0zXXPZjoMgAAAADA0czsnB5XJboI/Ln0LumiB+67Qvvv
t2fc+/b7/dqwYYNs25bH45Fh1G47W1MTkN/vV1JSUtxr6te3WCP33V0Lvv1R69Zvjnv/AAAAALAr
IOBAXB0+bl89dP+VapOfE5f+KisrVV5eroqKCpWWluqbuXP1xhvvqLS0QoZhqqKiQhUV5fph0WLN
mT1XmZkZSk5OlmmaikQicrlccakzP6+Vjj5yP61avU4Lv/85Ln0CAAAAwK6EKSqIm/PPPU5Tzj4q
qm1alqVwOKxIJKJIJKJgMKhgMKRQKKRQKKy58+ZryeIftbm0TGvXrtW8+d/KiqTLl5wlj0fy+SLK
yUlVZUW1Fi36WUOHDtLZZ52mNm3ytGnTJrVt21apqanyeDxRrbsxd9/7jO6484m49QcAAAAAuwIC
DsTFTddP0ZFHjI5KW7UhRlCRiKWKigqtWr1G69at1/r16/Xtdwv1/cKF+uGHH7Vpc5UKC7vJ58tW
td+SZdlyuUwZhinbtlU7O8VQklfKzPTI7fFp08ZKGdqorl1y9cWsL3TSiSdq7LjDVFRUJF+SVz6f
T6ZpRuU6GvPsc+/o0ivujnk/AAAAALCrIOBAzP3znku1/+gdX2/Dtm3Ztq2XX3lFL7zwshYtXiHb
TlJySoYilinbcmndunIZv04rMQwpOzND5RXVsu3at3lGuk/BkFRZWSqXyy2PJ0WS5HIFZBghWVaG
vEkepaeFtHbN9/J4M5Wenq2y0tUaOnSAzj77DHUv7i6vN/YjOv7vnc911uSbYt4PAAAAAOwKWIMD
MeN2m/rXA3/TyH0HRaW9d997T3/92w167Y1PtXyFX2XlLvn9Unl5UJUVNaqqDsjl+m10hWEYSvZ5
FQiG654Lh6sUDluyLEt+/yaFw36ZZpIkt0KhoCJWhVyuNNXU2ApHpNLNK+VyuWUpR1XVPn362WyF
QtUqbJuv1NTUqFxXQ7p0LlL/ft312uszZVnkkAAAAADQGAIOxMy/Hvibhg3tH5W27r7nPj3x5Jv6
7vu1CgRcioSlSMSqd4zb7VZqarJCod8CjUAwpLS0FIXDEdm2FAlbcrki8niS5PVmyrYs1fjLJNuS
x5smw2XKNIOSfDLNZJmuVLlMQ5JL1dUVqq42tXTpKuXkpKmoMF8+X2x3XenQoUB9dyvWy698GNN+
AAAAAMDp4rNFBP50/nnPpVELNyTp668XavHiNaquDisUDCsciWjrMQ2WZSkUDG31nP3rTiiGwuGQ
ZJhK8rhlmi65XKaSfBlKSWkly46oqmqDbEsKhQIKh8tlGKaSkrNkmqlqlZOjtLQshUNVWr+hSs8+
95bmzV8YtetrzLCh/fXPey6NS18AAAAA4FQEHIi6m66fEpU1N35v1epVqqr2y7ZthcJhuVyGPO76
i31alqVIJKJWrTLqPVdZVaW8vEx5vQHZdkgR26pbk8MwXDLdSfL5MpWUlCLZ1fK6ffK6f3tdrhQF
AxWKRFyKWBEFgwGtXVemr76aq+XLl0f1Ohuy/+g9ddP1U+LSFwAAAAA4EQEHour8c4+L2m4pv+f3
18j6dUpK7WKjtSHF70dx2LatUCik8vIKGYaUlOSWrbDKK8u1cs0aBcM1CoQCCoVr5E1yKSXVK9Nd
+xFwudxyu1Nly6vy8k0qryiXFYn82rJL5RWVCkcsme40GQoqHLK0YsUabdiwIerX2pAjjxit8889
Lm79AQAAAICTuBNdAHYdh4/bV1POPiombduWoZycLNUEbNXUBBQOR5Sc7JHX45a/Jlh3nGVZCoVC
apWdrrUbNiscDikcjigUCik9pTYYCYcjqqyqlGUHFQ5bcpumkpN98nqSZMhUIBBSKOySzxdRld9S
VmaqklOyZRhuuVxJqqkOKGJJtu2SUbvXbNxMOfsoLVu+Ri+8+H5c+wUAAACAnR0BB6Kid0kX3XzD
OTFpe/PmzfJ43EpKcikYql1jY0uQYRgu2bJlqDZoMAzJkK2y8grV1NRIknweyVTt1BO3x61AIKSa
YFCWXTtCI2yasmxLAbdLblPyerwyPW65vS75y6plVFrKznSpqjqgcCQolx2R6bZlul0yTXPbRcfQ
zTeco0WLlmvBtz/GvW8AAAAA2FkRcCAqrrvmrF8X84y+NWvWyOv1au26cgUCv01KCQZD8nhqR3GE
QrVhhWVZMlQjr9tSQbahJI9LndqkKy0pTaVVQa3cUKHlpZVymWny+TIUjrgUjkTk/3U6iumylZwU
lmG6JSNJ4XBI5RUhBfx+WUpVxJKSkyIy3aZSU5OVnJwSk2tujMvl0nXXnKWx4y+Me98AAAAAsLMi
4MAO+9uVp6tP764xa3/p0p8Vjkg1/qBMt1eS63dbxNq/rsVRO4rDZVjKy4jo0KHdlZ2WJK/bVGFu
upKT3NpUXqmV6zZp1fpKlVVbWl8e0s+/lGt9qV+Gyye3J0nBUEhWJKhQKKyIVTsCJDU1STVVVbIM
S5JL/upquU1bqSnJSk72xey6G9Ond1f97crTdc11DyakfwAAAADY2RBwYIfsN2oPnTRhTEz7WLVq
lcJhSYZLhsuQaRiyLVuWbSsUCsvtljxut8LhiDym1L51kibs31+ZacnbbC8YCmvNhlItXb1OP63e
oDUbq1UZMLSpIqif11SrojqgFJdPG8rXK8mbpHRvWF7ZKi0vldeXoUjYlmmElJ2dprS0tJhee2NO
mjBGn302T2+/+0XCagAAAACAnQUBB1rM7TZ12aUnx7yfmpoaGTJkGIZq/AElJ/tkuk1ZobCk2nU3
TJehkGzJsGWaRoPhhiR5PW51KMhVh4JcjRgohcIRbSit0JIVv2jJigyt2Vgmny9FK9ZXKS0lVcme
kEKRVK3dWK25SzfLb7vVvl2BunXrqKysrJhff2Muu/Rkvf/hVwqHI9s/GAAAAAB2YQQcaLGLpk1Q
h/YFcenL7w/9blqK5HLVBh72r6M4IhFLptstyZa7Ket+2tKv65LK4zZVkJulgtwsDe3fo8FTNpZV
6chLZ2htaUj77H2oirt12aFrioYO7Qt00bQJuvGWRxJdCgAAAAAkVGxWhcQur3dJF008bWxc+goE
AqoJhGRZtQuM+v01km3L4/ktyTBNUyk+j3IyktSrc5EkQzIaeXu3YHfXnMxUtW2drQF9u2vE8CFq
27Zt8xuJgYmnjVXvksSHLQAAAACQSAQcaJFzphwdt742bdqkcDhc7zmPxy2Pxy3DMCTZCgQCsiI1
GlSSryOG9ZMtU4bhrh2pIaN2HksUHDh0oC6+4ByVlPSKSnvREs+/BwAAAADsjAg40Gz7jthdo0cO
jlt/aWlpcpv1551UVFTJ7w/8OorDkj9QpUikRpmpHuVlpUvhoKxgjeyIpWBYqgjY2lwR1MZyv0qr
AqrwB+QPhBQKR+pGhjRFeqtcdercRenp6VG+yh0zeuRg7Tti90SXAQAAAAAJwxocaLZJE8fFtb/0
9HSlpvpUUVmjSMRW7dawUiQclsfjkifJLaMmoqw0W92LMiWpdm2OiKVwxNLcxT/p4+9W6ef1AZVX
VakoL1N5WcnqlJeqTm2y1aZVprIzkuVxmzJdjWd+1VXVfxhNsrOYNHGc3v/gq0SXAQAAAAAJQcCB
Zhk1cpAGDyqJe79JSaYyMlPkMk1VV/nl9wdlW1IoGFLEishj2uqUn6wRvTsqYllaX1qpFz//Xi9+
8IMCVopcpkeSVFkZ0oIf10mSMjNSlJy0VEF/mboXpurkMQO0Z0mnRutYvnK1qqv9Mb/elhg8qESj
Rg7Su+99mehSAAAAACDuCDjQLCeeMCYh/dYEy7R23WaFwrZs21ZqSopMt1uRsCWXy1BmWpJapfvk
87i16Oc1mvHC+8rNb6MT9y9RpT+oVJ9XYctSIBTWuo0V+umXcpX6Q4rIJyMlR0HDpQ3lfskwJfu3
LVdDlqGXP/lWr3wwW4FgQL60NEV24pldJ54whoADAAAAwJ8SAQeabED/HhqyT7+491uQnS4rVKP8
XLeCwaAqKkOqqamU15sqj9urULBGhYUZ2n/PvnJ7vOravo2uPX2sTNOU123Ktu1fFyOtnboSsWyF
wpYsW/plU7k2llUpv1W6Oha0kmTIcPsUCQUUiUQ0a9Fq3fb4ewopW6YnS33atJLH643776CphuzT
TwP699DsOd8nuhQAAAAAiCsCDjTZUUeOTki/Sb5kHTFiN/UrylZWSpK+/XmdXvxssb5dUaFwxJJt
RZSZ4la3ghwpYsnj8Sk30yPJ2m7b2WlJCkdy5DZd8rhNBWsCWlO6USvXb9aevTqpS7s2uvy0A7Wx
Iqjn3v5MBxxwuAoKCmJ/0TvgqCNHE3AAAAAA+NPZecfa76BzzzlGk886KtFl7DIy0lM1ftyouPe7
fv16BTeuVk6SrY+/+Vbvz16gTm3SdeCgLsrP8ipQ45fb41JWWpJapXgly5IdDsoOR2RbkuFObrR9
j9tUcpJHHrcpy5ZWrNuod2fNVc+i1nLZlnKTTe3bp7065Cbp2GMP1777jlBmZmacrr5lxo8bpYz0
1ESXAQAAAABxtUsGHOeec4ymTjlG0847TiefeEiiy9klHHrIMLlcRtz7fei+e2VUrJcRDmjP7h3V
q10bbSytUKfWqerXMVsuV1gul6EUn0dJbpckW7IsybZqw45gjeywJbm8MlweSYYCobDCYUvaanfY
les2ae7i5dqnT7Gy05Il25YpW5X+kD5a8LOGjBipwsJCmVttWbuzcbkMHXrIsESXAQAAAABxtcsF
HFvCjS3+esVpOu6YAxNY0a5hzMFD4tqfFYlo/rx5Cq1foXXr1qtHURsN7NpeA7u2V3VNQKFQUK3S
PPKatSmFy+WSy9gqgLFt2ZFw7f+HQ7LDYZWVV+qhl9/XVf96QbMW/lR3aMSyFbINpadnqFtRnsKR
iFas3ahlv2zQ8x/M0sCho9W+Yyd5PJ54/hpaLN5/LwAAAABItF1qDY6tw40trr36TAVDIT33/LsJ
qMr52hXlx31r2Ihlafbs2dqre3tVV5SrfetW8nk9WvrLBq1cv0mpyUnKTE9Rdna6QmFTbtMluUzJ
ijTQYFi2pJnzl+j592fpp1Xr1KVdgQb36S5ZEW2urFRpVUCdC/NkSCqt9GvGc+8oPS1NqzaU6vgL
Rig11TnTPgYPKlG7onytWLk20aUAAAAAQFzsMiM4Ggo3pF93zgg3cOOL7Ro1clBC+o2Ew0r1Jal3
+wIlJ3lUVRPQV4t+VlZ6ijq1ba3WWZnKTk+VL8lURqpP2noExzZ8Mn+Jlq/dKLfHLY9pShFLtmWr
yh9URZVf6T6P/MGQvl68Qi9+8KU+/+4nWe4kpaWlyeVy1sclUX83tJzbbSo/P0epqY2vHQMgcdxu
k8/on5DbbeqC80/QW6/fra9n/UcfvveApt98rvLzcxJdGgDgd3aJERzbCzcuuuROvfjyB/Etahcy
fNjAuPfpcrm0W9/dtOLDV9Q5u41Ml0tL12zQxvJK7d27mzq2yZM/ZGpwtzLN+WmNwpGQQqGIPNvJ
IJatXqvyqmrttVtPtW+dLTsUlAxDPrdbKUkeVVXXyFCSvv5hmaqqq9W+TY7Sc/NkuHbudTe2Zfiw
gXrksf8lugw0Yq89d9NBB+6lPr27qqgwT9nZGXVbGtfUBFVZWa3Va9Zr3vwlmvXlt3rt9ZkJrhj4
c8nNzdK4sftq94E91bVzkfLyWik5OUmGYSgciWjz5nKtXLlOC779UW/93+f67PN5iS4ZMXLHbdN0
8IH71D3OykxTUWGe+vTuqsOPulhVVf4EVgcA2MLxAQfhRmx5vR4N2adf3Ps1TVO9e/fRis/frRuZ
UVVTI5/XoyS3KcOWuhVkafxe3ZSVLIVCNQoFg/IkeyXbbrDdFJ9XrbMyNXS3YnUryqt90raVnuyV
z21q8ar16t2pQOWV1fJ63Dp4jz6aX2r8cX0PBxiyT195vR4Fg6FEl4Kt/GXMUE2aOE4lvTo3eIzP
55XP51VubpZ269NNJxx3kC4473g99cz/6dHHX1MgEIxjxcCfS6eObTX57KN00AF7y+fzbvMYt2mq
dW62Wudmq3+/7ppw/MH6/oef9fAjr+j5F96Lc8WIpYEDeuqgA/be5mtdu7bTiSccrH/e/3ycqwIA
bIuzxtxvhXAj9vYY3Dshu6dIki85WWlt2skwa3O4zm3zlOz1yrJsKRKWR7a65WfokIGdNbRHO5m2
LVmqDTiMbb+1D96rn04ZM0L7716iNtkZv/XlMRWJhPXDstUKBwIqys3WHr06a1hJp9pFSuNxwVHm
crm0x+DeiS4Dv5OZkaZ7Zlyif9w2rdFwoyEdOhTokotO0tNP3KBOHdvGoEIAp51ymF58brrGHTai
wXCjIT26d9QtN07Vow9fpaLCvBhViHjbrU/XutF129K9uGP8igEANMqxIzi2F26cO+02hnNHwe4D
eya0/+zCjlq/fI7aJJtqnZmmHu3ylZ2WUu+YwtxsFeZmS5LsUEiGyyUZkixbchm1YYdtSZLGDum/
zX4MSelJHiW7XVq+dqP2G1CsPbsXyeP1KjklpdH/sNmZ7T6wpz6eOSfRZUBSUWGeHrjvCnUv7rDD
bfXp3VVP/vd6TZl6i776emEUqnO2D969Xzk5mdt8bcrUW/ThR7PjXNHOgd9L8918wzk6YvyoHW5n
yD799NR/b9C5027T17P5jDpdaVllo69XVFTFqRIAwPY4cgQH4Ub89OtbnND+e/UboPlrK1URCMuW
oX5dO6hNA//BvoVtWbKDQSkcqR3RIZdkq3aqSyNBRfs2uerfo7M++W6pcrMz1Le4ozZVB5Wbm+u4
BUa3SPTfD7UyM9L04H1XRiXc2KJ1brZunz6Nb4klJfuSlJLs2+b/3Kbz1s+JFn4vzTP9lvOiEm5s
UVCQq3/efSn/Du8C3nvvS63fsHmbr4UjEb32xidxrggA0BDH3bURbsRXn95dE9p/SkqK2vYZpEp3
ikJW7d94y3yRUMRSMGI1eK4tyQ6HZQdqpHBYMty/m7ryx7DD4zJUmJ2uDm1aa+b8H1Va6dcvmyrU
s1eJPG5nDnZK9N8Ptf565UQVF7dv0rGRiFX7Pm+CwratNf2W83akNACq/W+LcYeNiHq7OTmZuv3W
85XXOjvqbSN+ysordclld2nd+vohh98f0K3TH9PnX8xPUGUAgK056q6tsXAjErF0/oW3E25EUbui
fGVmpiW6DA0fOVpvv/CU3FXr1DrFLZfLUHVNUEs3livJ41H3/KzttmHbkmpqVzg3DEOGxyvbsiVZ
v4YetTeUeVlp2ne3rnp+5hw9/cHXSk5O0UnjJ8njbd487J1FZmaa2hXla8XKtYku5U9r7KHDNfbQ
4Y0es2TJCr386od6/4Ov9NPS1YpEImpXlK/Bg0q0/357asiQfg1+4z5o91466ojReua5d2JRPrDL
Gzigp86cNL7RY6r9NXr33S/19rtf6KefVmpzaYU6dmirPfforYMO2Ftdu7Zr8NwOHQp0xWWn6txp
t0W7dMTRhx/N1v4HTdb+++2pgja5Ki+v0v+zd99xUpX3Hsc/55zpu7N9WVj6UgUBEQTsDWtsaRoT
E5MYTYyJyY0l3aiJsSXGbuw1FizYFQVFigURkA5L3V0Wlu116jnP/WN2YZedme2zu/B739e9151n
5jlnZs4Z5nzneX7PRx9/SdGuvb29a0IIIZrpNwFHW+HGVVffzofzv0jwXh3c4n1hS7SRk6fz1tOP
cEROEinJSTzxzsdUVlXzw9lHQzsCjuaUUqhgAADNZkOz2SKFRK0wACkeF1NH5nL1fS+QN3IkVyYn
99saHBB5HyXg6D2/ufriuMfPCy/O48a/P0I4bLa4ffuOYrbvKOallz/k/HNP5J//uCpmwcNfXPFt
CTiE6KTrr/0RDoc9Znt+fgHX//E+Vq/Jb3H7nj3lfP7FGu5/cA7XXfMjLvvJeTHP9W+cfRyvvvYR
i6QmUr9WW9sgK+QIIUQf1y+mqEi40Tv60ioNo0aN4pwfXc7TX2zhopsf4f1lGwiELELhcJf6VeEw
ls+H5fdD2CIUttiwYxdzPlrGfb++hCmTJ6HHWJGlv+hL7+Oh5lvfPIVhQwfGbH9/3mf85W8PtQo3
DvTGW5/w30diL0E4fPggTjl5eqf3U4hD1aknHxW3mHbRrr1c/otbWoUbzYXDJrfe/iSPP/lmzPto
msYVl3+zS/sqhBBCiLb1+REcEm70niFDcnp7F/bRNI28vDzOOf+b1DbYKNq6Ho8jUlND6QaaFf8C
sS0h02LDzt28tuQrahv8XHHWCQTtHmadMB29nxfj60vv46Hmou+eFrOttraBW257ot19PfLYXC7+
3hnkDMiI2n72Wcfx0cfL293fjKMmcsrJRzHp8NFkpKeQmpqEbujU1NRTU11P/tZCFi9eyYKPvyQQ
CLarzxOOm8rRR0+O2vb6GwvZtHknAElJbs4+81hOPmkaw4YNIj3Ni2GLbHvr1iKWLF1lGQxXAAAg
AElEQVTFSy9/GDP4+cml5zKg2evgdjtj7tNZZx7D9OkT9v1dULiHF16c1+ZzmT7tME4+aTqHjR/J
4NxskpLcuFwOfL4ANbX17NixmzVrtzD3jYWUlJS32V88breT02fP4vjjpzJi+CBSU5NJ8SZhmia1
tQ0U7y5l1deb+eDDz9mwcUfMfhLxugCMGzucM884mmlHHkZmZippqV5sNoOa2nqqq+pYt2Ebixat
YMHHX7arv6lTx3H67FlR25Z++jVLlq4CIsfXRReezuhRQ0hPT8HnDzDvg8/4521Ptms70Xz3u7Pj
tt92+1PtHgF36+1PcszRk5lw2Mio7UcdNZGxY4axOb+g3fvXXcdGX9lOT5xXl//sm2Q0W/a9O3yy
aEWruhpX/+p7Mc+pV19bwJatRe3uvyc+f4UQQkRoeWPPb181u14QL9wImya/uvoOCTd60H8f+COn
zZ7Z27vRQllZGTff9C+WfvQ+EwZ7+e7x0zjxyMPR7A6skB9NxS46Gk95TR1rdxTjC4aYNmYYGhr/
W7Ka7//ur4waPbpfT1H5YP4XXHnVrb29G4ecjIwUPlvyZMzaGa/N/Yjr/nBvh/q8+9/XcO45x0dt
27KlkDO+8es2+zjj9KO5+lcXMX7ciHZts6ysiqeeeYtHH3+9zZEm1/7uEq78+Xeitv35hgd58aUP
+Ob5J/G73/6A3NzsuH3t3LmbG//+KIsWt17K9O037uaw8e3b/wN9sWwd3//hn2O2n3XGMVxx+TeZ
dHj7znufL8D8Bcu449/PUFxc2qF9sdkMrrryu1z6w3PaVe8oHA6zcNEK7r7n+agXmT35ukCkaPG1
v7uEY4+Z0q7XZtv2XTzw4Bxef/OTuPf74Q/O5sYbroja9viTb/DP257klpt/yUUXntZqu0uWruLS
n97Y5r5E43Y7+WLpUyQluaO2L/9qAxd9/48d6vMbZx/Hvf+5Nmb7I4/N5fY7n26zn+4+Nnp7Oz15
Xs2f92C3j1S86+7/8cBDL7e4bcWy52K+Rlf84pZ2BXo9+fkrhBAios+OvW8r3Pj5lf+UcKOHZffB
qu8ZGRkMzknBMCwMTSfJ6UCFgli+BjAt0O1oNse+lVYA3vxqI9c89hoPvruU7XvKCUdZeSU1yc2R
o4dx3MTRZKd6MZVi855yhg0f3q/DDUCq9/eS44+dGncpznkffN7hPtdt2Bazra2ROjabwT13XcMD
917f7i/XAFlZaVz7ux/yxmv/ZvjwQe1+3IEyM1L50x9+wr/u+G2b4QZEpt3894E/8I2zj+v0NjvC
ZjP41+2/4d67r2PypDHtPu/dbifnnnM8b772b84+89h2b2/48EG8/fp/uPpX32t3MWebzcbsU2bw
v2f+wYXfiT/yoLtd+fNvM+eFWznu2CPa/drkjRzMv+/8vy6t9OP1JnH7P3/N9y46Pep2LatzoTbA
KScfFTPcAJj/0bIO9/nOu0tarbTRXLzpME0SdWwkYjuJPq/6qt7+/BVCiENJn5yi0p5wY+EnXyV4
rw496ene3t6FVnRdx5vkJMPrZlBmKja7nfI6H5lJLkBDqSBK08Cy0AwDBQxMcvHNGZPYuLuMR+ct
ZUh2BhOG5JCbkUK6Nwmvx43LbuD1RC5Gg6ZFZVjniFnH4+inq6c01xffx0PB1KnjYrYFAkEWLur4
Z9jy5evjFrgbkJ0e9eIqKcnNA/f+nuOPO6LD22wyftwInn7iRq686tZODVH/1gUnM6KDv7I6nQ5u
uuEKvv56c4+uVOB0Onjo/j9w4glHdrqP9PQU7rjtasKmyQcfxg+vhg8fxBOP/LXDr0eT1NRk/n7z
lZiWlZCCh7+/7lIuv+yCToe93zz/JNwuJ1ddfXuHHzt92mFxf523rM4PQj1iytiYbUop3np7Uaf6
/fLLdTGDuTGj4y8XnahjIxHbSfR51Vf1hc9fIYQ4lPS5gCNuuBEO8/Nf3irhRoKkeJN6exeiyhua
y+CcLAakJVPn87NhZzHHTcgDFDT7sqtMC1AclpuNw25j+MAsdpZkU1xRzZaiPewoLsGb5CbV42ZI
Vhp5udk47HaqahtYvHYb51zW9nD//qCvvo8Hu9GjhsRsK9q1t1PDjVeu2sTKVZs6/Lgb/3p5l75c
Nxk6JIe77vwd37rwOny+QIce29kLqfT0FC75wdncdsdTnXp8e1z7u0u6dBHWxO128pc/XcbST7+m
vt4X83533nZ1p1+PJjbD4MYbriA/vzBuAcyuuuT7Z3HFz7peHPPMM47m8ssu4NHHX+/Q4/JGDo7b
bkYZkddeo/Jin6N791awZ0/naqtszi/gGzHavF4PEw4byfoN26O2J+rYSMR2En1edadgMNRtffWF
z18hhDiU9KmAI164AVBdXc8VP/sWV/zsWwncq9bamqd8sHC7Xb29C1Glp6aQ7PGQ5HSia1BYXsXu
yloGHThSobEeR3Lj8xiSkcrA1GQqauuprG8gZFrYDB27zSDF48bQdZRSNASDlPktRo0alein1iP6
6vt4sIsXLJWWViVsP84953guOP/kuPcJh8OUllYRNk2yMtPiFqccO3YYf/z9j7nhxoc7vU+Wpaiq
qiFsWmRkpMSdygNw+uyZLQKOrVsLscz9AdHYscOx26P/c7ZlaxEB//6Lge07drVozxs5mEu+f1bM
bTc0+Jm/YBk7C3bT0OBn+PBBnD57JhkZqVHvPzg3m8t+cj733v9i1PafX/4tph0Zf5pCTU09lZU1
uD2uuFPMPG4Xv736Yn56+c1A974uAGPHDOOa/7sk7r6GTZOSkgrMsEl2dnrcY+dXv7yQD+Z/wc6d
u+P22RFWJ+suQWT4fyyFRZ0fMZS/pTBu+8gRuVEDjp48NhK9nUSfV91p46YdPN/Ogrtt6Yufv0II
cbDrMwFHW+EGQGZmKpmZ0f/xE93P4bD39i5EVVtXT4Pfj66nkDcwm7ClWLGlgAHpXqaPHo5GjCHL
SmHTdQakefF6XBSVVVFR14A/GCTdG2RAegpVtfVs3VvF1JmzsB8E01MAHI4+c5ofUuLN7U/Ur5AA
v77qInQ9+tSCcDjMs/97jyeeenNfIb+kJDcXfmc2v77qopjz8r/77dk88+w7HVo1ACK/tr/8ynye
fPrNfY91u51c+sNz+NlPzyc9xkoIQ4cOJCsrjbKySDD0m9/9u0X7F0ufinmxesedT8ct/vfd78yO
+VlXXV3HD370l1ZDwh9+9DVefO4WcnIyoz7uuGOnRL0Qczod/PTH58Xcl6Jde7njzqd5572l+26b
OnUcf/7DT5l6RPQpTyccP5VxY4ezafPObn1dAH7z64tJSYke1CmlePW1j7jvgZf2TR9yu51c9N3T
ufpX0Y+d5GQPl/7wHG7+x6Nxt9sRVhdGcKSnxZ6+V11d1+l+95ZWxG0fEGUlpJ4+NhK9nUSeV/++
6zm8Xk/M59Scx+Pmumt+iMsV/d/32toGfv/H+7rtM7ovff4KIcShok9c+bQn3BCJF+sf5d5WW+/D
37hsWk6aF7uhs2pbEet2FoOmMyE3m6Q4v4CgQFOROgjlVbUADEj1oixFWXUda3ZVcPklpybiqSSE
rvfZWsIHtaTk2AGHz+dPyD6cd+4JcYfh3/GvZ3n8yTda3FZf7+PJp99i7bqtPPX4jVEvBBwOOz+5
9Dz+fMOD7d4XpRQ3/+NRnnv+vRa3+3wB/vvIqxQU7OG+e66L+lhd15h25GHM++Czdm+vvcaNHR6z
7b15n0ad715QsIennnmb3193aYf6vOjC02IGDnV1DfzkspvYtr3lSIqVKzdx6U9v5NWXbmfMmNb1
GzRN4/TTZrW4uOwOI0fkcsrJ02O2v/Tyh/z5ry3ff58vwFPPvMWOncU8/NCfoo7MOfusY/jnbU90
eIpWQcEe3np7EYuWrGTb9l2EQmGGDB7QpSkqTmfsELsr52h1VfxwJNov9Ik6NhK1nUSeV+/N+zTm
tg707FM3xww3lFLcdsdTrF23td39xdOXPn+FEOJQ0icCDtE3WZbVZy+ObbqO0RjAZHiTmDxyMA2B
EIvXbGbn7lKmjBrKmEFZMR/vctgZkZNJerIHl8NOZkoyDQ0B9lQ34EjNInfI0EQ9lR7XlSJ8ovMc
9tgjoFSC3pILzjspZtvqNfmtvlw39+Xy9bw6dwE/uDj6MPPZp87o0Bfsr1ZsbBVuNPfu+0v5y97L
yIny6zZAVg+N3vty+Tr2lESvtbAgzioaSz79mt/HaEtKcpOU5G71K/CZpx8Ts7933lva6sKySX29
j4cffS3maiQTJ+bF7LezLvzuaTF/gS8tq+TOfz8b87ELP/mKJUtWcdKJ01q1ZWelM2vmJJYsXdXu
fVn66df8+jd3Ul3TMjjoarFFmy321KhAoPM1GKqqa+O2R3tdE3VsJGo7iTyv2uv6a3/EMUdPjtn+
ymsLeHHOB53qO5q+9PkrhBCHkj4RcNxzX2TIoYzi6FuCwXDMXzp6S0lJCfnbt4MVJtWz/xfytCQ3
o3MHkL+7jI1FJVQ1+Nmxp4xxQwYyJDM16miUZLdrX30Oy1IUlVextdLHKWeen7DnkwjdWSxN9C8T
J8S+8H3n3SVtPv6ZZ9/h4ovOjHr+ZGWlMXXqOFaubF/RU7+/7aJ4e/dWxAw4Yk2V6KqHHn61U49b
v34bSqmoK4tomsbg3Gw25xe0uP2w8SNi9vfRR/Gni7z7/qfc8vdfRh11kBFjak9XxFth5P15n1FV
Ff8ifumnX0cNOACmHTm+3QFHdXUd1//x3lbhRn8W7ZhJ1LGRqO0k8rxqj9Nmz+Syn8SemrNu/Tb+
dtMjHe43nr70+SuEEIeSPhFwQPtCjoqKavK3yJzDRPH5/H0q4PAHAnz4yVLe/PBjxifr5GbuH2Zr
MwyyU5OYMGwQ9f4gfn8DH67cwJY9ZUwcNpAROdnkpCXjsBm0+qqgoMbnZ3t5DVbqAGYcf2JCn1dP
S9R0CNGSZcUeOt/J1TY7ZPKkMTGHoiul+GD+F232sWVrEVu3FkYdlg5wzKzJ3foFO96v5vGmE/S0
pCQ3WVlppKd5W/z6rlTs99IwWo5+O2r6hJghTTAY4rMv1sTdh0AgyIP/fSVqbZfSKEsDd9X4cSNi
tn32efx9BSgo3BOzbfTo9o+Qq6is6fRqJm2Jd44ats6PXnS54kyRBEKhcIu/E3Vs9LVjsDvOq/YY
Nmwgf7/pF9hs0b/yVlfXcd3v7yHQOPW1O/THz18hhDhY9JmAA9oOOVJSk3nksddkmdgEqamtj1n0
rzes27iZ15etYXtFHSeNGEF2assCcelJHsYNzmbeqnxOnzKaow8bxatLVvDq0pWMGTKY6aOHMCAt
mWSng2SXA5fDjq5poMGuihpKTQenfOMMNKNPnRZdVlNb39u7cEhq8AVIj7H4QCIu1vNGxl4Csry8
moKC2BegzW3fURzzC3buoOxO7VtnRPtFt6ecNnsmZ5w2i9GjhzJ06EDSYhT764hhwwbGbCsvr27X
sPv7H5zT5f1ojyGDB8QdMfObX3+PX191Udw+nM7YU7T6ytLVwQOChubcbYQU8aTFKV4KrUfVJerY
6O1jsCfOq/a487bfkJ0V/cPYshR//+fj3V7D5mD7/BVCiP6kz13JxQs5bIbBww/9iZ9f+U8JORKg
srKW4cMG9fZuAJHRG8+/NY9VZgquqSdh5WiUBBQOfwivK/JFWtc1clK9TM8bzGebCvjOMZO59jun
s7FwD29+vpp5KzbgTU5iUGoSw7NSyfB6QEHYtNhR48eTO5rJ047q5Wfa/Sor4w8lFz2jIc7FQryL
v+6SlhY7nCwrb/8ytaVlsX+Zbe/KBf3Fxd87g19c8W2GDB7Q7X2npca+6K2orOn27XVFrFUsmsQr
INke8VYYSqR4F/Rd2ce2LtwPXKElUcdGbx2DPXleteWvf7qM6dNiL4n74kvzmPv6x92+Xfn8FUKI
3tPnAg6QkKOv2NsDw547a9WadawoLKV+9Mkw8wJe2bGCdetWct7Aek4dkUmyw8Cma7iddkYNymR1
wR42F5cxcegAxg8dyPihA2kIBFm9vYjtJRXMX7WR3RXVlFTVULi3kvGTj+D3f/wWllKRUR0HkZ4Y
vi7aVhfn4qmtX3i7Q7xf4H2+tuth7L9v7GHbyckHxxdsp9PBvXdfy+xTZvTYNpLjrKrT1+rkZGT0
7Mi93pxu1Fx5eTV5IwdHbRs4MHaR6rbE6rNJ8e7SFn8n6thI9DGYiPMqnm+cfRyXXHJ2zPavV+dz
UzcuWdycfP4KIUTv6ZMBB0jI0Rfs3l3W27sAQDAU4q4nnyc/fTwqcxAaUDviSL7IHMH2gpVsWlvA
t0enkZfixKaD1+1k9qTRvLD0a8YMysRpjxzmHqeDWePzmDW+ZeGvOYu/Yu6G3azbXkTeuEpSk9y4
nc4+u4JMRxX3kffxUFNSUhGzra1fyLtDvPoCHeFwxP5noqNLffZVD9x7PSefFHtJ1CZKKUxz/3OO
Nac/mnivVV/7rLF34Hl1RiKnG8VTVFTCUdMnRG0bMngANpvRqWN81KjYS4OGTZM1a1suQ5qoYyPR
x2AizqtYRo8awk03XBF1qWKAysoarv/DPT32GSafv0II0Xv6bMAB7Qs5fnX1HXzYjmJNouOKikp6
excA+HjxUrYHbZiDx6F59v+yqHkzKJ14Kq/Vl7GjejMXhSuY5lV47TrZqUlMHjaQzzYXcOy44djj
LAeY7HZhpWTx3E4fz9zzAqdk6lxx4QXkDszB6GMXHp3RV97HQ8269Vs584yjo7ZlZ6WTm5tNcXFp
1PZYzjv3BK6/5kcx2y/4zrWUlUWGP1fGGXLu8bjavU1vnF8JD4b6Lj+4+My4F2EFBXt4+dX5LF6y
is35BS0KEeZvmBt1hYNoampiv1Y9tUJMZ1W2sULKwWLjph0x21wuB6eeMoN5H3zW4X4nHT46Zlvx
rtJWK9Ak6thI5DGYqPMqGpvN4I7bfhOzhphpWtz490fZsrXnitbL568QQvSePh1wQNshxwP3/p6r
rr5dQo4esH1HcW/vAgD//d/L7M47BZWa3XoFFKDek8lS5zRW7cln1KI3mZRk8Z0jRnLSpFH8+53P
mDF6aNyAIzMlicykIAWmA9/hJzA3WMOnT81juq2KP195Gd7k5D7zi2Nn9JX38VDz5fL1Mdt0XeO0
2TN5+pm3O9TnhPEjGTQo+tD5quq6feEGxJ9iNrADI0gGxSlkF++Cqb+4+HtnxmxbuWoTP/nZTdTW
NnR5O/FqHMS7iOkNB06haE4pxUXf/xMNDW0XpIzF7+++1Sq6YuEnX/GH638c8/P9tNkzOxxwDBk8
gEmTYgccq9fkt7otUcdGIo/BRJ1X0dz41yuYMnlMzPbn/vcub7+zuEe23UQ+f4UQovf0+YAD4occ
hqFLyNFDtmwp7O1doKamhq1rV9Pg92LPGobmiFLZXtOwbE7qBo1nU9YwaoLlbNv4Eap4Hbm6ydwv
13Hq4XlkpyRHHZERtsDw15PuK6NWN6h2plE38ljKLB9rH5rLeYOd/PBb5+Nxt/9Xl76kL7yPh6Iv
l6+noqKajIzUqO2zT5nR4YBjWpxiebt27W3x94YN27EsFfWX0NTUZKZOHdeuJQbHjom9pOfmbl55
INHyRg5m/LjoBTPDpslf//ZQt12ErV6dj1Iq6sV0ZmYqI0fkthlGHj5xFPYoQ9b9vgAbNu7olv0E
2LlzN/X1vqiFNjVNY8zoobw454Nu215v2bK1iE2bd8ZcEve0U2cwdEgOhR0YBffzy78Vc1oEwMJF
K1rdlqhjI1HbSeR5daBvXnAyF114esz2r1Zs4OZbHuuRbTcnn79CCNF7+kXAARJy9IbCohKqq+tI
TdBSbtH88ro/UTb+BKy6OqzaKrTkdLQYXx6VYcNvpFDg8FB0+HdgrB/b1pUsKljJK2sXc9zwTL43
ayKD01sWeEz1uEjXTHwlu7AU6JpO2OakEgc1g6ZRu3M5E7YWMGPsSJyOnl/9ojtVV9d16Mu56F7z
Pvici793RtS2WTMnMWvmJD7/Yk27+jpq+gSmTB4bs/3LL9e1+Lto1162bSti9OjoX5DPPfv4Nr9g
zz51RsyAxjQtFi7q3zWQxowZFvPX+4KCPd0aGhQWlVC0ay9Dh+S0atO0yIieRx6bG7ePF567Jerw
9lVfb+bbF17fbfsKsGbtFmbNnBS17ZsXnNyhgMPr9fTYBW1XvT/vs5gBR3Kyhz9c/2Ouuvr2dvU1
6fDRfPOCk2O27y2t5K23F7W6PVHHRqK2k8jzqrnDxo/gr3+6LOb0lrKyKq77w709su0DyeevEEL0
nn5VYOCe+17k3vtfjNrWFHKcNntmgvfq4LZm7ZaEb9M0TXYW7uKXd/yXz0JpqKPOxDHjDMwtq7DK
4/+6pICQZiPgSSOYlkP9YcdResKl5J95DS/s0XjsqwI2ltYSbiwAVucPkOR0cMyYwUwclA5KoZQC
wFIQUBr5ny/i/c++os7v7+mn3u164/0T+z37v3cJm9ELwem6xq3/uIoB2elt9pOaksyNN1yBYUT/
yFZK8fqbn7S6ffmKDTH7PPec49ssdvrjH50Ts23T5p3s2VMe9/F9gcsVe8WOzBgXDxCZxx/PyBG5
dHTm2qpVm2O2nXjCtLiPPe/cE2LO3e/IspNN4r0uAJ9+tjpm2/Rph/HTH5/Xru1MOGwk77x5D5fG
OZZ607P/e5eKiuqY7WeecTTXXfPDNvsZNmwg9959LW53lFGGjV59bUHMwpCJOjYSsZ1En1cAbreT
O277TcwfZMKmyQ03PczOnbs73nknyeevEEL0jn4VcICEHIm26uvYX4a6WygUYnP+Fu56+HH+/Nbn
vO8aR/2RZ0H6IIzBo1BuLyocQlmxK4crBWhaY60ODc3jRWUOJpSSTcXwabyXOYP/bgmwviRS5M1l
tzMw3cv43EzGpDtJDtURiUlAmWECW1bj86SzdMUalq9aQ31D3/wVMpZEvn+itU2bd/Lxx8tjtg8b
NpBX5tzBOd84PuZ9Tj9tFnNevC3mr8wAn3+xJmqY9cyz7xAKhaM+JiMjlbvu/G3MJWuvv/ZHHD1r
csxtvvLagphtieYPxK7pcOTU8THbqmvqYrYNzh3AccceEbVt6JAc7vnPtR2uzfPCS/P2BagHmjlj
YswQYMJhI+MWl121KvovwZ19XQCe+997cS/8r7vmh/ziim/H7eMHF5/Jk4/9jcG52fzx+h9z3rkn
xL1/b6iqquWpZ96Je59fXPFtnnj0Bg6fOKpVm9Pp4AcXn8krL97OsKEDY/axe3cZjz72esz2RB0b
idhOos8rgJv/9nMmHDYyZvuTT77ZqYKxXXGofP4KIURf02+mqDTXnukq/3ftXbzz7pJE79pBZ/lX
sX+B6C7hcJhdxbv5cOkXfLS9jO1JQymypxNIzwZNQ9cNNM3APu5Iwru2oTk9GJkxvkjuCzdaCm1b
g5E3marUTFbs9TKobDNJznpGZSRhM3SyU5IYGVQkl26jLndy5BckM0wwfyWuGWey8f2neOqTVewo
2sUZx85k6JDBGHHmWfcViXj/RHw33/IYU48YR1ZWWtT2wbnZ3HPXNfzx+h+Tv6WQysoadF0jLc3L
6FFDGTgw/q98wWCI2+98Jmrbps07+Xjhck4/bVbU9lkzJ/HW3Lt4/4PPyM8vIBAIMWTIAE49ZUbc
In3FxaW8+FLfqcFQU1MPg6O3/eD7Z5GTk8nGTTswDJ3kZA+33PoEAOvXb4s5T94wdO647Wruve9F
3nlvCbW1DQwfPohvXXAyF114GtlZ8UfeRFvq8otla1m1ajNTp45r1aZpGn/902WcfOJ0lixdyZ6S
CpI8LqZOHcdZZxxDcowikIFAkDfeaj3tATr/ukDkIvWFlz7gqiu/G/XxDoed6675Id88/yQWLlrB
li2F+PwBsjLTyMvL5ZijpzByRO6++9vtNm65+ZdUVdWxaHHrOhS96YGH5nDySdOYekTr96XJiScc
yQnHTyU/v5Dde8rw+QKkp6cwdszQmKt1NDFNi9v/9XTcC/9EHRuJ2E6iz6uLv3dG3KlBYdNk6tTx
vPT8rXH7bm7b9l388c/3t/v+0Rwqn79CCNHX9MuAA9oOOe656xoACTm66Itla7EsC72Hlkstr6jg
069W8tH67azVslhvG4aWOZpgs8FFTUXRjLRsrPISzOoyNJcHPanll0pF9HDDaqhF+evRvWloHi9V
g8axZFMxebtLGOC24XU7cTvs5Nh8pO8tYk/uZFQ4TKikEDQNW85wanQnyyrDlFW62f7RCiZmrmfS
6BGMHj6M5KS+tQJCE8tSfLFsbW/vxiGvuLiU2+54ijtv/03cXyYHDsxsM8yI5uFHX4s7FenWO57i
yKnjYwYsubnZ7Z5uAJGLtX/e9mSLZR1729atRTF/vbXbbZx15jGcdeYxADT4/Psu5LfvKGbd+q0x
l/XMGZDBLX//JX+/6UqCwVCb0zqaizVU/rY7n+LZp27GEaWej6ZpHH/cERx/XPRfuKN5cc6HMZcb
7uzr0uTe+1/kmKMnx73wHz16aMw6AwfyeFzcdedvOeeC/+tzw+uvuf5uXnj2H3GnDWiaxtixwxg7
dliH+n7y6bd46+22V+1I1LHR09tJ5Hk1etQQfn/tpXE/W22GwfQ4BZqjcXdgn+I5FD5/hRCir+l3
U1SaizddRdM07rnrGr5x9nEJ3quDSzAYYsnSr7u93+0FRcx5+33uf30+T2+q4o2GDDanjiGUO7ZF
uAGRgKNpRK0xcBiqtgpzbxEq1Pwf+OjhBkCoYCO23Dw0ZySICDmTKMwYxVu7fHyyYTu1vgC6ppGs
mWSYkWXXVNBHYMMy9PQcQMMYNpa6QJBt7sG85UtnTmGAZzZX8tjKQp5bupr3P13O2o2bqayOPaQ7
0ZYsXUUwGOrt3RDA3DcW8uBDL8ccGt5ZL738IXff+0Lc+xQU7OHv/3w8Zi2Qjr/5RvcAACAASURB
VHpxzjzem/dpt/TVXT7pwoiAhx5+tc33Rde1Dl2EQWRkTjTLv9rAk0+/1aG+YtmwcQf//s9zMdu7
8roAhMMm11x/NyV7K7rUT3MLF63oc+EGRFaO+eWvb4+7vGdnvPTyh9x6+5Ptum+ijo1EbCdR59Xw
YYPwevvmjwxwaHz+CiFEX9OvAw6QkCMRPunGSt2Fu4qZ++77/PeFV3lk4UqeLwyx0j0C/7DJ+IwY
xdmaFf7Uk1LQUzII7y0iXFLQrm2apcXoGTlo9v1fpAIDRvJV6mG8uivIih3FhE0Tu2aRrIVQ4RBm
VRlWfQ1WRQnh3dtx5E0iULyDBp+P6uw8tmYdxvxABk8VhHhocx0Pba7lkXVlPLl8G88vXcW7S5eT
v217l1+vrujO90103V33PM8d/3qmW0KnsGny6OOv86e/PNCu+7/9zmL+8teH8Pu79qvfCy/O44Yb
H+5SHz1h7usfs6mTSybO++Aznurgcr0QCV5raupjtscb1XDHv57hfy+81+FtNpefX8DPfv536ut9
Me/Tldelyc6du/nJZTexdVtRl/pRSvHiSx9w7fV3d6mfnrTq681c+pO/dcsqH+FwmPsfnNPuc7RJ
oo6Nnt5Ob5xXfdXB/vkrhBB9jZGeOf7G3t6Jrvpi2Vo0DWbOOLxVm6ZpnHnG0Wzdtov8/PZdEIuW
ysur+fGl53apj4KiXSxatoK3v1jFnBVb+KwiTNnAw6gfPIGg3Y1d19C1yMol0UWmqWiahp7kRfnq
sOqqwbCh2V3Rl45VCrOqFMJhbFmD0IxmM7IMG1bqAGpCClW1l4G2MLpSbKlXrLcNIFCwGceQMaiA
n3DRFrTkFPwbv8Q+4nCM1AwCugOfZqfBcFHtSKXEkc7WoIM1ZQ18VVTBmpJq9tSFKCsvp2ZPEd5k
Lw6no1PF0zrrbzc9HPeLoki8r1ZsZPlXGxg/bjgDBmR0qo8tWwr5y98e4pln4xdGPND6DdvYtGkH
EybkkdFGzYADVVXXcf+DL3HHv6LX+mhyzNGTOWr6hKhtBYV7eP2NhXEf/91vzyY3xsiHZV+ui7uk
7spVmzj1lBkkJ7njbiMUDvPQf19pcduixStxOGwcMWVszJVqmgubJvfc+yLFxaVMmhR9GL6macx5
+cOYfXy88Cssy+LwiaNwOtu//LRSijfe+oSrrr6dioqaNu/fldelSXl5Ne/N+5Tc3GzyRuZ2eMpi
yd4Kbr7lMe5/cE7U9imTx3DSidFX8KiqquWZ5zp2rHdFeUU1r879CIfDzvhxw6NO42jLuvXb+P0f
74v7/seTqGOjp7eTiPMqb+Rgzj2n+4vXlpZW8sIBdS5+fvm3Yo44eevtxWzfEXuVt0R8/gohhIg4
KAIOiB9yACxZsop167cleK8ODjU19Rw9axKDBw/o0ONCoRDFe/awdlcp767ZxhOfrGLh3hBVw4+E
MdMJerMJomOpSLBh1yPTTKxYHWoaoKHZbOjpAyAcwirfjTJDaDYHmv2AESBKEdi0AsfICehuD+qA
AqSa3YGZkk1tWFG2cyt1pXuoNzW2NUBDbS2e6bOxDR5FqGAz5p6dmGXF2HLzMDJy0GwtvwwqNEzD
TsDppS4pizJPDpv8BotXb6KosJCyXQWEfQ0kezw4nU70Hg46ln25jieeerNHtyE6Z9euvbzw0gfs
2FmMx+0kOzsduz1+OaTKyhqWf7WBf//nOW646WG2bdvVqW1v31HMs/97F5/PT0pKEpmZqTEvVpVS
FBTs4e13l/Dba+5i4SdtjwjqzYCjtKyK9+Z9yoDsdIYNGxRzOcrq6joee6L1ahaffraa5V9tICsz
jSGDs6O+LmHT5MvlG/jDn+5j7hsfY5oWF5x3YtTtDBiQwXvzPo17Abjsy3W88+4SPEluUlOTSUlJ
innfhgY/nyxewd9ueoTHn3yj3SOBuvq6NN/+e+9/yqLFK/Eme0hNTY4bmiil2L6jmOdfeJ9rrrub
lTFWeoG+FXBAZKnyJUtXMfeNhVimRWqql/R0b9yAuqHBz2efr+bu+17gxpsfoaBwT5f2IRHHRiK2
09PnVX8JOKDnP3+FEEJEaHljz+/eSeG97De//l6rwqM33vwIz/7v3V7ao4PDJd8/i5v+9vM276eU
or6hgW07C9heVs3akhoW7/FR5MyiwZ1GAzZ0TcOhawRNRaDZkA1D03DbdRQafjPaYalhGFpj0BFZ
xtXcW0h4byGaMwlbVi5GRg7oBiiF1VCL/8sPcR/7jX3hh4IWIYcCHL4a1NrFuFd+wEivjR1JQ6g4
8hwcw8ajaRpmXQ2BtZ/iW/4hzolH4552CkZK+35911C4/NVUfPgixw5J4/TJY5gxLo+xeSNI8Sb3
WPHWv930MM8937XhxyIxnE4HM2ccztgxQ8nKSsflchAMhqiurqe6upZ1G7axcmXsi8OuGJCdzrHH
HkHOgAzS0rw47DYqKmuoqKhh1debWL+hd6dZdVZWVhrHHzeVUXmDSUpyE/AHqaquY8PG7Sz99GvC
4fjz4bOy0jj5xOkMHZqD1+uhvt5HSUkFHy9cTtGuvT2230dMGcvhE0eRnp5CepqXUNikurqWzfkF
LF6yqsuFBbv6uhxo6hHjOHziKNLSvKSlJqPpOvX1PoqKSvhq5Ua2bCns0v72JUOH5DB9+gSGDxuI
N9mDzW7D5wtQXl7F5vwCPv9ibY8WfuzpYyMR2+mt86qvOlg/f4UQorcddAEHtAw5br39SR574o1e
3qP+L8WbxFfLnou67BtEgg1/IEDx3jLW7SrlhXmfsLi4FseRp1DrSsPEINluoICAaWGqxrKg2v4C
ohAZxZHpMqgOQTDKfBVDj4ziUJrWlHNgVpYQ3LIa5avDnjcJe24eyrIIbl2NqqvCOeX4ViMuWu48
qFAAq2AD4c/fQjXU4vzpP9Htjn3TYgB8yxeApuEYOxXDG38pu2iSG8qpWPoOszwBvn/SDE49bhbZ
WVkd7qctlqWYNuMSampleooQQgghhBDi0HHQTFFprmm6ytJPV/Pwo6/19u4cFALBEIMHZzNxQl7r
tkCAXXtKWJG/g2fnf8pz6/eyZfjRNAybhM/mRjWOmQhaCo9Nx65rkYBDUxhNozEa+7IU+MKKNIdO
0Np/exOlQFM0/p/IfFzdnYwtcxDKX09g3ecYWbmgLAJrluCcPhvN4Ypf+0IDzbChZwxEGziKcEM9
enIaujc9UhNEi9T/sOfmYc8die6MP5c9lqDdgzFqCsWVNax49zXGD85h9Ki8bq/L8cprC3jnvaXd
2qcQQgghhBBC9HXxJ373Y/fcF31lFdF5c16ez3e/PXvf30opGnw+VqxZzxPvLGBhjR1rzAxCvnwM
v48kt0E9BvsHPSuqg2GyXDZsDp3qoImmgcvQ8YWsfWGGqRSlvjBeh4HPal141EKB1VSSQ4Gmobk8
OMbPwMgaTGDVIvScISjAcHn2TWlpDyNzEI6pJxNc9xm2gcPRdAPLAk1X3RZEuI44icLVS1i/bSez
KivJzMzsln6bzHl5frf2J4QQQgghhBD9Qb9fJlYkzoqVG1mydNW+v+vr63nlrff4xX3PsSD7aCon
nUG1K52GvGlUFhfSsGcnbiuIccA4jDK/Sdi0SLbpkTocYQu7ESkA2hQhKKAmaOLWIcasGJRSWJbC
Mi0sS4FhYMsZhuf489EU2McdhepoKGEY6C43ygpj1ZRD4z45UGgoWo8p6biA0kg/8kQ+27iVdevX
d7m/5pYsXcWKlRu7tU8hhBBCCCGE6A8k4BAd0rya/YcLFvDA/C+oPvZiajzNRiHoBrbhE/DbklCF
G0iyAhgtcgZFTcikIWxi18FUYFrgses4W96xzZBjX4+WhRU2sUwFTg/OycdjGzoWy7Ra1PhoD92b
gWfGmTj27F91x28pPO3Yj/Zy2w2+/GIZ+flbuqfDRolebUAIIYQQQggh+goJOESHLPjoS5Z9uY7C
wiJWFJRS6Myh3hF9WTk9NYva7NEk791GptWA/YB0IGQpLKWw6ZFpKf6wwtA1XAeEHLVBE5fOASFJ
DMpCsyyUZe4bDWJZZqtpLnHpOkaSF9eAXKz6apoSktqQhVOj1YiUJilGHYd7tjDevaPNTQSVTr3P
x44d2yktLe3AzsW27Mt1LPjoy27pSwghhBBCCCH6m4OyyKjoWRUVNWRnOXhjcwkVo4/G7nRHXfEE
TQPDhomGK1iPzeEkrNtahA2WAqehkezQ8YUVYUthoe0rRNokbKnG4EPDamP/9j8ssgKKhtZYnZR2
19FQuoFpOPCuX0xo4CjQIllgWCm0YBBtez6sX42+qwAMgykDS7h28HP8JvclzslczEzvOvYGM9gV
HBC1f3tlMfUFm8h02Zg0fiyDBg1q137F87ebH2HHjuIu9yOEEEIIIYQQ/ZEEHKLDduwoxvI4+ajS
pD53PJoGyQ4Dvxk95DBtTpw1JdjsdgynCxP9gJAjslSsy9D2rZyiDgg5FJFwwWFEAou2Qo6mbR8w
MwaUaixO2o6gQ4GrZjcNrhQ0hwu0SBUOY9F8jE8Xom/ZiL5zG9rWfEazhdljdzIwqZbSUDpDnSUc
nbKG4mA2OwK5rbp2+KoxLBNbfSWHjxjCuHFj2/OMYpr/0TLue+ClLvUhhBBCCCGEEP2ZBByiU0rL
a/FNOwa/Jx1TKUwFdg1sWsuRFwBK0wk6POhlRQQwMFwedK1leGESCTl0XcNS+0MOm67tq6GhiIz4
0LSmDTQuMdv4p90Ar0NvnPISO8AwNK19AYemEbK78ZRsIZw2CHQDbXcRxrKlUFuNe9IUtOF5JJul
mAWFLN+QxIKGY3hV+x6r68dwSupypns38GHVTHyWC5rFLdreAlwOJ6qimCnDcpgyZUrb+xPH/11z
F3tLK7vUhxBCCCGEEEL0Z1KDQ3RK9d5K2FYIREKHoGlFpm9o0etThO1uar05GGE/+OvQNXA0q8mh
VGQaimVFanJE+o0EJ6kOIxJKEKnVEbIUSkUiEIVqXCpWYSpFQ8jCb6rGUSHR98VUCgOFWwdHvJxD
07FSskhyOfZNbdFLS9Dqa1FDR9AwcSrmjOM4/aKBXHhaJXWlPj5f6GPjdhef1k7h2dKzGOMq5KKs
D7Fr4ZZdh/zoaVmU1PopLy9vxyse22OPv87adVu71IcQQgghhBBC9HcScIhOcy39CKOqAmicQmIp
gpbCFiM0MD1pWGETZ8iPoSycuobXvv8QjIzQ2F94lMa//aYiya5j0/aP2LBUpK05S0HQitTxUDQL
QA4QCVMgaEZCECPekzQMalIHo9WWgxWGYDBSxDQji1BqBoHkFKxBg7FPmYw2fTqB9FyUYVBnelhS
cwQ2zWRa8gYM7YBJNZpBwJ1KraURCATj7UFcOwt2c+ddz3b68UIIIYQQQghxsJCAQ3SaMi2SPn5/
/99EQg5Tqegrnug6fncahALgq8FvRgpueAxt3/0VYDaO0GgKOfymRdCM1N8w9oUckSktsUZp7N+p
aBFHJBwJWZH/JW7IoeFPzsTTUIFumaikZJTNhlZVCQ0NmAqWVk/ktcD57B5zKtbUGZCShoFJmlEH
gNsItOyxrpKA4cDnSMJyJaM5nPGfQxy33vYU4bDZ6ccLIYQQQgghxMHC1ts7IPo355YNuFd8ju/I
WftuM5VCg33Lwoat/SubmK5k/LUNuEJ+LIcHH3YMLZK02Q1tX6HScONUFZseKRQaMBV2PVJ4FCuy
DZRC1/TGeh5RRmoQqXqhoVBKi1p2I1LsVOHQwaHr+KIUStVsDlR9NcpXh8oagPIkoxfuQC/agZme
wU4GUKgNQHdp2N0mg5ylnJi6khNTVqDQqAkntQhZQoX5mIBh2NHsDrA5Ovy6Azz97Dt8uOCLTj1W
CCGEEEIIIQ42EnCILkte8A6h3GGEB+5fLSSsFLoCiIzOMNX+kCPg9OIMVOLwVRPwZBKyIsVJbbDv
vrA/5LAbOhoQsqKEHI3FSWOJ5BeNK6cQfe6MpcC0wNAiwUy07hrc6egl27EGjsEaNhK9bC+21SvQ
qypRbjc4nKjcIbhH5jAlKZ8rBs5lmLOE2rCH5bUTsNT+wVL+nRsxho7FZnei2Z1onQg41qzdws3/
eLTDjxNCCCGEEEKIg5VMURHdwvvBGxyYNAQtRcC0UEqha/vjBdPhpgEbZiiEQ0WmV4SVwmdaaLCv
1gZEQo6wpTB0sOmRkMNSkdEhhqbtn84Sp1hoyzVXogtZkQKlNI4+OZCZMxJXTQla2I85YTLmhMlo
VeXYlizA/sFb2Oa/g75uNWGLxpDEYGPDcF4rP4n51TMJq8gkGCsYwKwpR3NEwg3DnYThdMV7aVux
LIu/3PBQhx4jhBBCCCGEEAc7GcEhuoWtpBjve3OpPftbLW7XtEjQ4TA0DD0ylUQpMJPS0cINuEIN
mE4vwUi2gInCHVnnlXBjMhE0LZqyOJuuEVYKGxpOQyPUOP3FaByhEY4xnMNqrAuioUUdoQGNRU4b
wxRN02heFlSzO7ClZGDz1RDKGkp45nGo1DT0ogK02mqwLJTLRYPlZEXtGB7bcx51ppNPqqdTHk7b
149ZW4GeNQQ9OR10HY/bhcvZsRocv//TfbJqihBCCCGEEEIcQAIO0W1c61ZipmfQcPRJLW6PhBwW
TkPH1RhKhLETtDSSCZFsQC1apOAnkREKRmQWSmONjKaQQ8NtgMumN9bq0PDYdBrCFiFT4bJpaApC
ByxY0qSp+KmhaZGVWKLcp6nIqV2P7Hjz+wQzhmAr3IDpScXMHkg4eyBabQ3a3t0QCqGyc1BKZ6c/
hyd3n4kGOG0aDh2CjR2ZdbUYuXnoyakAeN1Oklz2dr/G9z84h9fmftzu+wshhBBCCCHEoUKmqIhu
lbRkAa41K1rdHikUauHQNRyNxUcbDBflpo2AP4DHiBQTtRT4zMjSsDqgt5gvovCZCrehkebQ963Y
kmzXsZQiEI4sPRtPU8hh02NPWVFEpqwYqnEfGm+vc6VilRVDfTWoSGKhvClYo8ZhjT8clZndqp9A
WOHWI31Y4TBmRQnh3dtQ/noAbGYYw2rfKigvvzKf/9zzfLvuK4QQQgghhBCHGgk4RLfzvj8XZ/6G
VrdrQGUgTH0oHFne1WYnbJrUVJZTEzSxN46uaBKyFA5N27eSSoSixBfC0CDNodMQVtSFFC5Dx1SK
moCJsqLX0WjiNyPhhEM/MEDZTxGZWmNrrO+hA4bHi5GVC4F6CPja9VoooCJgooV8hEp2Ely3FFty
Kpo7GYDU5CSS3e42+/lg/uf84c/3t2ubQgghhBBCCHEokoBD9IiU15/HuSM/alvj2ieR/1FgmQoz
HEYpSHfoLUIHn2mRYtextwg5YHdDiOqgiVOPFCINWeA2Io9VShE2Law4y6v4TQtdA9cB/R64n35L
4Q9b+5aydY+egru+HL2+qv0vhrKo27ySho9fwjH1RByHH4Pu8QJQU1FGfU38vhYtXsmVV93W/u0J
IYQQQgghxCFIAg7RY1JefY5YIUcTVVeJuSsfq2ovQcuiKmCS47K1CB3K/WGSG0OO5vymhakUbhuE
LYuwUmQ4DTQap59YCsuy0LXoIUZ92CKsItNmYlYebRRoDDnKkwZg1lSg++vafgEAlMJqqKPq0T9j
HzUF54iJ6M79IzZ2FO+huLQs5sMXLV7J5b/4R/u2JYQQQgghhBCHMAk4RM+xLFJefibqdJUmRlYu
GhaBj1/C8jcQshQlDSEyHHqLzKHcH8ahgV1rGVUEzMjyK+lOg4CpqApapDqM/XdQEDJN7Hqk2OmB
/KYiaJnoumor4yAQtiJTVdIHoLk8bT59ADQN3ePFOek4NLuTAyfPGGkDCNg9+P3+Vg/9YP7n/ORn
NxEOt69GhxBCCCGEEEIcyiTgED0u5fXnoxYeBcDmwDZ+JrYRE/E9dSOWvx5TRepW2IgsHdukLmxh
12k1kqMhbFEXCpNk0whbivqwRY57f8ihKfCHLDy6hi1KymEqcOgaaXaNOLNaAAiZFlVZo1D+eoz6
yva9AJqG7kpuTFhabiBz3GQCrhT2lJS0uP3lV+bLtBQhhBBCCCGE6AAJOERCeN+fi+ezhQfcGgkb
NKcLPS0bq2ovvidvwKqvxlKR5VpRFm5Do2kWic+0sGnsW4kFGguCmoqgae0LOcoDFk6jZZhRHzJx
RQlIaOw3YCnSHW2HHHraAPS0AWh2Z7ueu1KKcMlOME0OXLtFzx7C3iCU7NkfcNz/4BwpKCqEEEII
IYQQHSQBh0iYpCUL8L77Gq0TBA0VCqIaasGyaHjiL4S2ft041kHDH1bYtUjIYanGAqG0DjlCViTk
8DSGHCFL4TD219+wFNSHLNw6uA4IP1Rjv35Lke7U4k9X0Q2CTi8Opwtne84gBcoM0VRetbmgO5VS
X5iKqkosy+K6P9wjS8EKIYQQQgghRCcY6Znjb+ztnRCHDlvpHpxbNxHOGYyVnIIGqNpKzC2rINCA
8xuXo9kcBBfOQaGwDcpD6TqWUjRFFU2rsLgMDbuuE7L2hwZN/+m26QStyH3thrbvdkVkSopN09C0
/bfvb1OYVmQ2iQXEWmMlVJSPaZrYPMnomoYV5zkrpfB//g7O6aehp2Wh68a+gRyWpmMVbSa9poJ/
/+tFPlkUYyqPEEIIIYQQQoi4bL29A+LQYyspJv3Zh6g/9Rv4jjwaq7oUq2I3xrjpGEPGoqdlo3nT
sCpLUCpSljMSROwv0Wmi4TcVSTaNFLtOTSgSMTSN5ACLJJtOfVgRthQ2XSOsIsvShiyFIrK6ig4t
wglLQUApdC0SbqQ5NKqDrQuQ6tUlWIZO0ByA06ZjaBr+GClH03gQ3ZuOphst2hQae1dt5PEN8Veb
EUIIIYQQQggRnwQcotckLXgH+85tVA/LRdVXYz/iZNB1tJQM7FNOwiwrBt2IhBxapAhHU9CgEQkq
GsIWDkPDqWsEGodjNIUcmmbhsen4wgoL1ThqA8IqEnromsLQNQw0DlynxFKRYMJvKlIcGrUhtX8U
SDiE4a+HcBBTRep/uAzwGBoNB3TUPBrRDFuLpVy0ijLs77+BsVHCDSGEEEIIIYToKgk4RK9ybNnA
gG0bqUzSCeUMb7xVA7sTY9DIffdTSoG2f8KIapyyErQUpgJDo8VoDAUEzMhIDpeh4W8MHjQN9MbV
TCIDPRSGBobWOuRQRFZo0dDR2V9Bw6qrxOZwgtONCYQtRQCw62AQGV3SopMo/dqXfoxj/tsoU5aA
FUIIIYQQQojuIAGH6HXKUqTVmoRfeZaGY04hOHp8jDs2jodoGgXRGHKYjWGFTddw6JGpK00CTaMr
7JGRHKYVCThchk7YUgStSGxhQMxaGvVhC5umRdoV2Ct3gzcDy5ux7z4hS2EqhaFpGNoBIQdECqgq
C2PTOhyffIBeXBi/kKkQQgghhBBCiA6RgEP0GbaSYlLmPkcwbxy+GccTGjoi+h0bR3Ooxv/W0FBa
07SSyOoqwWbVQ/2mIklXeGxaJORQCqUiq7I0rcwCzUZyREkewkph0yIhirN2L/7sEShXcqRIauN9
IlmJwtDB0MFUkX3UAIdlw/36HGzbt3TXyyWEEEIIIYQQohkJOESf49i2Cce2TQRHjcd35CxCI0a3
vlPjUrNK01qM5PCbCpehtwo56kMWXoeOTdfQLLWvXoeOBtr+6So2PXJbtJEcYUuhY4IZBt3AMAx0
LbIqS9OmrMZ9sylQFhjbNuFYtpgkMx0k3BBCCCGEEEKIHiMBh+izHFs34ti6EWvwMBomTcN/+JEt
inQCjdNWIuMompZ99ZsWbpsO6ASt/VFFbdDCrkeWljUbV1OxGqeeNNXkaFpxBYgacph1VQRcXkyH
G0OLbHNffY6mkMNSqJXL8Kz8Aq1wR7e/LkIIIYQQQgghWtPyxp4vpQBEv2C43ZgTp1A9+vAo01c0
NJ3IaitEpp4k2w3qwxaolmHFgSGH1lg3w1JgNi5Lazd0wk3zS5pJ2bECy5WEP3MYpsMT2S8tsl1t
+1aSNq6G1V9h+nw99CoIIYQQQgghhIhGAg7RL9kyMrDGHEbV0NEER4zeN7JD0zTQmoIOhUPX0ND3
FSJtOtjtuo5NB6U0wioSiNg0jYBl7Ztugqah6xp2XSNsRQqcej6fS/LEmdSmD8EftrBt20zK9k2w
aR2h8vJeeCWEEEIIIYQQQoAEHOJgYNiw5eWhhoygIiuX8MDB4PY0CzrAY9MIWPtrZTRJthsYmkZd
ODJyw6ZrhFqEHJDjsVEdVJg11djef4asjFxCZZUEtm5BhcMJfapCCCGEEEIIIaKTgEMcnNIy0AYM
gIxsGrypkJJGONmL5U5COV3gcKAMG2gaSYaOHZPaOj9GMIDD30Cophq9pgpPbRWqvBSjbC/hChmh
IYQQQgghhBB9lRQZFQenqgpUVQWwEXc7H5LS7L/tjf+/qXaHjNMQQgghhBBCiL5N7+0dEEIIIYQQ
QgghhOgqCTiEEEIIIYQQQgjR70nAIYQQQgghhBBCiH5PAg4hhBBCCCGEEEL0exJwCCGEEEIIIYQQ
ot+TgEMIIYQQQgghhBD9ngQcQgghhBBCCCGE6Pck4BBCCCGEEEIIIUS/JwGHEEIIIYQQQggh+j0J
OIQQQgghhBBCCNHvScAhhBBCCCGEEEKIfk8CDiGEEEIIIYQQQvR7EnAIIYQQQgghhBCi35OAQwgh
hBBCCCGEEP2eBBxCCCGEEEIIIYTo9yTgEEIIIYQQQgghRL8nAYcQQgghhBBCCCH6PQk4hBBCCCGE
EEII0e9JwCGEEEIIIYQQQoh+TwIOIYQQQgghhBBC9HsScAghhBBCCCGEEKLfk4BDCCGEEEIIIYQQ
/Z4EHEIIIYQQQgghhOj3JOAQQgghhBBCCCFEv6cppVRv74QQQgghhBBCCCFEV8gIDiGEEEIIIYQQ
QvR7EnAIIYQQQgghhBCi35OAQwghhBBCCCGEEP2eBBxCCCGEEEIIIYToVTNmSAAAIABJREFU9yTg
EEIIIYQQQgghRL8nAYcQQgghhBBCCCH6PQk4hBBCCCGEEEII0e9JwCGEEEIIIYQQQoh+TwIOIYQQ
QgghhBBC9HsScAgh/p8dOyABAAAAEPT/dTsCnSEAAMCe4AAAAAD2BAcAAACwJzgAAACAPcEBAAAA
7AkOAAAAYE9wAAAAAHuCAwAAANgTHAAAAMCe4AAAAAD2BAcAAACwJzgAAACAPcEBAAAA7AkOAAAA
YE9wAAAAAHuCAwAAANgTHAAAAMCe4AAAAAD2BAcAAACwJzgAAACAPcEBAAAA7AkOAAAAYE9wAAAA
AHuCAwAAANgTHAAAAMCe4AAAAAD2BAcAAACwJzgAAACAPcEBAAAA7AkOAAAAYE9wAAAAAHuCAwAA
ANgTHAAAAMCe4AAAAAD2BAcAAACwJzgAAACAPcEBAAAA7AkOAAAAYE9wAAAAAHuCAwAAANgTHAAA
AMCe4AAAAAD2BAcAAACwJzgAAACAPcEBAAAA7AkOAAAAYE9wAAAAAHuCAwAAANgTHAAAAMCe4AAA
AAD2BAcAAACwJzgAAACAPcEBAAAA7AkOAAAAYE9wAAAAAHuCAwAAANgTHAAAAMCe4AAAAAD2BAcA
AACwJzgAAACAPcEBAAAA7AkOAAAAYE9wAAAAAHuCAwAAANgTHAAAAMCe4AAAAAD2BAcAAACwJzgA
AACAPcEBAAAA7AkOAAAAYE9wAAAAAHuCAwAAANgTHAAAAMCe4AAAAAD2BAcAAACwJzgAAACAPcEB
AAAA7AkOAAAAYE9wAAAAAHuCAwAAANgTHAAAAMCe4AAAAAD2BAcAAACwJzgAAACAPcEBAAAA7AkO
AAAAYE9wAAAAAHuCAwAAANgTHAAAAMCe4AAAAAD2BAcAAACwJzgAAACAPcEBAAAA7AkOAAAAYE9w
AAAAAHuCAwAAANgTHAAAAMCe4AAAAAD2BAcAAACwJzgAAACAPcEBAAAA7AkOAAAAYE9wAAAAAHuC
AwAAANgTHAAAAMCe4AAAAAD2BAcAAACwJzgAAACAPcEBAAAA7AkOAAAAYE9wAAAAAHuCAwAAANgT
HAAAAMCe4AAAAAD2BAcAAACwJzgAAACAPcEBAAAA7AkOAAAAYE9wAAAAAHuCAwAAANgTHAAAAMCe
4AAAAAD2BAcAAACwJzgAAACAPcEBAAAA7AkOAAAAYE9wAAAAAHuCAwAAANgTHAAAAMCe4AAAAAD2
BAcAAACwJzgAAACAPcEBAAAA7AkOAAAAYE9wAAAAAHuCAwAAANgTHAAAAMCe4AAAAAD2BAcAAACw
JzgAAACAPcEBAAAA7AkOAAAAYE9wAAAAAHuCAwAAANgTHAAAAMCe4AAAAAD2BAcAAACwJzgAAACA
PcEBAAAA7AkOAAAAYE9wAAAAAHuCAwAAANgTHAAAAMCe4AAAAAD2BAcAAACwJzgAAACAPcEBAAAA
7AkOAAAAYE9wAAAAAHuCAwAAANgTHAAAAMCe4AAAAAD2BAcAAACwJzgAAACAPcEBAAAA7AkOAAAA
YE9wAAAAAHuCAwAAANgTHAAAAMCe4AAAAAD2BAcAAACwJzgAAACAPcEBAAAA7AkOAAAAYE9wAAAA
AHuCAwAAANgTHAAAAMCe4AAAAAD2BAcAAACwJzgAAACAPcEBAAAA7AkOAAAAYE9wAAAAAHuCAwAA
ANgTHAAAAMCe4AAAAAD2BAcAAACwJzgAAACAPcEBAAAA7AkOAAAAYE9wAAAAAHuCAwAAANgTHAAA
AMCe4AAAAAD2BAcAAACwJzgAAACAPcEBAAAA7AkOAAAAYE9wAAAAAHuCAwAAANgTHAAAAMCe4AAA
AAD2BAcAAACwJzgAAACAPcEBAAAA7AkOAAAAYE9wAAAAAHuCAwAAANgTHAAAAMCe4AAAAAD2BAcA
AACwJzgAAACAPcEBAAAA7AkOAAAAYE9wAAAAAHuCAwAAANgTHAAAAMCe4AAAAAD2BAcAAACwJzgA
AACAPcEBAAAA7AkOAAAAYE9wAAAAAHuCAwAAANgTHAAAAMCe4AAAAAD2BAcAAACwJzgAAACAPcEB
AAAA7AkOAAAAYE9wAAAAAHuCAwAAANgTHAAAAMCe4AAAAAD2BAcAAACwJzgAAACAPcEBAAAA7AkO
AAAAYE9wAAAAAHuCAwAAANgTHAAAAMCe4AAAAAD2BAcAAACwJzgAAACAPcEBAAAA7AkOAAAAYE9w
AAAAAHuCAwAAANgTHAAAAMCe4AAAAAD2BAcAAACwJzgAAACAPcEBAAAA7AkOAAAAYE9wAAAAAHuC
AwAAANgTHAAAAMCe4AAAAAD2BAcAAACwJzgAAACAPcEBAAAA7AkOAAAAYE9wAAAAAHuCAwAAANgT
HAAAAMCe4AAAAAD2BAcAAACwJzgAAACAPcEBAAAA7AkOAAAAYE9wAAAAAHuCAwAAANgTHAAAAMCe
4AAAAAD2BAcAAACwJzgAAACAPcEBAAAA7AkOAAAAYE9wAAAAAHuCAwAAANgTHAAAAMCe4AAAAAD2
BAcAAACwJzgAAACAPcEBAAAA7AkOAAAAYE9wAAAAAHuCAwAAANgTHAAAAMCe4AAAAAD2BAcAAACw
JzgAAACAPcEBAAAA7AkOAAAAYE9wAAAAAHuCAwAAANgTHAAAAMCe4AAAAAD2BAcAAACwJzgAAACA
PcEBAAAA7AkOAAAAYE9wAAAAAHuCAwAAANgTHAAAAMCe4AAAAAD2BAcAAACwJzgAAACAPcEBAAAA
7AkOAAAAYE9wAAAAAHuCAwAAANgTHAAAAMCe4AAAAAD2BAcAAACwJzgAAACAPcEBAAAA7AkOAAAA
YE9wAAAAAHuCAwAAANgTHAAAAMCe4AAAAAD2BAcAAACwJzgAAACAPcEBAAAA7AkOAAAAYE9wAAAA
AHuCAwAAANgTHAAAAMCe4AAAAAD2BAcAAACwJzgAAACAPcEBAAAA7AkOAAAAYE9wAAAAAHuCAwAA
ANgTHAAAAMCe4AAAAAD2BAcAAACwJzgAAACAPcEBAAAA7AkOAAAAYE9wAAAAAHuCAwAAANgTHAAA
AMCe4AAAAAD2BAcAAACwJzgAAACAPcEBAAAA7AkOAAAAYE9wAAAAAHuCAwAAANgTHAAAAMCe4AAA
AAD2BAcAAACwJzgAAACAPcEBAAAA7AkOAAAAYE9wAAAAAHuCAwAAANgTHAAAAMCe4AAAAAD2BAcA
AACwJzgAAACAPcEBAAAA7AkOAAAAYE9wAAAAAHuCAwAAANgTHAAAAMCe4AAAAAD2BAcAAACwJzgA
AACAPcEBAAAA7AkOAAAAYE9wAAAAAHuCAwAAANgTHAAAAMCe4AAAAAD2BAcAAACwJzgAAACAPcEB
AAAA7AkOAAAAYE9wAAAAAHuCAwAAANgTHAAAAMCe4AAAAAD2BAcAAACwJzgAAACAPcEBAAAA7AkO
AAAAYE9wAAAAAHuCAwAAANgTHAAAAMCe4AAAAAD2BAcAAACwJzgAAACAPcEBAAAA7AkOAAAAYE9w
AAAAAHuCAwAAANgTHAAAAMCe4AAAAAD2BAcAAACwJzgAAACAPcEBAAAA7AkOAAAAYE9wAAAAAHuC
AwAAANgTHAAAAMCe4AAAAAD2BAcAAACwJzgAAACAPcEBAAAA7AkOAAAAYE9wAAAAAHuCAwAAANgT
HAAAAMCe4AAAAAD2BAcAAACwJzgAAACAPcEBAAAA7AkOAAAAYE9wAAAAAHuCAwAAANgTHAAAAMCe
4AAAAAD2BAcAAACwJzgAAACAPcEBAAAA7AkOAAAAYE9wAAAAAHuCAwAAANgTHAAAAMCe4AAAAAD2
BAcAAACwJzgAAACAPcEBAAAA7AkOAAAAYE9wAAAAAHuCAwAAANgTHAAAAMCe4AAAAAD2BAcAAACw
JzgAAACAPcEBAAAA7AkOAAAAYE9wAAAAAHuCAwAAANgTHAAAAMCe4AAAAAD2BAcAAACwJzgAAACA
PcEBAAAA7AkOAAAAYE9wAAAAAHuCAwAAANgTHAAAAMCe4AAAAAD2BAcAAACwJzgAAACAPcEBAAAA
7AkOAAAAYE9wAAAAAHuCAwAAANgTHAAAAMCe4AAAAAD2BAcAAACwJzgAAACAPcEBAAAA7AkOAAAA
YE9wAAAAAHuCAwAAANgTHAAAAMCe4AAAAAD2BAcAAACwJzgAAACAPcEBAAAA7AkOAAAAYE9wAAAA
AHuCAwAAANgTHAAAAMCe4AAAAAD2BAcAAACwJzgAAACAPcEBAAAA7AkOAAAAYE9wAAAAAHuCAwAA
ANgTHAAAAMCe4AAAAAD2BAcAAACwJzgAAACAPcEBAAAA7AkOAAAAYE9wAAAAAHuCAwAAANgTHAAA
AMCe4AAAAAD2BAcAAACwJzgAAACAPcEBAAAA7AkOAAAAYE9wAAAAAHuCAwAAANgTHAAAAMCe4AAA
AAD2BAcAAACwJzgAAACAPcEBAAAA7AkOAAAAYE9wAAAAAHuCAwAAANgTHAAAAMCe4AAAAAD2BAcA
AACwJzgAAACAPcEBAAAA7AkOAAAAYE9wAAAAAHuCAwAAANgTHAAAAMCe4AAAAAD2BAcAAACwJzgA
AACAPcEBAAAA7AkOAAAAYE9wAAAAAHuCAwAAANgTHAAAAMCe4AAAAAD2BAcAAACwJzgAAACAPcEB
AAAA7AkOAAAAYE9wAAAAAHuCAwAAANgTHAAAAMCe4AAAAAD2BAcAAACwJzgAAACAPcEBAAAA7AkO
AAAAYE9wAAAAAHuCAwAAANgTHAAAAMCe4AAAAAD2BAcAAACwJzgAAACAPcEBAAAA7AkOAAAAYE9w
AAAAAHuCAwAAANgTHAAAAMCe4AAAAAD2BAcAAACwJzgAAACAPcEBAAAA7AkOAAAAYE9wAAAAAHuC
AwAAANgTHAAAAMCe4AAAAAD2BAcAAACwJzgAAACAPcEBAAAA7AkOAAAAYE9wAAAAAHuCAwAAANgT
HAAAAMCe4AAAAAD2BAcAAACwJzgAAACAPcEBAAAA7AkOAAAAYE9wAAAAAHuCAwAAANgTHAAAAMCe
4AAAAAD2BAcAAACwJzgAAACAPcEBAAAA7AkOAAAAYE9wAAAAAHuCAwAAANgTHAAAAMCe4AAAAAD2
BAcAAACwJzgAAACAPcEBAAAA7AkOAAAAYE9wAAAAAHuCAwAAANgTHAAAAMCe4AAAAAD2BAcAAACw
JzgAAACAPcEBAAAA7AkOAAAAYE9wAAAAAHuCAwAAANgTHAAAAMCe4AAAAAD2BAcAAACwJzgAAACA
PcEBAAAA7AkOAAAAYE9wAAAAAHuCAwAAANgTHAAAAMCe4AAAAAD2BAcAAACwJzgAAACAPcEBAAAA
7AkOAAAAYE9wAAAAAHuCAwAAANgTHAAAAMCe4AAAAAD2BAcAAACwJzgAAACAPcEBAAAA7AkOAAAA
YE9wAAAAAHuCAwAAANgTHAAAAMCe4AAAAAD2BAcAAACwJzgAAACAPcEBAAAA7AkOAAAAYE9wAAAA
AHuCAwAAANgTHAAAAMCe4AAAAAD2BAcAAACwJzgAAACAPcEBAAAA7AkOAAAAYE9wAAAAAHuCAwAA
ANgTHAAAAMCe4AAAAAD2BAcAAACwJzgAAACAPcEBAAAA7AkOAAAAYE9wAAAAAHuCAwAAANgTHAAA
AMCe4AAAAAD2BAcAAACwJzgAAACAPcEBAAAA7AkOAAAAYE9wAAAAAHuCAwAAANgTHAAAAMCe4AAA
AAD2BAcAAACwJzgAAACAPcEBAAAA7AkOAAAAYE9wAAAAAHuCAwAAANgTHAAAAMCe4AAAAAD2BAcA
AACwJzgAAACAPcEBAAAA7AkOAAAAYE9wAAAAAHuCAwAAANgTHAAAAMCe4AAAAAD2BAcAAACwJzgA
AACAPcEBAAAA7AkOAAAAYE9wAAAAAHuCAwAAANgTHAAAAMCe4AAAAAD2BAcAAACwJzgAAACAPcEB
AAAA7AkOAAAAYE9wAAAAAHuCAwAAANgTHAAAAMCe4AAAAAD2BAcAAACwJzgAAACAPcEBAAAA7AkO
AAAAYE9wAAAAAHuCAwAAANgTHAAAAMCe4AAAAAD2BAcAAACwJzgAAACAPcEBAAAA7AkOAAAAYE9w
AAAAAHuCAwAAANgTHAAAAMCe4AAAAAD2BAcAAACwJzgAAACAPcEBAAAA7AkOAAAAYE9wAAAAAHuC
AwAAANgTHAAAAMCe4AAAAAD2BAcAAACwJzgAAACAPcEBAAAA7AkOAAAAYE9wAAAAAHuCAwAAANgT
HAAAAMCe4AAAAAD2BAcAAACwJzgAAACAPcEBAAAA7AkOAAAAYE9wAAAAAHuCAwAAANgTHAAAAMCe
4AAAAAD2BAcAAACwJzgAAACAPcEBAAAA7AkOAAAAYE9wAAAAAHuCAwAAANgTHAAAAMCe4AAAAAD2
BAcAAACwJzgAAACAPcEBAAAA7AkOAAAAYE9wAAAAAHuCAwAAANgTHAAAAMCe4AAAAAD2BAcAAACw
JzgAAACAPcEBAAAA7AkOAAAAYE9wAAAAAHuCAwAAANgTHAAAAMCe4AAAAAD2BAcAAACwJzgAAACA
PcEBAAAA7AkOAAAAYE9wAAAAAHuCAwAAANgTHAAAAMCe4AAAAAD2BAcAAACwJzgAAACAPcEBAAAA
7AkOAAAAYE9wAAAAAHuCAwAAANgTHAAAAMCe4AAAAAD2BAcAAACwJzgAAACAPcEBAAAA7AkOAAAA
YE9wAAAAAHuCAwAAANgTHAAAAMCe4AAAAAD2BAcAAACwJzgAAACAPcEBAAAA7AkOAAAAYE9wAAAA
AHuCAwAAANgTHAAAAMCe4AAAAAD2BAcAAACwJzgAAACAPcEBAAAA7AkOAAAAYE9wAAAAAHuCAwAA
ANgTHAAAAMCe4AAAAAD2BAcAAACwJzgAAACAPcEBAAAA7AkOAAAAYE9wAAAAAHuCAwAAANgTHAAA
AMCe4AAAAAD2BAcAAACwJzgAAACAPcEBAAAA7AkOAAAAYE9wAAAAAHuCAwAAANgTHAAAAMCe4AAA
AAD2BAcAAACwJzgAAACAPcEBAAAA7AkOAAAAYE9wAAAAAHuCAwAAANgTHAAAAMCe4AAAAAD2BAcA
AACwJzgAAACAPcEBAAAA7AkOAAAAYE9wAAAAAHuCAwAAANgTHAAAAMCe4AAAAAD2BAcAAACwJzgA
AACAPcEBAAAA7AkOAAAAYE9wAAAAAHuCAwAAANgTHAAAAMCe4AAAAAD2BAcAAACwJzgAAACAPcEB
AAAA7AkOAAAAYE9wAAAAAHuCAwAAANgTHAAAAMCe4AAAAAD2BAcAAACwJzgAAACAPcEBAAAA7AkO
AAAAYE9wAAAAAHuCAwAAANgTHAAAAMCe4AAAAAD2BAcAAACwJzgAAACAPcEBAAAA7AkOAAAAYE9w
AAAAAHuCAwAAANgTHAAAAMCe4AAAAAD2BAcAAACwJzgAAACAPcEBAAAA7AkOAAAAYE9wAAAAAHuC
AwAAANgTHAAAAMCe4AAAAAD2BAcAAACwJzgAAACAPcEBAAAA7AkOAAAAYE9wAAAAAHuCAwAAANgT
HAAAAMCe4AAAAAD2BAcAAACwJzgAAACAPcEBAAAA7AkOAAAAYE9wAAAAAHuCAwAAANgTHAAAAMCe
4AAAAAD2BAcAAACwJzgAAACAPcEBAAAA7AkOAAAAYE9wAAAAAHuCAwAAANgTHAAAAMCe4AAAAAD2
BAcAAACwJzgAAACAPcEBAAAA7AkOAAAAYE9wAAAAAHuCAwAAANgTHAAAAMCe4AAAAAD2BAcAAACw
JzgAAACAPcEBAAAA7AkOAAAAYE9wAAAAAHuCAwAAANgTHAAAAMCe4AAAAAD2BAcAAACwJzgAAACA
PcEBAAAA7AkOAAAAYE9wAAAAAHuCAwAAANgTHAAAAMCe4AAAAAD2BAcAAACwJzgAAACAPcEBAAAA
7AkOAAAAYE9wAAAAAHuCAwAAANgTHAAAAMCe4AAAAAD2BAcAAACwJzgAAACAPcEBAAAA7AkOAAAA
YE9wAAAAAHuCAwAAANgTHAAAAMCe4AAAAAD2BAcAAACwJzgAAACAPcEBAAAA7AkOAAAAYE9wAAAA
AHuCAwAAANgTHAAAAMCe4AAAAAD2BAcAAACwJzgAAACAPcEBAAAA7AkOAAAAYE9wAAAAAHuCAwAA
ANgTHAAAAMCe4AAAAAD2BAcAAACwJzgAAACAPcEBAAAA7AkOAAAAYE9wAAAAAHuCAwAAANgTHAAA
AMCe4AAAAAD2BAcAAACwJzgAAACAPcEBAAAA7AkOAAAAYE9wAAAAAHuCAwAAANgTHAAAAMCe4AAA
AAD2BAcAAACwJzgAAACA2LvzKKvKM9HDb1WhjAVCQFFAUQEVo+KEoogKqCAGUTEmXjsmdiYzj522
Td8MHZPYdtKd3IydOekMnTjEOOCIioCCqBgVFXBABQyUIiIUEKi6f7i0IbVPUUXVOVVv+zxrsRbs
75y9vy2c5Tq/2vvb6QkcAAAAQHoCBwAAAJCewAEAAACkJ3AAAAAA6QkcAAAAQHoCBwAAAJCewAEA
AACkJ3AAAAAA6QkcAAAAQHoCBwAAAJCewAEAAACkJ3AAAAAA6QkcAAAAQHoCBwAAAJCewAEAAACk
J3AAAAAA6QkcAAAAQHoCBwAAAJCewAEAAACkJ3AAAAAA6QkcAAAAQHoCBwAAAJCewAEAAACkJ3AA
AAAA6QkcAAAAQHoCBwAAAJCewAEAAACkJ3AAAAAA6QkcAAAAQHoCBwAAAJCewAEAAACkJ3AAAAAA
6QkcAAAAQHoCBwAAAJCewAEAAACkJ3AAAAAA6QkcAAAAQHoCBwAAAJCewAEAAACkJ3AAAAAA6Qkc
AAAAQHoCBwAAAJCewAEAAACkJ3AAAAAA6QkcAAAAQHoCBwAAAJCewAEAAACkJ3AAAAAA6QkcAAAA
QHoCBwAAAJCewAEAAACkJ3AAAAAA6QkcAAAAQHoCBwAAAJCewAEAAACkJ3AAAAAA6QkcAAAAQHoC
BwAAAJCewAEAAACkJ3AAAAAA6QkcAAAAQHoCBwAAAJCewAEAAACkJ3AAAAAA6QkcAAAAQHoCBwAA
AJCewAEAAACkJ3AAAAAA6QkcAAAAQHoCBwAAAJCewAEAAACkJ3AAAAAA6QkcAAAAQHoCBwAAAJCe
wAEAAACkJ3AAAAAA6QkcAAAAQHoCBwAAAJCewAEAAACkJ3AAAAAA6QkcAAAAQHoCBwAAAJCewAEA
AACkJ3AAAAAA6QkcAAAAQHoCBwAAAJCewAEAAACkJ3AAAAAA6QkcAAAAQHoCBwAAAJCewAEAAACk
J3AAAAAA6QkcAAAAQHoCBwAAAJCewAEAAACkJ3AAAAAA6QkcAAAAQHoCBwAAAJCewAEAAACkJ3AA
AAAA6QkcAAAAQHoCBwAAAJCewAEAAACkJ3AAAAAA6QkcAAAAQHoCBwAAAJCewAEAAACkJ3AAAAAA
6QkcAAAAQHoCBwAAAJCewAEAAACkJ3AAAAAA6QkcAAAAQHoCBwAAAJCewAEAAACkJ3AAAAAA6Qkc
AAAAQHoCBwAAAJCewAEAAACkJ3AAAAAA6QkcAAAAQHoCBwAAAJCewAEAAACkJ3AAAAAA6QkcAAAA
QHoCBwAAAJCewAEAAACkJ3AAAAAA6QkcAAAAQHoCBwAAAJCewAEAAACkJ3AAAAAA6QkcAAAAQHoC
BwAAAJCewAEAAACkJ3AAAAAA6QkcAAAAQHoCBwAAAJCewAEAAACkJ3AAAAAA6QkcAAAAQHoCBwAA
AJCewAEAAACkJ3AAAAAA6QkcAAAAQHoCBwAAAJCewAEAAACkJ3AAAAAA6QkcAAAAQHoCBwAAAJCe
wAEAAACkJ3AAAAAA6QkcAAAAQHoCBwAAAJCewAEAAACkJ3AAAAAA6QkcAAAAQHoCBwAAAJCewAEA
AACkJ3AAAAAA6QkcAAAAQHoCBwAAAJCewAEAAACkJ3AAAAAA6QkcAAAAQHoCBwAAAJCewAEAAACk
J3AAAAAA6QkcAAAAQHoCBwAAAJCewAEAAACkJ3AAAAAA6QkcAAAAQHoCBwAAAJCewAEAAACkJ3AA
AAAA6QkcAAAAQHoCBwAAAJCewAEAAACkJ3AAAAAA6QkcAAAAQHoCBwAAAJCewAEAAACkJ3AAAAAA
6QkcAAAAQHoCBwAAAJCewAEAAACkJ3AAAAAA6QkcAAAAQHoCBwAAAJCewAEAAACkJ3AAAAAA6Qkc
AAAAQHoCBwAAAJCewAEAAACkJ3AAAAAA6QkcAAAAQHoCBwAAAJCewAEAAACkJ3AAAAAA6QkcAAAA
QHoCBwAAAJCewAEAAACkJ3AAAAAA6QkcAAAAQHoCBwAAAJCewAEAAACkJ3AAAAAA6QkcAAAAQHoC
BwAAAJCewAEAAACkJ3AAAAAA6QkcAAAAQHoCBwAAAJCewAEAAACkJ3AAAAAA6QkcAAAAQHoCBwAA
AJCewAEAAACkJ3AAAAAA6QkcAAAAQHoCBwAAAJCewAEAAACkJ3AAAAAA6QkcAAAAQHoCBwAAAJCe
wAEAAACkJ3AAAAAA6QkcAAAAQHoCBwAAAJCewAEAAACkJ3AAAAAA6QkcAAAAQHoCBwAAAJCewAEA
AACkJ3AAAAAA6QkcAAAAQHoCBwAAAJCewAEAAACkJ3AAAAAA6QkcAAAAQHoCBwAAAJCewAEAAACk
J3AAAAAA6QkcAAAAQHoCBwAAAJCewAEAAACkJ3AAAAAA6QkcAAAAQHoCBwAAAJCewAEAAACkJ3AA
AAAA6QkcAAAAQHoCBwAAAJCewAEAAACkJ3AAAAAA6QkcAAAAQHoCBwAAAJCewAEAAACkJ3AAAAAA
6QkcAAAAQHoCBwAAAJCewAEAAACkJ3AAAAAA6QkcAAAAQHoCBwAAAJCewAEAAACkJ3AAAAAA6Qkc
AAAAQHoCBwAAAJCewAEAAACkJ3AAAAAA6QkcAAAAQHoCBwAAAJAY9xxcAAAgAElEQVSewAEAAACk
J3AAAAAA6QkcAAAAQHoCBwAAAJCewAEAAACkJ3AAAAAA6QkcAAAAQHoCBwAAAJCewAEAAACkJ3AA
AAAA6QkcAAAAQHoCBwAAAJCewAEAAACkJ3AAAAAA6QkcAAAAQHoCBwAAAJCewAEAAACkJ3AAAAAA
6QkcAAAAQHoCBwAAAJCewAEAAACkJ3AAAAAA6QkcAAAAQHoCBwAAAJCewAEAAACkJ3AAAAAA6Qkc
AAAAQHoCBwAAAJCewAEAAACkJ3AAAAAA6QkcAAAAQHoCBwAAAJCewAEAAACkJ3AAAAAA6QkcAAAA
QHoCBwAAAJCewAEAAACkJ3AAAAAA6QkcAAAAQHoCBwAAAJCewAEAAACkJ3AAAAAA6QkcAAAAQHoC
BwAAAJCewAEAAACkJ3AAAAAA6QkcAAAAQHoCBwAAAJCewAEAAACkJ3AAAAAA6QkcAAAAQHoCBwAA
AJCewAEAAACkJ3AAAAAA6QkcAAAAQHoCBwAAAJCewAEAAACkJ3AAAAAA6QkcAAAAQHoCBwAAAJCe
wAEAAACkJ3AAAAAA6QkcAAAAQHoCBwAAAJCewAEAAACkJ3AAAAAA6QkcAAAAQHoCBwAAAJCewAEA
AACkJ3AAAAAA6QkcAAAAQHoCBwAAAJCewAEAAACkJ3AAAAAA6QkcAAAAQHoCBwAAAJCewAEAAACk
J3AAAAAA6QkcAAAAQHoCBwAAAJCewAEAAACkJ3AAAAAA6QkcAAAAQHoCBwAAAJCewAEAAACkJ3AA
AAAA6QkcAAAAQHoCBwAAAJCewAEAAACkJ3AAAAAA6QkcAAAAQHoCBwAAAJCewAEAAACkJ3AAAAAA
6QkcAAAAQHoCBwAAAJCewAEAAACkJ3AAAAAA6QkcAAAAQHoCBwAAAJCewAEAAACkJ3AAAAAA6Qkc
AAAAQHoCBwAAAJCewAEAAACkJ3AAAAAA6QkcAAAAQHoCBwAAAJCewAEAAACkJ3AAAAAA6QkcAAAA
QHoCBwAAAJCewAEAAACkJ3AAAAAA6QkcAAAAQHoCBwAAAJCewAEAAACkJ3AAAAAA6QkcAAAAQHoC
BwAAAJCewAEAAACkJ3AAAAAA6QkcAAAAQHoCBwAAAJCewAEAAACkJ3AAAAAA6QkcAAAAQHoCBwAA
AJCewAEAAACkJ3AAAAAA6QkcAAAAQHoCBwAAAJCewAEAAACkJ3AAAAAA6QkcAAAAQHoCBwAAAJCe
wAEAAACkJ3AAAAAA6QkcAAAAQHoCBwAAAJCewAEAAACkJ3AAAAAA6QkcAAAAQHoCBwAAAJCewAEA
AACkJ3AAAAAA6QkcAAAAQHoCBwAAAJCewAEAAACkJ3AAAAAA6QkcAAAAQHoCBwAAAJCewAEAAACk
J3AAAAAA6QkcAAAAQHoCBwAAAJCewAEAAACkJ3AAAAAA6QkcAAAAQHoCBwAAAJCewAEAAACkJ3AA
AAAA6QkcAAAAQHoCBwAAAJCewAEAAACkJ3AAAAAA6QkcAAAAQHoCBwAAAJCewAEAAACkJ3AAAAAA
6QkcAAAAQHoCBwAAAJCewAEAAACkJ3AAAAAA6QkcAAAAQHoCBwAAAJCewAEAAACkJ3AAAAAA6Qkc
AAAAQHoCBwAAAJCewAEAAACkJ3AAAAAA6QkcAAAAQHoCBwAAAJCewAEAAACkJ3AAAAAA6QkcAAAA
QHoCBwAAAJCewAEAAACkJ3AAAAAA6QkcAAAAQHoCBwAAAJCewAEAAACkJ3AAAAAA6QkcAAAAQHoC
BwAAAJCewAEAAACkJ3AAAAAA6QkcAAAAQHoCBwAAAJCewAEAAACkJ3AAAAAA6QkcAAAAQHoCBwAA
AJCewAEAAACkJ3AAAAAA6QkcAAAAQHoCBwAAAJCewAEAAACkJ3AAAAAA6QkcAAAAQHoCBwAAAJCe
wAEAAACkJ3AAAAAA6QkcAAAAQHoCBwAAAJCewAEAAACk16WxsbGj5wAAAADQJq7gAAAAANITOAAA
AID03KICAAAApCdwAAAAAOkJHAAAAEB6XRobG+P1yNHS2FFVVVXOOQEAAABvYq3tE1VVVdFl69at
ZTsQAAAAQLls2ye6/O0GAAAAgEyqqqqiar8RZ6obAAAAQGrVHT0BAAAAgLYSOAAAAID0BA4AAAAg
PYEDAAAASE/gAAAAANITOAAAAID0BA4AAAAgPYEDAAAASE/gAAAAANITOAAAAID0BA4AAAAgPYED
AAAASE/gAAAAANITOAAAAID0BA4AAAAgPYEDAAAASE/gAAAAANITOAAAAID0BA4AAAAgPYEDAAAA
SE/gAAAAANITOAAAAID0BA4AAAAgPYEDAAAASE/gAAAAANITOAAAAID0BA4AAAAgPYEDAAAASE/g
AAAAANITOAAAAID0BA4AAAAgPYEDAAAASE/gAAAAANITOAAAAID0BA4AAAAgPYEDAAAASE/gAAAA
ANITOAAAAID0BA4AAAAgPYEDAAAASE/gAAAAANITOAAAAID0BA4AAAAgPYEDAAAASE/gAAAAANIT
OAAAAID0BA4AAAAgPYEDAAAASE/gAAAAANITOAAAAID0BA4AAAAgvS4dPQEA3jymTD4+evfpVTj2
0EOLY9FjT7d6n2OPHxVDhuxROPb883+Ju2cvbNF+evbsHqdOPCYOO2xEDB60e9TW9oya6urYUL8x
Vq16KR5/4pm4feZ98fQzK1o9xymnj43evXs22b5yZV3cedf9TbYPHrR7nHDC4S3ef8PWhli3bkO8
vHZdLF36XKxavabVc2yp5uY2b94j8dTTy8t27Nfts8+ecdyYQ5ts37B+Y1x73V1lP35r/35a4q5Z
D8SKFatLjnfEOffp3SsmThwdow4dEXvtNSB69eoRNdXVsX5Dfaxa9VI89vgzcfsd98WyZSvLcnwA
aC2BA4CKOe3UMTHl9LGFY3+6blZ88jPfbPU+P3/JRTF8+N6FY9/8j1/vMHDst++g+NAHp8fECcdE
bW2PZl/72c+8Kx544PH4yc+ujdtun9/iOX7y4+fHvkP3arJ99pyFhYFj5Mj94itfurjF+99WQ0Nj
rFi5Oh5+eGn88do747aZLZ9nSzQ3t0su/U5FAsd733NmnP/OSU22NzQ0xpKlz+5UKGuNtvz9lPL+
D17WbOCo5DmPGL53XPyB6TFh/NHRs2f3Zl/7uX+4MBYsWBQ/+skfC/8tA0AluUUFgIqZcdPckmNH
HzWy1fsbNmxIDBs2pHDsr3/dEtdce2ez73/fe8+Ka668Is6advIO40ZERJeamhh99MHxg+9eEt/9
9udit91qWz3ncquurorBg3aPyZOOix9+/5/iT1d/I44Z/daOnla7Gn/y0YXbq6ur4tzpEys8m8qo
1Dl/5ENvj6t+/68x9W3jdhg3Il77TBx7zCHx4x9+Pr71zU9Hn97FV2gBQCUIHABUzIyb58ZfVr1U
OLbnnv1b/UV80qljoqqqqnDs/gceb/Yn4pd/9aPxj5+9MHr12nHY+FtVVVUx6bQx8d+/+VrhlRmd
ycEH7x+/+OkX44LzJ3f0VNrFlNPHxsCBbyk5PmH86ArOpjIqdc7f+uan45MfPz969OjW6vdWVVXF
GVNOiN/++rIYMrj4ljEAKDeBA4CKmjOn9C0jp0w8plX7Om7MYSXHbrt9Xsmxr3zp4ph+zoRWHavI
sP0Hx3/+4NJOeSXHtnbZpUv88+ffG9OmntjRU2mzt51xQrPjg/YaEJNPO65Cs6mMSpzzv13+8Thj
SvPHaYkDRuwTP/rBpS26IgoA2pvAAUBFXXfD7JJjrbmCo0/vXnHYocMLxzbUbyx5e8q0qSfGO847
tdl9L1+xOu5bsCjmzH0onli8LLZubSj52v32HRSXfflDLZ53W23atDk21G/c7tfGjZujsbGx2fd1
qamJz3zq71J/8ezXr3cc30zUet2OgkA5Ff39tOTXlq1bC/dXiXN+x3mnxrQzT2r2Nc8vXxXz73s0
5sx9KBYvfrbZz8Tw4XvHl77wgZ2eDwDsLIuMAlBRs+5+IJ5fvioGD9q9ydgBI/aJvfceGM8++8IO
9zN58nHRrduuhWPz5z8aL7+8rsn2vfYaEJdeclHJ21qWLHk2vn7FL5osljhs/8Hx8Y+9Myafdlzh
eyedNibOf8ek+M3vbtrhvNvqi1/+z/j9lbc12d6nd68YO3ZUvPO8U2PMsU2fthHx2m1A579jUvzw
R1eXe5plMf3sCS26fWLs8aNit91qC/8NlFupv5+dVe5z3nfoXvEPn35Xyc/E4088E5f/6y9i1uwH
t9s+Yvje8cmPnx+nnnJs4fumnjEu7p69MK754x2tmg8AtIUrOACouLtmFT9toaamOk6fdHyL9nHC
8aUf03nLrfcWbn/PhW+Lfv36FI49uPCJOOvczxY+CWLpk8/HRz9+RXz/h1eVPOa7LzxjBzMur7Wv
vBo33Dg7Lrjw/8aVV91e8nVjjx9VwVm1r9NOHdOi1/Xs2T3ObYdbkDqDcp/zRe+eGn1KPLr5vgWL
4uxz/6FJ3IiIWLzk2bj4I1+PH//02sL3VlVVxUXvntrq+QBAWwgcAFTcn66bVXLsuDHFVx/8rVJP
XVm79tX40/VN99+9e9eYesa4ku/52Cf/LerrNzV7zG/8+3+VfOzs/vsNjqlvK95/pX35sh/Hiy+u
LRzbb99BFZ5N+zjowKFx6CFNb0naUL+x8PUtDQOdWbnPuba2R0yeXBwU16x5JT72iSti06bNze7j
a5f/LO6d90jh2MiD9o2J/wsXfQWg8xI4AKi4Bfc/Fk8+9Xzh2OGjDtjh4ynHn3xUvOUtxVdizL3n
z4WhYuoZ46J//90K3/OHq25v9okr2/qPb/+m5PoD06ae1KJ9lNv69fXxwMLHC8d69+lZ4dm0j3On
nxLV1U1vo5gxY26sWr2myfbDDh0RBx04tAIzK59yn/NZ006OviUWyP3N724uPEaRb3/ndyXXgDlr
2sktng8AtJXAAUCHKLoVJCKiR49uJe/rf934k44uOTbj5rmF2484/MDC7Y2NjXHV1aVv6fhbCx9a
HI8//nTh2EEH7dvi/ZTbi3XFV3DsuusuFZ5J+5gwvvjv/KZb5sacuQ812V5dXRXnnjOx3NMqq3Kf
8+GHHVC4fcvWrXFlKz4T8+Y/Ek8+WRwsR47sPJ8JAP73EzgA6BB//NNdJX/qe9K4I5p97+jRBxdu
r6t7OW64sfgpLSNH7le4/ZllK2PxkmebPd7fmnffo4Xbdx/QN0Z2kshR6iqY+g3N34bTGZ0y8ZjC
RWlXrqyLmXcsiJtvuafwfRMm5L09ohLnXOrf6tKlz7Vood9t3bdgUeH2IYP3iCGD92jVvgBgZwkc
AHSIRYueiscef6Zw7Kgji9fXiHhtXYJS60jcXbAY4uuG7rNn4fbWfpGLeO0LYCmjSvxUvNIOPrg4
6KxY2bJbcTqTM992YuH2169iuPW2ebG6runtFIMH7b7Dq4E6q0qc8z4lPhPLlq1s4Sz/x9ISV3BU
VVWVvHoKANqbwAFAh7njzgWF2wcOfEsce8whhWOTSjyqNSLiuhvuLtzevXvX6N69a+FYS9fe2Nbi
paWv+Ojbt3hNg0p670VnloxAjzzyZIVn0za1tT1KPvnlxpvmvPH7ols2IkqHgs6sEue8+4C+scsu
XQrHVq6sa8Est/fU08tLjvXr17vV+wOAnVH8fzYAqIBr/nhHfOD9Z0eXmpomY6dMGB33znu4yfYx
xxaHj+eXr4q7Zj1QODZorwElo8irr25oxYxf8/KadSXHevcufuRmJfTp3Sve/76zSj6es6GhMa66
ZmaFZ9U208+eELW1PZpsX7mybru/75tvubdwkdcTxo6KPr17xdpXXi3nNN/w1a98OC77lw+3+PWz
5zwY73nvl7fbVolz3mOPt5Qce3V9fQtmvr1XmjlWqcfQAkB7EzgA6DBPP7MiHn54aRw+qultHccU
XMHRr1/vOOStwwr3ddes4kVLX3tf8RNXIiI27ODRsEVeeumVkmO9ejX/BJi2uvBdZ8S0M7d/MkV1
dVX06tUjhu6zZ8krVSIiZtw0J+bNL36kZ2c16bTjCrfPnrv943pvufXeqKt7ucmTcnr27B7Tz5kQ
P/nZtWWb47aqqqqiREsrVF3d9GLaSpxz376lr6rY0eOSi6xdWzpw1PZqGmsAoBzcogJAhyp1m8qI
4Xs3WSNgyuSxJZ8Ccu2fZpU8RpcuTa8QeV2phU6bs2Xr1pJju3Qp788ODjxgaBwz+uDtfh191Mg4
6MChzcaNRxc9FZf+3++VdW7tbdiwITFq1IjCsRtnNH1azpx7im/ZmFwiGHRGlTrnXdr5M7G1ofjR
yRERNc0cCwDak8ABQIe65to7Y/PmvzbZXlNTHadP2v5L2tixxesSLF36XNz/wGMlj1G/sfRPpJv7
oldK166lH7VadC4dbfachfHuv/9irFvX+ttxOtK550wsvH1p+YrVMevuprcj3XzLvYX7OfTQ4XHA
iH3afX7lUKlzbu4z0VwQLGXXEut5RERs2VI6CAJAexI4AOhQK1asjgcefKJw7Lgxh73x+y5dauLI
Iw4qfN0dd5W+PSUiom71yyXHuvfo1oJZbm9A/74lx15Zt77V+yuXlSvr4suX/TguvOiLzd5W01md
UuKRp7PnLCzcfvMt90RdXdO/65qa6jh3+sR2nVu5VOqcX3xxbcmxHjvxmdhtt9KL6+7MLS8AsDOs
wQFAh7vt9nlx7DFvbbJ91GEjomfP7rF+fX2cfNJR0bfgS1RDQ2Nc88c7mt3/yhfqoqGhMaqrmy6O
0Lu2Z6vnO2BA6cDR3FoElba6bk384pfXd/Q0dsqJ444o+RjTGds8SeRvzb3nzzH1beOabJ8w/uj4
yld/0m7zK+VHP74mHn5kaYtfv2r1/zzqtZLn/MILL5bc3858Jppb06O5BUgBoD0JHAB0uGuuvTM+
/ckLmqwh0aNHtzjt1DFx9TUzY/zJRxe+d9FjT8UTi5c1u/8tW7bGK+vWx24FT3MYMmRgq+c7fNiQ
kmPbfmEth7n3/Dn+suql7bYddODQOPCAoU1ee+ghw+OsaSfvMAB1RmdPO7lw+9atDXHxB86Niz9w
buH4W0o8knTvIQNj4oTRcdvt89ttjkWeenp53DCjdIxoTiXPee0rr8aGDRsLr9bYe+/2/Uw8/cyK
Vu8PAHaGwAFAh3v55XUx/75H48RxRzQZO/GEw+Pqa2bGMUcfXPjemXfc16JjLF36XBx1ZNNbXPbf
b1DrJhsRBxxQvLZBQ0Nj3HPvn1u9v9a47vpZ8fsrb9tu21FHHhS/+dVlUVPT9M7TD77v7HSBo2fP
7nHC2MMLx2pqquOY0cX/FnZk2tSTyh44dlZHnPOSpc/FYYcOb7J9//0Gt/o4I4YXfya2bm2IP/95
Sav3BwA7wxocAHQKt9xWvFji0UcfHIe8dVjhpftbtmyJq69p2Zf3R0rcNtC//24x/uSjWj7RiDi2
4BG2ERHPPfdCs5f+l8uC+x+LO0usQzJs2JC48F1nVHhGbXPWmSdFn4Krbdpq7PGjora2cz6ytCPO
+dFHnyzcvuee/Uv+Gy9ldIkA8/QzK8p+VRMAvE7gAKBTuO76uwuf8rHH7v3i/e87q/A9Cx9aEs89
/5cW7f/uEos0RkS8/dxTWjbJiJgy+fgYMniPwrGHOvAn1d//4ZUlH1970bunRteuu1Z4Rjtv8qTj
y7Lf2toeMf3sCWXZd1t1xDnPvaf01Ubnv3NSi49xztnjY4/d+xWO3Tvv4RbvBwDaSuAAoFNYv76+
[...]
I+CotkylvDZHa2tr1ald5bUzWlpaDjTgLp+5U68aHHspX2qQSqV07dq1A7ex320+m1W9zsHg4KCy
2awRApZ2QlpZWZHFYpHb7VZra6uCweC+Uutat1eSSCQ0Pz+vtbW1fb8/q9n6XqgVrlEAAIBKiUTC
qKm2n7IBh6FYLCoej2t8fFzj4+Oanp5WNpuVx+NRMBhUKBRSX1+fBgYGGtpfAo5DkkqlND4+vm3W
xGErn86/dVBwL4Ofg7YxOTlZcS56enpqPsW8fJlIqeZIqW5AsVisqAq807HLz9FB142V3+EuFAoq
FouHvp3lYf5Mm1W9zoHNZtPJkycViUS27ZRULBaVTCaVTCaNrb16enp2LZha6/akOyHlwsLCnrMz
9qP8HNRyDSXXKAAAQKXSRgiJREKDg4OHVr9iJ6lUSmNjYxodHdXCwoLS6bTcbrc6OjrU29tr7JTY
DEuGCTgOwebmpq5fv15xp9Lv96u9vV0+n09Op7NiMDw3N6fZ2dm69KV8oLPXYNvn89XlzRSJRLYV
99xt14S7VSq+Wqrxsbq6agQcsVjMuCNdKs6zUxslBx0klg+6LBbLoYcbWzkcjrvameZud7NpRvU4
Bz09Perp6VEsFtPq6qri8fi2IDOVSmlqakorKys6fvz4rss7atVe+Ra60p1ZF8FgUG1tbXK73dtm
JL3//vu7zoQof24tApNquEYBAADubPxQLBaVSCRqUp/wbpXGse+//75WV1eVTqflcrnU0dGhnp4e
HT16VL29vQoEAg0PYUoIOA7B9PR0RbgxNDS05+4Q9VI+gNk6KNq6RGNwcLDm2/nE4/G61d2opqOj
wwg44vG4sUylPGBpa2vb8Q1Zfo4Ousyk/Pm1qldwUDabzeiHx+PRiRMnGtKPRjqscxAIBIzpeJub
m1pbW1MsFqtYGrK+vq6bN29qZGSkru2Vtugq8Xq9GhkZuacK2zabzfgcq+WSEK5RAACAStFo1Kif
Njg4eOjHz2azGh0d1W9+8xslEgkVi0U5nU61t7eru7tbDzzwgLq6uuTz+Ro2ztkJAUedFYvFiloP
gUCgYeFGsVismPa+dR391sfJZLKmAUe1uhvhcLimdTe2CgQCRt2RUk2D7u7uiuUpu/08yvuWy+WU
yWT23d/yOiv1fI27aWlpMQaPjV4e1SiNOActLS3q7OxUZ2enMaWvVONmbW1NiURCXq+3bu1t3dI1
HA7f8/ZhDofDOH+1PI9cowAAAL+TyWQUj8eNG0qhUOjQjr25uanx8XG9/vrrWltbU0tLi5xOpxwO
hzo6OvTggw+qt7dXbre76YKNEgKOOtu6Z/FBBjW1trq6WjHo2Rpe+P3+isexWKymYczExERFwBIK
hQ6lsm57e7sWFxcl3TkHTqfTuBPtcDh23Q63tbVVkUjEeLyysrKv7V63brnbqJ+7x+MxgpZ0Oq1U
KrWvrVc/SepxDpaWloygzuVy7XoNud1u9fX1aWpqyvi3jY2Nimui1u2VBwV2u70mQaXH4zGCwVwu
p3g8XpMtv7hGAQAAfmdtbU2bm5tKp9MaGBi455tU+5HL5XT9+nX9+te/1tLSktra2uT3+2W1WuX3
+/Xoo49qYGBANput4cvu99IcC2U+wbYWv9vPMoeDbhNbLBb3VWSvtNVQydbqtg6Ho2IgFIvF9r3b
y17bNC4sLFTMZPH5fHWpu1FNeUgTj8crzsNeFX7b2toqPlSi0ei+6g+ULw+Q7iyVaYStr29ubm5f
31csFg+05W8zq8c5mJub0+3bt3X79u191cvZur3w1vdrrdsrf5zP5/f8fEgkEns+Z+t5LIWGu9nP
5wfXKAAAwO+srKxoc3NTGxsbdV+6m8/nNTk5qX/6p3/ST37yE2UyGfX29srr9aqtrU2PP/64/uzP
/kxDQ0Oy2+1NH25IBBx153A4Ki6EWCy260Bibm6uIgiQ9i7oVywWdevWrV2fs7q6qrW1NeOx2+2u
OqugVISz1O7k5OSeA5+NjQ19/PHH25aflMTj8YpBW0tLi4aHh3dts5a8Xq9xR7i0TKVkrxkqVqu1
4jnpdHrPAWgsFqs4hs/n2/FO99bCjbXeDSIYDFYUYFxZWdHy8vKu31MsFnXz5k1dvXq14poxq3qc
g/KfZzKZ3DOU3Pr18i2E69Fe+XKzYrGopaWlHdvKZDKamJjY83OmtbW1YmbFysqKsaVtNfl8fs/P
JYlrFAAAoFxpM4RkMqljx47VvP3S7izj4+N68cUX9Q//8A9aX1/X0NCQgsGguru79Ud/9Ed66qmn
6nL8eiPgqDO73V4RJGQyGd28eXPbTI5EIqEbN25UHTzvp6BfNBqt2q50Z8BQPp1dkvr6+qq2UyoW
U96va9euVb0TWywWNT8/r7GxMRUKBS0vL2/rfy6Xq1p3Y+uArN6qLYXZKeTZ6siRIxUDsPn5eU1P
T1cdEEajUU1MTBiPrVbrrpWPt9Y92TrLphYGBgYqgpTJycmK3TXKJZNJjY6OanV1VZubmzteU2ZT
63PQ09NjtFcsFjU+Pl4RapWLxWKanp42Hlut1m3XY63b2/p4dna2orBu6TgLCwsaHR3dVvtip6Ct
/HOjFDJsbVe6E2qOjo7uewYY1ygAAMCd38FisZg2NzeVzWZrWmC0UCgYBer/7d/+Tf/4j/+oaDSq
cDisrq4u9fT06NOf/rT+5E/+RCMjI9vGKWZBDY5DcOTIEY2NjRkD4lgspsuXL8vlcslisRgXcInF
YqkYPO93GvbKyopisZh8Pp8cDocKhYJSqdS2QUYgENh1j+Lh4WGNjo4ax00kErpy5Yq8Xm9Fn0u7
kpR4PJ5twcnc3FzF8hWLxbItbNmNy+XSyZMn9/38nXR1dWl+fr7ivO63/ofVatXQ0JDGxsaMsGlh
YUHRaFQ+n08tLS3K5/NKJBLblur09/fvGqL4/f6KKfm3bt3S0tKSWlpaVCgUavLaA4GAent7jeMU
i0XNzMwoEonI5/PJbrcrn88rk8lsmxlwWOv+6q3W58Dn8ykUChmD8Gw2q5s3b2p6eloej0d2u90o
Srv1/dfX17etKFOt2yutmyzVzMjn8xofH5fD4ZDDOt6+9AAAGIxJREFU4TBe69atjEvvj/Jdn8oF
g0GtrKwYoUapEJXT6TRCwEwmc+BioVyjAAAAd2bGZzIZZTIZdXZ21qTeWT6f1+rqqqanp3XlyhVd
u3ZNPp9Px44dk9vtVkdHh/r7+zU0NFTzHTQbgd8KD4Hf79fAwEDFXf9CoaBkMrntuW63Wz09PRUh
QDKZ3DWQsFqt6urqUiQSMZK5nfh8vj2XhzgcDp06dUo3btww+lgsFhWPxxWPx6t+T1tbm44dO7Zt
oLV19kmxWNxx8FRNrQYuDodDPp/PmFJvsVjU1dW17+/3+XwaGRnRzZs3jeAnl8ttW05UYrVaNTAw
ULHkp5rW1lb5fL6K81o657UctB05ckQ2m00zMzMVg9hqd9+lO1t3hsPhXa87s6n1Oejv7zdmQZRk
s9kdA0mLxaJQKLRjkdpatzc8PKzr169XfM5Ua89isejIkSNaXV01woN0Oq1isVh1neXw8LDGxsYq
PmdK/xFXa7d8W+jdcI0CAID73cbGhrLZrNLp9D3P3igFG1NTUxofH9eNGzdkt9uN2end3d0KhUIa
GhraVt/NzAg4DklPT4/cbrdmZ2erhgQOh0OdnZ3q6+tToVDQ7du3jburuwUWJUePHjVmA1Rbv1/a
ZvLIkSP7Kg7jcDh0+vRpLS4uanFxccep5qU3R09Pz55tNlowGDQCjtIsl4Pw+Xw6c+aM5ubmtLKy
UnXgabPZ1NbWtm1Zy25OnDihycnJHcOSWgmFQgoEApqdndXa2lrVpU9Wq1VtbW3q7+/fd//NpNbn
YGBgQH6/XwsLC9rY2Ki6bMliscjv96u3t3fP/zxq2Z7dbtepU6c0OzuraDS6bRmHxWJRa2urMcso
m80anx2l6ZHVZjlZLBY98MADmp+f1+LiYtXAxOv1qr+/X263uyLg2Ouzh2sUAADcz2KxmPE72d3W
vygUCopGoxobG9PNmzeNGcLBYFBer1d9fX0KhUIaGBioyQyRZmNJpVJ7bwlxF370ox8Zf//GN75R
j0OYVjabNZZ3WK1WuVyuA19cExMTRiE+q9Wqz3zmMzu273A4tm0Bezd9TiQSxuwLm81mLFm5X5WW
pGxubspms8nhcKi1tfWuqwun02ltbGyoUCjIbrfL5/PJ6XTWuNd3lGbklLYxtlqtcjqd8vl8slrv
j9I8tT4HhUJBGxsb2tzcbLr2Sq+1NDOjpaXFWF51r0rtFgqFbe2m02l99NFHxnOPHDmyY/2fnfp8
P1+jAADgcDVyDFssFvXOO+/o2rVrunHjhr75zW+qv7//QG2srq7qypUrun79ulZXV5XL5eT1euXz
+dTX12f8udexYTNjBkcDOByOuk6rrkf7pbX7+B2v17uvIqX75XK5Di0wKt29/yRNRzuoWp+D0syC
Wqlle/X8ee+2S9DWZXgH+QzhGgUAAPeTdDqtRCKhbDYrj8ez73qB0p2lLZcvX9aVK1eMG90ej0fB
YFC9vb0aGBhQKBSS3+83xVav94KAAwCwb4lEQhaLZV9FqLbuBFPLAAgAAOCTJJFIKJ1OK5PJKBQK
7ase38bGhj744AO99957KhQKstlscjqdCgQC6uvr04kTJ4ylKffLDFgCDgDAvmQyGY2Pj6tYLOrE
iRO7zmAq7epU0traatrtxgAAAOptfX1d6XRayWRSIyMjuwYSiURCly9f1nvvvadUKmXMBHc4HOrp
6dGZM2fU0dEht9t93wQbJQQcAIB9uXXrllFUdHR0VN3d3eru7q5YWrW5uWkUIC0VSbVYLPuuvQEA
AHA/2tjYUCqVUjqdVm9v77bdKaU7y3/ff/99vf3220okEgoGgwoEArJYLOrs7NTnPvc5dXZ2ymaz
feKXouyEgAMAsC9HjhxRIpFQLpdTsVhUJBJRJBJRS0uL7Ha78vl81d2F+vv7P9HFrAAAAO5FLpcz
6m9sbm6qu7u7IqDIZrP66KOP9Ktf/UqxWEzd3d3G0t+BgQE9/PDDCoVCjep+UyHgAADsi9fr1cmT
JzU1NVWx3fXm5qaxw1I5m82mo0ePqrOz8zC7CQAAYCqJRMKowdHX1ye32618Pq9kMqnr16/rrbfe
0tLSkjo7OzU0NKSWlhb19PTo5MmTO872uF8RcJiU1Wo1LuT7bV0VgMZxu906deqU1tfXtbKyUrH9
rHRnOYrb7VZbW9u+C2QBAADcz1KplDKZjHK5nLq7uxWPxzU9Pa23335bCwsLCgaDGhoaksvlUnd3
t44fP65QKMQul1Xwm6dJhcNhhcPhRncDwH3K7/cby06KxaKy2aysViuFRAEAAA6opaVFNptNdrtd
qVRK//7v/65oNCq/36/BwUH5/X51dnYqHA6rt7eXYGMXBBwAgHtisVjkdDob3Q0AAABT8vl86ujo
0NLSktbW1mS1WtXX16e2traKYIPft/ZGwAEAAAAAQIM4nU6dOHFCLS0tWlpaks1mk9/vV09Pj3p6
egg2DoCAAwAAAACABmpvb5fX61U8HpfVapXP56OW2V3gjAEAAAAA0GAOh0PBYLDR3TA1tt8AAAAA
AACmR8ABAAAAAABMj4ADAAAAAACYHgEHAAAAAAAwPQIOAAAAAABgegQcAAAAAADA9Ag4AAAAAACA
6RFwAAAAAAAA0yPgAAAAAAAApkfAAQAAAAAATI+AAwAAAAAAmB4BBwAAAAAAMD0CDgAAAAAAYHoE
HAAAAAAAwPQIOAAAAAAAgOkRcAAAAAAAANMj4AAAAAAAAKZHwAEAAAAAAEyPgAMAAAAAAJgeAQcA
AAAAADA9Ag4AAAAAAGB6BBwAAAAAAMD0CDgAAAAAAIDpEXAAAAAAAADTI+AAAAAAAACmR8ABAAAA
AABMj4ADAAAAAACYHgEHAAAAAAAwPQIOAAAAAABgegQcAAAAAADA9Ag4AAAAAACA6RFwAAAAAAAA
0yPgAAAAAAAApkfAAQAAAAAATI+AAwAAAAAAmB4BBwAAAAAAMD0CDgAAAAAAYHoEHAAAAAAAwPQI
OAAAAAAAgOkRcAAAAAAAANOrW8Bhtf6u6UKhUK/DAAAAAABwT8rHrOVjWZhL3X5ybrfb+PvGxka9
DgMAAAAAwD0pH7OWj2VhLnULODo7O42/z87O1uswAAAAAADck/Ixa/lYFuZSt4Cjv7/f+PvY2Fi9
DgMAAAAAwD0pH7OWj2VhLnULOE6cOGGsXVpYWNDVq1frdSgAAAAAAO7K1atXtbCwIOlO/Y0TJ040
uEe4W3ULOFwul86ePWs8fvPNNzU9PV2vwwEAAAAAcCDT09N68803jcdnz56Vy+VqYI9wL+paHvaz
n/2surq6jMevvvoqMzkAAAAAAA139epVvfrqq8bjrq4uffazn21gj3CvLKlUqljPA6yuruo//uM/
lEgkjH8LhUIaGRnRkSNH1NrayjY8AAAAAIC6KhQK2tjY0OzsrMbGxoxlKZLk9Xr1xS9+Ue3t7Q3s
Ie5V3QMO6U7I8etf/1pLS0v1PhQAAAAAAPvW1dWlP/7jPybc+AQ4lICj5L333tOlS5dUKBQO65AA
AAAAAGxjtVp19uxZlqV8ghxqwCFJ6XRaN27c0MzMjKLRqFKpFIEHAAAAAKCurFar3G63Ojs71d/f
rxMnTlBQ9BPm0AMOAAAAAACAWqO6JwAAAAAAMD0CDgAAAAAAYHoEHAAAAAAAwPQIOAAAAAAAgOkR
cAAAAAAAANMj4AAAAAAAAKZHwAEAAAAAAEyPgAMAAAAAAJgeAQcAAAAAADA9Ag4AAAAAAGB6BBwA
AAAAAMD0CDgAAAAAAIDpEXAAAAAAAADTI+AAAAAAAACmR8ABAAAAAABMj4ADAAAAAACYHgEHAAAA
AAAwPQIOAAAAAABgegQcAAAAAADA9Ag4AAAAAACA6RFwAAAAAAAA07NIKja6EwAAAAAAAPeCGRwA
AAAAAMD0CDgAAAAAAIDpEXAAAAAAAADTI+AAAAAAAACmR8ABAAAAAABMj4ADAAAAAACYHgEHAAAA
AAAwPQIOAAAAAABgegQcAAAAAADA9Ag4AAAAAACA6RFwAAAAAAAA0yPgAAAAAAAApkfAAQAAAAAA
TI+AAwAAAAAAmB4BBwAAAAAAMD0CDgAAAAAAYHoEHAAAAAAAwPQIOAAAAAAAgOkRcAAAAAAAANMj
4AAAAAAAAKZHwAEAAAAAAEyPgAMAAAAAAJgeAQcAAAAAADA9Ag4AAAAAAGB6BBwAAAAAAMD0CDgA
AAAAAIDpEXAAAAAAAADTI+AAAAAAAACmR8ABAAAAAABMj4ADAAAAAACYHgEHAAAAAAAwPQIOAAAA
AABgegQcAAAAAADA9Ag4AAAAAACA6RFwAAAAAAAA0yPgAAAAAAAApkfAAQAAAAAATI+AAwAAAAAA
mB4BBwAAAAAAMD0CDgAAAAAAYHoEHAAAAAAAwPQIOAAAAAAAgOkRcAAAAAAAANOzN7oDAO5eOBzW
l7/8ZUnSK6+8oqmpqcZ2CAAAAAAaxCKp2OhOADi4b3/727pw4YICgYAkKRaL6fHHH9elS5ca3DMA
9zOr1Sq32y2v1yu32y2HwyGLxSJJKhaLymazSqVSSiQSSqVSKhQKDe4xAAD4pCDgAEzm3LlzevHF
FxUOh7d97Y033tC5c+cOvU8A7m9Wq1U+n0+BQEAdHR06deqUTp8+rZGREYVCITkcDklSNpvVwsKC
xsbGdOXKFY2OjioajWp1dVXJZJKwA0DdhcNhff/739eTTz7Z6K4YXn75ZX3rW99iJi5QAwQcgEmE
w2G9+OKLewYYpTulAFBvpWCjt7dXX/jCF/TUU0/p0UcfVWtr676+f2NjQ++8845+9rOf6e2339b8
/Lzi8ThBB4C6CIfD+uCDD4zZr80kFovpkUceIeQA7hEBB9DkAoGAvvnNb+rixYv7ej4BB4DD4HQ6
1dvbqz//8z/X1772NYXDYdntd1faK5fLaWpqSi+88IL+5V/+RfPz88pkMjXuMYD73csvv2zULmtG
r7zySlPNLAHMiIADaGLnz5/XxYsXqy5H2QkBB4B6c7lceuKJJ/Tcc8/pzJkzamlpqUm7m5ub+vjj
j/W9731Pv/zlL5VOp2vSLgBId+oANTt+jwPuDQEH0ITOnj2r73//+3dVT4P/GAHUk91u13e/+139
5V/+pXw+X12OEY/H9cMf/lB//dd/rVwuV5djALj/mCHgeOSRRygYD9wDtokFmkggEND3v/99Pf30
043uCgBU9cMf/lDnz5+Xy+Wq2zF8Pp8uXLig9vZ2feMb36jbcQCg2TRjfRDATKyN7gCAO775zW9q
cnKScANAU7Lb7frRj35U93CjxOVy6fz58/rRj35017U9AADA/YWAA2iwc+fO6YMPPtDzzz9Pag+g
KblcLn3ve987tHCj/Ljnz5/X9773vUM9LgAAMCcCDqBBwuGwfv7zn+u1117T2bNnG90dAKjK6XTq
iSee0LPPPtuQkMHlcunZZ5/VE088IafTeejHBwAA5kHAATTAt7/9bX3wwQdsBQagqVmtVvX29uq5
556rW0HR/fD5fHruuefU29srq5VfXQAAQHX8lgAcoieffFKTk5O6ePEiy1EAND2fz6evfvWrOnPm
TKO7ojNnzuirX/1qQ4MWAADQ3Ag4gEMQDof12muv6ec//7nC4XCjuwMAeyrN3njmmWfU0tLS6O6o
paVFzzzzjPr6+pjFAQAAquI3BKCOStu+Tk5O6ty5c43uDgDsm8/n0xe+8IWmCmXD4bD+8A//UF6v
t9FdAQAATYiAA6iT8+fPa3JyUhcuXGh0VwDgwAKBgJ566qmm2qLVbrfrK1/5Ckv8AABAVQQcQI2d
O3dOr732ml566SV+CQdgSlarVR0dHXr00Ucb3ZVtPve5z6mzs5NlKgAAYBt+OwBqJBAI6MUXX9Rr
r73GchQApubxeHTq1Cm1trY2uivbtLa26tSpU/J4PI3uCgAAaDIEHEANfPvb39bk5KSefvrpRncF
AO6Zx+Npip1TdnLmzBkCDgAAsE3zLKwFTOjcuXN68cUXm6oIHwDcK7fbrZGRkUZ3Y0dHjx6V0+ls
dDcAAECTIeAA7tKLL77IjA0An0gOh0OhUKjR3dhRX1+fHA5Ho7sBAACaDEtUgLtw7tw5wg0An1gW
i6WpAwSfzyebzdbobgAAgCZDwAHcBYqIAgAAAEBzIeAA7sLLL7/c6C4AQN0Ui0Vls9lGd2NH8Xhc
+Xy+0d0AAABNhoADuAuXLl3Sj3/840Z3AwDqIpvNamFhodHd2NHc3FxTBzAAAKAxCDiAu/T000/r
8ccf1+XLlxvdFQCoqVQqpbGxsUZ3Y0e3b99WJpNpdDcAAECTIeAA7sHrr7+us2fP6lvf+pbW1tYa
3R0AqIlkMqmPP/640d3Y0ccff6xkMtnobgAAgCZDwAHUwPPPP69wOKwf/OAHje4KANyzZDKp0dFR
bWxsNLor22xsbGh0dJSAAwAAbEPAAdRILBbThQsX9Mgjj+iNN95odHcA4K4VCgVFo1G9++67je7K
Nu+++66i0agKhUKjuwIAAJoMAQdQY5cuXdK5c+f0zDPP6NatW43uDgDclVgspp/97GdNtVtJPp/X
v/7rvyoWizW6KwAAoAkRcAB18tJLL+ns2bP6zne+0+iuAMCBJRIJvfXWW5qammp0VwxTU1N66623
lEgkGt0VAADQhAg4gDqKxWK6ePGihoaG9MorrzS6OwCwb4VCQfPz83rhhRe0ubnZ6O5oc3NTL7zw
gubm5lieAgAAqiLgAA7B1NSUnnzyST3++OMsWwFgGvF4XD/96U915cqVRndFH330kX76058qHo83
uisAAKBJEXAAh+j1119XOBzWd77zHbaVBdD0SrM4vvvd7zY0WFhfX9df/dVfMXsDAADsioADaICL
Fy8qHA7rxz/+caO7AgC7ymQy+uUvf6m///u/VzqdPvTjp9Np/c3f/I3+53/+R9ls9tCPDwAAzIOA
A2iQWCymp59+Wo8//rguX77c6O4AwI7S6bSee+45/eQnPznUkCOdTusnP/mJ/vZv/1aZTObQjgsA
AMyJgANosNdff11nz57VM888w7IVAE0rl8vp61//+qGFHKVw4+tf/7pyuVzdjwcAAMyPgANoEi+9
9JLC4bB+8IMfNLorALCjZ599Vj/4wQ/qWpNjfX1d3/3ud/Xss8/W7RgAAOCTh4ADaCKxWEwXLlzQ
I488ojfeeKPR3QGAbXK5nC5evKjz58/r0qVLNd1CdnNzU++//77+9E//VH/3d3/HzA0A951YLNbo
LgCmZpFUbHQnAFT35JNP6vnnn9fg4OC+v8disdSxRwBwh9PpVG9vr7761a/qa1/7msLhsGw22121
lc/nNTU1pRdeeEE//elPNTc3R0FRADVXLDb/sIff44B7Q8ABNLlAIKALFy7owoULamtr2/P5/McI
4LBYrVb5fD719vbqscce01e+8hV97nOfU2tr676+f2NjQ++++65+9rOf6a233tL8/Lzi8ThbwQKo
i5dffllf/vKXG92NHb3yyit68sknG90NwNQIOACTCIfDev755/f8j5mAA8Bhs1qt8nq9CgQC6uzs
1KlTp3TmzBkdPXpUfX198vl8kqR4PK65uTndvn1bH3/8sUZHRxWNRhWLxZRIJAg2ANRVOBzWpUuX
9nXD6LCtra3p7NmzmpqaanRXAFMj4ABM5ty5c3rppZeqLlsh+QfQaFarVR6PRx6PR06nUw6Hw1i6
ks/nlc1mlclklEwmlUwmCTUAHKr93jA6TK+88oouXLhAuAHUAAEHYFIXLlzQxYsXjbsQa2trOnfu
nC5dutTgngEAADS/s2fPKhAINOz4sViM39uAGiPgAEwsEAjo6aefViwW08svv0zlbQAAAAD3LQIO
AAAAAABgetZGdwAAAAAAAOBeEXAAAAAAAADTI+AAAAAAAACmR8ABAAAAAABMj4ADAAAAAACYHgEH
AAAAAAAwPQIOAAAAAABgegQcAAAAAADA9Ag4AAAAAACA6RFwAAAAAAAA0yPgAAAAAAAApkfAAQAA
AAAATI+AAwAAAAAAmB4BBwAAAAAAMD0CDgAAAAAAYHoEHAAAAAAAwPQIOAAAAAAAgOkRcAAAAAAA
ANMj4AAAAAAAAKZHwAEAAAAAAEyPgAMAAAAAAJgeAQcAAAAAADA9Ag4AAAAAAGB6BBwAAAAAAMD0
CDgAAAAAAIDpEXAAAAAAAADTI+AAAAAAAACmR8ABAAAAAABMj4ADAAAAAACYHgEHAAAAAAAwPQIO
AAAAAABgegQcAAAAAADA9Ag4AAAAAACA6RFwAAAAAAAA0yPgAAAAAAAApkfAAQAAAAAATI+AAwAA
AAAAmB4BBwAAAAAAMD0CDgAAAAAAYHoEHAAAAAAAwPQIOAAAAAAAgOkRcAAAAAAAANP7/6aUYdsH
SpyXAAAAAElFTkSuQmCC
" width="800px"&gt;</msg>
<status status="PASS" starttime="20230705 10:37:06.297" endtime="20230705 10:37:06.487"/>
</kw>
<msg timestamp="20230705 10:37:06.487" level="INFO">criteria is cl_chat_send_message</msg>
<msg timestamp="20230705 10:37:06.488" level="FAIL">InvalidElementStateException: Message: Cannot set the element to 'This is a test message'. Did you interact with the correct element?
Stacktrace:
io.appium.uiautomator2.common.exceptions.InvalidElementStateException: Cannot set the element to 'This is a test message'. Did you interact with the correct element?
	at io.appium.uiautomator2.handler.SendKeysToElement.setText(SendKeysToElement.java:87)
	at io.appium.uiautomator2.handler.SendKeysToElement.safeHandle(SendKeysToElement.java:115)
	at io.appium.uiautomator2.handler.request.SafeRequestHandler.handle(SafeRequestHandler.java:59)
	at io.appium.uiautomator2.server.AppiumServlet.handleRequest(AppiumServlet.java:266)
	at io.appium.uiautomator2.server.AppiumServlet.handleHttpRequest(AppiumServlet.java:260)
	at io.appium.uiautomator2.http.ServerHandler.channelRead(ServerHandler.java:68)
	at io.netty.channel.AbstractChannelHandlerContext.invokeChannelRead(AbstractChannelHandlerContext.java:366)
	at io.netty.channel.AbstractChannelHandlerContext.invokeChannelRead(AbstractChannelHandlerContext.java:352)
	at io.netty.channel.AbstractChannelHandlerContext.fireChannelRead(AbstractChannelHandlerContext.java:345)
	at io.netty.handler.codec.MessageToMessageDecoder.channelRead(MessageToMessageDecoder.java:102)
	at io.netty.channel.AbstractChannelHandlerContext.invokeChannelRead(AbstractChannelHandlerContext.java:366)
	at io.netty.channel.AbstractChannelHandlerContext.invokeChannelRead(AbstractChannelHandlerContext.java:352)
	at io.netty.channel.AbstractChannelHandlerContext.fireChannelRead(AbstractChannelHandlerContext.java:345)
	at io.netty.channel.CombinedChannelDuplexHandler$DelegatingChannelHandlerContext.fireChannelRead(CombinedChannelDuplexHandler.java:435)
	at io.netty.handler.codec.ByteToMessageDecoder.fireChannelRead(ByteToMessageDecoder.java:293)
	at io.netty.handler.codec.ByteToMessageDecoder.channelRead(ByteToMessageDecoder.java:267)
	at io.netty.channel.CombinedChannelDuplexHandler.channelRead(CombinedChannelDuplexHandler.java:250)
	at io.netty.channel.AbstractChannelHandlerContext.invokeChannelRead(AbstractChannelHandlerContext.java:366)
	at io.netty.channel.AbstractChannelHandlerContext.invokeChannelRead(AbstractChannelHandlerContext.java:352)
	at io.netty.channel.AbstractChannelHandlerContext.fireChannelRead(AbstractChannelHandlerContext.java:345)
	at io.netty.handler.timeout.IdleStateHandler.channelRead(IdleStateHandler.java:266)
	at io.netty.channel.AbstractChannelHandlerContext.invokeChannelRead(AbstractChannelHandlerContext.java:366)
	at io.netty.channel.AbstractChannelHandlerContext.invokeChannelRead(AbstractChannelHandlerContext.java:352)
	at io.netty.channel.AbstractChannelHandlerContext.fireChannelRead(AbstractChannelHandlerContext.java:345)
	at io.netty.channel.DefaultChannelPipeline$HeadContext.channelRead(DefaultChannelPipeline.java:1294)
	at io.netty.channel.AbstractChannelHandlerContext.invokeChannelRead(AbstractChannelHandlerContext.java:366)
	at io.netty.channel.AbstractChannelHandlerContext.invokeChannelRead(AbstractChannelHandlerContext.java:352)
	at io.netty.channel.DefaultChannelPipeline.fireChannelRead(DefaultChannelPipeline.java:911)
	at io.netty.channel.nio.AbstractNioByteChannel$NioByteUnsafe.read(AbstractNioByteChannel.java:131)
	at io.netty.channel.nio.NioEventLoop.processSelectedKey(NioEventLoop.java:611)
	at io.netty.channel.nio.NioEventLoop.processSelectedKeysOptimized(NioEventLoop.java:552)
	at io.netty.channel.nio.NioEventLoop.processSelectedKeys(NioEventLoop.java:466)
	at io.netty.channel.nio.NioEventLoop.run(NioEventLoop.java:438)
	at io.netty.util.concurrent.SingleThreadEventExecutor$2.run(SingleThreadEventExecutor.java:140)
	at io.netty.util.concurrent.DefaultThreadFactory$DefaultRunnableDecorator.run(DefaultThreadFactory.java:144)
	at java.lang.Thread.run(Thread.java:923)
</msg>
<status status="FAIL" starttime="20230705 10:37:06.263" endtime="20230705 10:37:06.492"/>
</kw>
<kw name="Sleep" library="BuiltIn">
<arg>10</arg>
<doc>Pauses the test executed for the given time.</doc>
<status status="NOT RUN" starttime="20230705 10:37:06.492" endtime="20230705 10:37:06.492"/>
</kw>
<kw name="Wait Until Element Is Visible" library="AppiumLibrary">
<arg>id=ib_chat_message_send</arg>
<doc>Waits until element specified with `locator` is visible.</doc>
<status status="NOT RUN" starttime="20230705 10:37:06.492" endtime="20230705 10:37:06.493"/>
</kw>
<kw name="Click Element" library="AppiumLibrary">
<arg>id=ib_chat_message_send</arg>
<doc>Click element identified by `locator`.</doc>
<status status="NOT RUN" starttime="20230705 10:37:06.493" endtime="20230705 10:37:06.493"/>
</kw>
<kw name="Wait Until Page Contains Element" library="AppiumLibrary">
<arg>${message}</arg>
<doc>Waits until element specified with `locator` appears on current page.</doc>
<status status="NOT RUN" starttime="20230705 10:37:06.493" endtime="20230705 10:37:06.493"/>
</kw>
<status status="FAIL" starttime="20230705 10:37:01.609" endtime="20230705 10:37:06.493"/>
</kw>
<kw name="Close App" library="Base" type="TEARDOWN">
<kw name="Close Application" library="AppiumLibrary">
<doc>Closes the current application and also close webdriver session.</doc>
<status status="PASS" starttime="20230705 10:37:06.493" endtime="20230705 10:37:06.728"/>
</kw>
<status status="PASS" starttime="20230705 10:37:06.493" endtime="20230705 10:37:06.728"/>
</kw>
<tag>firststep</tag>
<status status="FAIL" starttime="20230705 10:36:46.130" endtime="20230705 10:37:06.728">InvalidElementStateException: Message: Cannot set the element to 'This is a test message'. Did you interact with the correct element?
Stacktrace:
io.appium.uiautomator2.common.exceptions.InvalidElementStateException: Cannot set the element to 'This is a test message'. Did you interact with the correct element?
	at io.appium.uiautomator2.handler.SendKeysToElement.setText(SendKeysToElement.java:87)
	at io.appium.uiautomator2.handler.SendKeysToElement.safeHandle(SendKeysToElement.java:115)
	at io.appium.uiautomator2.handler.request.SafeRequestHandler.handle(SafeRequestHandler.java:59)
	at io.appium.uiautomator2.server.AppiumServlet.handleRequest(AppiumServlet.java:266)
	at io.appium.uiautomator2.server.AppiumServlet.handleHttpRequest(AppiumServlet.java:260)
	at io.appium.uiautomator2.http.ServerHandler.channelRead(ServerHandler.java:68)
	at io.netty.channel.AbstractChannelHandlerContext.invokeChannelRead(AbstractChannelHandlerContext.java:366)
    [ Message content over the limit has been removed. ]
	at io.netty.channel.AbstractChannelHandlerContext.invokeChannelRead(AbstractChannelHandlerContext.java:366)
	at io.netty.channel.AbstractChannelHandlerContext.invokeChannelRead(AbstractChannelHandlerContext.java:352)
	at io.netty.channel.DefaultChannelPipeline.fireChannelRead(DefaultChannelPipeline.java:911)
	at io.netty.channel.nio.AbstractNioByteChannel$NioByteUnsafe.read(AbstractNioByteChannel.java:131)
	at io.netty.channel.nio.NioEventLoop.processSelectedKey(NioEventLoop.java:611)
	at io.netty.channel.nio.NioEventLoop.processSelectedKeysOptimized(NioEventLoop.java:552)
	at io.netty.channel.nio.NioEventLoop.processSelectedKeys(NioEventLoop.java:466)
	at io.netty.channel.nio.NioEventLoop.run(NioEventLoop.java:438)
	at io.netty.util.concurrent.SingleThreadEventExecutor$2.run(SingleThreadEventExecutor.java:140)
	at io.netty.util.concurrent.DefaultThreadFactory$DefaultRunnableDecorator.run(DefaultThreadFactory.java:144)
	at java.lang.Thread.run(Thread.java:923)</status>
</test>
<status status="FAIL" starttime="20230705 10:36:46.122" endtime="20230705 10:37:06.729"/>
</suite>
<status status="FAIL" starttime="20230705 10:36:45.920" endtime="20230705 10:37:06.730"/>
</suite>
<statistics>
<total>
<stat pass="0" fail="1" skip="0">All Tests</stat>
</total>
<tag>
<stat pass="0" fail="1" skip="0">firststep</stat>
</tag>
<suite>
<stat pass="0" fail="1" skip="0" id="s1" name="Tests">Tests</stat>
<stat pass="0" fail="1" skip="0" id="s1-s1" name="HomeTest">Tests.HomeTest</stat>
</suite>
</statistics>
<errors>
</errors>
</robot>
