<?xml version="1.0" encoding="UTF-8"?>
<robot generator="Robot 6.0.2 (Python 3.11.4 on win32)" generated="20230704 18:32:59.450" rpa="false" schemaversion="3">
<suite id="s1" name="Tests" source="C:\Users\monsh\PycharmProjects\Occazio\Tests">
<suite id="s1-s1" name="HomeTest" source="C:\Users\monsh\PycharmProjects\Occazio\Tests\HomeTest.robot">
<test id="s1-s1-t1" name="Demarrage" line="8">
<kw name="Run Keywords" library="BuiltIn" type="SETUP">
<arg>Base.Start Appium</arg>
<arg>AND</arg>
<arg>Base.Occasio app</arg>
<doc>Executes all the given keywords in a sequence.</doc>
<kw name="Start Appium" library="Base">
<kw name="Set Variable" library="BuiltIn">
<var>${command}</var>
<arg>${APPIUM_COMMAND}</arg>
<doc>Returns the given values which can then be assigned to a variables.</doc>
<msg timestamp="20230704 18:33:00.126" level="INFO">${command} = appium -p 4723</msg>
<status status="PASS" starttime="20230704 18:33:00.125" endtime="20230704 18:33:00.126"/>
</kw>
<kw name="Run And Return Rc" library="OperatingSystem">
<arg>${command}</arg>
<doc>Runs the given command in the system and returns the return code.</doc>
<msg timestamp="20230704 18:33:00.142" level="INFO">Running command 'appium -p 4723 2&gt;&amp;1'.</msg>
<status status="PASS" starttime="20230704 18:33:00.126" endtime="20230704 18:33:02.399"/>
</kw>
<kw name="Log To Console" library="BuiltIn">
<arg>${command}</arg>
<doc>Logs the given message to the console.</doc>
<status status="PASS" starttime="20230704 18:33:02.401" endtime="20230704 18:33:02.402"/>
</kw>
<status status="PASS" starttime="20230704 18:33:00.125" endtime="20230704 18:33:02.402"/>
</kw>
<kw name="Occasio app" library="Base">
<kw name="Open Application" library="AppiumLibrary">
<arg>${Hub}</arg>
<arg>automationName=${ANDROID_AUTOMATION_NAME}</arg>
<arg>platformName=${ANDROID_PLATFORM_NAME}</arg>
<arg>platformVersion=${ANDROID_PLATFORM_VERSION}</arg>
<arg>app=${ANDROID_APP}</arg>
<doc>Opens a new application to given Appium server.
Capabilities of appium server, Android and iOS,
Please check https://github.com/appium/appium/blob/master/docs/en/writing-running-appium/server-args.md
| *Option*            | *Man.* | *Description*     |
| remote_url          | Yes    | Appium server url |
| alias               | no     | alias             |
| strict_ssl          | No     | allows you to send commands to an invalid certificate host like a self-signed one. |</doc>
<status status="PASS" starttime="20230704 18:33:02.403" endtime="20230704 18:33:10.455"/>
</kw>
<status status="PASS" starttime="20230704 18:33:02.403" endtime="20230704 18:33:10.456"/>
</kw>
<status status="PASS" starttime="20230704 18:33:00.123" endtime="20230704 18:33:10.457"/>
</kw>
<kw name="Unboarding" library="Navigate">
<kw name="Wait Until Element Is Visible" library="AppiumLibrary">
<arg>id=bt_start_showcase</arg>
<arg>15s</arg>
<doc>Waits until element specified with `locator` is visible.</doc>
<msg timestamp="20230704 18:33:13.986" level="INFO">criteria is bt_start_showcase
criteria is bt_start_showcase
criteria is bt_start_showcase
criteria is bt_start_showcase
criteria is bt_start_showcase
criteria is bt_start_showcase
criteria is bt_start_showcase
criteria is bt_start_showcase
criteria is bt_start_showcase
criteria is bt_start_showcase</msg>
<status status="PASS" starttime="20230704 18:33:10.459" endtime="20230704 18:33:13.986"/>
</kw>
<kw name="Click Element" library="AppiumLibrary">
<arg>id=bt_start_showcase</arg>
<doc>Click element identified by `locator`.</doc>
<msg timestamp="20230704 18:33:13.996" level="INFO">Clicking element 'id=bt_start_showcase'.</msg>
<msg timestamp="20230704 18:33:14.088" level="INFO">criteria is bt_start_showcase</msg>
<status status="PASS" starttime="20230704 18:33:13.993" endtime="20230704 18:33:14.088"/>
</kw>
<kw name="Wait Until Element Is Visible" library="AppiumLibrary">
<arg>id=indicator_showcase</arg>
<doc>Waits until element specified with `locator` is visible.</doc>
<msg timestamp="20230704 18:33:15.202" level="INFO">criteria is indicator_showcase
criteria is indicator_showcase</msg>
<status status="PASS" starttime="20230704 18:33:14.090" endtime="20230704 18:33:15.203"/>
</kw>
<kw name="Run Keyword And Return Status" library="BuiltIn">
<var>${buttons}</var>
<arg>Page Should Not Contain Element</arg>
<arg>id=bt_stop_showcase</arg>
<doc>Runs the given keyword with given arguments and returns the status as a Boolean value.</doc>
<kw name="Page Should Not Contain Element" library="AppiumLibrary">
<arg>id=bt_stop_showcase</arg>
<doc>Verifies that current page not contains `locator` element.</doc>
<msg timestamp="20230704 18:33:15.241" level="INFO">Current page not contains element 'id=bt_stop_showcase'.</msg>
<msg timestamp="20230704 18:33:15.242" level="INFO">criteria is bt_stop_showcase</msg>
<status status="PASS" starttime="20230704 18:33:15.204" endtime="20230704 18:33:15.242"/>
</kw>
<msg timestamp="20230704 18:33:15.243" level="INFO">${buttons} = True</msg>
<status status="PASS" starttime="20230704 18:33:15.204" endtime="20230704 18:33:15.243"/>
</kw>
<for flavor="IN RANGE">
<var>${index}</var>
<value>4</value>
<iter>
<var name="${index}">0</var>
<kw name="Run Keyword If" library="BuiltIn">
<arg>${buttons}</arg>
<arg>Swipe By Percent</arg>
<arg>90</arg>
<arg>50</arg>
<arg>10</arg>
<arg>50</arg>
<arg>200</arg>
<arg>ELSE</arg>
<arg>Exit For Loop</arg>
<doc>Runs the given keyword with the given arguments, if ``condition`` is true.</doc>
<kw name="Swipe By Percent" library="AppiumLibrary">
<arg>90</arg>
<arg>50</arg>
<arg>10</arg>
<arg>50</arg>
<arg>200</arg>
<doc>Swipe from one percent of the screen to another percent, for an optional duration.
Normal swipe fails to scale for different screen resolutions, this can be avoided using percent.</doc>
<status status="PASS" starttime="20230704 18:33:15.246" endtime="20230704 18:33:15.902"/>
</kw>
<status status="PASS" starttime="20230704 18:33:15.246" endtime="20230704 18:33:15.903"/>
</kw>
<status status="PASS" starttime="20230704 18:33:15.245" endtime="20230704 18:33:15.903"/>
</iter>
<iter>
<var name="${index}">1</var>
<kw name="Run Keyword If" library="BuiltIn">
<arg>${buttons}</arg>
<arg>Swipe By Percent</arg>
<arg>90</arg>
<arg>50</arg>
<arg>10</arg>
<arg>50</arg>
<arg>200</arg>
<arg>ELSE</arg>
<arg>Exit For Loop</arg>
<doc>Runs the given keyword with the given arguments, if ``condition`` is true.</doc>
<kw name="Swipe By Percent" library="AppiumLibrary">
<arg>90</arg>
<arg>50</arg>
<arg>10</arg>
<arg>50</arg>
<arg>200</arg>
<doc>Swipe from one percent of the screen to another percent, for an optional duration.
Normal swipe fails to scale for different screen resolutions, this can be avoided using percent.</doc>
<status status="PASS" starttime="20230704 18:33:15.905" endtime="20230704 18:33:16.736"/>
</kw>
<status status="PASS" starttime="20230704 18:33:15.904" endtime="20230704 18:33:16.736"/>
</kw>
<status status="PASS" starttime="20230704 18:33:15.904" endtime="20230704 18:33:16.736"/>
</iter>
<iter>
<var name="${index}">2</var>
<kw name="Run Keyword If" library="BuiltIn">
<arg>${buttons}</arg>
<arg>Swipe By Percent</arg>
<arg>90</arg>
<arg>50</arg>
<arg>10</arg>
<arg>50</arg>
<arg>200</arg>
<arg>ELSE</arg>
<arg>Exit For Loop</arg>
<doc>Runs the given keyword with the given arguments, if ``condition`` is true.</doc>
<kw name="Swipe By Percent" library="AppiumLibrary">
<arg>90</arg>
<arg>50</arg>
<arg>10</arg>
<arg>50</arg>
<arg>200</arg>
<doc>Swipe from one percent of the screen to another percent, for an optional duration.
Normal swipe fails to scale for different screen resolutions, this can be avoided using percent.</doc>
<status status="PASS" starttime="20230704 18:33:16.737" endtime="20230704 18:33:17.460"/>
</kw>
<status status="PASS" starttime="20230704 18:33:16.737" endtime="20230704 18:33:17.461"/>
</kw>
<status status="PASS" starttime="20230704 18:33:16.736" endtime="20230704 18:33:17.461"/>
</iter>
<iter>
<var name="${index}">3</var>
<kw name="Run Keyword If" library="BuiltIn">
<arg>${buttons}</arg>
<arg>Swipe By Percent</arg>
<arg>90</arg>
<arg>50</arg>
<arg>10</arg>
<arg>50</arg>
<arg>200</arg>
<arg>ELSE</arg>
<arg>Exit For Loop</arg>
<doc>Runs the given keyword with the given arguments, if ``condition`` is true.</doc>
<kw name="Swipe By Percent" library="AppiumLibrary">
<arg>90</arg>
<arg>50</arg>
<arg>10</arg>
<arg>50</arg>
<arg>200</arg>
<doc>Swipe from one percent of the screen to another percent, for an optional duration.
Normal swipe fails to scale for different screen resolutions, this can be avoided using percent.</doc>
<status status="PASS" starttime="20230704 18:33:17.463" endtime="20230704 18:33:18.119"/>
</kw>
<status status="PASS" starttime="20230704 18:33:17.462" endtime="20230704 18:33:18.120"/>
</kw>
<status status="PASS" starttime="20230704 18:33:17.462" endtime="20230704 18:33:18.120"/>
</iter>
<status status="PASS" starttime="20230704 18:33:15.244" endtime="20230704 18:33:18.121"/>
</for>
<kw name="Click Element" library="AppiumLibrary">
<arg>id=v_seekbar_overlay</arg>
<doc>Click element identified by `locator`.</doc>
<msg timestamp="20230704 18:33:18.125" level="INFO">Clicking element 'id=v_seekbar_overlay'.</msg>
<msg timestamp="20230704 18:33:19.159" level="INFO">criteria is v_seekbar_overlay</msg>
<status status="PASS" starttime="20230704 18:33:18.122" endtime="20230704 18:33:19.159"/>
</kw>
<kw name="Click Element" library="AppiumLibrary">
<arg>id=bt_stop_showcase</arg>
<doc>Click element identified by `locator`.</doc>
<msg timestamp="20230704 18:33:19.167" level="INFO">Clicking element 'id=bt_stop_showcase'.</msg>
<msg timestamp="20230704 18:33:19.954" level="INFO">criteria is bt_stop_showcase</msg>
<status status="PASS" starttime="20230704 18:33:19.163" endtime="20230704 18:33:19.954"/>
</kw>
<kw name="Wait Until Element Is Visible" library="AppiumLibrary">
<arg>id=tv_why_user_title</arg>
<doc>Waits until element specified with `locator` is visible.</doc>
<msg timestamp="20230704 18:33:21.170" level="INFO">criteria is tv_why_user_title
criteria is tv_why_user_title</msg>
<status status="PASS" starttime="20230704 18:33:19.956" endtime="20230704 18:33:21.170"/>
</kw>
<kw name="Wait Until Element Is Visible" library="AppiumLibrary">
<arg>id=v_click_why_other</arg>
<doc>Waits until element specified with `locator` is visible.</doc>
<msg timestamp="20230704 18:33:21.299" level="INFO">criteria is v_click_why_other</msg>
<status status="PASS" starttime="20230704 18:33:21.171" endtime="20230704 18:33:21.300"/>
</kw>
<kw name="Click Element" library="AppiumLibrary">
<arg>id=v_click_why_other</arg>
<doc>Click element identified by `locator`.</doc>
<msg timestamp="20230704 18:33:21.305" level="INFO">Clicking element 'id=v_click_why_other'.</msg>
<msg timestamp="20230704 18:33:21.567" level="INFO">criteria is v_click_why_other</msg>
<status status="PASS" starttime="20230704 18:33:21.302" endtime="20230704 18:33:21.567"/>
</kw>
<status status="PASS" starttime="20230704 18:33:10.458" endtime="20230704 18:33:21.569"/>
</kw>
<kw name="Close Application" library="AppiumLibrary" type="TEARDOWN">
<doc>Closes the current application and also close webdriver session.</doc>
<status status="PASS" starttime="20230704 18:33:21.571" endtime="20230704 18:33:22.068"/>
</kw>
<tag>tests12</tag>
<status status="PASS" starttime="20230704 18:33:00.122" endtime="20230704 18:33:22.069"/>
</test>
<status status="PASS" starttime="20230704 18:33:00.105" endtime="20230704 18:33:22.076"/>
</suite>
<status status="PASS" starttime="20230704 18:32:59.614" endtime="20230704 18:33:22.091"/>
</suite>
<statistics>
<total>
<stat pass="1" fail="0" skip="0">All Tests</stat>
</total>
<tag>
<stat pass="1" fail="0" skip="0">tests12</stat>
</tag>
<suite>
<stat pass="1" fail="0" skip="0" id="s1" name="Tests">Tests</stat>
<stat pass="1" fail="0" skip="0" id="s1-s1" name="HomeTest">Tests.HomeTest</stat>
</suite>
</statistics>
<errors>
</errors>
</robot>
