<?xml version="1.0" encoding="UTF-8"?>
<robot generator="Rebot 6.0.2 (Python 3.11.4 on win32)" generated="20230713 09:07:03.460" rpa="false" schemaversion="3">
<suite id="s1" name="Tests" source="C:\Users\monsh\PycharmProjects\Occazio\Tests">
<suite id="s1-s1" name="HomeTest" source="C:\Users\monsh\PycharmProjects\Occazio\Tests\HomeTest.robot">
<test id="s1-s1-t1" name="Mode Vendeur Implementation" line="16">
<kw name="Run Keywords" library="BuiltIn" type="SETUP">
<arg>Base.Start Appium</arg>
<arg>AND</arg>
<arg>Base.Occasio app</arg>
<doc>Executes all the given keywords in a sequence.</doc>
<kw name="Start Appium" library="Base">
<kw name="Set Variable" library="BuiltIn">
<var>${command}</var>
<arg>${APPIUM_COMMAND}</arg>
<doc>Returns the given values which can then be assigned to a variables.</doc>
<msg timestamp="20230713 09:06:23.848" level="INFO">${command} = appium -p 4723</msg>
<status status="PASS" starttime="20230713 09:06:23.847" endtime="20230713 09:06:23.853"/>
</kw>
<kw name="Run And Return Rc" library="OperatingSystem">
<arg>${command}</arg>
<doc>Runs the given command in the system and returns the return code.</doc>
<msg timestamp="20230713 09:06:23.865" level="INFO">Running command 'appium -p 4723 2&gt;&amp;1'.</msg>
<status status="PASS" starttime="20230713 09:06:23.855" endtime="20230713 09:06:26.349"/>
</kw>
<kw name="Log To Console" library="BuiltIn">
<arg>${command}</arg>
<doc>Logs the given message to the console.</doc>
<status status="PASS" starttime="20230713 09:06:26.351" endtime="20230713 09:06:26.353"/>
</kw>
<status status="PASS" starttime="20230713 09:06:23.846" endtime="20230713 09:06:26.354"/>
</kw>
<kw name="Occasio app" library="Base">
<kw name="Open Application" library="AppiumLibrary">
<arg>${Hub}</arg>
<arg>automationName=${ANDROID_AUTOMATION_NAME}</arg>
<arg>platformName=${ANDROID_PLATFORM_NAME}</arg>
<arg>platformVersion=${ANDROID_PLATFORM_VERSION}</arg>
<arg>app=${ANDROID_APP}</arg>
<doc>Opens a new application to given Appium server.
Capabilities of appium server, Android and iOS,
Please check https://github.com/appium/appium/blob/master/docs/en/writing-running-appium/server-args.md
| *Option*            | *Man.* | *Description*     |
| remote_url          | Yes    | Appium server url |
| alias               | no     | alias             |
| strict_ssl          | No     | allows you to send commands to an invalid certificate host like a self-signed one. |</doc>
<status status="PASS" starttime="20230713 09:06:26.355" endtime="20230713 09:06:34.978"/>
</kw>
<status status="PASS" starttime="20230713 09:06:26.354" endtime="20230713 09:06:34.979"/>
</kw>
<status status="PASS" starttime="20230713 09:06:23.845" endtime="20230713 09:06:34.980"/>
</kw>
<kw name="Search for an specific registration number" library="HomeBuyer">
<kw name="Unboarding" library="Navigate">
<kw name="Wait Until Element Is Visible" library="AppiumLibrary">
<arg>id=bt_start_showcase</arg>
<arg>15s</arg>
<doc>Waits until element specified with `locator` is visible.</doc>
<msg timestamp="20230713 09:06:38.714" level="INFO">criteria is bt_start_showcase
criteria is bt_start_showcase
criteria is bt_start_showcase
criteria is bt_start_showcase
criteria is bt_start_showcase
criteria is bt_start_showcase
criteria is bt_start_showcase
criteria is bt_start_showcase
criteria is bt_start_showcase
criteria is bt_start_showcase
criteria is bt_start_showcase
criteria is bt_start_showcase</msg>
<status status="PASS" starttime="20230713 09:06:34.983" endtime="20230713 09:06:38.714"/>
</kw>
<kw name="Click Element" library="AppiumLibrary">
<arg>id=bt_start_showcase</arg>
<doc>Click element identified by `locator`.</doc>
<msg timestamp="20230713 09:06:38.720" level="INFO">Clicking element 'id=bt_start_showcase'.</msg>
<msg timestamp="20230713 09:06:38.878" level="INFO">criteria is bt_start_showcase</msg>
<status status="PASS" starttime="20230713 09:06:38.716" endtime="20230713 09:06:38.879"/>
</kw>
<kw name="Wait Until Element Is Visible" library="AppiumLibrary">
<arg>id=indicator_showcase</arg>
<doc>Waits until element specified with `locator` is visible.</doc>
<msg timestamp="20230713 09:06:39.930" level="INFO">criteria is indicator_showcase
criteria is indicator_showcase</msg>
<status status="PASS" starttime="20230713 09:06:38.880" endtime="20230713 09:06:39.931"/>
</kw>
<kw name="Run Keyword And Return Status" library="BuiltIn">
<var>${buttons}</var>
<arg>Page Should Not Contain Element</arg>
<arg>id=bt_stop_showcase</arg>
<doc>Runs the given keyword with given arguments and returns the status as a Boolean value.</doc>
<kw name="Page Should Not Contain Element" library="AppiumLibrary">
<arg>id=bt_stop_showcase</arg>
<doc>Verifies that current page not contains `locator` element.</doc>
<msg timestamp="20230713 09:06:39.971" level="INFO">Current page not contains element 'id=bt_stop_showcase'.</msg>
<msg timestamp="20230713 09:06:39.971" level="INFO">criteria is bt_stop_showcase</msg>
<status status="PASS" starttime="20230713 09:06:39.934" endtime="20230713 09:06:39.971"/>
</kw>
<msg timestamp="20230713 09:06:39.973" level="INFO">${buttons} = True</msg>
<status status="PASS" starttime="20230713 09:06:39.933" endtime="20230713 09:06:39.973"/>
</kw>
<for flavor="IN RANGE">
<var>${index}</var>
<value>4</value>
<iter>
<var name="${index}">0</var>
<kw name="Run Keyword If" library="BuiltIn">
<arg>${buttons}</arg>
<arg>Swipe By Percent</arg>
<arg>90</arg>
<arg>50</arg>
<arg>10</arg>
<arg>50</arg>
<arg>200</arg>
<arg>ELSE</arg>
<arg>Exit For Loop</arg>
<doc>Runs the given keyword with the given arguments, if ``condition`` is true.</doc>
<kw name="Swipe By Percent" library="AppiumLibrary">
<arg>90</arg>
<arg>50</arg>
<arg>10</arg>
<arg>50</arg>
<arg>200</arg>
<doc>Swipe from one percent of the screen to another percent, for an optional duration.
Normal swipe fails to scale for different screen resolutions, this can be avoided using percent.</doc>
<status status="PASS" starttime="20230713 09:06:39.977" endtime="20230713 09:06:40.643"/>
</kw>
<status status="PASS" starttime="20230713 09:06:39.976" endtime="20230713 09:06:40.644"/>
</kw>
<status status="PASS" starttime="20230713 09:06:39.976" endtime="20230713 09:06:40.644"/>
</iter>
<iter>
<var name="${index}">1</var>
<kw name="Run Keyword If" library="BuiltIn">
<arg>${buttons}</arg>
<arg>Swipe By Percent</arg>
<arg>90</arg>
<arg>50</arg>
<arg>10</arg>
<arg>50</arg>
<arg>200</arg>
<arg>ELSE</arg>
<arg>Exit For Loop</arg>
<doc>Runs the given keyword with the given arguments, if ``condition`` is true.</doc>
<kw name="Swipe By Percent" library="AppiumLibrary">
<arg>90</arg>
<arg>50</arg>
<arg>10</arg>
<arg>50</arg>
<arg>200</arg>
<doc>Swipe from one percent of the screen to another percent, for an optional duration.
Normal swipe fails to scale for different screen resolutions, this can be avoided using percent.</doc>
<status status="PASS" starttime="20230713 09:06:40.645" endtime="20230713 09:06:41.410"/>
</kw>
<status status="PASS" starttime="20230713 09:06:40.645" endtime="20230713 09:06:41.410"/>
</kw>
<status status="PASS" starttime="20230713 09:06:40.644" endtime="20230713 09:06:41.411"/>
</iter>
<iter>
<var name="${index}">2</var>
<kw name="Run Keyword If" library="BuiltIn">
<arg>${buttons}</arg>
<arg>Swipe By Percent</arg>
<arg>90</arg>
<arg>50</arg>
<arg>10</arg>
<arg>50</arg>
<arg>200</arg>
<arg>ELSE</arg>
<arg>Exit For Loop</arg>
<doc>Runs the given keyword with the given arguments, if ``condition`` is true.</doc>
<kw name="Swipe By Percent" library="AppiumLibrary">
<arg>90</arg>
<arg>50</arg>
<arg>10</arg>
<arg>50</arg>
<arg>200</arg>
<doc>Swipe from one percent of the screen to another percent, for an optional duration.
Normal swipe fails to scale for different screen resolutions, this can be avoided using percent.</doc>
<status status="PASS" starttime="20230713 09:06:41.412" endtime="20230713 09:06:42.108"/>
</kw>
<status status="PASS" starttime="20230713 09:06:41.412" endtime="20230713 09:06:42.109"/>
</kw>
<status status="PASS" starttime="20230713 09:06:41.411" endtime="20230713 09:06:42.109"/>
</iter>
<iter>
<var name="${index}">3</var>
<kw name="Run Keyword If" library="BuiltIn">
<arg>${buttons}</arg>
<arg>Swipe By Percent</arg>
<arg>90</arg>
<arg>50</arg>
<arg>10</arg>
<arg>50</arg>
<arg>200</arg>
<arg>ELSE</arg>
<arg>Exit For Loop</arg>
<doc>Runs the given keyword with the given arguments, if ``condition`` is true.</doc>
<kw name="Swipe By Percent" library="AppiumLibrary">
<arg>90</arg>
<arg>50</arg>
<arg>10</arg>
<arg>50</arg>
<arg>200</arg>
<doc>Swipe from one percent of the screen to another percent, for an optional duration.
Normal swipe fails to scale for different screen resolutions, this can be avoided using percent.</doc>
<status status="PASS" starttime="20230713 09:06:42.112" endtime="20230713 09:06:42.794"/>
</kw>
<status status="PASS" starttime="20230713 09:06:42.111" endtime="20230713 09:06:42.794"/>
</kw>
<status status="PASS" starttime="20230713 09:06:42.110" endtime="20230713 09:06:42.795"/>
</iter>
<status status="PASS" starttime="20230713 09:06:39.975" endtime="20230713 09:06:42.795"/>
</for>
<kw name="Click Element" library="AppiumLibrary">
<arg>id=v_seekbar_overlay</arg>
<doc>Click element identified by `locator`.</doc>
<msg timestamp="20230713 09:06:42.799" level="INFO">Clicking element 'id=v_seekbar_overlay'.</msg>
<msg timestamp="20230713 09:06:43.747" level="INFO">criteria is v_seekbar_overlay</msg>
<status status="PASS" starttime="20230713 09:06:42.795" endtime="20230713 09:06:43.747"/>
</kw>
<kw name="Click Element" library="AppiumLibrary">
<arg>id=bt_stop_showcase</arg>
<doc>Click element identified by `locator`.</doc>
<msg timestamp="20230713 09:06:43.753" level="INFO">Clicking element 'id=bt_stop_showcase'.</msg>
<msg timestamp="20230713 09:06:44.427" level="INFO">criteria is bt_stop_showcase</msg>
<status status="PASS" starttime="20230713 09:06:43.749" endtime="20230713 09:06:44.427"/>
</kw>
<kw name="Wait Until Element Is Visible" library="AppiumLibrary">
<arg>id=tv_why_user_title</arg>
<doc>Waits until element specified with `locator` is visible.</doc>
<msg timestamp="20230713 09:06:45.557" level="INFO">criteria is tv_why_user_title
criteria is tv_why_user_title</msg>
<status status="PASS" starttime="20230713 09:06:44.429" endtime="20230713 09:06:45.557"/>
</kw>
<kw name="Wait Until Element Is Visible" library="AppiumLibrary">
<arg>id=v_click_why_other</arg>
<doc>Waits until element specified with `locator` is visible.</doc>
<msg timestamp="20230713 09:06:45.635" level="INFO">criteria is v_click_why_other</msg>
<status status="PASS" starttime="20230713 09:06:45.559" endtime="20230713 09:06:45.636"/>
</kw>
<kw name="Click Element" library="AppiumLibrary">
<arg>id=v_click_why_other</arg>
<doc>Click element identified by `locator`.</doc>
<msg timestamp="20230713 09:06:45.641" level="INFO">Clicking element 'id=v_click_why_other'.</msg>
<msg timestamp="20230713 09:06:45.766" level="INFO">criteria is v_click_why_other</msg>
<status status="PASS" starttime="20230713 09:06:45.637" endtime="20230713 09:06:45.768"/>
</kw>
<status status="PASS" starttime="20230713 09:06:34.982" endtime="20230713 09:06:45.770"/>
</kw>
<kw name="Wait Until Page Contains Element" library="AppiumLibrary">
<arg>id=include_buyer_no_data</arg>
<doc>Waits until element specified with `locator` appears on current page.</doc>
<msg timestamp="20230713 09:06:46.164" level="INFO">criteria is include_buyer_no_data</msg>
<status status="PASS" starttime="20230713 09:06:45.771" endtime="20230713 09:06:46.164"/>
</kw>
<kw name="Click Element" library="AppiumLibrary">
<arg>id=include_buyer_no_data</arg>
<doc>Click element identified by `locator`.</doc>
<msg timestamp="20230713 09:06:46.169" level="INFO">Clicking element 'id=include_buyer_no_data'.</msg>
<msg timestamp="20230713 09:06:46.664" level="INFO">criteria is include_buyer_no_data</msg>
<status status="PASS" starttime="20230713 09:06:46.166" endtime="20230713 09:06:46.665"/>
</kw>
<kw name="Wait Until Page Contains Element" library="AppiumLibrary">
<arg>id=tv_buyer_bubble_text</arg>
<doc>Waits until element specified with `locator` appears on current page.</doc>
<msg timestamp="20230713 09:06:46.735" level="INFO">criteria is tv_buyer_bubble_text</msg>
<status status="PASS" starttime="20230713 09:06:46.667" endtime="20230713 09:06:46.735"/>
</kw>
<kw name="Wait Until Page Contains Element" library="AppiumLibrary">
<arg>id=et_edit_plate</arg>
<doc>Waits until element specified with `locator` appears on current page.</doc>
<msg timestamp="20230713 09:06:46.810" level="INFO">criteria is et_edit_plate</msg>
<status status="PASS" starttime="20230713 09:06:46.738" endtime="20230713 09:06:46.810"/>
</kw>
<kw name="Click Element" library="AppiumLibrary">
<arg>id=et_edit_plate</arg>
<doc>Click element identified by `locator`.</doc>
<msg timestamp="20230713 09:06:46.815" level="INFO">Clicking element 'id=et_edit_plate'.</msg>
<msg timestamp="20230713 09:06:47.823" level="INFO">criteria is et_edit_plate</msg>
<status status="PASS" starttime="20230713 09:06:46.813" endtime="20230713 09:06:47.823"/>
</kw>
<kw name="Input Text" library="AppiumLibrary">
<arg>id=et_edit_plate</arg>
<arg>${matriculeBuyer}</arg>
<doc>Types the given `text` into text field identified by `locator`.</doc>
<msg timestamp="20230713 09:06:47.828" level="INFO">Typing text 'AA-123-AA' into text field 'id=et_edit_plate'</msg>
<msg timestamp="20230713 09:06:47.922" level="INFO">criteria is et_edit_plate</msg>
<status status="PASS" starttime="20230713 09:06:47.825" endtime="20230713 09:06:47.923"/>
</kw>
<kw name="Sleep" library="BuiltIn">
<arg>15</arg>
<doc>Pauses the test executed for the given time.</doc>
<msg timestamp="20230713 09:07:02.927" level="INFO">Slept 15 seconds</msg>
<status status="PASS" starttime="20230713 09:06:47.925" endtime="20230713 09:07:02.927"/>
</kw>
<status status="PASS" starttime="20230713 09:06:34.981" endtime="20230713 09:07:02.928"/>
</kw>
<kw name="Close App" library="Base" type="TEARDOWN">
<kw name="Close Application" library="AppiumLibrary">
<doc>Closes the current application and also close webdriver session.</doc>
<status status="PASS" starttime="20230713 09:07:02.929" endtime="20230713 09:07:03.431"/>
</kw>
<status status="PASS" starttime="20230713 09:07:02.929" endtime="20230713 09:07:03.431"/>
</kw>
<tag>regression</tag>
<status status="PASS" starttime="20230713 09:06:23.812" endtime="20230713 09:07:03.432"/>
</test>
<status status="PASS" starttime="20230713 09:06:23.772" endtime="20230713 09:07:03.440"/>
</suite>
<status status="PASS" starttime="20230713 09:06:23.332" endtime="20230713 09:07:03.450"/>
</suite>
<statistics>
<total>
<stat pass="1" fail="0" skip="0">All Tests</stat>
</total>
<tag>
<stat pass="1" fail="0" skip="0">regression</stat>
</tag>
<suite>
<stat pass="1" fail="0" skip="0" id="s1" name="Tests">Tests</stat>
<stat pass="1" fail="0" skip="0" id="s1-s1" name="HomeTest">Tests.HomeTest</stat>
</suite>
</statistics>
<errors>
</errors>
</robot>
