<?xml version="1.0" encoding="UTF-8"?>
<robot generator="Rebot 6.0.2 (Python 3.11.4 on win32)" generated="20230713 11:58:40.861" rpa="false" schemaversion="3">
<suite id="s1" name="Tests" source="C:\Users\monsh\PycharmProjects\Occazio\Tests">
<suite id="s1-s1" name="HomeTest" source="C:\Users\monsh\PycharmProjects\Occazio\Tests\HomeTest.robot">
<test id="s1-s1-t1" name="Demarrage" line="9">
<kw name="Run Keywords" library="BuiltIn" type="SETUP">
<arg>Base.Start Appium</arg>
<arg>AND</arg>
<arg>Base.Occasio app</arg>
<doc>Executes all the given keywords in a sequence.</doc>
<kw name="Start Appium" library="Base">
<kw name="Set Variable" library="BuiltIn">
<var>${command}</var>
<arg>${APPIUM_COMMAND}</arg>
<doc>Returns the given values which can then be assigned to a variables.</doc>
<msg timestamp="20230713 11:57:51.318" level="INFO">${command} = appium -p 4723</msg>
<status status="PASS" starttime="20230713 11:57:51.318" endtime="20230713 11:57:51.319"/>
</kw>
<kw name="Run And Return Rc" library="OperatingSystem">
<arg>${command}</arg>
<doc>Runs the given command in the system and returns the return code.</doc>
<msg timestamp="20230713 11:57:51.325" level="INFO">Running command 'appium -p 4723 2&gt;&amp;1'.</msg>
<status status="PASS" starttime="20230713 11:57:51.321" endtime="20230713 11:57:52.245"/>
</kw>
<kw name="Log To Console" library="BuiltIn">
<arg>${command}</arg>
<doc>Logs the given message to the console.</doc>
<status status="PASS" starttime="20230713 11:57:52.246" endtime="20230713 11:57:52.246"/>
</kw>
<status status="PASS" starttime="20230713 11:57:51.317" endtime="20230713 11:57:52.246"/>
</kw>
<kw name="Occasio app" library="Base">
<kw name="Open Application" library="AppiumLibrary">
<arg>${Hub}</arg>
<arg>automationName=${ANDROID_AUTOMATION_NAME}</arg>
<arg>platformName=${ANDROID_PLATFORM_NAME}</arg>
<arg>platformVersion=${ANDROID_PLATFORM_VERSION}</arg>
<arg>app=${ANDROID_APP}</arg>
<doc>Opens a new application to given Appium server.
Capabilities of appium server, Android and iOS,
Please check https://github.com/appium/appium/blob/master/docs/en/writing-running-appium/server-args.md
| *Option*            | *Man.* | *Description*     |
| remote_url          | Yes    | Appium server url |
| alias               | no     | alias             |
| strict_ssl          | No     | allows you to send commands to an invalid certificate host like a self-signed one. |</doc>
<status status="PASS" starttime="20230713 11:57:52.247" endtime="20230713 11:57:56.478"/>
</kw>
<status status="PASS" starttime="20230713 11:57:52.247" endtime="20230713 11:57:56.478"/>
</kw>
<status status="PASS" starttime="20230713 11:57:51.317" endtime="20230713 11:57:56.478"/>
</kw>
<kw name="Unboarding" library="Navigate">
<kw name="Wait Until Element Is Visible" library="AppiumLibrary">
<arg>id=bt_start_showcase</arg>
<arg>15s</arg>
<doc>Waits until element specified with `locator` is visible.</doc>
<msg timestamp="20230713 11:57:59.545" level="INFO">criteria is bt_start_showcase
criteria is bt_start_showcase
criteria is bt_start_showcase
criteria is bt_start_showcase
criteria is bt_start_showcase
criteria is bt_start_showcase
criteria is bt_start_showcase
criteria is bt_start_showcase
criteria is bt_start_showcase
criteria is bt_start_showcase
criteria is bt_start_showcase</msg>
<status status="PASS" starttime="20230713 11:57:56.479" endtime="20230713 11:57:59.545"/>
</kw>
<kw name="Click Element" library="AppiumLibrary">
<arg>id=bt_start_showcase</arg>
<doc>Click element identified by `locator`.</doc>
<msg timestamp="20230713 11:57:59.548" level="INFO">Clicking element 'id=bt_start_showcase'.</msg>
<msg timestamp="20230713 11:57:59.604" level="INFO">criteria is bt_start_showcase</msg>
<status status="PASS" starttime="20230713 11:57:59.547" endtime="20230713 11:57:59.604"/>
</kw>
<kw name="Wait Until Element Is Visible" library="AppiumLibrary">
<arg>id=indicator_showcase</arg>
<doc>Waits until element specified with `locator` is visible.</doc>
<msg timestamp="20230713 11:58:00.384" level="INFO">criteria is indicator_showcase</msg>
<status status="PASS" starttime="20230713 11:57:59.605" endtime="20230713 11:58:00.384"/>
</kw>
<kw name="Run Keyword And Return Status" library="BuiltIn">
<var>${buttons}</var>
<arg>Page Should Not Contain Element</arg>
<arg>id=bt_stop_showcase</arg>
<doc>Runs the given keyword with given arguments and returns the status as a Boolean value.</doc>
<kw name="Page Should Not Contain Element" library="AppiumLibrary">
<arg>id=bt_stop_showcase</arg>
<doc>Verifies that current page not contains `locator` element.</doc>
<msg timestamp="20230713 11:58:00.398" level="INFO">Current page not contains element 'id=bt_stop_showcase'.</msg>
<msg timestamp="20230713 11:58:00.400" level="INFO">criteria is bt_stop_showcase</msg>
<status status="PASS" starttime="20230713 11:58:00.385" endtime="20230713 11:58:00.400"/>
</kw>
<msg timestamp="20230713 11:58:00.401" level="INFO">${buttons} = True</msg>
<status status="PASS" starttime="20230713 11:58:00.385" endtime="20230713 11:58:00.401"/>
</kw>
<for flavor="IN RANGE">
<var>${index}</var>
<value>4</value>
<iter>
<var name="${index}">0</var>
<kw name="Run Keyword If" library="BuiltIn">
<arg>${buttons}</arg>
<arg>Swipe By Percent</arg>
<arg>90</arg>
<arg>50</arg>
<arg>10</arg>
<arg>50</arg>
<arg>200</arg>
<arg>ELSE</arg>
<arg>Exit For Loop</arg>
<doc>Runs the given keyword with the given arguments, if ``condition`` is true.</doc>
<kw name="Swipe By Percent" library="AppiumLibrary">
<arg>90</arg>
<arg>50</arg>
<arg>10</arg>
<arg>50</arg>
<arg>200</arg>
<doc>Swipe from one percent of the screen to another percent, for an optional duration.
Normal swipe fails to scale for different screen resolutions, this can be avoided using percent.</doc>
<status status="PASS" starttime="20230713 11:58:00.402" endtime="20230713 11:58:00.910"/>
</kw>
<status status="PASS" starttime="20230713 11:58:00.401" endtime="20230713 11:58:00.910"/>
</kw>
<status status="PASS" starttime="20230713 11:58:00.401" endtime="20230713 11:58:00.910"/>
</iter>
<iter>
<var name="${index}">1</var>
<kw name="Run Keyword If" library="BuiltIn">
<arg>${buttons}</arg>
<arg>Swipe By Percent</arg>
<arg>90</arg>
<arg>50</arg>
<arg>10</arg>
<arg>50</arg>
<arg>200</arg>
<arg>ELSE</arg>
<arg>Exit For Loop</arg>
<doc>Runs the given keyword with the given arguments, if ``condition`` is true.</doc>
<kw name="Swipe By Percent" library="AppiumLibrary">
<arg>90</arg>
<arg>50</arg>
<arg>10</arg>
<arg>50</arg>
<arg>200</arg>
<doc>Swipe from one percent of the screen to another percent, for an optional duration.
Normal swipe fails to scale for different screen resolutions, this can be avoided using percent.</doc>
<status status="PASS" starttime="20230713 11:58:00.910" endtime="20230713 11:58:01.456"/>
</kw>
<status status="PASS" starttime="20230713 11:58:00.910" endtime="20230713 11:58:01.456"/>
</kw>
<status status="PASS" starttime="20230713 11:58:00.910" endtime="20230713 11:58:01.456"/>
</iter>
<iter>
<var name="${index}">2</var>
<kw name="Run Keyword If" library="BuiltIn">
<arg>${buttons}</arg>
<arg>Swipe By Percent</arg>
<arg>90</arg>
<arg>50</arg>
<arg>10</arg>
<arg>50</arg>
<arg>200</arg>
<arg>ELSE</arg>
<arg>Exit For Loop</arg>
<doc>Runs the given keyword with the given arguments, if ``condition`` is true.</doc>
<kw name="Swipe By Percent" library="AppiumLibrary">
<arg>90</arg>
<arg>50</arg>
<arg>10</arg>
<arg>50</arg>
<arg>200</arg>
<doc>Swipe from one percent of the screen to another percent, for an optional duration.
Normal swipe fails to scale for different screen resolutions, this can be avoided using percent.</doc>
<status status="PASS" starttime="20230713 11:58:01.458" endtime="20230713 11:58:01.980"/>
</kw>
<status status="PASS" starttime="20230713 11:58:01.457" endtime="20230713 11:58:01.980"/>
</kw>
<status status="PASS" starttime="20230713 11:58:01.457" endtime="20230713 11:58:01.980"/>
</iter>
<iter>
<var name="${index}">3</var>
<kw name="Run Keyword If" library="BuiltIn">
<arg>${buttons}</arg>
<arg>Swipe By Percent</arg>
<arg>90</arg>
<arg>50</arg>
<arg>10</arg>
<arg>50</arg>
<arg>200</arg>
<arg>ELSE</arg>
<arg>Exit For Loop</arg>
<doc>Runs the given keyword with the given arguments, if ``condition`` is true.</doc>
<kw name="Swipe By Percent" library="AppiumLibrary">
<arg>90</arg>
<arg>50</arg>
<arg>10</arg>
<arg>50</arg>
<arg>200</arg>
<doc>Swipe from one percent of the screen to another percent, for an optional duration.
Normal swipe fails to scale for different screen resolutions, this can be avoided using percent.</doc>
<status status="PASS" starttime="20230713 11:58:01.981" endtime="20230713 11:58:02.541"/>
</kw>
<status status="PASS" starttime="20230713 11:58:01.981" endtime="20230713 11:58:02.541"/>
</kw>
<status status="PASS" starttime="20230713 11:58:01.981" endtime="20230713 11:58:02.542"/>
</iter>
<status status="PASS" starttime="20230713 11:58:00.401" endtime="20230713 11:58:02.542"/>
</for>
<kw name="Click Element" library="AppiumLibrary">
<arg>id=v_seekbar_overlay</arg>
<doc>Click element identified by `locator`.</doc>
<msg timestamp="20230713 11:58:02.544" level="INFO">Clicking element 'id=v_seekbar_overlay'.</msg>
<msg timestamp="20230713 11:58:03.976" level="INFO">criteria is v_seekbar_overlay</msg>
<status status="PASS" starttime="20230713 11:58:02.542" endtime="20230713 11:58:03.976"/>
</kw>
<kw name="Click Element" library="AppiumLibrary">
<arg>id=bt_stop_showcase</arg>
<doc>Click element identified by `locator`.</doc>
<msg timestamp="20230713 11:58:03.980" level="INFO">Clicking element 'id=bt_stop_showcase'.</msg>
<msg timestamp="20230713 11:58:04.040" level="INFO">criteria is bt_stop_showcase</msg>
<status status="PASS" starttime="20230713 11:58:03.978" endtime="20230713 11:58:04.040"/>
</kw>
<kw name="Wait Until Element Is Visible" library="AppiumLibrary">
<arg>id=tv_why_user_title</arg>
<doc>Waits until element specified with `locator` is visible.</doc>
<msg timestamp="20230713 11:58:04.750" level="INFO">criteria is tv_why_user_title</msg>
<status status="PASS" starttime="20230713 11:58:04.041" endtime="20230713 11:58:04.750"/>
</kw>
<kw name="Wait Until Element Is Visible" library="AppiumLibrary">
<arg>id=v_click_why_other</arg>
<doc>Waits until element specified with `locator` is visible.</doc>
<msg timestamp="20230713 11:58:04.783" level="INFO">criteria is v_click_why_other</msg>
<status status="PASS" starttime="20230713 11:58:04.752" endtime="20230713 11:58:04.783"/>
</kw>
<kw name="Click Element" library="AppiumLibrary">
<arg>id=v_click_why_other</arg>
<doc>Click element identified by `locator`.</doc>
<msg timestamp="20230713 11:58:04.786" level="INFO">Clicking element 'id=v_click_why_other'.</msg>
<msg timestamp="20230713 11:58:04.856" level="INFO">criteria is v_click_why_other</msg>
<status status="PASS" starttime="20230713 11:58:04.784" endtime="20230713 11:58:04.857"/>
</kw>
<status status="PASS" starttime="20230713 11:57:56.479" endtime="20230713 11:58:04.858"/>
</kw>
<kw name="Switch between Mode" library="Navigate">
<arg>${choix}</arg>
<if>
<branch type="IF" condition="'${choix}' == 'Mode Acheteur'">
<kw name="Mode Acheteur" library="Navigate">
<status status="NOT RUN" starttime="20230713 11:58:04.859" endtime="20230713 11:58:04.859"/>
</kw>
<status status="NOT RUN" starttime="20230713 11:58:04.859" endtime="20230713 11:58:04.860"/>
</branch>
<branch type="ELSE">
<kw name="Mode Vendeur" library="Navigate">
<kw name="Click Element" library="AppiumLibrary">
<arg>id=bt_switch_mode</arg>
<doc>Click element identified by `locator`.</doc>
<msg timestamp="20230713 11:58:04.864" level="INFO">Clicking element 'id=bt_switch_mode'.</msg>
<msg timestamp="20230713 11:58:05.521" level="INFO">criteria is bt_switch_mode</msg>
<status status="PASS" starttime="20230713 11:58:04.861" endtime="20230713 11:58:05.521"/>
</kw>
<kw name="Wait Until Element Is Visible" library="AppiumLibrary">
<arg>id=tv_mode_seller</arg>
<doc>Waits until element specified with `locator` is visible.</doc>
<msg timestamp="20230713 11:58:07.156" level="INFO">criteria is tv_mode_seller</msg>
<status status="PASS" starttime="20230713 11:58:05.522" endtime="20230713 11:58:07.157"/>
</kw>
<status status="PASS" starttime="20230713 11:58:04.861" endtime="20230713 11:58:07.158"/>
</kw>
<status status="PASS" starttime="20230713 11:58:04.860" endtime="20230713 11:58:07.159"/>
</branch>
<status status="PASS" starttime="20230713 11:58:04.859" endtime="20230713 11:58:07.159"/>
</if>
<status status="PASS" starttime="20230713 11:58:04.858" endtime="20230713 11:58:07.159"/>
</kw>
<kw name="Send Message" library="Messagerie">
<arg>${message}</arg>
<kw name="Inscription" library="Messagerie">
<arg>${Username}</arg>
<kw name="Wait Until Element Is Visible" library="AppiumLibrary">
<arg>id=mailbox</arg>
<doc>Waits until element specified with `locator` is visible.</doc>
<msg timestamp="20230713 11:58:07.216" level="INFO">criteria is mailbox</msg>
<status status="PASS" starttime="20230713 11:58:07.161" endtime="20230713 11:58:07.216"/>
</kw>
<kw name="Click Element" library="AppiumLibrary">
<arg>id=mailbox</arg>
<doc>Click element identified by `locator`.</doc>
<msg timestamp="20230713 11:58:07.220" level="INFO">Clicking element 'id=mailbox'.</msg>
<msg timestamp="20230713 11:58:07.306" level="INFO">criteria is mailbox</msg>
<status status="PASS" starttime="20230713 11:58:07.218" endtime="20230713 11:58:07.307"/>
</kw>
<kw name="Wait Until Element Is Visible" library="AppiumLibrary">
<arg>id=cl_conv_occazio_content</arg>
<doc>Waits until element specified with `locator` is visible.</doc>
<msg timestamp="20230713 11:58:08.282" level="INFO">criteria is cl_conv_occazio_content
criteria is cl_conv_occazio_content</msg>
<status status="PASS" starttime="20230713 11:58:07.308" endtime="20230713 11:58:08.282"/>
</kw>
<kw name="Click Element" library="AppiumLibrary">
<arg>id=cl_conv_occazio_content</arg>
<doc>Click element identified by `locator`.</doc>
<msg timestamp="20230713 11:58:08.284" level="INFO">Clicking element 'id=cl_conv_occazio_content'.</msg>
<msg timestamp="20230713 11:58:08.342" level="INFO">criteria is cl_conv_occazio_content</msg>
<status status="PASS" starttime="20230713 11:58:08.283" endtime="20230713 11:58:08.342"/>
</kw>
<kw name="Wait Until Element Is Visible" library="AppiumLibrary">
<arg>id=bt_user_name_valid</arg>
<doc>Waits until element specified with `locator` is visible.</doc>
<msg timestamp="20230713 11:58:09.125" level="INFO">criteria is bt_user_name_valid</msg>
<status status="PASS" starttime="20230713 11:58:08.343" endtime="20230713 11:58:09.125"/>
</kw>
<kw name="Click Element" library="AppiumLibrary">
<arg>id=bt_user_name_valid</arg>
<doc>Click element identified by `locator`.</doc>
<msg timestamp="20230713 11:58:09.127" level="INFO">Clicking element 'id=bt_user_name_valid'.</msg>
<msg timestamp="20230713 11:58:09.169" level="INFO">criteria is bt_user_name_valid</msg>
<status status="PASS" starttime="20230713 11:58:09.126" endtime="20230713 11:58:09.169"/>
</kw>
<kw name="Wait Until Element Is Visible" library="AppiumLibrary">
<arg>id=et_user_name</arg>
<arg>5s</arg>
<doc>Waits until element specified with `locator` is visible.</doc>
<msg timestamp="20230713 11:58:09.808" level="INFO">criteria is et_user_name</msg>
<status status="PASS" starttime="20230713 11:58:09.171" endtime="20230713 11:58:09.808"/>
</kw>
<kw name="Input Text" library="AppiumLibrary">
<arg>id=et_user_name</arg>
<arg>${Username}</arg>
<doc>Types the given `text` into text field identified by `locator`.</doc>
<msg timestamp="20230713 11:58:09.810" level="INFO">Typing text 'mouhamedfsane' into text field 'id=et_user_name'</msg>
<msg timestamp="20230713 11:58:09.857" level="INFO">criteria is et_user_name</msg>
<status status="PASS" starttime="20230713 11:58:09.809" endtime="20230713 11:58:09.857"/>
</kw>
<kw name="Click Element" library="AppiumLibrary">
<arg>id=bt_user_name_valid</arg>
<doc>Click element identified by `locator`.</doc>
<msg timestamp="20230713 11:58:09.859" level="INFO">Clicking element 'id=bt_user_name_valid'.</msg>
<msg timestamp="20230713 11:58:10.403" level="INFO">criteria is bt_user_name_valid</msg>
<status status="PASS" starttime="20230713 11:58:09.858" endtime="20230713 11:58:10.403"/>
</kw>
<kw name="Wait Until Element Is Visible" library="AppiumLibrary">
<arg>id=cl_see_faq</arg>
<doc>Waits until element specified with `locator` is visible.</doc>
<msg timestamp="20230713 11:58:10.963" level="INFO">criteria is cl_see_faq</msg>
<status status="PASS" starttime="20230713 11:58:10.405" endtime="20230713 11:58:10.963"/>
</kw>
<status status="PASS" starttime="20230713 11:58:07.160" endtime="20230713 11:58:10.965"/>
</kw>
<kw name="Wait Until Element Is Visible" library="AppiumLibrary">
<arg>id=cl_chat_send_message</arg>
<doc>Waits until element specified with `locator` is visible.</doc>
<msg timestamp="20230713 11:58:10.985" level="INFO">criteria is cl_chat_send_message</msg>
<status status="PASS" starttime="20230713 11:58:10.965" endtime="20230713 11:58:10.985"/>
</kw>
<kw name="Wait Until Element Is Visible" library="AppiumLibrary">
<arg>id=ib_chat_message_send</arg>
<doc>Waits until element specified with `locator` is visible.</doc>
<msg timestamp="20230713 11:58:11.002" level="INFO">criteria is ib_chat_message_send</msg>
<status status="PASS" starttime="20230713 11:58:10.986" endtime="20230713 11:58:11.004"/>
</kw>
<kw name="Click Element" library="AppiumLibrary">
<arg>id=et_chat_message</arg>
<doc>Click element identified by `locator`.</doc>
<msg timestamp="20230713 11:58:11.012" level="INFO">Clicking element 'id=et_chat_message'.</msg>
<msg timestamp="20230713 11:58:11.053" level="INFO">criteria is et_chat_message</msg>
<status status="PASS" starttime="20230713 11:58:11.010" endtime="20230713 11:58:11.053"/>
</kw>
<kw name="Input Text" library="AppiumLibrary">
<arg>id=et_chat_message</arg>
<arg>${message}</arg>
<doc>Types the given `text` into text field identified by `locator`.</doc>
<msg timestamp="20230713 11:58:11.057" level="INFO">Typing text 'This is a test message' into text field 'id=et_chat_message'</msg>
<msg timestamp="20230713 11:58:12.617" level="INFO">criteria is et_chat_message</msg>
<status status="PASS" starttime="20230713 11:58:11.054" endtime="20230713 11:58:12.617"/>
</kw>
<kw name="Wait Until Element Is Visible" library="AppiumLibrary">
<arg>id=ib_chat_message_send</arg>
<doc>Waits until element specified with `locator` is visible.</doc>
<msg timestamp="20230713 11:58:13.579" level="INFO">criteria is ib_chat_message_send</msg>
<status status="PASS" starttime="20230713 11:58:12.617" endtime="20230713 11:58:13.579"/>
</kw>
<kw name="Click Element" library="AppiumLibrary">
<arg>id=ib_chat_message_send</arg>
<doc>Click element identified by `locator`.</doc>
<msg timestamp="20230713 11:58:13.581" level="INFO">Clicking element 'id=ib_chat_message_send'.</msg>
<msg timestamp="20230713 11:58:13.639" level="INFO">criteria is ib_chat_message_send</msg>
<status status="PASS" starttime="20230713 11:58:13.580" endtime="20230713 11:58:13.639"/>
</kw>
<kw name="Click Element" library="AppiumLibrary">
<arg>id=ib_chat_back_occazio</arg>
<doc>Click element identified by `locator`.</doc>
<msg timestamp="20230713 11:58:13.642" level="INFO">Clicking element 'id=ib_chat_back_occazio'.</msg>
<msg timestamp="20230713 11:58:14.821" level="INFO">criteria is ib_chat_back_occazio</msg>
<status status="PASS" starttime="20230713 11:58:13.641" endtime="20230713 11:58:14.821"/>
</kw>
<kw name="Click Element" library="AppiumLibrary">
<arg>id=home</arg>
<doc>Click element identified by `locator`.</doc>
<msg timestamp="20230713 11:58:14.825" level="INFO">Clicking element 'id=home'.</msg>
<msg timestamp="20230713 11:58:15.938" level="INFO">criteria is home</msg>
<status status="PASS" starttime="20230713 11:58:14.822" endtime="20230713 11:58:15.938"/>
</kw>
<status status="PASS" starttime="20230713 11:58:07.159" endtime="20230713 11:58:15.939"/>
</kw>
<kw name="Switch between Mode" library="Navigate">
<arg>Mode Vendeur</arg>
<if>
<branch type="IF" condition="'${choix}' == 'Mode Acheteur'">
<kw name="Mode Acheteur" library="Navigate">
<status status="NOT RUN" starttime="20230713 11:58:15.940" endtime="20230713 11:58:15.940"/>
</kw>
<status status="NOT RUN" starttime="20230713 11:58:15.939" endtime="20230713 11:58:15.940"/>
</branch>
<branch type="ELSE">
<kw name="Mode Vendeur" library="Navigate">
<kw name="Click Element" library="AppiumLibrary">
<arg>id=bt_switch_mode</arg>
<doc>Click element identified by `locator`.</doc>
<msg timestamp="20230713 11:58:15.941" level="INFO">Clicking element 'id=bt_switch_mode'.</msg>
<msg timestamp="20230713 11:58:16.905" level="INFO">criteria is bt_switch_mode</msg>
<status status="PASS" starttime="20230713 11:58:15.940" endtime="20230713 11:58:16.905"/>
</kw>
<kw name="Wait Until Element Is Visible" library="AppiumLibrary">
<arg>id=tv_mode_seller</arg>
<doc>Waits until element specified with `locator` is visible.</doc>
<msg timestamp="20230713 11:58:18.468" level="INFO">criteria is tv_mode_seller</msg>
<status status="PASS" starttime="20230713 11:58:16.908" endtime="20230713 11:58:18.468"/>
</kw>
<status status="PASS" starttime="20230713 11:58:15.940" endtime="20230713 11:58:18.469"/>
</kw>
<status status="PASS" starttime="20230713 11:58:15.940" endtime="20230713 11:58:18.469"/>
</branch>
<status status="PASS" starttime="20230713 11:58:15.939" endtime="20230713 11:58:18.471"/>
</if>
<status status="PASS" starttime="20230713 11:58:15.939" endtime="20230713 11:58:18.471"/>
</kw>
<kw name="Close App" library="Base" type="TEARDOWN">
<kw name="Close Application" library="AppiumLibrary">
<doc>Closes the current application and also close webdriver session.</doc>
<status status="PASS" starttime="20230713 11:58:18.471" endtime="20230713 11:58:18.723"/>
</kw>
<status status="PASS" starttime="20230713 11:58:18.471" endtime="20230713 11:58:18.724"/>
</kw>
<tag>firststep</tag>
<status status="PASS" starttime="20230713 11:57:51.305" endtime="20230713 11:58:18.725"/>
</test>
<test id="s1-s1-t2" name="Mode Vendeur Implementation" line="16">
<kw name="Run Keywords" library="BuiltIn" type="SETUP">
<arg>Base.Start Appium</arg>
<arg>AND</arg>
<arg>Base.Occasio app</arg>
<doc>Executes all the given keywords in a sequence.</doc>
<kw name="Start Appium" library="Base">
<kw name="Set Variable" library="BuiltIn">
<var>${command}</var>
<arg>${APPIUM_COMMAND}</arg>
<doc>Returns the given values which can then be assigned to a variables.</doc>
<msg timestamp="20230713 11:58:18.731" level="INFO">${command} = appium -p 4723</msg>
<status status="PASS" starttime="20230713 11:58:18.730" endtime="20230713 11:58:18.731"/>
</kw>
<kw name="Run And Return Rc" library="OperatingSystem">
<arg>${command}</arg>
<doc>Runs the given command in the system and returns the return code.</doc>
<msg timestamp="20230713 11:58:18.735" level="INFO">Running command 'appium -p 4723 2&gt;&amp;1'.</msg>
<status status="PASS" starttime="20230713 11:58:18.732" endtime="20230713 11:58:19.756"/>
</kw>
<kw name="Log To Console" library="BuiltIn">
<arg>${command}</arg>
<doc>Logs the given message to the console.</doc>
<status status="PASS" starttime="20230713 11:58:19.757" endtime="20230713 11:58:19.757"/>
</kw>
<status status="PASS" starttime="20230713 11:58:18.730" endtime="20230713 11:58:19.758"/>
</kw>
<kw name="Occasio app" library="Base">
<kw name="Open Application" library="AppiumLibrary">
<arg>${Hub}</arg>
<arg>automationName=${ANDROID_AUTOMATION_NAME}</arg>
<arg>platformName=${ANDROID_PLATFORM_NAME}</arg>
<arg>platformVersion=${ANDROID_PLATFORM_VERSION}</arg>
<arg>app=${ANDROID_APP}</arg>
<doc>Opens a new application to given Appium server.
Capabilities of appium server, Android and iOS,
Please check https://github.com/appium/appium/blob/master/docs/en/writing-running-appium/server-args.md
| *Option*            | *Man.* | *Description*     |
| remote_url          | Yes    | Appium server url |
| alias               | no     | alias             |
| strict_ssl          | No     | allows you to send commands to an invalid certificate host like a self-signed one. |</doc>
<status status="PASS" starttime="20230713 11:58:19.758" endtime="20230713 11:58:24.531"/>
</kw>
<status status="PASS" starttime="20230713 11:58:19.758" endtime="20230713 11:58:24.532"/>
</kw>
<status status="PASS" starttime="20230713 11:58:18.730" endtime="20230713 11:58:24.532"/>
</kw>
<kw name="Search for an specific registration number" library="HomeBuyer">
<kw name="Unboarding" library="Navigate">
<kw name="Wait Until Element Is Visible" library="AppiumLibrary">
<arg>id=bt_start_showcase</arg>
<arg>15s</arg>
<doc>Waits until element specified with `locator` is visible.</doc>
<msg timestamp="20230713 11:58:30.006" level="INFO">criteria is bt_start_showcase
criteria is bt_start_showcase
criteria is bt_start_showcase
criteria is bt_start_showcase
criteria is bt_start_showcase
criteria is bt_start_showcase
criteria is bt_start_showcase
criteria is bt_start_showcase
criteria is bt_start_showcase
criteria is bt_start_showcase
criteria is bt_start_showcase
criteria is bt_start_showcase
criteria is bt_start_showcase
criteria is bt_start_showcase
criteria is bt_start_showcase
criteria is bt_start_showcase
criteria is bt_start_showcase
criteria is bt_start_showcase
criteria is bt_start_showcase
criteria is bt_start_showcase
criteria is bt_start_showcase
criteria is bt_start_showcase</msg>
<status status="PASS" starttime="20230713 11:58:24.534" endtime="20230713 11:58:30.006"/>
</kw>
<kw name="Click Element" library="AppiumLibrary">
<arg>id=bt_start_showcase</arg>
<doc>Click element identified by `locator`.</doc>
<msg timestamp="20230713 11:58:30.011" level="INFO">Clicking element 'id=bt_start_showcase'.</msg>
<msg timestamp="20230713 11:58:30.087" level="INFO">criteria is bt_start_showcase</msg>
<status status="PASS" starttime="20230713 11:58:30.008" endtime="20230713 11:58:30.087"/>
</kw>
<kw name="Wait Until Element Is Visible" library="AppiumLibrary">
<arg>id=indicator_showcase</arg>
<doc>Waits until element specified with `locator` is visible.</doc>
<msg timestamp="20230713 11:58:31.014" level="INFO">criteria is indicator_showcase</msg>
<status status="PASS" starttime="20230713 11:58:30.089" endtime="20230713 11:58:31.014"/>
</kw>
<kw name="Run Keyword And Return Status" library="BuiltIn">
<var>${buttons}</var>
<arg>Page Should Not Contain Element</arg>
<arg>id=bt_stop_showcase</arg>
<doc>Runs the given keyword with given arguments and returns the status as a Boolean value.</doc>
<kw name="Page Should Not Contain Element" library="AppiumLibrary">
<arg>id=bt_stop_showcase</arg>
<doc>Verifies that current page not contains `locator` element.</doc>
<msg timestamp="20230713 11:58:31.039" level="INFO">Current page not contains element 'id=bt_stop_showcase'.</msg>
<msg timestamp="20230713 11:58:31.039" level="INFO">criteria is bt_stop_showcase</msg>
<status status="PASS" starttime="20230713 11:58:31.016" endtime="20230713 11:58:31.039"/>
</kw>
<msg timestamp="20230713 11:58:31.040" level="INFO">${buttons} = True</msg>
<status status="PASS" starttime="20230713 11:58:31.015" endtime="20230713 11:58:31.041"/>
</kw>
<for flavor="IN RANGE">
<var>${index}</var>
<value>4</value>
<iter>
<var name="${index}">0</var>
<kw name="Run Keyword If" library="BuiltIn">
<arg>${buttons}</arg>
<arg>Swipe By Percent</arg>
<arg>90</arg>
<arg>50</arg>
<arg>10</arg>
<arg>50</arg>
<arg>200</arg>
<arg>ELSE</arg>
<arg>Exit For Loop</arg>
<doc>Runs the given keyword with the given arguments, if ``condition`` is true.</doc>
<kw name="Swipe By Percent" library="AppiumLibrary">
<arg>90</arg>
<arg>50</arg>
<arg>10</arg>
<arg>50</arg>
<arg>200</arg>
<doc>Swipe from one percent of the screen to another percent, for an optional duration.
Normal swipe fails to scale for different screen resolutions, this can be avoided using percent.</doc>
<status status="PASS" starttime="20230713 11:58:31.045" endtime="20230713 11:58:31.564"/>
</kw>
<status status="PASS" starttime="20230713 11:58:31.045" endtime="20230713 11:58:31.564"/>
</kw>
<status status="PASS" starttime="20230713 11:58:31.043" endtime="20230713 11:58:31.565"/>
</iter>
<iter>
<var name="${index}">1</var>
<kw name="Run Keyword If" library="BuiltIn">
<arg>${buttons}</arg>
<arg>Swipe By Percent</arg>
<arg>90</arg>
<arg>50</arg>
<arg>10</arg>
<arg>50</arg>
<arg>200</arg>
<arg>ELSE</arg>
<arg>Exit For Loop</arg>
<doc>Runs the given keyword with the given arguments, if ``condition`` is true.</doc>
<kw name="Swipe By Percent" library="AppiumLibrary">
<arg>90</arg>
<arg>50</arg>
<arg>10</arg>
<arg>50</arg>
<arg>200</arg>
<doc>Swipe from one percent of the screen to another percent, for an optional duration.
Normal swipe fails to scale for different screen resolutions, this can be avoided using percent.</doc>
<status status="PASS" starttime="20230713 11:58:31.565" endtime="20230713 11:58:32.171"/>
</kw>
<status status="PASS" starttime="20230713 11:58:31.565" endtime="20230713 11:58:32.172"/>
</kw>
<status status="PASS" starttime="20230713 11:58:31.565" endtime="20230713 11:58:32.172"/>
</iter>
<iter>
<var name="${index}">2</var>
<kw name="Run Keyword If" library="BuiltIn">
<arg>${buttons}</arg>
<arg>Swipe By Percent</arg>
<arg>90</arg>
<arg>50</arg>
<arg>10</arg>
<arg>50</arg>
<arg>200</arg>
<arg>ELSE</arg>
<arg>Exit For Loop</arg>
<doc>Runs the given keyword with the given arguments, if ``condition`` is true.</doc>
<kw name="Swipe By Percent" library="AppiumLibrary">
<arg>90</arg>
<arg>50</arg>
<arg>10</arg>
<arg>50</arg>
<arg>200</arg>
<doc>Swipe from one percent of the screen to another percent, for an optional duration.
Normal swipe fails to scale for different screen resolutions, this can be avoided using percent.</doc>
<status status="PASS" starttime="20230713 11:58:32.173" endtime="20230713 11:58:32.715"/>
</kw>
<status status="PASS" starttime="20230713 11:58:32.173" endtime="20230713 11:58:32.715"/>
</kw>
<status status="PASS" starttime="20230713 11:58:32.172" endtime="20230713 11:58:32.715"/>
</iter>
<iter>
<var name="${index}">3</var>
<kw name="Run Keyword If" library="BuiltIn">
<arg>${buttons}</arg>
<arg>Swipe By Percent</arg>
<arg>90</arg>
<arg>50</arg>
<arg>10</arg>
<arg>50</arg>
<arg>200</arg>
<arg>ELSE</arg>
<arg>Exit For Loop</arg>
<doc>Runs the given keyword with the given arguments, if ``condition`` is true.</doc>
<kw name="Swipe By Percent" library="AppiumLibrary">
<arg>90</arg>
<arg>50</arg>
<arg>10</arg>
<arg>50</arg>
<arg>200</arg>
<doc>Swipe from one percent of the screen to another percent, for an optional duration.
Normal swipe fails to scale for different screen resolutions, this can be avoided using percent.</doc>
<status status="PASS" starttime="20230713 11:58:32.716" endtime="20230713 11:58:33.241"/>
</kw>
<status status="PASS" starttime="20230713 11:58:32.716" endtime="20230713 11:58:33.241"/>
</kw>
<status status="PASS" starttime="20230713 11:58:32.716" endtime="20230713 11:58:33.241"/>
</iter>
<status status="PASS" starttime="20230713 11:58:31.043" endtime="20230713 11:58:33.241"/>
</for>
<kw name="Click Element" library="AppiumLibrary">
<arg>id=v_seekbar_overlay</arg>
<doc>Click element identified by `locator`.</doc>
<msg timestamp="20230713 11:58:33.244" level="INFO">Clicking element 'id=v_seekbar_overlay'.</msg>
<msg timestamp="20230713 11:58:34.709" level="INFO">criteria is v_seekbar_overlay</msg>
<status status="PASS" starttime="20230713 11:58:33.241" endtime="20230713 11:58:34.710"/>
</kw>
<kw name="Click Element" library="AppiumLibrary">
<arg>id=bt_stop_showcase</arg>
<doc>Click element identified by `locator`.</doc>
<msg timestamp="20230713 11:58:34.714" level="INFO">Clicking element 'id=bt_stop_showcase'.</msg>
<msg timestamp="20230713 11:58:34.810" level="INFO">criteria is bt_stop_showcase</msg>
<status status="PASS" starttime="20230713 11:58:34.711" endtime="20230713 11:58:34.811"/>
</kw>
<kw name="Wait Until Element Is Visible" library="AppiumLibrary">
<arg>id=tv_why_user_title</arg>
<doc>Waits until element specified with `locator` is visible.</doc>
<msg timestamp="20230713 11:58:35.799" level="INFO">criteria is tv_why_user_title</msg>
<status status="PASS" starttime="20230713 11:58:34.813" endtime="20230713 11:58:35.799"/>
</kw>
<kw name="Wait Until Element Is Visible" library="AppiumLibrary">
<arg>id=v_click_why_other</arg>
<doc>Waits until element specified with `locator` is visible.</doc>
<msg timestamp="20230713 11:58:35.848" level="INFO">criteria is v_click_why_other</msg>
<status status="PASS" starttime="20230713 11:58:35.801" endtime="20230713 11:58:35.849"/>
</kw>
<kw name="Click Element" library="AppiumLibrary">
<arg>id=v_click_why_other</arg>
<doc>Click element identified by `locator`.</doc>
<msg timestamp="20230713 11:58:35.852" level="INFO">Clicking element 'id=v_click_why_other'.</msg>
<msg timestamp="20230713 11:58:35.941" level="INFO">criteria is v_click_why_other</msg>
<status status="PASS" starttime="20230713 11:58:35.849" endtime="20230713 11:58:35.941"/>
</kw>
<status status="PASS" starttime="20230713 11:58:24.533" endtime="20230713 11:58:35.942"/>
</kw>
<kw name="Wait Until Page Contains Element" library="AppiumLibrary">
<arg>id=include_buyer_no_data</arg>
<doc>Waits until element specified with `locator` appears on current page.</doc>
<msg timestamp="20230713 11:58:36.272" level="INFO">criteria is include_buyer_no_data</msg>
<status status="PASS" starttime="20230713 11:58:35.943" endtime="20230713 11:58:36.273"/>
</kw>
<kw name="Click Element" library="AppiumLibrary">
<arg>id=include_buyer_no_data</arg>
<doc>Click element identified by `locator`.</doc>
<msg timestamp="20230713 11:58:36.276" level="INFO">Clicking element 'id=include_buyer_no_data'.</msg>
<msg timestamp="20230713 11:58:36.738" level="INFO">criteria is include_buyer_no_data</msg>
<status status="PASS" starttime="20230713 11:58:36.274" endtime="20230713 11:58:36.738"/>
</kw>
<kw name="Wait Until Page Contains Element" library="AppiumLibrary">
<arg>id=tv_buyer_bubble_text</arg>
<doc>Waits until element specified with `locator` appears on current page.</doc>
<msg timestamp="20230713 11:58:36.778" level="INFO">criteria is tv_buyer_bubble_text</msg>
<status status="PASS" starttime="20230713 11:58:36.740" endtime="20230713 11:58:36.779"/>
</kw>
<kw name="Wait Until Page Contains Element" library="AppiumLibrary">
<arg>id=et_edit_plate</arg>
<doc>Waits until element specified with `locator` appears on current page.</doc>
<msg timestamp="20230713 11:58:36.818" level="INFO">criteria is et_edit_plate</msg>
<status status="PASS" starttime="20230713 11:58:36.780" endtime="20230713 11:58:36.818"/>
</kw>
<kw name="Click Element" library="AppiumLibrary">
<arg>id=et_edit_plate</arg>
<doc>Click element identified by `locator`.</doc>
<msg timestamp="20230713 11:58:36.828" level="INFO">Clicking element 'id=et_edit_plate'.</msg>
<msg timestamp="20230713 11:58:37.675" level="INFO">criteria is et_edit_plate</msg>
<status status="PASS" starttime="20230713 11:58:36.826" endtime="20230713 11:58:37.675"/>
</kw>
<kw name="Input Text" library="AppiumLibrary">
<arg>id=et_edit_plate</arg>
<arg>${matriculeBuyer}</arg>
<doc>Types the given `text` into text field identified by `locator`.</doc>
<msg timestamp="20230713 11:58:37.678" level="INFO">Typing text 'AA-123-AA' into text field 'id=et_edit_plate'</msg>
<msg timestamp="20230713 11:58:37.715" level="INFO">criteria is et_edit_plate</msg>
<status status="PASS" starttime="20230713 11:58:37.676" endtime="20230713 11:58:37.716"/>
</kw>
<kw name="Verifications Annonce" library="HomeBuyer">
<kw name="Wait Until Page Contains Element" library="AppiumLibrary">
<arg>id=tv_advert_detail_price</arg>
<doc>Waits until element specified with `locator` appears on current page.</doc>
<msg timestamp="20230713 11:58:38.645" level="INFO">criteria is tv_advert_detail_price</msg>
<status status="PASS" starttime="20230713 11:58:37.717" endtime="20230713 11:58:38.645"/>
</kw>
<kw name="Wait Until Page Contains Element" library="AppiumLibrary">
<arg>id=tv_advert_description_finish</arg>
<doc>Waits until element specified with `locator` appears on current page.</doc>
<msg timestamp="20230713 11:58:39.979" level="INFO">criteria is tv_advert_description_finish</msg>
<status status="PASS" starttime="20230713 11:58:38.647" endtime="20230713 11:58:39.979"/>
</kw>
<kw name="Wait Until Page Contains Element" library="AppiumLibrary">
<arg>id=tv_car_info_detail_mileage</arg>
<doc>Waits until element specified with `locator` appears on current page.</doc>
<msg timestamp="20230713 11:58:39.998" level="INFO">criteria is tv_car_info_detail_mileage</msg>
<status status="PASS" starttime="20230713 11:58:39.980" endtime="20230713 11:58:39.998"/>
</kw>
<kw name="Wait Until Page Contains Element" library="AppiumLibrary">
<arg>id=tv_car_info_detail_energy</arg>
<doc>Waits until element specified with `locator` appears on current page.</doc>
<msg timestamp="20230713 11:58:40.021" level="INFO">criteria is tv_car_info_detail_energy</msg>
<status status="PASS" starttime="20230713 11:58:39.999" endtime="20230713 11:58:40.021"/>
</kw>
<kw name="Wait Until Page Contains Element" library="AppiumLibrary">
<arg>id=tv_car_info_detail_year</arg>
<doc>Waits until element specified with `locator` appears on current page.</doc>
<msg timestamp="20230713 11:58:40.044" level="INFO">criteria is tv_car_info_detail_year</msg>
<status status="PASS" starttime="20230713 11:58:40.022" endtime="20230713 11:58:40.044"/>
</kw>
<kw name="Wait Until Page Contains Element" library="AppiumLibrary">
<arg>id=tv_car_info_detail_gearbox</arg>
<doc>Waits until element specified with `locator` appears on current page.</doc>
<msg timestamp="20230713 11:58:40.066" level="INFO">criteria is tv_car_info_detail_gearbox</msg>
<status status="PASS" starttime="20230713 11:58:40.045" endtime="20230713 11:58:40.067"/>
</kw>
<status status="PASS" starttime="20230713 11:58:37.717" endtime="20230713 11:58:40.068"/>
</kw>
<kw name="Equipements types" library="HomeBuyer">
<kw name="Wait Until Page Contains Element" library="AppiumLibrary">
<arg>id=bt_advert_description_facilities</arg>
<doc>Waits until element specified with `locator` appears on current page.</doc>
<msg timestamp="20230713 11:58:40.092" level="INFO">criteria is bt_advert_description_facilities</msg>
<status status="PASS" starttime="20230713 11:58:40.068" endtime="20230713 11:58:40.092"/>
</kw>
<kw name="Click Element" library="AppiumLibrary">
<arg>id=bt_advert_description_facilities</arg>
<doc>Click element identified by `locator`.</doc>
<msg timestamp="20230713 11:58:40.095" level="INFO">Clicking element 'id=bt_advert_description_facilities'.</msg>
<msg timestamp="20230713 11:58:40.152" level="INFO">criteria is bt_advert_description_facilities</msg>
<status status="PASS" starttime="20230713 11:58:40.093" endtime="20230713 11:58:40.154"/>
</kw>
<kw name="Wait Until Page Contains Element" library="AppiumLibrary">
<arg>id=tv_facilities_title</arg>
<doc>Waits until element specified with `locator` appears on current page.</doc>
<msg timestamp="20230713 11:58:40.396" level="INFO">criteria is tv_facilities_title</msg>
<status status="PASS" starttime="20230713 11:58:40.155" endtime="20230713 11:58:40.396"/>
</kw>
<status status="PASS" starttime="20230713 11:58:40.068" endtime="20230713 11:58:40.398"/>
</kw>
<status status="PASS" starttime="20230713 11:58:24.532" endtime="20230713 11:58:40.398"/>
</kw>
<kw name="Close App" library="Base" type="TEARDOWN">
<kw name="Close Application" library="AppiumLibrary">
<doc>Closes the current application and also close webdriver session.</doc>
<status status="PASS" starttime="20230713 11:58:40.399" endtime="20230713 11:58:40.834"/>
</kw>
<status status="PASS" starttime="20230713 11:58:40.399" endtime="20230713 11:58:40.835"/>
</kw>
<tag>regression</tag>
<status status="PASS" starttime="20230713 11:58:18.728" endtime="20230713 11:58:40.835"/>
</test>
<status status="PASS" starttime="20230713 11:57:51.291" endtime="20230713 11:58:40.841"/>
</suite>
<status status="PASS" starttime="20230713 11:57:51.113" endtime="20230713 11:58:40.852"/>
</suite>
<statistics>
<total>
<stat pass="2" fail="0" skip="0">All Tests</stat>
</total>
<tag>
<stat pass="1" fail="0" skip="0">firststep</stat>
<stat pass="1" fail="0" skip="0">regression</stat>
</tag>
<suite>
<stat pass="2" fail="0" skip="0" id="s1" name="Tests">Tests</stat>
<stat pass="2" fail="0" skip="0" id="s1-s1" name="HomeTest">Tests.HomeTest</stat>
</suite>
</statistics>
<errors>
</errors>
</robot>
