<?xml version="1.0" encoding="UTF-8"?>
<robot generator="Robot 6.0.2 (Python 3.11.4 on win32)" generated="20230713 14:21:52.823" rpa="false" schemaversion="3">
<suite id="s1" name="Tests" source="C:\Users\monsh\PycharmProjects\Occazio\Tests">
<suite id="s1-s1" name="HomeTest" source="C:\Users\monsh\PycharmProjects\Occazio\Tests\HomeTest.robot">
<test id="s1-s1-t1" name="Demarrage" line="9">
<kw name="Run Keywords" library="BuiltIn" type="SETUP">
<arg>Base.Start Appium</arg>
<arg>AND</arg>
<arg>Base.Occasio app</arg>
<doc>Executes all the given keywords in a sequence.</doc>
<kw name="Start Appium" library="Base">
<kw name="Set Variable" library="BuiltIn">
<var>${command}</var>
<arg>${APPIUM_COMMAND}</arg>
<doc>Returns the given values which can then be assigned to a variables.</doc>
<msg timestamp="20230713 14:21:53.464" level="INFO">${command} = appium -p 4723</msg>
<status status="PASS" starttime="20230713 14:21:53.463" endtime="20230713 14:21:53.464"/>
</kw>
<kw name="Run And Return Rc" library="OperatingSystem">
<arg>${command}</arg>
<doc>Runs the given command in the system and returns the return code.</doc>
<msg timestamp="20230713 14:21:53.479" level="INFO">Running command 'appium -p 4723 2&gt;&amp;1'.</msg>
<status status="PASS" starttime="20230713 14:21:53.466" endtime="20230713 14:21:55.624"/>
</kw>
<kw name="Log To Console" library="BuiltIn">
<arg>${command}</arg>
<doc>Logs the given message to the console.</doc>
<status status="PASS" starttime="20230713 14:21:55.626" endtime="20230713 14:21:55.627"/>
</kw>
<status status="PASS" starttime="20230713 14:21:53.463" endtime="20230713 14:21:55.627"/>
</kw>
<kw name="Occasio app" library="Base">
<kw name="Open Application" library="AppiumLibrary">
<arg>${Hub}</arg>
<arg>automationName=${ANDROID_AUTOMATION_NAME}</arg>
<arg>platformName=${ANDROID_PLATFORM_NAME}</arg>
<arg>platformVersion=${ANDROID_PLATFORM_VERSION}</arg>
<arg>app=${ANDROID_APP}</arg>
<doc>Opens a new application to given Appium server.
Capabilities of appium server, Android and iOS,
Please check https://github.com/appium/appium/blob/master/docs/en/writing-running-appium/server-args.md
| *Option*            | *Man.* | *Description*     |
| remote_url          | Yes    | Appium server url |
| alias               | no     | alias             |
| strict_ssl          | No     | allows you to send commands to an invalid certificate host like a self-signed one. |</doc>
<status status="PASS" starttime="20230713 14:21:55.629" endtime="20230713 14:22:03.635"/>
</kw>
<status status="PASS" starttime="20230713 14:21:55.629" endtime="20230713 14:22:03.637"/>
</kw>
<status status="PASS" starttime="20230713 14:21:53.462" endtime="20230713 14:22:03.637"/>
</kw>
<kw name="Unboarding" library="Navigate">
<kw name="Wait Until Element Is Visible" library="AppiumLibrary">
<arg>id=fr.dsquad.occazio:id/bt_start_showcase</arg>
<arg>30s</arg>
<doc>Waits until element specified with `locator` is visible.</doc>
<msg timestamp="20230713 14:22:06.887" level="INFO">criteria is fr.dsquad.occazio:id/bt_start_showcase
criteria is fr.dsquad.occazio:id/bt_start_showcase
criteria is fr.dsquad.occazio:id/bt_start_showcase
criteria is fr.dsquad.occazio:id/bt_start_showcase
criteria is fr.dsquad.occazio:id/bt_start_showcase
criteria is fr.dsquad.occazio:id/bt_start_showcase
criteria is fr.dsquad.occazio:id/bt_start_showcase
criteria is fr.dsquad.occazio:id/bt_start_showcase
criteria is fr.dsquad.occazio:id/bt_start_showcase
criteria is fr.dsquad.occazio:id/bt_start_showcase</msg>
<status status="PASS" starttime="20230713 14:22:03.639" endtime="20230713 14:22:06.887"/>
</kw>
<kw name="Click Element" library="AppiumLibrary">
<arg>id=bt_start_showcase</arg>
<doc>Click element identified by `locator`.</doc>
<msg timestamp="20230713 14:22:06.899" level="INFO">Clicking element 'id=bt_start_showcase'.</msg>
<msg timestamp="20230713 14:22:06.992" level="INFO">criteria is bt_start_showcase</msg>
<status status="PASS" starttime="20230713 14:22:06.895" endtime="20230713 14:22:06.992"/>
</kw>
<kw name="Wait Until Element Is Visible" library="AppiumLibrary">
<arg>id=indicator_showcase</arg>
<doc>Waits until element specified with `locator` is visible.</doc>
<msg timestamp="20230713 14:22:08.072" level="INFO">criteria is indicator_showcase
criteria is indicator_showcase</msg>
<status status="PASS" starttime="20230713 14:22:06.994" endtime="20230713 14:22:08.073"/>
</kw>
<kw name="Run Keyword And Return Status" library="BuiltIn">
<var>${buttons}</var>
<arg>Page Should Not Contain Element</arg>
<arg>id=bt_stop_showcase</arg>
<doc>Runs the given keyword with given arguments and returns the status as a Boolean value.</doc>
<kw name="Page Should Not Contain Element" library="AppiumLibrary">
<arg>id=bt_stop_showcase</arg>
<doc>Verifies that current page not contains `locator` element.</doc>
<msg timestamp="20230713 14:22:08.112" level="INFO">Current page not contains element 'id=bt_stop_showcase'.</msg>
<msg timestamp="20230713 14:22:08.113" level="INFO">criteria is bt_stop_showcase</msg>
<status status="PASS" starttime="20230713 14:22:08.076" endtime="20230713 14:22:08.113"/>
</kw>
<msg timestamp="20230713 14:22:08.115" level="INFO">${buttons} = True</msg>
<status status="PASS" starttime="20230713 14:22:08.074" endtime="20230713 14:22:08.115"/>
</kw>
<for flavor="IN RANGE">
<var>${index}</var>
<value>4</value>
<iter>
<var name="${index}">0</var>
<kw name="Run Keyword If" library="BuiltIn">
<arg>${buttons}</arg>
<arg>Swipe By Percent</arg>
<arg>90</arg>
<arg>50</arg>
<arg>10</arg>
<arg>50</arg>
<arg>200</arg>
<arg>ELSE</arg>
<arg>Exit For Loop</arg>
<doc>Runs the given keyword with the given arguments, if ``condition`` is true.</doc>
<kw name="Swipe By Percent" library="AppiumLibrary">
<arg>90</arg>
<arg>50</arg>
<arg>10</arg>
<arg>50</arg>
<arg>200</arg>
<doc>Swipe from one percent of the screen to another percent, for an optional duration.
Normal swipe fails to scale for different screen resolutions, this can be avoided using percent.</doc>
<status status="PASS" starttime="20230713 14:22:08.118" endtime="20230713 14:22:08.759"/>
</kw>
<status status="PASS" starttime="20230713 14:22:08.118" endtime="20230713 14:22:08.760"/>
</kw>
<status status="PASS" starttime="20230713 14:22:08.117" endtime="20230713 14:22:08.760"/>
</iter>
<iter>
<var name="${index}">1</var>
<kw name="Run Keyword If" library="BuiltIn">
<arg>${buttons}</arg>
<arg>Swipe By Percent</arg>
<arg>90</arg>
<arg>50</arg>
<arg>10</arg>
<arg>50</arg>
<arg>200</arg>
<arg>ELSE</arg>
<arg>Exit For Loop</arg>
<doc>Runs the given keyword with the given arguments, if ``condition`` is true.</doc>
<kw name="Swipe By Percent" library="AppiumLibrary">
<arg>90</arg>
<arg>50</arg>
<arg>10</arg>
<arg>50</arg>
<arg>200</arg>
<doc>Swipe from one percent of the screen to another percent, for an optional duration.
Normal swipe fails to scale for different screen resolutions, this can be avoided using percent.</doc>
<status status="PASS" starttime="20230713 14:22:08.762" endtime="20230713 14:22:09.560"/>
</kw>
<status status="PASS" starttime="20230713 14:22:08.761" endtime="20230713 14:22:09.560"/>
</kw>
<status status="PASS" starttime="20230713 14:22:08.761" endtime="20230713 14:22:09.560"/>
</iter>
<iter>
<var name="${index}">2</var>
<kw name="Run Keyword If" library="BuiltIn">
<arg>${buttons}</arg>
<arg>Swipe By Percent</arg>
<arg>90</arg>
<arg>50</arg>
<arg>10</arg>
<arg>50</arg>
<arg>200</arg>
<arg>ELSE</arg>
<arg>Exit For Loop</arg>
<doc>Runs the given keyword with the given arguments, if ``condition`` is true.</doc>
<kw name="Swipe By Percent" library="AppiumLibrary">
<arg>90</arg>
<arg>50</arg>
<arg>10</arg>
<arg>50</arg>
<arg>200</arg>
<doc>Swipe from one percent of the screen to another percent, for an optional duration.
Normal swipe fails to scale for different screen resolutions, this can be avoided using percent.</doc>
<status status="PASS" starttime="20230713 14:22:09.562" endtime="20230713 14:22:10.292"/>
</kw>
<status status="PASS" starttime="20230713 14:22:09.562" endtime="20230713 14:22:10.293"/>
</kw>
<status status="PASS" starttime="20230713 14:22:09.561" endtime="20230713 14:22:10.294"/>
</iter>
<iter>
<var name="${index}">3</var>
<kw name="Run Keyword If" library="BuiltIn">
<arg>${buttons}</arg>
<arg>Swipe By Percent</arg>
<arg>90</arg>
<arg>50</arg>
<arg>10</arg>
<arg>50</arg>
<arg>200</arg>
<arg>ELSE</arg>
<arg>Exit For Loop</arg>
<doc>Runs the given keyword with the given arguments, if ``condition`` is true.</doc>
<kw name="Swipe By Percent" library="AppiumLibrary">
<arg>90</arg>
<arg>50</arg>
<arg>10</arg>
<arg>50</arg>
<arg>200</arg>
<doc>Swipe from one percent of the screen to another percent, for an optional duration.
Normal swipe fails to scale for different screen resolutions, this can be avoided using percent.</doc>
<status status="PASS" starttime="20230713 14:22:10.296" endtime="20230713 14:22:10.960"/>
</kw>
<status status="PASS" starttime="20230713 14:22:10.295" endtime="20230713 14:22:10.960"/>
</kw>
<status status="PASS" starttime="20230713 14:22:10.294" endtime="20230713 14:22:10.960"/>
</iter>
<status status="PASS" starttime="20230713 14:22:08.116" endtime="20230713 14:22:10.962"/>
</for>
<kw name="Click Element" library="AppiumLibrary">
<arg>id=v_seekbar_overlay</arg>
<doc>Click element identified by `locator`.</doc>
<msg timestamp="20230713 14:22:10.965" level="INFO">Clicking element 'id=v_seekbar_overlay'.</msg>
<kw name="Capture Page Screenshot" library="AppiumLibrary">
<doc>Takes a screenshot of the current page and embeds it into the log.</doc>
<status status="FAIL" starttime="20230713 14:22:11.854" endtime="20230713 14:22:11.855"/>
</kw>
<msg timestamp="20230713 14:22:11.857" level="WARN">Keyword 'Capture Page Screenshot' could not be run on failure: Execution terminated by signal</msg>
<msg timestamp="20230713 14:22:11.859" level="INFO">criteria is v_seekbar_overlay</msg>
<status status="FAIL" starttime="20230713 14:22:10.962" endtime="20230713 14:22:11.859"/>
</kw>
<kw name="Click Element" library="AppiumLibrary">
<arg>id=bt_stop_showcase</arg>
<doc>Click element identified by `locator`.</doc>
<status status="NOT RUN" starttime="20230713 14:22:11.861" endtime="20230713 14:22:11.861"/>
</kw>
<kw name="Wait Until Element Is Visible" library="AppiumLibrary">
<arg>id=tv_why_user_title</arg>
<doc>Waits until element specified with `locator` is visible.</doc>
<status status="NOT RUN" starttime="20230713 14:22:11.861" endtime="20230713 14:22:11.862"/>
</kw>
<kw name="Wait Until Element Is Visible" library="AppiumLibrary">
<arg>id=v_click_why_other</arg>
<doc>Waits until element specified with `locator` is visible.</doc>
<status status="NOT RUN" starttime="20230713 14:22:11.862" endtime="20230713 14:22:11.862"/>
</kw>
<kw name="Click Element" library="AppiumLibrary">
<arg>id=v_click_why_other</arg>
<doc>Click element identified by `locator`.</doc>
<status status="NOT RUN" starttime="20230713 14:22:11.862" endtime="20230713 14:22:11.862"/>
</kw>
<status status="FAIL" starttime="20230713 14:22:03.639" endtime="20230713 14:22:11.863"/>
</kw>
<kw name="Switch between Mode" library="Navigate">
<arg>${choix}</arg>
<status status="NOT RUN" starttime="20230713 14:22:11.864" endtime="20230713 14:22:11.864"/>
</kw>
<kw name="Send Message" library="Messagerie">
<arg>${message}</arg>
<status status="NOT RUN" starttime="20230713 14:22:11.866" endtime="20230713 14:22:11.866"/>
</kw>
<kw name="Switch between Mode" library="Navigate">
<arg>Mode Vendeur</arg>
<status status="NOT RUN" starttime="20230713 14:22:11.867" endtime="20230713 14:22:11.867"/>
</kw>
<kw name="Close App" library="Base" type="TEARDOWN">
<kw name="Close Application" library="AppiumLibrary">
<doc>Closes the current application and also close webdriver session.</doc>
<status status="PASS" starttime="20230713 14:22:11.869" endtime="20230713 14:22:12.292"/>
</kw>
<status status="PASS" starttime="20230713 14:22:11.869" endtime="20230713 14:22:12.294"/>
</kw>
<tag>firststep</tag>
<status status="FAIL" starttime="20230713 14:21:53.460" endtime="20230713 14:22:12.295">Execution terminated by signal</status>
</test>
<test id="s1-s1-t2" name="Mode Vendeur Implementation" line="16">
<tag>regression</tag>
<tag>robot:exit</tag>
<status status="FAIL" starttime="20230713 14:22:12.305" endtime="20230713 14:22:12.306">Test execution stopped due to a fatal error.</status>
</test>
<status status="FAIL" starttime="20230713 14:21:53.424" endtime="20230713 14:22:12.312"/>
</suite>
<status status="FAIL" starttime="20230713 14:21:52.984" endtime="20230713 14:22:12.321"/>
</suite>
<statistics>
<total>
<stat pass="0" fail="2" skip="0">All Tests</stat>
</total>
<tag>
<stat pass="0" fail="1" skip="0" info="combined" combined="NOT robot:exit">NOT robot:exit</stat>
<stat pass="0" fail="1" skip="0">firststep</stat>
<stat pass="0" fail="1" skip="0">regression</stat>
</tag>
<suite>
<stat pass="0" fail="2" skip="0" id="s1" name="Tests">Tests</stat>
<stat pass="0" fail="2" skip="0" id="s1-s1" name="HomeTest">Tests.HomeTest</stat>
</suite>
</statistics>
<errors>
<msg timestamp="20230713 14:22:11.857" level="WARN">Keyword 'Capture Page Screenshot' could not be run on failure: Execution terminated by signal</msg>
</errors>
</robot>
