<?xml version="1.0" encoding="UTF-8"?>
<robot generator="Robot 6.0.2 (Python 3.11.4 on win32)" generated="20230713 13:35:28.704" rpa="false" schemaversion="3">
<suite id="s1" name="Tests" source="C:\Users\monsh\PycharmProjects\Occazio\Tests">
<suite id="s1-s1" name="HomeTest" source="C:\Users\monsh\PycharmProjects\Occazio\Tests\HomeTest.robot">
<test id="s1-s1-t1" name="Demarrage" line="9">
<kw name="Run Keywords" library="BuiltIn" type="SETUP">
<arg>Base.Start Appium</arg>
<arg>AND</arg>
<arg>Base.Occasio app</arg>
<doc>Executes all the given keywords in a sequence.</doc>
<kw name="Start Appium" library="Base">
<kw name="Set Variable" library="BuiltIn">
<var>${command}</var>
<arg>${APPIUM_COMMAND}</arg>
<doc>Returns the given values which can then be assigned to a variables.</doc>
<msg timestamp="20230713 13:35:29.396" level="INFO">${command} = appium -p 4723</msg>
<status status="PASS" starttime="20230713 13:35:29.396" endtime="20230713 13:35:29.396"/>
</kw>
<kw name="Run And Return Rc" library="OperatingSystem">
<arg>${command}</arg>
<doc>Runs the given command in the system and returns the return code.</doc>
<msg timestamp="20230713 13:35:29.414" level="INFO">Running command 'appium -p 4723 2&gt;&amp;1'.</msg>
<status status="PASS" starttime="20230713 13:35:29.398" endtime="20230713 13:35:31.494"/>
</kw>
<kw name="Log To Console" library="BuiltIn">
<arg>${command}</arg>
<doc>Logs the given message to the console.</doc>
<status status="PASS" starttime="20230713 13:35:31.496" endtime="20230713 13:35:31.497"/>
</kw>
<status status="PASS" starttime="20230713 13:35:29.395" endtime="20230713 13:35:31.498"/>
</kw>
<kw name="Occasio app" library="Base">
<kw name="Open Application" library="AppiumLibrary">
<arg>${Hub}</arg>
<arg>automationName=${ANDROID_AUTOMATION_NAME}</arg>
<arg>platformName=${ANDROID_PLATFORM_NAME}</arg>
<arg>platformVersion=${ANDROID_PLATFORM_VERSION}</arg>
<arg>app=${ANDROID_APP}</arg>
<doc>Opens a new application to given Appium server.
Capabilities of appium server, Android and iOS,
Please check https://github.com/appium/appium/blob/master/docs/en/writing-running-appium/server-args.md
| *Option*            | *Man.* | *Description*     |
| remote_url          | Yes    | Appium server url |
| alias               | no     | alias             |
| strict_ssl          | No     | allows you to send commands to an invalid certificate host like a self-signed one. |</doc>
<status status="PASS" starttime="20230713 13:35:31.498" endtime="20230713 13:35:39.624"/>
</kw>
<status status="PASS" starttime="20230713 13:35:31.498" endtime="20230713 13:35:39.625"/>
</kw>
<status status="PASS" starttime="20230713 13:35:29.395" endtime="20230713 13:35:39.625"/>
</kw>
<kw name="Unboarding" library="Navigate">
<kw name="Wait Until Element Is Visible" library="AppiumLibrary">
<arg>id=bt_start_showcase</arg>
<arg>15s</arg>
<doc>Waits until element specified with `locator` is visible.</doc>
<msg timestamp="20230713 13:35:43.136" level="INFO">criteria is bt_start_showcase
criteria is bt_start_showcase
criteria is bt_start_showcase
criteria is bt_start_showcase
criteria is bt_start_showcase
criteria is bt_start_showcase
criteria is bt_start_showcase
criteria is bt_start_showcase
criteria is bt_start_showcase
criteria is bt_start_showcase
criteria is bt_start_showcase</msg>
<status status="PASS" starttime="20230713 13:35:39.627" endtime="20230713 13:35:43.136"/>
</kw>
<kw name="Click Element" library="AppiumLibrary">
<arg>id=bt_start_showcase</arg>
<doc>Click element identified by `locator`.</doc>
<msg timestamp="20230713 13:35:43.140" level="INFO">Clicking element 'id=bt_start_showcase'.</msg>
<msg timestamp="20230713 13:35:43.244" level="INFO">criteria is bt_start_showcase</msg>
<status status="PASS" starttime="20230713 13:35:43.138" endtime="20230713 13:35:43.244"/>
</kw>
<kw name="Wait Until Element Is Visible" library="AppiumLibrary">
<arg>id=indicator_showcase</arg>
<doc>Waits until element specified with `locator` is visible.</doc>
<msg timestamp="20230713 13:35:44.243" level="INFO">criteria is indicator_showcase
criteria is indicator_showcase</msg>
<status status="PASS" starttime="20230713 13:35:43.246" endtime="20230713 13:35:44.244"/>
</kw>
<kw name="Run Keyword And Return Status" library="BuiltIn">
<var>${buttons}</var>
<arg>Page Should Not Contain Element</arg>
<arg>id=bt_stop_showcase</arg>
<doc>Runs the given keyword with given arguments and returns the status as a Boolean value.</doc>
<kw name="Page Should Not Contain Element" library="AppiumLibrary">
<arg>id=bt_stop_showcase</arg>
<doc>Verifies that current page not contains `locator` element.</doc>
<msg timestamp="20230713 13:35:44.281" level="INFO">Current page not contains element 'id=bt_stop_showcase'.</msg>
<msg timestamp="20230713 13:35:44.281" level="INFO">criteria is bt_stop_showcase</msg>
<status status="PASS" starttime="20230713 13:35:44.246" endtime="20230713 13:35:44.281"/>
</kw>
<msg timestamp="20230713 13:35:44.282" level="INFO">${buttons} = True</msg>
<status status="PASS" starttime="20230713 13:35:44.246" endtime="20230713 13:35:44.282"/>
</kw>
<for flavor="IN RANGE">
<var>${index}</var>
<value>4</value>
<iter>
<var name="${index}">0</var>
<kw name="Run Keyword If" library="BuiltIn">
<arg>${buttons}</arg>
<arg>Swipe By Percent</arg>
<arg>90</arg>
<arg>50</arg>
<arg>10</arg>
<arg>50</arg>
<arg>200</arg>
<arg>ELSE</arg>
<arg>Exit For Loop</arg>
<doc>Runs the given keyword with the given arguments, if ``condition`` is true.</doc>
<kw name="Swipe By Percent" library="AppiumLibrary">
<arg>90</arg>
<arg>50</arg>
<arg>10</arg>
<arg>50</arg>
<arg>200</arg>
<doc>Swipe from one percent of the screen to another percent, for an optional duration.
Normal swipe fails to scale for different screen resolutions, this can be avoided using percent.</doc>
<status status="PASS" starttime="20230713 13:35:44.285" endtime="20230713 13:35:44.986"/>
</kw>
<status status="PASS" starttime="20230713 13:35:44.284" endtime="20230713 13:35:44.987"/>
</kw>
<status status="PASS" starttime="20230713 13:35:44.284" endtime="20230713 13:35:44.987"/>
</iter>
<iter>
<var name="${index}">1</var>
<kw name="Run Keyword If" library="BuiltIn">
<arg>${buttons}</arg>
<arg>Swipe By Percent</arg>
<arg>90</arg>
<arg>50</arg>
<arg>10</arg>
<arg>50</arg>
<arg>200</arg>
<arg>ELSE</arg>
<arg>Exit For Loop</arg>
<doc>Runs the given keyword with the given arguments, if ``condition`` is true.</doc>
<kw name="Swipe By Percent" library="AppiumLibrary">
<arg>90</arg>
<arg>50</arg>
<arg>10</arg>
<arg>50</arg>
<arg>200</arg>
<doc>Swipe from one percent of the screen to another percent, for an optional duration.
Normal swipe fails to scale for different screen resolutions, this can be avoided using percent.</doc>
<status status="PASS" starttime="20230713 13:35:44.989" endtime="20230713 13:35:45.688"/>
</kw>
<status status="PASS" starttime="20230713 13:35:44.988" endtime="20230713 13:35:45.689"/>
</kw>
<status status="PASS" starttime="20230713 13:35:44.988" endtime="20230713 13:35:45.689"/>
</iter>
<iter>
<var name="${index}">2</var>
<kw name="Run Keyword If" library="BuiltIn">
<arg>${buttons}</arg>
<arg>Swipe By Percent</arg>
<arg>90</arg>
<arg>50</arg>
<arg>10</arg>
<arg>50</arg>
<arg>200</arg>
<arg>ELSE</arg>
<arg>Exit For Loop</arg>
<doc>Runs the given keyword with the given arguments, if ``condition`` is true.</doc>
<kw name="Swipe By Percent" library="AppiumLibrary">
<arg>90</arg>
<arg>50</arg>
<arg>10</arg>
<arg>50</arg>
<arg>200</arg>
<doc>Swipe from one percent of the screen to another percent, for an optional duration.
Normal swipe fails to scale for different screen resolutions, this can be avoided using percent.</doc>
<kw name="Capture Page Screenshot" library="AppiumLibrary">
<doc>Takes a screenshot of the current page and embeds it into the log.</doc>
<status status="FAIL" starttime="20230713 13:35:46.377" endtime="20230713 13:35:46.378"/>
</kw>
<msg timestamp="20230713 13:35:46.380" level="WARN">Keyword 'Capture Page Screenshot' could not be run on failure: Execution terminated by signal</msg>
<kw name="Capture Page Screenshot" library="AppiumLibrary">
<doc>Takes a screenshot of the current page and embeds it into the log.</doc>
<status status="FAIL" starttime="20230713 13:35:46.381" endtime="20230713 13:35:46.382"/>
</kw>
<msg timestamp="20230713 13:35:46.384" level="WARN">Keyword 'Capture Page Screenshot' could not be run on failure: Execution terminated by signal</msg>
<status status="FAIL" starttime="20230713 13:35:45.691" endtime="20230713 13:35:46.385"/>
</kw>
<status status="FAIL" starttime="20230713 13:35:45.691" endtime="20230713 13:35:46.387"/>
</kw>
<status status="FAIL" starttime="20230713 13:35:45.690" endtime="20230713 13:35:46.387"/>
</iter>
<status status="FAIL" starttime="20230713 13:35:44.284" endtime="20230713 13:35:46.387"/>
</for>
<kw name="Click Element" library="AppiumLibrary">
<arg>id=v_seekbar_overlay</arg>
<doc>Click element identified by `locator`.</doc>
<status status="NOT RUN" starttime="20230713 13:35:46.389" endtime="20230713 13:35:46.389"/>
</kw>
<kw name="Click Element" library="AppiumLibrary">
<arg>id=bt_stop_showcase</arg>
<doc>Click element identified by `locator`.</doc>
<status status="NOT RUN" starttime="20230713 13:35:46.390" endtime="20230713 13:35:46.390"/>
</kw>
<kw name="Wait Until Element Is Visible" library="AppiumLibrary">
<arg>id=tv_why_user_title</arg>
<doc>Waits until element specified with `locator` is visible.</doc>
<status status="NOT RUN" starttime="20230713 13:35:46.390" endtime="20230713 13:35:46.391"/>
</kw>
<kw name="Wait Until Element Is Visible" library="AppiumLibrary">
<arg>id=v_click_why_other</arg>
<doc>Waits until element specified with `locator` is visible.</doc>
<status status="NOT RUN" starttime="20230713 13:35:46.391" endtime="20230713 13:35:46.391"/>
</kw>
<kw name="Click Element" library="AppiumLibrary">
<arg>id=v_click_why_other</arg>
<doc>Click element identified by `locator`.</doc>
<status status="NOT RUN" starttime="20230713 13:35:46.392" endtime="20230713 13:35:46.392"/>
</kw>
<status status="FAIL" starttime="20230713 13:35:39.626" endtime="20230713 13:35:46.392"/>
</kw>
<kw name="Switch between Mode" library="Navigate">
<arg>${choix}</arg>
<status status="NOT RUN" starttime="20230713 13:35:46.393" endtime="20230713 13:35:46.393"/>
</kw>
<kw name="Send Message" library="Messagerie">
<arg>${message}</arg>
<status status="NOT RUN" starttime="20230713 13:35:46.394" endtime="20230713 13:35:46.394"/>
</kw>
<kw name="Switch between Mode" library="Navigate">
<arg>Mode Vendeur</arg>
<status status="NOT RUN" starttime="20230713 13:35:46.395" endtime="20230713 13:35:46.395"/>
</kw>
<kw name="Close App" library="Base" type="TEARDOWN">
<kw name="Close Application" library="AppiumLibrary">
<doc>Closes the current application and also close webdriver session.</doc>
<status status="PASS" starttime="20230713 13:35:46.397" endtime="20230713 13:35:46.783"/>
</kw>
<status status="PASS" starttime="20230713 13:35:46.396" endtime="20230713 13:35:46.784"/>
</kw>
<tag>firststep</tag>
<status status="FAIL" starttime="20230713 13:35:29.393" endtime="20230713 13:35:46.784">Execution terminated by signal</status>
</test>
<test id="s1-s1-t2" name="Mode Vendeur Implementation" line="16">
<tag>regression</tag>
<tag>robot:exit</tag>
<status status="FAIL" starttime="20230713 13:35:46.793" endtime="20230713 13:35:46.793">Test execution stopped due to a fatal error.</status>
</test>
<status status="FAIL" starttime="20230713 13:35:29.352" endtime="20230713 13:35:46.800"/>
</suite>
<status status="FAIL" starttime="20230713 13:35:28.872" endtime="20230713 13:35:46.808"/>
</suite>
<statistics>
<total>
<stat pass="0" fail="2" skip="0">All Tests</stat>
</total>
<tag>
<stat pass="0" fail="1" skip="0" info="combined" combined="NOT robot:exit">NOT robot:exit</stat>
<stat pass="0" fail="1" skip="0">firststep</stat>
<stat pass="0" fail="1" skip="0">regression</stat>
</tag>
<suite>
<stat pass="0" fail="2" skip="0" id="s1" name="Tests">Tests</stat>
<stat pass="0" fail="2" skip="0" id="s1-s1" name="HomeTest">Tests.HomeTest</stat>
</suite>
</statistics>
<errors>
<msg timestamp="20230713 13:35:46.380" level="WARN">Keyword 'Capture Page Screenshot' could not be run on failure: Execution terminated by signal</msg>
<msg timestamp="20230713 13:35:46.384" level="WARN">Keyword 'Capture Page Screenshot' could not be run on failure: Execution terminated by signal</msg>
</errors>
</robot>
